<?xml version="1.0" encoding="UTF-8"?>
<testsuite xmlns:xsi="http://www.w3.org/2001/XMLSchema-instance" xsi:noNamespaceSchemaLocation="https://maven.apache.org/surefire/maven-surefire-plugin/xsd/surefire-test-report-3.0.xsd" version="3.0" name="TestSuite" time="3.397" tests="6000" errors="0" skipped="0" failures="0">
  <properties>
    <property name="java.specification.version" value="24"/>
    <property name="sun.cpu.isalist" value="amd64"/>
    <property name="sun.jnu.encoding" value="Cp1252"/>
    <property name="java.class.path" value="C:\Hegar\sqabatch23\latihantestng\latihan-testng\target\test-classes;C:\Hegar\sqabatch23\latihantestng\latihan-testng\target\classes;C:\Users\LENOVO\.m2\repository\org\testng\testng\7.11.0\testng-7.11.0.jar;C:\Users\LENOVO\.m2\repository\org\slf4j\slf4j-api\2.0.16\slf4j-api-2.0.16.jar;C:\Users\LENOVO\.m2\repository\org\jcommander\jcommander\1.83\jcommander-1.83.jar;C:\Users\LENOVO\.m2\repository\org\webjars\jquery\3.7.1\jquery-3.7.1.jar;"/>
    <property name="java.vm.vendor" value="Oracle Corporation"/>
    <property name="sun.arch.data.model" value="64"/>
    <property name="user.variant" value=""/>
    <property name="java.vendor.url" value="https://java.oracle.com/"/>
    <property name="user.timezone" value="Asia/Jakarta"/>
    <property name="user.country.format" value="ID"/>
    <property name="os.name" value="Windows 11"/>
    <property name="java.vm.specification.version" value="24"/>
    <property name="sun.java.launcher" value="SUN_STANDARD"/>
    <property name="user.country" value="US"/>
    <property name="sun.boot.library.path" value="C:\Program Files\Java\jdk-24\bin"/>
    <property name="sun.java.command" value="C:\Users\LENOVO\AppData\Local\Temp\surefire5365970030943291490\surefirebooter-20250723121835214_3.jar C:\Users\LENOVO\AppData\Local\Temp\surefire5365970030943291490 2025-07-23T12-18-35_019-jvmRun1 surefire-20250723121835214_1tmp surefire_0-20250723121835214_2tmp"/>
    <property name="jdk.debug" value="release"/>
    <property name="surefire.test.class.path" value="C:\Hegar\sqabatch23\latihantestng\latihan-testng\target\test-classes;C:\Hegar\sqabatch23\latihantestng\latihan-testng\target\classes;C:\Users\LENOVO\.m2\repository\org\testng\testng\7.11.0\testng-7.11.0.jar;C:\Users\LENOVO\.m2\repository\org\slf4j\slf4j-api\2.0.16\slf4j-api-2.0.16.jar;C:\Users\LENOVO\.m2\repository\org\jcommander\jcommander\1.83\jcommander-1.83.jar;C:\Users\LENOVO\.m2\repository\org\webjars\jquery\3.7.1\jquery-3.7.1.jar;"/>
    <property name="sun.cpu.endian" value="little"/>
    <property name="user.home" value="C:\Users\LENOVO"/>
    <property name="user.language" value="en"/>
    <property name="java.specification.vendor" value="Oracle Corporation"/>
    <property name="java.version.date" value="2025-04-15"/>
    <property name="java.home" value="C:\Program Files\Java\jdk-24"/>
    <property name="file.separator" value="\"/>
    <property name="basedir" value="C:\Hegar\sqabatch23\latihantestng\latihan-testng"/>
    <property name="java.vm.compressedOopsMode" value="32-bit"/>
    <property name="line.separator" value="&#10;"/>
    <property name="java.vm.specification.vendor" value="Oracle Corporation"/>
    <property name="java.specification.name" value="Java Platform API Specification"/>
    <property name="surefire.real.class.path" value="C:\Users\LENOVO\AppData\Local\Temp\surefire5365970030943291490\surefirebooter-20250723121835214_3.jar"/>
    <property name="user.script" value=""/>
    <property name="sun.management.compiler" value="HotSpot 64-Bit Tiered Compilers"/>
    <property name="java.runtime.version" value="24.0.1+9-30"/>
    <property name="user.name" value="LENOVO"/>
    <property name="stdout.encoding" value="Cp1252"/>
    <property name="path.separator" value=";"/>
    <property name="os.version" value="10.0"/>
    <property name="java.runtime.name" value="Java(TM) SE Runtime Environment"/>
    <property name="file.encoding" value="UTF-8"/>
    <property name="java.vm.name" value="Java HotSpot(TM) 64-Bit Server VM"/>
    <property name="localRepository" value="C:\Users\LENOVO\.m2\repository"/>
    <property name="java.vendor.url.bug" value="https://bugreport.java.com/bugreport/"/>
    <property name="java.io.tmpdir" value="C:\Users\LENOVO\AppData\Local\Temp\"/>
    <property name="java.version" value="24.0.1"/>
    <property name="user.dir" value="C:\Hegar\sqabatch23\latihantestng\latihan-testng"/>
    <property name="os.arch" value="amd64"/>
    <property name="java.vm.specification.name" value="Java Virtual Machine Specification"/>
    <property name="user.language.format" value="id"/>
    <property name="sun.os.patch.level" value=""/>
    <property name="native.encoding" value="Cp1252"/>
    <property name="java.library.path" value="C:\Program Files\Java\jdk-24\bin;C:\WINDOWS\Sun\Java\bin;C:\WINDOWS\system32;C:\WINDOWS;C:\Program Files\Common Files\Oracle\Java\javapath;C:\WINDOWS\system32;C:\WINDOWS;C:\WINDOWS\System32\Wbem;C:\WINDOWS\System32\WindowsPowerShell\v1.0\;C:\WINDOWS\System32\OpenSSH\;C:\xampp\php;C:\ProgramData\ComposerSetup\bin;C:\Program Files (x86)\HP\Common\HPDestPlgIn\;C:\MinGW\bin;C:\Program Files\dotnet\;C:\Program Files\Java\jdk-24\bin;C:\Program Files\apache-maven-3.9.10\bin;C:\Program Files\Git\cmd;C:\Program Files\nodejs\;C:\Users\LENOVO\AppData\Local\Microsoft\WindowsApps;;C:\Users\LENOVO\AppData\Local\Programs\Microsoft VS Code\bin;C:\Users\LENOVO\AppData\Roaming\Composer\vendor\bin;C:\Program Files (x86)\HP\Common\HPDestPlgIn\;C:\Users\LENOVO\.dotnet\tools;C:\Program Files\JetBrains\IntelliJ IDEA 2025.1.3\bin;;C:\Program Files\JetBrains\IntelliJ IDEA Community Edition 2025.1.3\bin;;C:\Users\LENOVO\AppData\Roaming\npm;."/>
    <property name="java.vm.info" value="mixed mode, sharing"/>
    <property name="stderr.encoding" value="Cp1252"/>
    <property name="java.vendor" value="Oracle Corporation"/>
    <property name="java.vm.version" value="24.0.1+9-30"/>
    <property name="sun.io.unicode.encoding" value="UnicodeLittle"/>
    <property name="java.class.version" value="68.0"/>
  </properties>
  <testcase name="testSignIn[johansebastian, 123qwe](3)" classname="com.juaracoding.testng2.SignInTest" time="0.011">
    <system-err><![CDATA[SLF4J(W): No SLF4J providers were found.
SLF4J(W): Defaulting to no-operation (NOP) logger implementation
SLF4J(W): See https://www.slf4j.org/codes.html#noProviders for further details.
]]></system-err>
  </testcase>
  <testcase name="testSignIn[johansebastian, 123qwe](3)" classname="com.juaracoding.testng2.SignInTest" time="0.022"/>
  <testcase name="testSignIn[johansebastian, 123qwe](3)" classname="com.juaracoding.testng2.SignInTest" time="0.023"/>
  <testcase name="testSignIn[johansebastian, 123qwe](6)" classname="com.juaracoding.testng2.SignInTest" time="0.0"/>
  <testcase name="testSignIn[johansebastian, 123qwe](6)" classname="com.juaracoding.testng2.SignInTest" time="0.0"/>
  <testcase name="testSignIn[johansebastian, 123qwe](6)" classname="com.juaracoding.testng2.SignInTest" time="0.0"/>
  <testcase name="testSignIn[johansebastian, 123qwe](9)" classname="com.juaracoding.testng2.SignInTest" time="0.0"/>
  <testcase name="testSignIn[johansebastian, 123qwe](9)" classname="com.juaracoding.testng2.SignInTest" time="0.0"/>
  <testcase name="testSignIn[johansebastian, 123qwe](9)" classname="com.juaracoding.testng2.SignInTest" time="0.001"/>
  <testcase name="testSignIn[johansebastian, 123qwe](12)" classname="com.juaracoding.testng2.SignInTest" time="0.0"/>
  <testcase name="testSignIn[johansebastian, 123qwe](12)" classname="com.juaracoding.testng2.SignInTest" time="0.0"/>
  <testcase name="testSignIn[johansebastian, 123qwe](12)" classname="com.juaracoding.testng2.SignInTest" time="0.0"/>
  <testcase name="testSignIn[johansebastian, 123qwe](15)" classname="com.juaracoding.testng2.SignInTest" time="0.0"/>
  <testcase name="testSignIn[johansebastian, 123qwe](15)" classname="com.juaracoding.testng2.SignInTest" time="0.0"/>
  <testcase name="testSignIn[johansebastian, 123qwe](14)" classname="com.juaracoding.testng2.SignInTest" time="0.0"/>
  <testcase name="testSignIn[johansebastian, 123qwe](17)" classname="com.juaracoding.testng2.SignInTest" time="0.0"/>
  <testcase name="testSignIn[johansebastian, 123qwe](17)" classname="com.juaracoding.testng2.SignInTest" time="0.0"/>
  <testcase name="testSignIn[johansebastian, 123qwe](18)" classname="com.juaracoding.testng2.SignInTest" time="0.001"/>
  <testcase name="testSignIn[johansebastian, 123qwe](21)" classname="com.juaracoding.testng2.SignInTest" time="0.001"/>
  <testcase name="testSignIn[johansebastian, 123qwe](21)" classname="com.juaracoding.testng2.SignInTest" time="0.001"/>
  <testcase name="testSignIn[johansebastian, 123qwe](21)" classname="com.juaracoding.testng2.SignInTest" time="0.001"/>
  <testcase name="testSignIn[johansebastian, 123qwe](24)" classname="com.juaracoding.testng2.SignInTest" time="0.001"/>
  <testcase name="testSignIn[johansebastian, 123qwe](24)" classname="com.juaracoding.testng2.SignInTest" time="0.001"/>
  <testcase name="testSignIn[johansebastian, 123qwe](24)" classname="com.juaracoding.testng2.SignInTest" time="0.001"/>
  <testcase name="testSignIn[johansebastian, 123qwe](27)" classname="com.juaracoding.testng2.SignInTest" time="0.001"/>
  <testcase name="testSignIn[johansebastian, 123qwe](27)" classname="com.juaracoding.testng2.SignInTest" time="0.001"/>
  <testcase name="testSignIn[johansebastian, 123qwe](27)" classname="com.juaracoding.testng2.SignInTest" time="0.001"/>
  <testcase name="testSignIn[johansebastian, 123qwe](30)" classname="com.juaracoding.testng2.SignInTest" time="0.0"/>
  <testcase name="testSignIn[johansebastian, 123qwe](30)" classname="com.juaracoding.testng2.SignInTest" time="0.0"/>
  <testcase name="testSignIn[johansebastian, 123qwe](30)" classname="com.juaracoding.testng2.SignInTest" time="0.0"/>
  <testcase name="testSignIn[johansebastian, 123qwe](33)" classname="com.juaracoding.testng2.SignInTest" time="0.0"/>
  <testcase name="testSignIn[johansebastian, 123qwe](33)" classname="com.juaracoding.testng2.SignInTest" time="0.0"/>
  <testcase name="testSignIn[johansebastian, 123qwe](33)" classname="com.juaracoding.testng2.SignInTest" time="0.001"/>
  <testcase name="testSignIn[johansebastian, 123qwe](35)" classname="com.juaracoding.testng2.SignInTest" time="0.0"/>
  <testcase name="testSignIn[johansebastian, 123qwe](35)" classname="com.juaracoding.testng2.SignInTest" time="0.001"/>
  <testcase name="testSignIn[johansebastian, 123qwe](36)" classname="com.juaracoding.testng2.SignInTest" time="0.001"/>
  <testcase name="testSignIn[johansebastian, 123qwe](39)" classname="com.juaracoding.testng2.SignInTest" time="0.001"/>
  <testcase name="testSignIn[johansebastian, 123qwe](39)" classname="com.juaracoding.testng2.SignInTest" time="0.001"/>
  <testcase name="testSignIn[johansebastian, 123qwe](39)" classname="com.juaracoding.testng2.SignInTest" time="0.001"/>
  <testcase name="testSignIn[johansebastian, 123qwe](42)" classname="com.juaracoding.testng2.SignInTest" time="0.0"/>
  <testcase name="testSignIn[johansebastian, 123qwe](42)" classname="com.juaracoding.testng2.SignInTest" time="0.0"/>
  <testcase name="testSignIn[johansebastian, 123qwe](42)" classname="com.juaracoding.testng2.SignInTest" time="0.001"/>
  <testcase name="testSignIn[johansebastian, 123qwe](44)" classname="com.juaracoding.testng2.SignInTest" time="0.0"/>
  <testcase name="testSignIn[johansebastian, 123qwe](44)" classname="com.juaracoding.testng2.SignInTest" time="0.0"/>
  <testcase name="testSignIn[johansebastian, 123qwe](45)" classname="com.juaracoding.testng2.SignInTest" time="0.0"/>
  <testcase name="testSignIn[johansebastian, 123qwe](47)" classname="com.juaracoding.testng2.SignInTest" time="0.001"/>
  <testcase name="testSignIn[johansebastian, 123qwe](47)" classname="com.juaracoding.testng2.SignInTest" time="0.001"/>
  <testcase name="testSignIn[johansebastian, 123qwe](48)" classname="com.juaracoding.testng2.SignInTest" time="0.0"/>
  <testcase name="testSignIn[johansebastian, 123qwe](50)" classname="com.juaracoding.testng2.SignInTest" time="0.001"/>
  <testcase name="testSignIn[johansebastian, 123qwe](50)" classname="com.juaracoding.testng2.SignInTest" time="0.001"/>
  <testcase name="testSignIn[johansebastian, 123qwe](51)" classname="com.juaracoding.testng2.SignInTest" time="0.0"/>
  <testcase name="testSignIn[johansebastian, 123qwe](53)" classname="com.juaracoding.testng2.SignInTest" time="0.001"/>
  <testcase name="testSignIn[johansebastian, 123qwe](53)" classname="com.juaracoding.testng2.SignInTest" time="0.001"/>
  <testcase name="testSignIn[johansebastian, 123qwe](54)" classname="com.juaracoding.testng2.SignInTest" time="0.0"/>
  <testcase name="testSignIn[johansebastian, 123qwe](56)" classname="com.juaracoding.testng2.SignInTest" time="0.0"/>
  <testcase name="testSignIn[johansebastian, 123qwe](56)" classname="com.juaracoding.testng2.SignInTest" time="0.0"/>
  <testcase name="testSignIn[johansebastian, 123qwe](58)" classname="com.juaracoding.testng2.SignInTest" time="0.001"/>
  <testcase name="testSignIn[johansebastian, 123qwe](58)" classname="com.juaracoding.testng2.SignInTest" time="0.001"/>
  <testcase name="testSignIn[johansebastian, 123qwe](59)" classname="com.juaracoding.testng2.SignInTest" time="0.0"/>
  <testcase name="testSignIn[johansebastian, 123qwe](60)" classname="com.juaracoding.testng2.SignInTest" time="0.0"/>
  <testcase name="testSignIn[johansebastian, 123qwe](61)" classname="com.juaracoding.testng2.SignInTest" time="0.0"/>
  <testcase name="testSignIn[johansebastian, 123qwe](62)" classname="com.juaracoding.testng2.SignInTest" time="0.0"/>
  <testcase name="testSignIn[johansebastian, 123qwe](63)" classname="com.juaracoding.testng2.SignInTest" time="0.0"/>
  <testcase name="testSignIn[johansebastian, 123qwe](65)" classname="com.juaracoding.testng2.SignInTest" time="0.0"/>
  <testcase name="testSignIn[johansebastian, 123qwe](66)" classname="com.juaracoding.testng2.SignInTest" time="0.0"/>
  <testcase name="testSignIn[johansebastian, 123qwe](64)" classname="com.juaracoding.testng2.SignInTest" time="0.0"/>
  <testcase name="testSignIn[johansebastian, 123qwe](68)" classname="com.juaracoding.testng2.SignInTest" time="0.0"/>
  <testcase name="testSignIn[johansebastian, 123qwe](68)" classname="com.juaracoding.testng2.SignInTest" time="0.0"/>
  <testcase name="testSignIn[johansebastian, 123qwe](71)" classname="com.juaracoding.testng2.SignInTest" time="0.0"/>
  <testcase name="testSignIn[johansebastian, 123qwe](71)" classname="com.juaracoding.testng2.SignInTest" time="0.001"/>
  <testcase name="testSignIn[johansebastian, 123qwe](71)" classname="com.juaracoding.testng2.SignInTest" time="0.001"/>
  <testcase name="testSignIn[johansebastian, 123qwe](73)" classname="com.juaracoding.testng2.SignInTest" time="0.001"/>
  <testcase name="testSignIn[johansebastian, 123qwe](73)" classname="com.juaracoding.testng2.SignInTest" time="0.002"/>
  <testcase name="testSignIn[johansebastian, 123qwe](74)" classname="com.juaracoding.testng2.SignInTest" time="0.0"/>
  <testcase name="testSignIn[johansebastian, 123qwe](76)" classname="com.juaracoding.testng2.SignInTest" time="0.0"/>
  <testcase name="testSignIn[johansebastian, 123qwe](76)" classname="com.juaracoding.testng2.SignInTest" time="0.0"/>
  <testcase name="testSignIn[johansebastian, 123qwe](77)" classname="com.juaracoding.testng2.SignInTest" time="0.0"/>
  <testcase name="testSignIn[johansebastian, 123qwe](78)" classname="com.juaracoding.testng2.SignInTest" time="0.0"/>
  <testcase name="testSignIn[johansebastian, 123qwe](79)" classname="com.juaracoding.testng2.SignInTest" time="0.0"/>
  <testcase name="testSignIn[johansebastian, 123qwe](80)" classname="com.juaracoding.testng2.SignInTest" time="0.0"/>
  <testcase name="testSignIn[johansebastian, 123qwe](82)" classname="com.juaracoding.testng2.SignInTest" time="0.002"/>
  <testcase name="testSignIn[johansebastian, 123qwe](82)" classname="com.juaracoding.testng2.SignInTest" time="0.002"/>
  <testcase name="testSignIn[johansebastian, 123qwe](83)" classname="com.juaracoding.testng2.SignInTest" time="0.001"/>
  <testcase name="testSignIn[johansebastian, 123qwe](84)" classname="com.juaracoding.testng2.SignInTest" time="0.001"/>
  <testcase name="testSignIn[johansebastian, 123qwe](86)" classname="com.juaracoding.testng2.SignInTest" time="0.0"/>
  <testcase name="testSignIn[johansebastian, 123qwe](86)" classname="com.juaracoding.testng2.SignInTest" time="0.001"/>
  <testcase name="testSignIn[johansebastian, 123qwe](87)" classname="com.juaracoding.testng2.SignInTest" time="0.001"/>
  <testcase name="testSignIn[johansebastian, 123qwe](89)" classname="com.juaracoding.testng2.SignInTest" time="0.001"/>
  <testcase name="testSignIn[johansebastian, 123qwe](89)" classname="com.juaracoding.testng2.SignInTest" time="0.0"/>
  <testcase name="testSignIn[johansebastian, 123qwe](90)" classname="com.juaracoding.testng2.SignInTest" time="0.0"/>
  <testcase name="testSignIn[johansebastian, 123qwe](93)" classname="com.juaracoding.testng2.SignInTest" time="0.0"/>
  <testcase name="testSignIn[johansebastian, 123qwe](93)" classname="com.juaracoding.testng2.SignInTest" time="0.0"/>
  <testcase name="testSignIn[johansebastian, 123qwe](93)" classname="com.juaracoding.testng2.SignInTest" time="0.0"/>
  <testcase name="testSignIn[johansebastian, 123qwe](95)" classname="com.juaracoding.testng2.SignInTest" time="0.0"/>
  <testcase name="testSignIn[johansebastian, 123qwe](95)" classname="com.juaracoding.testng2.SignInTest" time="0.0"/>
  <testcase name="testSignIn[johansebastian, 123qwe](96)" classname="com.juaracoding.testng2.SignInTest" time="0.0"/>
  <testcase name="testSignIn[johansebastian, 123qwe](98)" classname="com.juaracoding.testng2.SignInTest" time="0.0"/>
  <testcase name="testSignIn[johansebastian, 123qwe](98)" classname="com.juaracoding.testng2.SignInTest" time="0.0"/>
  <testcase name="testSignIn[johansebastian, 123qwe](99)" classname="com.juaracoding.testng2.SignInTest" time="0.001"/>
  <testcase name="testSignIn[johansebastian, 123qwe](102)" classname="com.juaracoding.testng2.SignInTest" time="0.0"/>
  <testcase name="testSignIn[johansebastian, 123qwe](102)" classname="com.juaracoding.testng2.SignInTest" time="0.0"/>
  <testcase name="testSignIn[johansebastian, 123qwe](102)" classname="com.juaracoding.testng2.SignInTest" time="0.0"/>
  <testcase name="testSignIn[johansebastian, 123qwe](105)" classname="com.juaracoding.testng2.SignInTest" time="0.001"/>
  <testcase name="testSignIn[johansebastian, 123qwe](105)" classname="com.juaracoding.testng2.SignInTest" time="0.002"/>
  <testcase name="testSignIn[johansebastian, 123qwe](105)" classname="com.juaracoding.testng2.SignInTest" time="0.002"/>
  <testcase name="testSignIn[johansebastian, 123qwe](107)" classname="com.juaracoding.testng2.SignInTest" time="0.001"/>
  <testcase name="testSignIn[johansebastian, 123qwe](107)" classname="com.juaracoding.testng2.SignInTest" time="0.001"/>
  <testcase name="testSignIn[johansebastian, 123qwe](108)" classname="com.juaracoding.testng2.SignInTest" time="0.001"/>
  <testcase name="testSignIn[johansebastian, 123qwe](111)" classname="com.juaracoding.testng2.SignInTest" time="0.0"/>
  <testcase name="testSignIn[johansebastian, 123qwe](111)" classname="com.juaracoding.testng2.SignInTest" time="0.0"/>
  <testcase name="testSignIn[johansebastian, 123qwe](111)" classname="com.juaracoding.testng2.SignInTest" time="0.0"/>
  <testcase name="testSignIn[johansebastian, 123qwe](114)" classname="com.juaracoding.testng2.SignInTest" time="0.001"/>
  <testcase name="testSignIn[johansebastian, 123qwe](114)" classname="com.juaracoding.testng2.SignInTest" time="0.001"/>
  <testcase name="testSignIn[johansebastian, 123qwe](114)" classname="com.juaracoding.testng2.SignInTest" time="0.001"/>
  <testcase name="testSignIn[johansebastian, 123qwe](115)" classname="com.juaracoding.testng2.SignInTest" time="0.001"/>
  <testcase name="testSignIn[johansebastian, 123qwe](116)" classname="com.juaracoding.testng2.SignInTest" time="0.0"/>
  <testcase name="testSignIn[johansebastian, 123qwe](118)" classname="com.juaracoding.testng2.SignInTest" time="0.0"/>
  <testcase name="testSignIn[johansebastian, 123qwe](118)" classname="com.juaracoding.testng2.SignInTest" time="0.001"/>
  <testcase name="testSignIn[johansebastian, 123qwe](119)" classname="com.juaracoding.testng2.SignInTest" time="0.0"/>
  <testcase name="testSignIn[johansebastian, 123qwe](121)" classname="com.juaracoding.testng2.SignInTest" time="0.001"/>
  <testcase name="testSignIn[johansebastian, 123qwe](121)" classname="com.juaracoding.testng2.SignInTest" time="0.001"/>
  <testcase name="testSignIn[johansebastian, 123qwe](122)" classname="com.juaracoding.testng2.SignInTest" time="0.001"/>
  <testcase name="testSignIn[johansebastian, 123qwe](124)" classname="com.juaracoding.testng2.SignInTest" time="0.001"/>
  <testcase name="testSignIn[johansebastian, 123qwe](124)" classname="com.juaracoding.testng2.SignInTest" time="0.002"/>
  <testcase name="testSignIn[johansebastian, 123qwe](125)" classname="com.juaracoding.testng2.SignInTest" time="0.0"/>
  <testcase name="testSignIn[johansebastian, 123qwe](126)" classname="com.juaracoding.testng2.SignInTest" time="0.0"/>
  <testcase name="testSignIn[johansebastian, 123qwe](127)" classname="com.juaracoding.testng2.SignInTest" time="0.0"/>
  <testcase name="testSignIn[johansebastian, 123qwe](128)" classname="com.juaracoding.testng2.SignInTest" time="0.0"/>
  <testcase name="testSignIn[johansebastian, 123qwe](129)" classname="com.juaracoding.testng2.SignInTest" time="0.0"/>
  <testcase name="testSignIn[johansebastian, 123qwe](130)" classname="com.juaracoding.testng2.SignInTest" time="0.0"/>
  <testcase name="testSignIn[johansebastian, 123qwe](133)" classname="com.juaracoding.testng2.SignInTest" time="0.001"/>
  <testcase name="testSignIn[johansebastian, 123qwe](133)" classname="com.juaracoding.testng2.SignInTest" time="0.001"/>
  <testcase name="testSignIn[johansebastian, 123qwe](133)" classname="com.juaracoding.testng2.SignInTest" time="0.001"/>
  <testcase name="testSignIn[johansebastian, 123qwe](135)" classname="com.juaracoding.testng2.SignInTest" time="0.0"/>
  <testcase name="testSignIn[johansebastian, 123qwe](135)" classname="com.juaracoding.testng2.SignInTest" time="0.0"/>
  <testcase name="testSignIn[johansebastian, 123qwe](136)" classname="com.juaracoding.testng2.SignInTest" time="0.0"/>
  <testcase name="testSignIn[johansebastian, 123qwe](138)" classname="com.juaracoding.testng2.SignInTest" time="0.0"/>
  <testcase name="testSignIn[johansebastian, 123qwe](138)" classname="com.juaracoding.testng2.SignInTest" time="0.0"/>
  <testcase name="testSignIn[johansebastian, 123qwe](139)" classname="com.juaracoding.testng2.SignInTest" time="0.0"/>
  <testcase name="testSignIn[johansebastian, 123qwe](141)" classname="com.juaracoding.testng2.SignInTest" time="0.0"/>
  <testcase name="testSignIn[johansebastian, 123qwe](141)" classname="com.juaracoding.testng2.SignInTest" time="0.0"/>
  <testcase name="testSignIn[johansebastian, 123qwe](142)" classname="com.juaracoding.testng2.SignInTest" time="0.003"/>
  <testcase name="testSignIn[johansebastian, 123qwe](144)" classname="com.juaracoding.testng2.SignInTest" time="0.0"/>
  <testcase name="testSignIn[johansebastian, 123qwe](144)" classname="com.juaracoding.testng2.SignInTest" time="0.0"/>
  <testcase name="testSignIn[johansebastian, 123qwe](145)" classname="com.juaracoding.testng2.SignInTest" time="0.0"/>
  <testcase name="testSignIn[johansebastian, 123qwe](146)" classname="com.juaracoding.testng2.SignInTest" time="0.0"/>
  <testcase name="testSignIn[johansebastian, 123qwe](147)" classname="com.juaracoding.testng2.SignInTest" time="0.0"/>
  <testcase name="testSignIn[johansebastian, 123qwe](149)" classname="com.juaracoding.testng2.SignInTest" time="0.0"/>
  <testcase name="testSignIn[johansebastian, 123qwe](149)" classname="com.juaracoding.testng2.SignInTest" time="0.0"/>
  <testcase name="testSignIn[johansebastian, 123qwe](152)" classname="com.juaracoding.testng2.SignInTest" time="0.001"/>
  <testcase name="testSignIn[johansebastian, 123qwe](152)" classname="com.juaracoding.testng2.SignInTest" time="0.001"/>
  <testcase name="testSignIn[johansebastian, 123qwe](152)" classname="com.juaracoding.testng2.SignInTest" time="0.001"/>
  <testcase name="testSignIn[johansebastian, 123qwe](154)" classname="com.juaracoding.testng2.SignInTest" time="0.001"/>
  <testcase name="testSignIn[johansebastian, 123qwe](154)" classname="com.juaracoding.testng2.SignInTest" time="0.001"/>
  <testcase name="testSignIn[johansebastian, 123qwe](155)" classname="com.juaracoding.testng2.SignInTest" time="0.001"/>
  <testcase name="testSignIn[johansebastian, 123qwe](158)" classname="com.juaracoding.testng2.SignInTest" time="0.0"/>
  <testcase name="testSignIn[johansebastian, 123qwe](158)" classname="com.juaracoding.testng2.SignInTest" time="0.001"/>
  <testcase name="testSignIn[johansebastian, 123qwe](158)" classname="com.juaracoding.testng2.SignInTest" time="0.001"/>
  <testcase name="testSignIn[johansebastian, 123qwe](161)" classname="com.juaracoding.testng2.SignInTest" time="0.0"/>
  <testcase name="testSignIn[johansebastian, 123qwe](161)" classname="com.juaracoding.testng2.SignInTest" time="0.001"/>
  <testcase name="testSignIn[johansebastian, 123qwe](161)" classname="com.juaracoding.testng2.SignInTest" time="0.001"/>
  <testcase name="testSignIn[johansebastian, 123qwe](162)" classname="com.juaracoding.testng2.SignInTest" time="0.003"/>
  <testcase name="testSignIn[johansebastian, 123qwe](163)" classname="com.juaracoding.testng2.SignInTest" time="0.0"/>
  <testcase name="testSignIn[johansebastian, 123qwe](165)" classname="com.juaracoding.testng2.SignInTest" time="0.0"/>
  <testcase name="testSignIn[johansebastian, 123qwe](165)" classname="com.juaracoding.testng2.SignInTest" time="0.0"/>
  <testcase name="testSignIn[johansebastian, 123qwe](166)" classname="com.juaracoding.testng2.SignInTest" time="0.0"/>
  <testcase name="testSignIn[johansebastian, 123qwe](168)" classname="com.juaracoding.testng2.SignInTest" time="0.0"/>
  <testcase name="testSignIn[johansebastian, 123qwe](168)" classname="com.juaracoding.testng2.SignInTest" time="0.0"/>
  <testcase name="testSignIn[johansebastian, 123qwe](169)" classname="com.juaracoding.testng2.SignInTest" time="0.0"/>
  <testcase name="testSignIn[johansebastian, 123qwe](171)" classname="com.juaracoding.testng2.SignInTest" time="0.001"/>
  <testcase name="testSignIn[johansebastian, 123qwe](171)" classname="com.juaracoding.testng2.SignInTest" time="0.001"/>
  <testcase name="testSignIn[johansebastian, 123qwe](173)" classname="com.juaracoding.testng2.SignInTest" time="0.0"/>
  <testcase name="testSignIn[johansebastian, 123qwe](173)" classname="com.juaracoding.testng2.SignInTest" time="0.0"/>
  <testcase name="testSignIn[johansebastian, 123qwe](174)" classname="com.juaracoding.testng2.SignInTest" time="0.0"/>
  <testcase name="testSignIn[johansebastian, 123qwe](175)" classname="com.juaracoding.testng2.SignInTest" time="0.001"/>
  <testcase name="testSignIn[johansebastian, 123qwe](177)" classname="com.juaracoding.testng2.SignInTest" time="0.0"/>
  <testcase name="testSignIn[johansebastian, 123qwe](177)" classname="com.juaracoding.testng2.SignInTest" time="0.0"/>
  <testcase name="testSignIn[johansebastian, 123qwe](178)" classname="com.juaracoding.testng2.SignInTest" time="0.0"/>
  <testcase name="testSignIn[johansebastian, 123qwe](180)" classname="com.juaracoding.testng2.SignInTest" time="0.0"/>
  <testcase name="testSignIn[johansebastian, 123qwe](180)" classname="com.juaracoding.testng2.SignInTest" time="0.001"/>
  <testcase name="testSignIn[johansebastian, 123qwe](181)" classname="com.juaracoding.testng2.SignInTest" time="0.0"/>
  <testcase name="testSignIn[johansebastian, 123qwe](183)" classname="com.juaracoding.testng2.SignInTest" time="0.0"/>
  <testcase name="testSignIn[johansebastian, 123qwe](183)" classname="com.juaracoding.testng2.SignInTest" time="0.001"/>
  <testcase name="testSignIn[johansebastian, 123qwe](184)" classname="com.juaracoding.testng2.SignInTest" time="0.0"/>
  <testcase name="testSignIn[johansebastian, 123qwe](185)" classname="com.juaracoding.testng2.SignInTest" time="0.0"/>
  <testcase name="testSignIn[johansebastian, 123qwe](186)" classname="com.juaracoding.testng2.SignInTest" time="0.001"/>
  <testcase name="testSignIn[johansebastian, 123qwe](187)" classname="com.juaracoding.testng2.SignInTest" time="0.0"/>
  <testcase name="testSignIn[johansebastian, 123qwe](188)" classname="com.juaracoding.testng2.SignInTest" time="0.001"/>
  <testcase name="testSignIn[johansebastian, 123qwe](189)" classname="com.juaracoding.testng2.SignInTest" time="0.0"/>
  <testcase name="testSignIn[johansebastian, 123qwe](190)" classname="com.juaracoding.testng2.SignInTest" time="0.0"/>
  <testcase name="testSignIn[johansebastian, 123qwe](191)" classname="com.juaracoding.testng2.SignInTest" time="0.001"/>
  <testcase name="testSignIn[johansebastian, 123qwe](192)" classname="com.juaracoding.testng2.SignInTest" time="0.001"/>
  <testcase name="testSignIn[johansebastian, 123qwe](194)" classname="com.juaracoding.testng2.SignInTest" time="0.002"/>
  <testcase name="testSignIn[johansebastian, 123qwe](194)" classname="com.juaracoding.testng2.SignInTest" time="0.003"/>
  <testcase name="testSignIn[johansebastian, 123qwe](195)" classname="com.juaracoding.testng2.SignInTest" time="0.0"/>
  <testcase name="testSignIn[johansebastian, 123qwe](197)" classname="com.juaracoding.testng2.SignInTest" time="0.0"/>
  <testcase name="testSignIn[johansebastian, 123qwe](197)" classname="com.juaracoding.testng2.SignInTest" time="0.0"/>
  <testcase name="testSignIn[johansebastian, 123qwe](198)" classname="com.juaracoding.testng2.SignInTest" time="0.0"/>
  <testcase name="testSignIn[johansebastian, 123qwe](199)" classname="com.juaracoding.testng2.SignInTest" time="0.0"/>
  <testcase name="testSignIn[johansebastian, 123qwe](200)" classname="com.juaracoding.testng2.SignInTest" time="0.0"/>
  <testcase name="testSignIn[johansebastian, 123qwe](202)" classname="com.juaracoding.testng2.SignInTest" time="0.001"/>
  <testcase name="testSignIn[johansebastian, 123qwe](202)" classname="com.juaracoding.testng2.SignInTest" time="0.001"/>
  <testcase name="testSignIn[johansebastian, 123qwe](203)" classname="com.juaracoding.testng2.SignInTest" time="0.001"/>
  <testcase name="testSignIn[johansebastian, 123qwe](204)" classname="com.juaracoding.testng2.SignInTest" time="0.0"/>
  <testcase name="testSignIn[johansebastian, 123qwe](205)" classname="com.juaracoding.testng2.SignInTest" time="0.0"/>
  <testcase name="testSignIn[johansebastian, 123qwe](206)" classname="com.juaracoding.testng2.SignInTest" time="0.001"/>
  <testcase name="testSignIn[johansebastian, 123qwe](207)" classname="com.juaracoding.testng2.SignInTest" time="0.0"/>
  <testcase name="testSignIn[johansebastian, 123qwe](208)" classname="com.juaracoding.testng2.SignInTest" time="0.0"/>
  <testcase name="testSignIn[johansebastian, 123qwe](209)" classname="com.juaracoding.testng2.SignInTest" time="0.0"/>
  <testcase name="testSignIn[johansebastian, 123qwe](210)" classname="com.juaracoding.testng2.SignInTest" time="0.0"/>
  <testcase name="testSignIn[johansebastian, 123qwe](211)" classname="com.juaracoding.testng2.SignInTest" time="0.0"/>
  <testcase name="testSignIn[johansebastian, 123qwe](212)" classname="com.juaracoding.testng2.SignInTest" time="0.0"/>
  <testcase name="testSignIn[johansebastian, 123qwe](213)" classname="com.juaracoding.testng2.SignInTest" time="0.0"/>
  <testcase name="testSignIn[johansebastian, 123qwe](214)" classname="com.juaracoding.testng2.SignInTest" time="0.0"/>
  <testcase name="testSignIn[johansebastian, 123qwe](215)" classname="com.juaracoding.testng2.SignInTest" time="0.0"/>
  <testcase name="testSignIn[johansebastian, 123qwe](216)" classname="com.juaracoding.testng2.SignInTest" time="0.0"/>
  <testcase name="testSignIn[johansebastian, 123qwe](218)" classname="com.juaracoding.testng2.SignInTest" time="0.0"/>
  <testcase name="testSignIn[johansebastian, 123qwe](218)" classname="com.juaracoding.testng2.SignInTest" time="0.0"/>
  <testcase name="testSignIn[johansebastian, 123qwe](220)" classname="com.juaracoding.testng2.SignInTest" time="0.0"/>
  <testcase name="testSignIn[johansebastian, 123qwe](220)" classname="com.juaracoding.testng2.SignInTest" time="0.0"/>
  <testcase name="testSignIn[johansebastian, 123qwe](221)" classname="com.juaracoding.testng2.SignInTest" time="0.0"/>
  <testcase name="testSignIn[johansebastian, 123qwe](223)" classname="com.juaracoding.testng2.SignInTest" time="0.0"/>
  <testcase name="testSignIn[johansebastian, 123qwe](223)" classname="com.juaracoding.testng2.SignInTest" time="0.0"/>
  <testcase name="testSignIn[johansebastian, 123qwe](224)" classname="com.juaracoding.testng2.SignInTest" time="0.0"/>
  <testcase name="testSignIn[johansebastian, 123qwe](225)" classname="com.juaracoding.testng2.SignInTest" time="0.0"/>
  <testcase name="testSignIn[johansebastian, 123qwe](227)" classname="com.juaracoding.testng2.SignInTest" time="0.001"/>
  <testcase name="testSignIn[johansebastian, 123qwe](227)" classname="com.juaracoding.testng2.SignInTest" time="0.001"/>
  <testcase name="testSignIn[johansebastian, 123qwe](228)" classname="com.juaracoding.testng2.SignInTest" time="0.0"/>
  <testcase name="testSignIn[johansebastian, 123qwe](229)" classname="com.juaracoding.testng2.SignInTest" time="0.001"/>
  <testcase name="testSignIn[johansebastian, 123qwe](230)" classname="com.juaracoding.testng2.SignInTest" time="0.0"/>
  <testcase name="testSignIn[johansebastian, 123qwe](231)" classname="com.juaracoding.testng2.SignInTest" time="0.0"/>
  <testcase name="testSignIn[johansebastian, 123qwe](232)" classname="com.juaracoding.testng2.SignInTest" time="0.0"/>
  <testcase name="testSignIn[johansebastian, 123qwe](233)" classname="com.juaracoding.testng2.SignInTest" time="0.0"/>
  <testcase name="testSignIn[johansebastian, 123qwe](234)" classname="com.juaracoding.testng2.SignInTest" time="0.0"/>
  <testcase name="testSignIn[johansebastian, 123qwe](236)" classname="com.juaracoding.testng2.SignInTest" time="0.0"/>
  <testcase name="testSignIn[johansebastian, 123qwe](236)" classname="com.juaracoding.testng2.SignInTest" time="0.0"/>
  <testcase name="testSignIn[johansebastian, 123qwe](237)" classname="com.juaracoding.testng2.SignInTest" time="0.0"/>
  <testcase name="testSignIn[johansebastian, 123qwe](239)" classname="com.juaracoding.testng2.SignInTest" time="0.0"/>
  <testcase name="testSignIn[johansebastian, 123qwe](239)" classname="com.juaracoding.testng2.SignInTest" time="0.001"/>
  <testcase name="testSignIn[johansebastian, 123qwe](240)" classname="com.juaracoding.testng2.SignInTest" time="0.0"/>
  <testcase name="testSignIn[johansebastian, 123qwe](241)" classname="com.juaracoding.testng2.SignInTest" time="0.0"/>
  <testcase name="testSignIn[johansebastian, 123qwe](243)" classname="com.juaracoding.testng2.SignInTest" time="0.0"/>
  <testcase name="testSignIn[johansebastian, 123qwe](243)" classname="com.juaracoding.testng2.SignInTest" time="0.001"/>
  <testcase name="testSignIn[johansebastian, 123qwe](245)" classname="com.juaracoding.testng2.SignInTest" time="0.0"/>
  <testcase name="testSignIn[johansebastian, 123qwe](245)" classname="com.juaracoding.testng2.SignInTest" time="0.001"/>
  <testcase name="testSignIn[johansebastian, 123qwe](247)" classname="com.juaracoding.testng2.SignInTest" time="0.0"/>
  <testcase name="testSignIn[johansebastian, 123qwe](247)" classname="com.juaracoding.testng2.SignInTest" time="0.0"/>
  <testcase name="testSignIn[johansebastian, 123qwe](248)" classname="com.juaracoding.testng2.SignInTest" time="0.001"/>
  <testcase name="testSignIn[johansebastian, 123qwe](249)" classname="com.juaracoding.testng2.SignInTest" time="0.001"/>
  <testcase name="testSignIn[johansebastian, 123qwe](250)" classname="com.juaracoding.testng2.SignInTest" time="0.001"/>
  <testcase name="testSignIn[johansebastian, 123qwe](251)" classname="com.juaracoding.testng2.SignInTest" time="0.0"/>
  <testcase name="testSignIn[johansebastian, 123qwe](252)" classname="com.juaracoding.testng2.SignInTest" time="0.0"/>
  <testcase name="testSignIn[johansebastian, 123qwe](253)" classname="com.juaracoding.testng2.SignInTest" time="0.0"/>
  <testcase name="testSignIn[johansebastian, 123qwe](254)" classname="com.juaracoding.testng2.SignInTest" time="0.0"/>
  <testcase name="testSignIn[johansebastian, 123qwe](256)" classname="com.juaracoding.testng2.SignInTest" time="0.0"/>
  <testcase name="testSignIn[johansebastian, 123qwe](256)" classname="com.juaracoding.testng2.SignInTest" time="0.0"/>
  <testcase name="testSignIn[johansebastian, 123qwe](257)" classname="com.juaracoding.testng2.SignInTest" time="0.0"/>
  <testcase name="testSignIn[johansebastian, 123qwe](258)" classname="com.juaracoding.testng2.SignInTest" time="0.0"/>
  <testcase name="testSignIn[johansebastian, 123qwe](260)" classname="com.juaracoding.testng2.SignInTest" time="0.0"/>
  <testcase name="testSignIn[johansebastian, 123qwe](260)" classname="com.juaracoding.testng2.SignInTest" time="0.0"/>
  <testcase name="testSignIn[johansebastian, 123qwe](262)" classname="com.juaracoding.testng2.SignInTest" time="0.0"/>
  <testcase name="testSignIn[johansebastian, 123qwe](262)" classname="com.juaracoding.testng2.SignInTest" time="0.0"/>
  <testcase name="testSignIn[johansebastian, 123qwe](264)" classname="com.juaracoding.testng2.SignInTest" time="0.0"/>
  <testcase name="testSignIn[johansebastian, 123qwe](264)" classname="com.juaracoding.testng2.SignInTest" time="0.0"/>
  <testcase name="testSignIn[johansebastian, 123qwe](266)" classname="com.juaracoding.testng2.SignInTest" time="0.0"/>
  <testcase name="testSignIn[johansebastian, 123qwe](266)" classname="com.juaracoding.testng2.SignInTest" time="0.0"/>
  <testcase name="testSignIn[johansebastian, 123qwe](267)" classname="com.juaracoding.testng2.SignInTest" time="0.0"/>
  <testcase name="testSignIn[johansebastian, 123qwe](268)" classname="com.juaracoding.testng2.SignInTest" time="0.0"/>
  <testcase name="testSignIn[johansebastian, 123qwe](270)" classname="com.juaracoding.testng2.SignInTest" time="0.0"/>
  <testcase name="testSignIn[johansebastian, 123qwe](270)" classname="com.juaracoding.testng2.SignInTest" time="0.0"/>
  <testcase name="testSignIn[johansebastian, 123qwe](272)" classname="com.juaracoding.testng2.SignInTest" time="0.0"/>
  <testcase name="testSignIn[johansebastian, 123qwe](272)" classname="com.juaracoding.testng2.SignInTest" time="0.0"/>
  <testcase name="testSignIn[johansebastian, 123qwe](274)" classname="com.juaracoding.testng2.SignInTest" time="0.0"/>
  <testcase name="testSignIn[johansebastian, 123qwe](274)" classname="com.juaracoding.testng2.SignInTest" time="0.0"/>
  <testcase name="testSignIn[johansebastian, 123qwe](276)" classname="com.juaracoding.testng2.SignInTest" time="0.0"/>
  <testcase name="testSignIn[johansebastian, 123qwe](276)" classname="com.juaracoding.testng2.SignInTest" time="0.0"/>
  <testcase name="testSignIn[johansebastian, 123qwe](278)" classname="com.juaracoding.testng2.SignInTest" time="0.0"/>
  <testcase name="testSignIn[johansebastian, 123qwe](278)" classname="com.juaracoding.testng2.SignInTest" time="0.0"/>
  <testcase name="testSignIn[johansebastian, 123qwe](279)" classname="com.juaracoding.testng2.SignInTest" time="0.0"/>
  <testcase name="testSignIn[johansebastian, 123qwe](280)" classname="com.juaracoding.testng2.SignInTest" time="0.0"/>
  <testcase name="testSignIn[johansebastian, 123qwe](281)" classname="com.juaracoding.testng2.SignInTest" time="0.0"/>
  <testcase name="testSignIn[johansebastian, 123qwe](283)" classname="com.juaracoding.testng2.SignInTest" time="0.0"/>
  <testcase name="testSignIn[johansebastian, 123qwe](283)" classname="com.juaracoding.testng2.SignInTest" time="0.0"/>
  <testcase name="testSignIn[johansebastian, 123qwe](284)" classname="com.juaracoding.testng2.SignInTest" time="0.0"/>
  <testcase name="testSignIn[johansebastian, 123qwe](285)" classname="com.juaracoding.testng2.SignInTest" time="0.0"/>
  <testcase name="testSignIn[johansebastian, 123qwe](286)" classname="com.juaracoding.testng2.SignInTest" time="0.0"/>
  <testcase name="testSignIn[johansebastian, 123qwe](288)" classname="com.juaracoding.testng2.SignInTest" time="0.0"/>
  <testcase name="testSignIn[johansebastian, 123qwe](288)" classname="com.juaracoding.testng2.SignInTest" time="0.0"/>
  <testcase name="testSignIn[johansebastian, 123qwe](290)" classname="com.juaracoding.testng2.SignInTest" time="0.0"/>
  <testcase name="testSignIn[johansebastian, 123qwe](290)" classname="com.juaracoding.testng2.SignInTest" time="0.0"/>
  <testcase name="testSignIn[johansebastian, 123qwe](291)" classname="com.juaracoding.testng2.SignInTest" time="0.0"/>
  <testcase name="testSignIn[johansebastian, 123qwe](292)" classname="com.juaracoding.testng2.SignInTest" time="0.0"/>
  <testcase name="testSignIn[johansebastian, 123qwe](293)" classname="com.juaracoding.testng2.SignInTest" time="0.0"/>
  <testcase name="testSignIn[johansebastian, 123qwe](295)" classname="com.juaracoding.testng2.SignInTest" time="0.0"/>
  <testcase name="testSignIn[johansebastian, 123qwe](295)" classname="com.juaracoding.testng2.SignInTest" time="0.0"/>
  <testcase name="testSignIn[johansebastian, 123qwe](296)" classname="com.juaracoding.testng2.SignInTest" time="0.0"/>
  <testcase name="testSignIn[johansebastian, 123qwe](298)" classname="com.juaracoding.testng2.SignInTest" time="0.0"/>
  <testcase name="testSignIn[johansebastian, 123qwe](298)" classname="com.juaracoding.testng2.SignInTest" time="0.0"/>
  <testcase name="testSignIn[johansebastian, 123qwe](299)" classname="com.juaracoding.testng2.SignInTest" time="0.0"/>
  <testcase name="testSignIn[johansebastian, 123qwe](300)" classname="com.juaracoding.testng2.SignInTest" time="0.0"/>
  <testcase name="testSignIn[johansebastian, 123qwe](301)" classname="com.juaracoding.testng2.SignInTest" time="0.0"/>
  <testcase name="testSignIn[johansebastian, 123qwe](302)" classname="com.juaracoding.testng2.SignInTest" time="0.0"/>
  <testcase name="testSignIn[johansebastian, 123qwe](304)" classname="com.juaracoding.testng2.SignInTest" time="0.0"/>
  <testcase name="testSignIn[johansebastian, 123qwe](304)" classname="com.juaracoding.testng2.SignInTest" time="0.0"/>
  <testcase name="testSignIn[johansebastian, 123qwe](305)" classname="com.juaracoding.testng2.SignInTest" time="0.0"/>
  <testcase name="testSignIn[johansebastian, 123qwe](306)" classname="com.juaracoding.testng2.SignInTest" time="0.0"/>
  <testcase name="testSignIn[johansebastian, 123qwe](307)" classname="com.juaracoding.testng2.SignInTest" time="0.0"/>
  <testcase name="testSignIn[johansebastian, 123qwe](308)" classname="com.juaracoding.testng2.SignInTest" time="0.0"/>
  <testcase name="testSignIn[johansebastian, 123qwe](309)" classname="com.juaracoding.testng2.SignInTest" time="0.004"/>
  <testcase name="testSignIn[johansebastian, 123qwe](310)" classname="com.juaracoding.testng2.SignInTest" time="0.005"/>
  <testcase name="testSignIn[johansebastian, 123qwe](311)" classname="com.juaracoding.testng2.SignInTest" time="0.0"/>
  <testcase name="testSignIn[johansebastian, 123qwe](312)" classname="com.juaracoding.testng2.SignInTest" time="0.0"/>
  <testcase name="testSignIn[johansebastian, 123qwe](313)" classname="com.juaracoding.testng2.SignInTest" time="0.0"/>
  <testcase name="testSignIn[johansebastian, 123qwe](314)" classname="com.juaracoding.testng2.SignInTest" time="0.0"/>
  <testcase name="testSignIn[johansebastian, 123qwe](315)" classname="com.juaracoding.testng2.SignInTest" time="0.014"/>
  <testcase name="testSignIn[johansebastian, 123qwe](316)" classname="com.juaracoding.testng2.SignInTest" time="0.0"/>
  <testcase name="testSignIn[johansebastian, 123qwe](318)" classname="com.juaracoding.testng2.SignInTest" time="0.0"/>
  <testcase name="testSignIn[johansebastian, 123qwe](318)" classname="com.juaracoding.testng2.SignInTest" time="0.0"/>
  <testcase name="testSignIn[johansebastian, 123qwe](319)" classname="com.juaracoding.testng2.SignInTest" time="0.0"/>
  <testcase name="testSignIn[johansebastian, 123qwe](320)" classname="com.juaracoding.testng2.SignInTest" time="0.0"/>
  <testcase name="testSignIn[johansebastian, 123qwe](321)" classname="com.juaracoding.testng2.SignInTest" time="0.0"/>
  <testcase name="testSignIn[johansebastian, 123qwe](322)" classname="com.juaracoding.testng2.SignInTest" time="0.0"/>
  <testcase name="testSignIn[johansebastian, 123qwe](323)" classname="com.juaracoding.testng2.SignInTest" time="0.0"/>
  <testcase name="testSignIn[johansebastian, 123qwe](324)" classname="com.juaracoding.testng2.SignInTest" time="0.0"/>
  <testcase name="testSignIn[johansebastian, 123qwe](326)" classname="com.juaracoding.testng2.SignInTest" time="0.0"/>
  <testcase name="testSignIn[johansebastian, 123qwe](326)" classname="com.juaracoding.testng2.SignInTest" time="0.0"/>
  <testcase name="testSignIn[johansebastian, 123qwe](328)" classname="com.juaracoding.testng2.SignInTest" time="0.0"/>
  <testcase name="testSignIn[johansebastian, 123qwe](328)" classname="com.juaracoding.testng2.SignInTest" time="0.0"/>
  <testcase name="testSignIn[johansebastian, 123qwe](329)" classname="com.juaracoding.testng2.SignInTest" time="0.0"/>
  <testcase name="testSignIn[johansebastian, 123qwe](330)" classname="com.juaracoding.testng2.SignInTest" time="0.0"/>
  <testcase name="testSignIn[johansebastian, 123qwe](331)" classname="com.juaracoding.testng2.SignInTest" time="0.0"/>
  <testcase name="testSignIn[johansebastian, 123qwe](332)" classname="com.juaracoding.testng2.SignInTest" time="0.0"/>
  <testcase name="testSignIn[johansebastian, 123qwe](335)" classname="com.juaracoding.testng2.SignInTest" time="0.0"/>
  <testcase name="testSignIn[johansebastian, 123qwe](333)" classname="com.juaracoding.testng2.SignInTest" time="0.003"/>
  <testcase name="testSignIn[johansebastian, 123qwe](334)" classname="com.juaracoding.testng2.SignInTest" time="0.014"/>
  <testcase name="testSignIn[johansebastian, 123qwe](337)" classname="com.juaracoding.testng2.SignInTest" time="0.0"/>
  <testcase name="testSignIn[johansebastian, 123qwe](337)" classname="com.juaracoding.testng2.SignInTest" time="0.0"/>
  <testcase name="testSignIn[johansebastian, 123qwe](338)" classname="com.juaracoding.testng2.SignInTest" time="0.0"/>
  <testcase name="testSignIn[johansebastian, 123qwe](339)" classname="com.juaracoding.testng2.SignInTest" time="0.0"/>
  <testcase name="testSignIn[johansebastian, 123qwe](340)" classname="com.juaracoding.testng2.SignInTest" time="0.0"/>
  <testcase name="testSignIn[johansebastian, 123qwe](341)" classname="com.juaracoding.testng2.SignInTest" time="0.0"/>
  <testcase name="testSignIn[johansebastian, 123qwe](343)" classname="com.juaracoding.testng2.SignInTest" time="0.0"/>
  <testcase name="testSignIn[johansebastian, 123qwe](343)" classname="com.juaracoding.testng2.SignInTest" time="0.001"/>
  <testcase name="testSignIn[johansebastian, 123qwe](345)" classname="com.juaracoding.testng2.SignInTest" time="0.0"/>
  <testcase name="testSignIn[johansebastian, 123qwe](345)" classname="com.juaracoding.testng2.SignInTest" time="0.0"/>
  <testcase name="testSignIn[johansebastian, 123qwe](346)" classname="com.juaracoding.testng2.SignInTest" time="0.0"/>
  <testcase name="testSignIn[johansebastian, 123qwe](348)" classname="com.juaracoding.testng2.SignInTest" time="0.0"/>
  <testcase name="testSignIn[johansebastian, 123qwe](348)" classname="com.juaracoding.testng2.SignInTest" time="0.0"/>
  <testcase name="testSignIn[johansebastian, 123qwe](349)" classname="com.juaracoding.testng2.SignInTest" time="0.0"/>
  <testcase name="testSignIn[johansebastian, 123qwe](350)" classname="com.juaracoding.testng2.SignInTest" time="0.0"/>
  <testcase name="testSignIn[johansebastian, 123qwe](351)" classname="com.juaracoding.testng2.SignInTest" time="0.0"/>
  <testcase name="testSignIn[johansebastian, 123qwe](352)" classname="com.juaracoding.testng2.SignInTest" time="0.0"/>
  <testcase name="testSignIn[johansebastian, 123qwe](354)" classname="com.juaracoding.testng2.SignInTest" time="0.0"/>
  <testcase name="testSignIn[johansebastian, 123qwe](354)" classname="com.juaracoding.testng2.SignInTest" time="0.0"/>
  <testcase name="testSignIn[johansebastian, 123qwe](355)" classname="com.juaracoding.testng2.SignInTest" time="0.0"/>
  <testcase name="testSignIn[johansebastian, 123qwe](356)" classname="com.juaracoding.testng2.SignInTest" time="0.0"/>
  <testcase name="testSignIn[johansebastian, 123qwe](357)" classname="com.juaracoding.testng2.SignInTest" time="0.0"/>
  <testcase name="testSignIn[johansebastian, 123qwe](358)" classname="com.juaracoding.testng2.SignInTest" time="0.0"/>
  <testcase name="testSignIn[johansebastian, 123qwe](359)" classname="com.juaracoding.testng2.SignInTest" time="0.0"/>
  <testcase name="testSignIn[johansebastian, 123qwe](360)" classname="com.juaracoding.testng2.SignInTest" time="0.0"/>
  <testcase name="testSignIn[johansebastian, 123qwe](361)" classname="com.juaracoding.testng2.SignInTest" time="0.0"/>
  <testcase name="testSignIn[johansebastian, 123qwe](362)" classname="com.juaracoding.testng2.SignInTest" time="0.001"/>
  <testcase name="testSignIn[johansebastian, 123qwe](363)" classname="com.juaracoding.testng2.SignInTest" time="0.0"/>
  <testcase name="testSignIn[johansebastian, 123qwe](364)" classname="com.juaracoding.testng2.SignInTest" time="0.0"/>
  <testcase name="testSignIn[johansebastian, 123qwe](365)" classname="com.juaracoding.testng2.SignInTest" time="0.0"/>
  <testcase name="testSignIn[johansebastian, 123qwe](366)" classname="com.juaracoding.testng2.SignInTest" time="0.0"/>
  <testcase name="testSignIn[johansebastian, 123qwe](367)" classname="com.juaracoding.testng2.SignInTest" time="0.0"/>
  <testcase name="testSignIn[johansebastian, 123qwe](368)" classname="com.juaracoding.testng2.SignInTest" time="0.0"/>
  <testcase name="testSignIn[johansebastian, 123qwe](370)" classname="com.juaracoding.testng2.SignInTest" time="0.0"/>
  <testcase name="testSignIn[johansebastian, 123qwe](370)" classname="com.juaracoding.testng2.SignInTest" time="0.001"/>
  <testcase name="testSignIn[johansebastian, 123qwe](371)" classname="com.juaracoding.testng2.SignInTest" time="0.001"/>
  <testcase name="testSignIn[johansebastian, 123qwe](372)" classname="com.juaracoding.testng2.SignInTest" time="0.0"/>
  <testcase name="testSignIn[johansebastian, 123qwe](373)" classname="com.juaracoding.testng2.SignInTest" time="0.0"/>
  <testcase name="testSignIn[johansebastian, 123qwe](374)" classname="com.juaracoding.testng2.SignInTest" time="0.0"/>
  <testcase name="testSignIn[johansebastian, 123qwe](375)" classname="com.juaracoding.testng2.SignInTest" time="0.0"/>
  <testcase name="testSignIn[johansebastian, 123qwe](376)" classname="com.juaracoding.testng2.SignInTest" time="0.0"/>
  <testcase name="testSignIn[johansebastian, 123qwe](379)" classname="com.juaracoding.testng2.SignInTest" time="0.0"/>
  <testcase name="testSignIn[johansebastian, 123qwe](379)" classname="com.juaracoding.testng2.SignInTest" time="0.0"/>
  <testcase name="testSignIn[johansebastian, 123qwe](379)" classname="com.juaracoding.testng2.SignInTest" time="0.001"/>
  <testcase name="testSignIn[johansebastian, 123qwe](380)" classname="com.juaracoding.testng2.SignInTest" time="0.0"/>
  <testcase name="testSignIn[johansebastian, 123qwe](382)" classname="com.juaracoding.testng2.SignInTest" time="0.0"/>
  <testcase name="testSignIn[johansebastian, 123qwe](382)" classname="com.juaracoding.testng2.SignInTest" time="0.0"/>
  <testcase name="testSignIn[johansebastian, 123qwe](384)" classname="com.juaracoding.testng2.SignInTest" time="0.0"/>
  <testcase name="testSignIn[johansebastian, 123qwe](384)" classname="com.juaracoding.testng2.SignInTest" time="0.0"/>
  <testcase name="testSignIn[johansebastian, 123qwe](386)" classname="com.juaracoding.testng2.SignInTest" time="0.0"/>
  <testcase name="testSignIn[johansebastian, 123qwe](386)" classname="com.juaracoding.testng2.SignInTest" time="0.0"/>
  <testcase name="testSignIn[johansebastian, 123qwe](388)" classname="com.juaracoding.testng2.SignInTest" time="0.0"/>
  <testcase name="testSignIn[johansebastian, 123qwe](389)" classname="com.juaracoding.testng2.SignInTest" time="0.0"/>
  <testcase name="testSignIn[johansebastian, 123qwe](390)" classname="com.juaracoding.testng2.SignInTest" time="0.0"/>
  <testcase name="testSignIn[johansebastian, 123qwe](391)" classname="com.juaracoding.testng2.SignInTest" time="0.0"/>
  <testcase name="testSignIn[johansebastian, 123qwe](393)" classname="com.juaracoding.testng2.SignInTest" time="0.0"/>
  <testcase name="testSignIn[johansebastian, 123qwe](393)" classname="com.juaracoding.testng2.SignInTest" time="0.0"/>
  <testcase name="testSignIn[johansebastian, 123qwe](395)" classname="com.juaracoding.testng2.SignInTest" time="0.0"/>
  <testcase name="testSignIn[johansebastian, 123qwe](395)" classname="com.juaracoding.testng2.SignInTest" time="0.0"/>
  <testcase name="testSignIn[johansebastian, 123qwe](396)" classname="com.juaracoding.testng2.SignInTest" time="0.0"/>
  <testcase name="testSignIn[johansebastian, 123qwe](398)" classname="com.juaracoding.testng2.SignInTest" time="0.0"/>
  <testcase name="testSignIn[johansebastian, 123qwe](398)" classname="com.juaracoding.testng2.SignInTest" time="0.0"/>
  <testcase name="testSignIn[johansebastian, 123qwe](399)" classname="com.juaracoding.testng2.SignInTest" time="0.0"/>
  <testcase name="testSignIn[johansebastian, 123qwe](400)" classname="com.juaracoding.testng2.SignInTest" time="0.0"/>
  <testcase name="testSignIn[johansebastian, 123qwe](402)" classname="com.juaracoding.testng2.SignInTest" time="0.0"/>
  <testcase name="testSignIn[johansebastian, 123qwe](402)" classname="com.juaracoding.testng2.SignInTest" time="0.0"/>
  <testcase name="testSignIn[johansebastian, 123qwe](404)" classname="com.juaracoding.testng2.SignInTest" time="0.0"/>
  <testcase name="testSignIn[johansebastian, 123qwe](404)" classname="com.juaracoding.testng2.SignInTest" time="0.0"/>
  <testcase name="testSignIn[johansebastian, 123qwe](406)" classname="com.juaracoding.testng2.SignInTest" time="0.0"/>
  <testcase name="testSignIn[johansebastian, 123qwe](406)" classname="com.juaracoding.testng2.SignInTest" time="0.007"/>
  <testcase name="testSignIn[johansebastian, 123qwe](407)" classname="com.juaracoding.testng2.SignInTest" time="0.0"/>
  <testcase name="testSignIn[johansebastian, 123qwe](408)" classname="com.juaracoding.testng2.SignInTest" time="0.0"/>
  <testcase name="testSignIn[johansebastian, 123qwe](410)" classname="com.juaracoding.testng2.SignInTest" time="0.0"/>
  <testcase name="testSignIn[johansebastian, 123qwe](410)" classname="com.juaracoding.testng2.SignInTest" time="0.0"/>
  <testcase name="testSignIn[johansebastian, 123qwe](387)" classname="com.juaracoding.testng2.SignInTest" time="0.0"/>
  <testcase name="testSignIn[johansebastian, 123qwe](412)" classname="com.juaracoding.testng2.SignInTest" time="0.0"/>
  <testcase name="testSignIn[johansebastian, 123qwe](412)" classname="com.juaracoding.testng2.SignInTest" time="0.0"/>
  <testcase name="testSignIn[johansebastian, 123qwe](413)" classname="com.juaracoding.testng2.SignInTest" time="0.0"/>
  <testcase name="testSignIn[johansebastian, 123qwe](415)" classname="com.juaracoding.testng2.SignInTest" time="0.0"/>
  <testcase name="testSignIn[johansebastian, 123qwe](415)" classname="com.juaracoding.testng2.SignInTest" time="0.0"/>
  <testcase name="testSignIn[johansebastian, 123qwe](416)" classname="com.juaracoding.testng2.SignInTest" time="0.0"/>
  <testcase name="testSignIn[johansebastian, 123qwe](419)" classname="com.juaracoding.testng2.SignInTest" time="0.0"/>
  <testcase name="testSignIn[johansebastian, 123qwe](419)" classname="com.juaracoding.testng2.SignInTest" time="0.0"/>
  <testcase name="testSignIn[johansebastian, 123qwe](419)" classname="com.juaracoding.testng2.SignInTest" time="0.0"/>
  <testcase name="testSignIn[johansebastian, 123qwe](421)" classname="com.juaracoding.testng2.SignInTest" time="0.0"/>
  <testcase name="testSignIn[johansebastian, 123qwe](421)" classname="com.juaracoding.testng2.SignInTest" time="0.0"/>
  <testcase name="testSignIn[johansebastian, 123qwe](422)" classname="com.juaracoding.testng2.SignInTest" time="0.0"/>
  <testcase name="testSignIn[johansebastian, 123qwe](423)" classname="com.juaracoding.testng2.SignInTest" time="0.0"/>
  <testcase name="testSignIn[johansebastian, 123qwe](424)" classname="com.juaracoding.testng2.SignInTest" time="0.0"/>
  <testcase name="testSignIn[johansebastian, 123qwe](425)" classname="com.juaracoding.testng2.SignInTest" time="0.0"/>
  <testcase name="testSignIn[johansebastian, 123qwe](426)" classname="com.juaracoding.testng2.SignInTest" time="0.0"/>
  <testcase name="testSignIn[johansebastian, 123qwe](427)" classname="com.juaracoding.testng2.SignInTest" time="0.004"/>
  <testcase name="testSignIn[johansebastian, 123qwe](428)" classname="com.juaracoding.testng2.SignInTest" time="0.004"/>
  <testcase name="testSignIn[johansebastian, 123qwe](430)" classname="com.juaracoding.testng2.SignInTest" time="0.0"/>
  <testcase name="testSignIn[johansebastian, 123qwe](430)" classname="com.juaracoding.testng2.SignInTest" time="0.0"/>
  <testcase name="testSignIn[johansebastian, 123qwe](431)" classname="com.juaracoding.testng2.SignInTest" time="0.0"/>
  <testcase name="testSignIn[johansebastian, 123qwe](433)" classname="com.juaracoding.testng2.SignInTest" time="0.0"/>
  <testcase name="testSignIn[johansebastian, 123qwe](433)" classname="com.juaracoding.testng2.SignInTest" time="0.0"/>
  <testcase name="testSignIn[johansebastian, 123qwe](435)" classname="com.juaracoding.testng2.SignInTest" time="0.0"/>
  <testcase name="testSignIn[johansebastian, 123qwe](435)" classname="com.juaracoding.testng2.SignInTest" time="0.0"/>
  <testcase name="testSignIn[johansebastian, 123qwe](437)" classname="com.juaracoding.testng2.SignInTest" time="0.0"/>
  <testcase name="testSignIn[johansebastian, 123qwe](437)" classname="com.juaracoding.testng2.SignInTest" time="0.0"/>
  <testcase name="testSignIn[johansebastian, 123qwe](438)" classname="com.juaracoding.testng2.SignInTest" time="0.0"/>
  <testcase name="testSignIn[johansebastian, 123qwe](440)" classname="com.juaracoding.testng2.SignInTest" time="0.0"/>
  <testcase name="testSignIn[johansebastian, 123qwe](440)" classname="com.juaracoding.testng2.SignInTest" time="0.0"/>
  <testcase name="testSignIn[johansebastian, 123qwe](441)" classname="com.juaracoding.testng2.SignInTest" time="0.0"/>
  <testcase name="testSignIn[johansebastian, 123qwe](443)" classname="com.juaracoding.testng2.SignInTest" time="0.0"/>
  <testcase name="testSignIn[johansebastian, 123qwe](443)" classname="com.juaracoding.testng2.SignInTest" time="0.0"/>
  <testcase name="testSignIn[johansebastian, 123qwe](444)" classname="com.juaracoding.testng2.SignInTest" time="0.0"/>
  <testcase name="testSignIn[johansebastian, 123qwe](445)" classname="com.juaracoding.testng2.SignInTest" time="0.0"/>
  <testcase name="testSignIn[johansebastian, 123qwe](447)" classname="com.juaracoding.testng2.SignInTest" time="0.0"/>
  <testcase name="testSignIn[johansebastian, 123qwe](447)" classname="com.juaracoding.testng2.SignInTest" time="0.0"/>
  <testcase name="testSignIn[johansebastian, 123qwe](448)" classname="com.juaracoding.testng2.SignInTest" time="0.0"/>
  <testcase name="testSignIn[johansebastian, 123qwe](450)" classname="com.juaracoding.testng2.SignInTest" time="0.0"/>
  <testcase name="testSignIn[johansebastian, 123qwe](450)" classname="com.juaracoding.testng2.SignInTest" time="0.0"/>
  <testcase name="testSignIn[johansebastian, 123qwe](452)" classname="com.juaracoding.testng2.SignInTest" time="0.0"/>
  <testcase name="testSignIn[johansebastian, 123qwe](452)" classname="com.juaracoding.testng2.SignInTest" time="0.0"/>
  <testcase name="testSignIn[johansebastian, 123qwe](453)" classname="com.juaracoding.testng2.SignInTest" time="0.0"/>
  <testcase name="testSignIn[johansebastian, 123qwe](454)" classname="com.juaracoding.testng2.SignInTest" time="0.0"/>
  <testcase name="testSignIn[johansebastian, 123qwe](456)" classname="com.juaracoding.testng2.SignInTest" time="0.0"/>
  <testcase name="testSignIn[johansebastian, 123qwe](456)" classname="com.juaracoding.testng2.SignInTest" time="0.0"/>
  <testcase name="testSignIn[johansebastian, 123qwe](458)" classname="com.juaracoding.testng2.SignInTest" time="0.0"/>
  <testcase name="testSignIn[johansebastian, 123qwe](458)" classname="com.juaracoding.testng2.SignInTest" time="0.0"/>
  <testcase name="testSignIn[johansebastian, 123qwe](460)" classname="com.juaracoding.testng2.SignInTest" time="0.0"/>
  <testcase name="testSignIn[johansebastian, 123qwe](460)" classname="com.juaracoding.testng2.SignInTest" time="0.0"/>
  <testcase name="testSignIn[johansebastian, 123qwe](462)" classname="com.juaracoding.testng2.SignInTest" time="0.0"/>
  <testcase name="testSignIn[johansebastian, 123qwe](462)" classname="com.juaracoding.testng2.SignInTest" time="0.0"/>
  <testcase name="testSignIn[johansebastian, 123qwe](464)" classname="com.juaracoding.testng2.SignInTest" time="0.0"/>
  <testcase name="testSignIn[johansebastian, 123qwe](464)" classname="com.juaracoding.testng2.SignInTest" time="0.0"/>
  <testcase name="testSignIn[johansebastian, 123qwe](466)" classname="com.juaracoding.testng2.SignInTest" time="0.0"/>
  <testcase name="testSignIn[johansebastian, 123qwe](466)" classname="com.juaracoding.testng2.SignInTest" time="0.001"/>
  <testcase name="testSignIn[johansebastian, 123qwe](467)" classname="com.juaracoding.testng2.SignInTest" time="0.0"/>
  <testcase name="testSignIn[johansebastian, 123qwe](469)" classname="com.juaracoding.testng2.SignInTest" time="0.0"/>
  <testcase name="testSignIn[johansebastian, 123qwe](469)" classname="com.juaracoding.testng2.SignInTest" time="0.0"/>
  <testcase name="testSignIn[johansebastian, 123qwe](471)" classname="com.juaracoding.testng2.SignInTest" time="0.0"/>
  <testcase name="testSignIn[johansebastian, 123qwe](471)" classname="com.juaracoding.testng2.SignInTest" time="0.0"/>
  <testcase name="testSignIn[johansebastian, 123qwe](473)" classname="com.juaracoding.testng2.SignInTest" time="0.0"/>
  <testcase name="testSignIn[johansebastian, 123qwe](473)" classname="com.juaracoding.testng2.SignInTest" time="0.0"/>
  <testcase name="testSignIn[johansebastian, 123qwe](475)" classname="com.juaracoding.testng2.SignInTest" time="0.0"/>
  <testcase name="testSignIn[johansebastian, 123qwe](475)" classname="com.juaracoding.testng2.SignInTest" time="0.0"/>
  <testcase name="testSignIn[johansebastian, 123qwe](477)" classname="com.juaracoding.testng2.SignInTest" time="0.0"/>
  <testcase name="testSignIn[johansebastian, 123qwe](477)" classname="com.juaracoding.testng2.SignInTest" time="0.0"/>
  <testcase name="testSignIn[johansebastian, 123qwe](479)" classname="com.juaracoding.testng2.SignInTest" time="0.0"/>
  <testcase name="testSignIn[johansebastian, 123qwe](479)" classname="com.juaracoding.testng2.SignInTest" time="0.0"/>
  <testcase name="testSignIn[johansebastian, 123qwe](480)" classname="com.juaracoding.testng2.SignInTest" time="0.0"/>
  <testcase name="testSignIn[johansebastian, 123qwe](481)" classname="com.juaracoding.testng2.SignInTest" time="0.0"/>
  <testcase name="testSignIn[johansebastian, 123qwe](482)" classname="com.juaracoding.testng2.SignInTest" time="0.0"/>
  <testcase name="testSignIn[johansebastian, 123qwe](484)" classname="com.juaracoding.testng2.SignInTest" time="0.0"/>
  <testcase name="testSignIn[johansebastian, 123qwe](484)" classname="com.juaracoding.testng2.SignInTest" time="0.0"/>
  <testcase name="testSignIn[johansebastian, 123qwe](486)" classname="com.juaracoding.testng2.SignInTest" time="0.0"/>
  <testcase name="testSignIn[johansebastian, 123qwe](486)" classname="com.juaracoding.testng2.SignInTest" time="0.0"/>
  <testcase name="testSignIn[johansebastian, 123qwe](488)" classname="com.juaracoding.testng2.SignInTest" time="0.0"/>
  <testcase name="testSignIn[johansebastian, 123qwe](488)" classname="com.juaracoding.testng2.SignInTest" time="0.0"/>
  <testcase name="testSignIn[johansebastian, 123qwe](490)" classname="com.juaracoding.testng2.SignInTest" time="0.0"/>
  <testcase name="testSignIn[johansebastian, 123qwe](490)" classname="com.juaracoding.testng2.SignInTest" time="0.0"/>
  <testcase name="testSignIn[johansebastian, 123qwe](492)" classname="com.juaracoding.testng2.SignInTest" time="0.0"/>
  <testcase name="testSignIn[johansebastian, 123qwe](492)" classname="com.juaracoding.testng2.SignInTest" time="0.0"/>
  <testcase name="testSignIn[johansebastian, 123qwe](493)" classname="com.juaracoding.testng2.SignInTest" time="0.0"/>
  <testcase name="testSignIn[johansebastian, 123qwe](494)" classname="com.juaracoding.testng2.SignInTest" time="0.0"/>
  <testcase name="testSignIn[johansebastian, 123qwe](495)" classname="com.juaracoding.testng2.SignInTest" time="0.0"/>
  <testcase name="testSignIn[johansebastian, 123qwe](496)" classname="com.juaracoding.testng2.SignInTest" time="0.0"/>
  <testcase name="testSignIn[johansebastian, 123qwe](498)" classname="com.juaracoding.testng2.SignInTest" time="0.0"/>
  <testcase name="testSignIn[johansebastian, 123qwe](498)" classname="com.juaracoding.testng2.SignInTest" time="0.0"/>
  <testcase name="testSignIn[johansebastian, 123qwe](500)" classname="com.juaracoding.testng2.SignInTest" time="0.0"/>
  <testcase name="testSignIn[johansebastian, 123qwe](500)" classname="com.juaracoding.testng2.SignInTest" time="0.0"/>
  <testcase name="testSignIn[johansebastian, 123qwe](501)" classname="com.juaracoding.testng2.SignInTest" time="0.0"/>
  <testcase name="testSignIn[johansebastian, 123qwe](503)" classname="com.juaracoding.testng2.SignInTest" time="0.0"/>
  <testcase name="testSignIn[johansebastian, 123qwe](503)" classname="com.juaracoding.testng2.SignInTest" time="0.004"/>
  <testcase name="testSignIn[johansebastian, 123qwe](504)" classname="com.juaracoding.testng2.SignInTest" time="0.0"/>
  <testcase name="testSignIn[johansebastian, 123qwe](505)" classname="com.juaracoding.testng2.SignInTest" time="0.0"/>
  <testcase name="testSignIn[johansebastian, 123qwe](506)" classname="com.juaracoding.testng2.SignInTest" time="0.0"/>
  <testcase name="testSignIn[johansebastian, 123qwe](507)" classname="com.juaracoding.testng2.SignInTest" time="0.0"/>
  <testcase name="testSignIn[johansebastian, 123qwe](508)" classname="com.juaracoding.testng2.SignInTest" time="0.0"/>
  <testcase name="testSignIn[johansebastian, 123qwe](509)" classname="com.juaracoding.testng2.SignInTest" time="0.0"/>
  <testcase name="testSignIn[johansebastian, 123qwe](510)" classname="com.juaracoding.testng2.SignInTest" time="0.0"/>
  <testcase name="testSignIn[johansebastian, 123qwe](511)" classname="com.juaracoding.testng2.SignInTest" time="0.0"/>
  <testcase name="testSignIn[johansebastian, 123qwe](512)" classname="com.juaracoding.testng2.SignInTest" time="0.001"/>
  <testcase name="testSignIn[johansebastian, 123qwe](514)" classname="com.juaracoding.testng2.SignInTest" time="0.0"/>
  <testcase name="testSignIn[johansebastian, 123qwe](514)" classname="com.juaracoding.testng2.SignInTest" time="0.0"/>
  <testcase name="testSignIn[johansebastian, 123qwe](515)" classname="com.juaracoding.testng2.SignInTest" time="0.0"/>
  <testcase name="testSignIn[johansebastian, 123qwe](516)" classname="com.juaracoding.testng2.SignInTest" time="0.0"/>
  <testcase name="testSignIn[johansebastian, 123qwe](517)" classname="com.juaracoding.testng2.SignInTest" time="0.0"/>
  <testcase name="testSignIn[johansebastian, 123qwe](518)" classname="com.juaracoding.testng2.SignInTest" time="0.0"/>
  <testcase name="testSignIn[johansebastian, 123qwe](519)" classname="com.juaracoding.testng2.SignInTest" time="0.0"/>
  <testcase name="testSignIn[johansebastian, 123qwe](520)" classname="com.juaracoding.testng2.SignInTest" time="0.0"/>
  <testcase name="testSignIn[johansebastian, 123qwe](521)" classname="com.juaracoding.testng2.SignInTest" time="0.0"/>
  <testcase name="testSignIn[johansebastian, 123qwe](522)" classname="com.juaracoding.testng2.SignInTest" time="0.009"/>
  <testcase name="testSignIn[johansebastian, 123qwe](523)" classname="com.juaracoding.testng2.SignInTest" time="0.0"/>
  <testcase name="testSignIn[johansebastian, 123qwe](524)" classname="com.juaracoding.testng2.SignInTest" time="0.0"/>
  <testcase name="testSignIn[johansebastian, 123qwe](525)" classname="com.juaracoding.testng2.SignInTest" time="0.0"/>
  <testcase name="testSignIn[johansebastian, 123qwe](526)" classname="com.juaracoding.testng2.SignInTest" time="0.0"/>
  <testcase name="testSignIn[johansebastian, 123qwe](527)" classname="com.juaracoding.testng2.SignInTest" time="0.0"/>
  <testcase name="testSignIn[johansebastian, 123qwe](528)" classname="com.juaracoding.testng2.SignInTest" time="0.0"/>
  <testcase name="testSignIn[johansebastian, 123qwe](529)" classname="com.juaracoding.testng2.SignInTest" time="0.0"/>
  <testcase name="testSignIn[johansebastian, 123qwe](530)" classname="com.juaracoding.testng2.SignInTest" time="0.0"/>
  <testcase name="testSignIn[johansebastian, 123qwe](531)" classname="com.juaracoding.testng2.SignInTest" time="0.0"/>
  <testcase name="testSignIn[johansebastian, 123qwe](533)" classname="com.juaracoding.testng2.SignInTest" time="0.0"/>
  <testcase name="testSignIn[johansebastian, 123qwe](533)" classname="com.juaracoding.testng2.SignInTest" time="0.0"/>
  <testcase name="testSignIn[johansebastian, 123qwe](534)" classname="com.juaracoding.testng2.SignInTest" time="0.0"/>
  <testcase name="testSignIn[johansebastian, 123qwe](535)" classname="com.juaracoding.testng2.SignInTest" time="0.0"/>
  <testcase name="testSignIn[johansebastian, 123qwe](536)" classname="com.juaracoding.testng2.SignInTest" time="0.0"/>
  <testcase name="testSignIn[johansebastian, 123qwe](538)" classname="com.juaracoding.testng2.SignInTest" time="0.0"/>
  <testcase name="testSignIn[johansebastian, 123qwe](538)" classname="com.juaracoding.testng2.SignInTest" time="0.001"/>
  <testcase name="testSignIn[johansebastian, 123qwe](539)" classname="com.juaracoding.testng2.SignInTest" time="0.0"/>
  <testcase name="testSignIn[johansebastian, 123qwe](541)" classname="com.juaracoding.testng2.SignInTest" time="0.0"/>
  <testcase name="testSignIn[johansebastian, 123qwe](541)" classname="com.juaracoding.testng2.SignInTest" time="0.0"/>
  <testcase name="testSignIn[johansebastian, 123qwe](543)" classname="com.juaracoding.testng2.SignInTest" time="0.0"/>
  <testcase name="testSignIn[johansebastian, 123qwe](543)" classname="com.juaracoding.testng2.SignInTest" time="0.0"/>
  <testcase name="testSignIn[johansebastian, 123qwe](544)" classname="com.juaracoding.testng2.SignInTest" time="0.0"/>
  <testcase name="testSignIn[johansebastian, 123qwe](545)" classname="com.juaracoding.testng2.SignInTest" time="0.0"/>
  <testcase name="testSignIn[johansebastian, 123qwe](547)" classname="com.juaracoding.testng2.SignInTest" time="0.0"/>
  <testcase name="testSignIn[johansebastian, 123qwe](547)" classname="com.juaracoding.testng2.SignInTest" time="0.0"/>
  <testcase name="testSignIn[johansebastian, 123qwe](548)" classname="com.juaracoding.testng2.SignInTest" time="0.0"/>
  <testcase name="testSignIn[johansebastian, 123qwe](549)" classname="com.juaracoding.testng2.SignInTest" time="0.0"/>
  <testcase name="testSignIn[johansebastian, 123qwe](550)" classname="com.juaracoding.testng2.SignInTest" time="0.0"/>
  <testcase name="testSignIn[johansebastian, 123qwe](552)" classname="com.juaracoding.testng2.SignInTest" time="0.0"/>
  <testcase name="testSignIn[johansebastian, 123qwe](552)" classname="com.juaracoding.testng2.SignInTest" time="0.0"/>
  <testcase name="testSignIn[johansebastian, 123qwe](553)" classname="com.juaracoding.testng2.SignInTest" time="0.0"/>
  <testcase name="testSignIn[johansebastian, 123qwe](555)" classname="com.juaracoding.testng2.SignInTest" time="0.0"/>
  <testcase name="testSignIn[johansebastian, 123qwe](555)" classname="com.juaracoding.testng2.SignInTest" time="0.0"/>
  <testcase name="testSignIn[johansebastian, 123qwe](557)" classname="com.juaracoding.testng2.SignInTest" time="0.0"/>
  <testcase name="testSignIn[johansebastian, 123qwe](557)" classname="com.juaracoding.testng2.SignInTest" time="0.0"/>
  <testcase name="testSignIn[johansebastian, 123qwe](559)" classname="com.juaracoding.testng2.SignInTest" time="0.0"/>
  <testcase name="testSignIn[johansebastian, 123qwe](559)" classname="com.juaracoding.testng2.SignInTest" time="0.0"/>
  <testcase name="testSignIn[johansebastian, 123qwe](561)" classname="com.juaracoding.testng2.SignInTest" time="0.0"/>
  <testcase name="testSignIn[johansebastian, 123qwe](561)" classname="com.juaracoding.testng2.SignInTest" time="0.001"/>
  <testcase name="testSignIn[johansebastian, 123qwe](563)" classname="com.juaracoding.testng2.SignInTest" time="0.0"/>
  <testcase name="testSignIn[johansebastian, 123qwe](563)" classname="com.juaracoding.testng2.SignInTest" time="0.0"/>
  <testcase name="testSignIn[johansebastian, 123qwe](565)" classname="com.juaracoding.testng2.SignInTest" time="0.0"/>
  <testcase name="testSignIn[johansebastian, 123qwe](565)" classname="com.juaracoding.testng2.SignInTest" time="0.0"/>
  <testcase name="testSignIn[johansebastian, 123qwe](566)" classname="com.juaracoding.testng2.SignInTest" time="0.0"/>
  <testcase name="testSignIn[johansebastian, 123qwe](568)" classname="com.juaracoding.testng2.SignInTest" time="0.0"/>
  <testcase name="testSignIn[johansebastian, 123qwe](568)" classname="com.juaracoding.testng2.SignInTest" time="0.01"/>
  <testcase name="testSignIn[johansebastian, 123qwe](569)" classname="com.juaracoding.testng2.SignInTest" time="0.0"/>
  <testcase name="testSignIn[johansebastian, 123qwe](570)" classname="com.juaracoding.testng2.SignInTest" time="0.0"/>
  <testcase name="testSignIn[johansebastian, 123qwe](571)" classname="com.juaracoding.testng2.SignInTest" time="0.0"/>
  <testcase name="testSignIn[johansebastian, 123qwe](572)" classname="com.juaracoding.testng2.SignInTest" time="0.0"/>
  <testcase name="testSignIn[johansebastian, 123qwe](573)" classname="com.juaracoding.testng2.SignInTest" time="0.0"/>
  <testcase name="testSignIn[johansebastian, 123qwe](574)" classname="com.juaracoding.testng2.SignInTest" time="0.0"/>
  <testcase name="testSignIn[johansebastian, 123qwe](575)" classname="com.juaracoding.testng2.SignInTest" time="0.0"/>
  <testcase name="testSignIn[johansebastian, 123qwe](576)" classname="com.juaracoding.testng2.SignInTest" time="0.0"/>
  <testcase name="testSignIn[johansebastian, 123qwe](577)" classname="com.juaracoding.testng2.SignInTest" time="0.0"/>
  <testcase name="testSignIn[johansebastian, 123qwe](579)" classname="com.juaracoding.testng2.SignInTest" time="0.0"/>
  <testcase name="testSignIn[johansebastian, 123qwe](578)" classname="com.juaracoding.testng2.SignInTest" time="0.0"/>
  <testcase name="testSignIn[johansebastian, 123qwe](581)" classname="com.juaracoding.testng2.SignInTest" time="0.0"/>
  <testcase name="testSignIn[johansebastian, 123qwe](581)" classname="com.juaracoding.testng2.SignInTest" time="0.0"/>
  <testcase name="testSignIn[johansebastian, 123qwe](583)" classname="com.juaracoding.testng2.SignInTest" time="0.0"/>
  <testcase name="testSignIn[johansebastian, 123qwe](583)" classname="com.juaracoding.testng2.SignInTest" time="0.0"/>
  <testcase name="testSignIn[johansebastian, 123qwe](585)" classname="com.juaracoding.testng2.SignInTest" time="0.0"/>
  <testcase name="testSignIn[johansebastian, 123qwe](585)" classname="com.juaracoding.testng2.SignInTest" time="0.0"/>
  <testcase name="testSignIn[johansebastian, 123qwe](587)" classname="com.juaracoding.testng2.SignInTest" time="0.0"/>
  <testcase name="testSignIn[johansebastian, 123qwe](587)" classname="com.juaracoding.testng2.SignInTest" time="0.0"/>
  <testcase name="testSignIn[johansebastian, 123qwe](589)" classname="com.juaracoding.testng2.SignInTest" time="0.0"/>
  <testcase name="testSignIn[johansebastian, 123qwe](589)" classname="com.juaracoding.testng2.SignInTest" time="0.0"/>
  <testcase name="testSignIn[johansebastian, 123qwe](590)" classname="com.juaracoding.testng2.SignInTest" time="0.0"/>
  <testcase name="testSignIn[johansebastian, 123qwe](591)" classname="com.juaracoding.testng2.SignInTest" time="0.0"/>
  <testcase name="testSignIn[johansebastian, 123qwe](592)" classname="com.juaracoding.testng2.SignInTest" time="0.0"/>
  <testcase name="testSignIn[johansebastian, 123qwe](593)" classname="com.juaracoding.testng2.SignInTest" time="0.0"/>
  <testcase name="testSignIn[johansebastian, 123qwe](594)" classname="com.juaracoding.testng2.SignInTest" time="0.0"/>
  <testcase name="testSignIn[johansebastian, 123qwe](595)" classname="com.juaracoding.testng2.SignInTest" time="0.0"/>
  <testcase name="testSignIn[johansebastian, 123qwe](596)" classname="com.juaracoding.testng2.SignInTest" time="0.0"/>
  <testcase name="testSignIn[johansebastian, 123qwe](598)" classname="com.juaracoding.testng2.SignInTest" time="0.0"/>
  <testcase name="testSignIn[johansebastian, 123qwe](598)" classname="com.juaracoding.testng2.SignInTest" time="0.0"/>
  <testcase name="testSignIn[johansebastian, 123qwe](599)" classname="com.juaracoding.testng2.SignInTest" time="0.0"/>
  <testcase name="testSignIn[johansebastian, 123qwe](601)" classname="com.juaracoding.testng2.SignInTest" time="0.0"/>
  <testcase name="testSignIn[johansebastian, 123qwe](601)" classname="com.juaracoding.testng2.SignInTest" time="0.0"/>
  <testcase name="testSignIn[johansebastian, 123qwe](603)" classname="com.juaracoding.testng2.SignInTest" time="0.0"/>
  <testcase name="testSignIn[johansebastian, 123qwe](603)" classname="com.juaracoding.testng2.SignInTest" time="0.001"/>
  <testcase name="testSignIn[johansebastian, 123qwe](605)" classname="com.juaracoding.testng2.SignInTest" time="0.0"/>
  <testcase name="testSignIn[johansebastian, 123qwe](605)" classname="com.juaracoding.testng2.SignInTest" time="0.0"/>
  <testcase name="testSignIn[johansebastian, 123qwe](606)" classname="com.juaracoding.testng2.SignInTest" time="0.0"/>
  <testcase name="testSignIn[johansebastian, 123qwe](608)" classname="com.juaracoding.testng2.SignInTest" time="0.0"/>
  <testcase name="testSignIn[johansebastian, 123qwe](608)" classname="com.juaracoding.testng2.SignInTest" time="0.0"/>
  <testcase name="testSignIn[johansebastian, 123qwe](609)" classname="com.juaracoding.testng2.SignInTest" time="0.0"/>
  <testcase name="testSignIn[johansebastian, 123qwe](611)" classname="com.juaracoding.testng2.SignInTest" time="0.0"/>
  <testcase name="testSignIn[johansebastian, 123qwe](611)" classname="com.juaracoding.testng2.SignInTest" time="0.0"/>
  <testcase name="testSignIn[johansebastian, 123qwe](613)" classname="com.juaracoding.testng2.SignInTest" time="0.0"/>
  <testcase name="testSignIn[johansebastian, 123qwe](613)" classname="com.juaracoding.testng2.SignInTest" time="0.0"/>
  <testcase name="testSignIn[johansebastian, 123qwe](615)" classname="com.juaracoding.testng2.SignInTest" time="0.0"/>
  <testcase name="testSignIn[johansebastian, 123qwe](615)" classname="com.juaracoding.testng2.SignInTest" time="0.0"/>
  <testcase name="testSignIn[johansebastian, 123qwe](616)" classname="com.juaracoding.testng2.SignInTest" time="0.0"/>
  <testcase name="testSignIn[johansebastian, 123qwe](618)" classname="com.juaracoding.testng2.SignInTest" time="0.0"/>
  <testcase name="testSignIn[johansebastian, 123qwe](618)" classname="com.juaracoding.testng2.SignInTest" time="0.0"/>
  <testcase name="testSignIn[johansebastian, 123qwe](619)" classname="com.juaracoding.testng2.SignInTest" time="0.0"/>
  <testcase name="testSignIn[johansebastian, 123qwe](621)" classname="com.juaracoding.testng2.SignInTest" time="0.0"/>
  <testcase name="testSignIn[johansebastian, 123qwe](621)" classname="com.juaracoding.testng2.SignInTest" time="0.0"/>
  <testcase name="testSignIn[johansebastian, 123qwe](623)" classname="com.juaracoding.testng2.SignInTest" time="0.0"/>
  <testcase name="testSignIn[johansebastian, 123qwe](623)" classname="com.juaracoding.testng2.SignInTest" time="0.0"/>
  <testcase name="testSignIn[johansebastian, 123qwe](625)" classname="com.juaracoding.testng2.SignInTest" time="0.0"/>
  <testcase name="testSignIn[johansebastian, 123qwe](625)" classname="com.juaracoding.testng2.SignInTest" time="0.0"/>
  <testcase name="testSignIn[johansebastian, 123qwe](626)" classname="com.juaracoding.testng2.SignInTest" time="0.0"/>
  <testcase name="testSignIn[johansebastian, 123qwe](627)" classname="com.juaracoding.testng2.SignInTest" time="0.0"/>
  <testcase name="testSignIn[johansebastian, 123qwe](629)" classname="com.juaracoding.testng2.SignInTest" time="0.0"/>
  <testcase name="testSignIn[johansebastian, 123qwe](629)" classname="com.juaracoding.testng2.SignInTest" time="0.0"/>
  <testcase name="testSignIn[johansebastian, 123qwe](631)" classname="com.juaracoding.testng2.SignInTest" time="0.0"/>
  <testcase name="testSignIn[johansebastian, 123qwe](631)" classname="com.juaracoding.testng2.SignInTest" time="0.0"/>
  <testcase name="testSignIn[johansebastian, 123qwe](633)" classname="com.juaracoding.testng2.SignInTest" time="0.0"/>
  <testcase name="testSignIn[johansebastian, 123qwe](633)" classname="com.juaracoding.testng2.SignInTest" time="0.0"/>
  <testcase name="testSignIn[johansebastian, 123qwe](634)" classname="com.juaracoding.testng2.SignInTest" time="0.0"/>
  <testcase name="testSignIn[johansebastian, 123qwe](635)" classname="com.juaracoding.testng2.SignInTest" time="0.0"/>
  <testcase name="testSignIn[johansebastian, 123qwe](637)" classname="com.juaracoding.testng2.SignInTest" time="0.0"/>
  <testcase name="testSignIn[johansebastian, 123qwe](637)" classname="com.juaracoding.testng2.SignInTest" time="0.0"/>
  <testcase name="testSignIn[johansebastian, 123qwe](639)" classname="com.juaracoding.testng2.SignInTest" time="0.001"/>
  <testcase name="testSignIn[johansebastian, 123qwe](639)" classname="com.juaracoding.testng2.SignInTest" time="0.001"/>
  <testcase name="testSignIn[johansebastian, 123qwe](641)" classname="com.juaracoding.testng2.SignInTest" time="0.0"/>
  <testcase name="testSignIn[johansebastian, 123qwe](641)" classname="com.juaracoding.testng2.SignInTest" time="0.0"/>
  <testcase name="testSignIn[johansebastian, 123qwe](643)" classname="com.juaracoding.testng2.SignInTest" time="0.0"/>
  <testcase name="testSignIn[johansebastian, 123qwe](643)" classname="com.juaracoding.testng2.SignInTest" time="0.0"/>
  <testcase name="testSignIn[johansebastian, 123qwe](645)" classname="com.juaracoding.testng2.SignInTest" time="0.0"/>
  <testcase name="testSignIn[johansebastian, 123qwe](645)" classname="com.juaracoding.testng2.SignInTest" time="0.0"/>
  <testcase name="testSignIn[johansebastian, 123qwe](646)" classname="com.juaracoding.testng2.SignInTest" time="0.0"/>
  <testcase name="testSignIn[johansebastian, 123qwe](648)" classname="com.juaracoding.testng2.SignInTest" time="0.0"/>
  <testcase name="testSignIn[johansebastian, 123qwe](648)" classname="com.juaracoding.testng2.SignInTest" time="0.0"/>
  <testcase name="testSignIn[johansebastian, 123qwe](650)" classname="com.juaracoding.testng2.SignInTest" time="0.0"/>
  <testcase name="testSignIn[johansebastian, 123qwe](650)" classname="com.juaracoding.testng2.SignInTest" time="0.009"/>
  <testcase name="testSignIn[johansebastian, 123qwe](651)" classname="com.juaracoding.testng2.SignInTest" time="0.01"/>
  <testcase name="testSignIn[johansebastian, 123qwe](652)" classname="com.juaracoding.testng2.SignInTest" time="0.0"/>
  <testcase name="testSignIn[johansebastian, 123qwe](653)" classname="com.juaracoding.testng2.SignInTest" time="0.0"/>
  <testcase name="testSignIn[johansebastian, 123qwe](654)" classname="com.juaracoding.testng2.SignInTest" time="0.0"/>
  <testcase name="testSignIn[johansebastian, 123qwe](655)" classname="com.juaracoding.testng2.SignInTest" time="0.0"/>
  <testcase name="testSignIn[johansebastian, 123qwe](657)" classname="com.juaracoding.testng2.SignInTest" time="0.0"/>
  <testcase name="testSignIn[johansebastian, 123qwe](657)" classname="com.juaracoding.testng2.SignInTest" time="0.0"/>
  <testcase name="testSignIn[johansebastian, 123qwe](659)" classname="com.juaracoding.testng2.SignInTest" time="0.0"/>
  <testcase name="testSignIn[johansebastian, 123qwe](659)" classname="com.juaracoding.testng2.SignInTest" time="0.0"/>
  <testcase name="testSignIn[johansebastian, 123qwe](660)" classname="com.juaracoding.testng2.SignInTest" time="0.0"/>
  <testcase name="testSignIn[johansebastian, 123qwe](662)" classname="com.juaracoding.testng2.SignInTest" time="0.0"/>
  <testcase name="testSignIn[johansebastian, 123qwe](662)" classname="com.juaracoding.testng2.SignInTest" time="0.0"/>
  <testcase name="testSignIn[johansebastian, 123qwe](663)" classname="com.juaracoding.testng2.SignInTest" time="0.0"/>
  <testcase name="testSignIn[johansebastian, 123qwe](666)" classname="com.juaracoding.testng2.SignInTest" time="0.0"/>
  <testcase name="testSignIn[johansebastian, 123qwe](666)" classname="com.juaracoding.testng2.SignInTest" time="0.0"/>
  <testcase name="testSignIn[johansebastian, 123qwe](666)" classname="com.juaracoding.testng2.SignInTest" time="0.0"/>
  <testcase name="testSignIn[johansebastian, 123qwe](668)" classname="com.juaracoding.testng2.SignInTest" time="0.0"/>
  <testcase name="testSignIn[johansebastian, 123qwe](668)" classname="com.juaracoding.testng2.SignInTest" time="0.0"/>
  <testcase name="testSignIn[johansebastian, 123qwe](669)" classname="com.juaracoding.testng2.SignInTest" time="0.0"/>
  <testcase name="testSignIn[johansebastian, 123qwe](670)" classname="com.juaracoding.testng2.SignInTest" time="0.0"/>
  <testcase name="testSignIn[johansebastian, 123qwe](671)" classname="com.juaracoding.testng2.SignInTest" time="0.0"/>
  <testcase name="testSignIn[johansebastian, 123qwe](673)" classname="com.juaracoding.testng2.SignInTest" time="0.0"/>
  <testcase name="testSignIn[johansebastian, 123qwe](673)" classname="com.juaracoding.testng2.SignInTest" time="0.0"/>
  <testcase name="testSignIn[johansebastian, 123qwe](675)" classname="com.juaracoding.testng2.SignInTest" time="0.0"/>
  <testcase name="testSignIn[johansebastian, 123qwe](675)" classname="com.juaracoding.testng2.SignInTest" time="0.0"/>
  <testcase name="testSignIn[johansebastian, 123qwe](677)" classname="com.juaracoding.testng2.SignInTest" time="0.0"/>
  <testcase name="testSignIn[johansebastian, 123qwe](677)" classname="com.juaracoding.testng2.SignInTest" time="0.0"/>
  <testcase name="testSignIn[johansebastian, 123qwe](679)" classname="com.juaracoding.testng2.SignInTest" time="0.0"/>
  <testcase name="testSignIn[johansebastian, 123qwe](679)" classname="com.juaracoding.testng2.SignInTest" time="0.0"/>
  <testcase name="testSignIn[johansebastian, 123qwe](681)" classname="com.juaracoding.testng2.SignInTest" time="0.0"/>
  <testcase name="testSignIn[johansebastian, 123qwe](681)" classname="com.juaracoding.testng2.SignInTest" time="0.001"/>
  <testcase name="testSignIn[johansebastian, 123qwe](682)" classname="com.juaracoding.testng2.SignInTest" time="0.0"/>
  <testcase name="testSignIn[johansebastian, 123qwe](684)" classname="com.juaracoding.testng2.SignInTest" time="0.0"/>
  <testcase name="testSignIn[johansebastian, 123qwe](684)" classname="com.juaracoding.testng2.SignInTest" time="0.0"/>
  <testcase name="testSignIn[johansebastian, 123qwe](685)" classname="com.juaracoding.testng2.SignInTest" time="0.0"/>
  <testcase name="testSignIn[johansebastian, 123qwe](686)" classname="com.juaracoding.testng2.SignInTest" time="0.0"/>
  <testcase name="testSignIn[johansebastian, 123qwe](687)" classname="com.juaracoding.testng2.SignInTest" time="0.0"/>
  <testcase name="testSignIn[johansebastian, 123qwe](688)" classname="com.juaracoding.testng2.SignInTest" time="0.0"/>
  <testcase name="testSignIn[johansebastian, 123qwe](689)" classname="com.juaracoding.testng2.SignInTest" time="0.0"/>
  <testcase name="testSignIn[johansebastian, 123qwe](690)" classname="com.juaracoding.testng2.SignInTest" time="0.0"/>
  <testcase name="testSignIn[johansebastian, 123qwe](691)" classname="com.juaracoding.testng2.SignInTest" time="0.0"/>
  <testcase name="testSignIn[johansebastian, 123qwe](693)" classname="com.juaracoding.testng2.SignInTest" time="0.0"/>
  <testcase name="testSignIn[johansebastian, 123qwe](693)" classname="com.juaracoding.testng2.SignInTest" time="0.0"/>
  <testcase name="testSignIn[johansebastian, 123qwe](694)" classname="com.juaracoding.testng2.SignInTest" time="0.0"/>
  <testcase name="testSignIn[johansebastian, 123qwe](695)" classname="com.juaracoding.testng2.SignInTest" time="0.0"/>
  <testcase name="testSignIn[johansebastian, 123qwe](697)" classname="com.juaracoding.testng2.SignInTest" time="0.0"/>
  <testcase name="testSignIn[johansebastian, 123qwe](696)" classname="com.juaracoding.testng2.SignInTest" time="0.0"/>
  <testcase name="testSignIn[johansebastian, 123qwe](698)" classname="com.juaracoding.testng2.SignInTest" time="0.0"/>
  <testcase name="testSignIn[johansebastian, 123qwe](700)" classname="com.juaracoding.testng2.SignInTest" time="0.0"/>
  <testcase name="testSignIn[johansebastian, 123qwe](700)" classname="com.juaracoding.testng2.SignInTest" time="0.0"/>
  <testcase name="testSignIn[johansebastian, 123qwe](701)" classname="com.juaracoding.testng2.SignInTest" time="0.0"/>
  <testcase name="testSignIn[johansebastian, 123qwe](702)" classname="com.juaracoding.testng2.SignInTest" time="0.0"/>
  <testcase name="testSignIn[johansebastian, 123qwe](703)" classname="com.juaracoding.testng2.SignInTest" time="0.0"/>
  <testcase name="testSignIn[johansebastian, 123qwe](704)" classname="com.juaracoding.testng2.SignInTest" time="0.0"/>
  <testcase name="testSignIn[johansebastian, 123qwe](706)" classname="com.juaracoding.testng2.SignInTest" time="0.0"/>
  <testcase name="testSignIn[johansebastian, 123qwe](706)" classname="com.juaracoding.testng2.SignInTest" time="0.0"/>
  <testcase name="testSignIn[johansebastian, 123qwe](708)" classname="com.juaracoding.testng2.SignInTest" time="0.0"/>
  <testcase name="testSignIn[johansebastian, 123qwe](708)" classname="com.juaracoding.testng2.SignInTest" time="0.0"/>
  <testcase name="testSignIn[johansebastian, 123qwe](710)" classname="com.juaracoding.testng2.SignInTest" time="0.0"/>
  <testcase name="testSignIn[johansebastian, 123qwe](710)" classname="com.juaracoding.testng2.SignInTest" time="0.0"/>
  <testcase name="testSignIn[johansebastian, 123qwe](711)" classname="com.juaracoding.testng2.SignInTest" time="0.0"/>
  <testcase name="testSignIn[johansebastian, 123qwe](712)" classname="com.juaracoding.testng2.SignInTest" time="0.0"/>
  <testcase name="testSignIn[johansebastian, 123qwe](713)" classname="com.juaracoding.testng2.SignInTest" time="0.0"/>
  <testcase name="testSignIn[johansebastian, 123qwe](716)" classname="com.juaracoding.testng2.SignInTest" time="0.0"/>
  <testcase name="testSignIn[johansebastian, 123qwe](716)" classname="com.juaracoding.testng2.SignInTest" time="0.0"/>
  <testcase name="testSignIn[johansebastian, 123qwe](715)" classname="com.juaracoding.testng2.SignInTest" time="0.0"/>
  <testcase name="testSignIn[johansebastian, 123qwe](718)" classname="com.juaracoding.testng2.SignInTest" time="0.0"/>
  <testcase name="testSignIn[johansebastian, 123qwe](718)" classname="com.juaracoding.testng2.SignInTest" time="0.0"/>
  <testcase name="testSignIn[johansebastian, 123qwe](720)" classname="com.juaracoding.testng2.SignInTest" time="0.0"/>
  <testcase name="testSignIn[johansebastian, 123qwe](720)" classname="com.juaracoding.testng2.SignInTest" time="0.0"/>
  <testcase name="testSignIn[johansebastian, 123qwe](722)" classname="com.juaracoding.testng2.SignInTest" time="0.0"/>
  <testcase name="testSignIn[johansebastian, 123qwe](722)" classname="com.juaracoding.testng2.SignInTest" time="0.0"/>
  <testcase name="testSignIn[johansebastian, 123qwe](724)" classname="com.juaracoding.testng2.SignInTest" time="0.0"/>
  <testcase name="testSignIn[johansebastian, 123qwe](724)" classname="com.juaracoding.testng2.SignInTest" time="0.0"/>
  <testcase name="testSignIn[johansebastian, 123qwe](725)" classname="com.juaracoding.testng2.SignInTest" time="0.0"/>
  <testcase name="testSignIn[johansebastian, 123qwe](726)" classname="com.juaracoding.testng2.SignInTest" time="0.0"/>
  <testcase name="testSignIn[johansebastian, 123qwe](727)" classname="com.juaracoding.testng2.SignInTest" time="0.0"/>
  <testcase name="testSignIn[johansebastian, 123qwe](729)" classname="com.juaracoding.testng2.SignInTest" time="0.0"/>
  <testcase name="testSignIn[johansebastian, 123qwe](729)" classname="com.juaracoding.testng2.SignInTest" time="0.0"/>
  <testcase name="testSignIn[johansebastian, 123qwe](730)" classname="com.juaracoding.testng2.SignInTest" time="0.0"/>
  <testcase name="testSignIn[johansebastian, 123qwe](731)" classname="com.juaracoding.testng2.SignInTest" time="0.0"/>
  <testcase name="testSignIn[johansebastian, 123qwe](732)" classname="com.juaracoding.testng2.SignInTest" time="0.0"/>
  <testcase name="testSignIn[johansebastian, 123qwe](733)" classname="com.juaracoding.testng2.SignInTest" time="0.0"/>
  <testcase name="testSignIn[johansebastian, 123qwe](734)" classname="com.juaracoding.testng2.SignInTest" time="0.001"/>
  <testcase name="testSignIn[johansebastian, 123qwe](735)" classname="com.juaracoding.testng2.SignInTest" time="0.001"/>
  <testcase name="testSignIn[johansebastian, 123qwe](736)" classname="com.juaracoding.testng2.SignInTest" time="0.0"/>
  <testcase name="testSignIn[johansebastian, 123qwe](739)" classname="com.juaracoding.testng2.SignInTest" time="0.0"/>
  <testcase name="testSignIn[johansebastian, 123qwe](739)" classname="com.juaracoding.testng2.SignInTest" time="0.0"/>
  <testcase name="testSignIn[johansebastian, 123qwe](739)" classname="com.juaracoding.testng2.SignInTest" time="0.0"/>
  <testcase name="testSignIn[johansebastian, 123qwe](742)" classname="com.juaracoding.testng2.SignInTest" time="0.0"/>
  <testcase name="testSignIn[johansebastian, 123qwe](742)" classname="com.juaracoding.testng2.SignInTest" time="0.001"/>
  <testcase name="testSignIn[johansebastian, 123qwe](742)" classname="com.juaracoding.testng2.SignInTest" time="0.001"/>
  <testcase name="testSignIn[johansebastian, 123qwe](744)" classname="com.juaracoding.testng2.SignInTest" time="0.0"/>
  <testcase name="testSignIn[johansebastian, 123qwe](744)" classname="com.juaracoding.testng2.SignInTest" time="0.0"/>
  <testcase name="testSignIn[johansebastian, 123qwe](745)" classname="com.juaracoding.testng2.SignInTest" time="0.0"/>
  <testcase name="testSignIn[johansebastian, 123qwe](747)" classname="com.juaracoding.testng2.SignInTest" time="0.004"/>
  <testcase name="testSignIn[johansebastian, 123qwe](747)" classname="com.juaracoding.testng2.SignInTest" time="0.004"/>
  <testcase name="testSignIn[johansebastian, 123qwe](748)" classname="com.juaracoding.testng2.SignInTest" time="0.004"/>
  <testcase name="testSignIn[johansebastian, 123qwe](749)" classname="com.juaracoding.testng2.SignInTest" time="0.0"/>
  <testcase name="testSignIn[johansebastian, 123qwe](750)" classname="com.juaracoding.testng2.SignInTest" time="0.0"/>
  <testcase name="testSignIn[johansebastian, 123qwe](751)" classname="com.juaracoding.testng2.SignInTest" time="0.0"/>
  <testcase name="testSignIn[johansebastian, 123qwe](752)" classname="com.juaracoding.testng2.SignInTest" time="0.0"/>
  <testcase name="testSignIn[johansebastian, 123qwe](753)" classname="com.juaracoding.testng2.SignInTest" time="0.0"/>
  <testcase name="testSignIn[johansebastian, 123qwe](754)" classname="com.juaracoding.testng2.SignInTest" time="0.0"/>
  <testcase name="testSignIn[johansebastian, 123qwe](755)" classname="com.juaracoding.testng2.SignInTest" time="0.0"/>
  <testcase name="testSignIn[johansebastian, 123qwe](756)" classname="com.juaracoding.testng2.SignInTest" time="0.0"/>
  <testcase name="testSignIn[johansebastian, 123qwe](757)" classname="com.juaracoding.testng2.SignInTest" time="0.0"/>
  <testcase name="testSignIn[johansebastian, 123qwe](759)" classname="com.juaracoding.testng2.SignInTest" time="0.0"/>
  <testcase name="testSignIn[johansebastian, 123qwe](759)" classname="com.juaracoding.testng2.SignInTest" time="0.0"/>
  <testcase name="testSignIn[johansebastian, 123qwe](761)" classname="com.juaracoding.testng2.SignInTest" time="0.0"/>
  <testcase name="testSignIn[johansebastian, 123qwe](761)" classname="com.juaracoding.testng2.SignInTest" time="0.0"/>
  <testcase name="testSignIn[johansebastian, 123qwe](762)" classname="com.juaracoding.testng2.SignInTest" time="0.0"/>
  <testcase name="testSignIn[johansebastian, 123qwe](765)" classname="com.juaracoding.testng2.SignInTest" time="0.001"/>
  <testcase name="testSignIn[johansebastian, 123qwe](765)" classname="com.juaracoding.testng2.SignInTest" time="0.001"/>
  <testcase name="testSignIn[johansebastian, 123qwe](765)" classname="com.juaracoding.testng2.SignInTest" time="0.001"/>
  <testcase name="testSignIn[johansebastian, 123qwe](767)" classname="com.juaracoding.testng2.SignInTest" time="0.0"/>
  <testcase name="testSignIn[johansebastian, 123qwe](767)" classname="com.juaracoding.testng2.SignInTest" time="0.0"/>
  <testcase name="testSignIn[johansebastian, 123qwe](768)" classname="com.juaracoding.testng2.SignInTest" time="0.0"/>
  <testcase name="testSignIn[johansebastian, 123qwe](770)" classname="com.juaracoding.testng2.SignInTest" time="0.0"/>
  <testcase name="testSignIn[johansebastian, 123qwe](770)" classname="com.juaracoding.testng2.SignInTest" time="0.0"/>
  <testcase name="testSignIn[johansebastian, 123qwe](771)" classname="com.juaracoding.testng2.SignInTest" time="0.0"/>
  <testcase name="testSignIn[johansebastian, 123qwe](773)" classname="com.juaracoding.testng2.SignInTest" time="0.0"/>
  <testcase name="testSignIn[johansebastian, 123qwe](773)" classname="com.juaracoding.testng2.SignInTest" time="0.0"/>
  <testcase name="testSignIn[johansebastian, 123qwe](774)" classname="com.juaracoding.testng2.SignInTest" time="0.0"/>
  <testcase name="testSignIn[johansebastian, 123qwe](775)" classname="com.juaracoding.testng2.SignInTest" time="0.0"/>
  <testcase name="testSignIn[johansebastian, 123qwe](777)" classname="com.juaracoding.testng2.SignInTest" time="0.0"/>
  <testcase name="testSignIn[johansebastian, 123qwe](777)" classname="com.juaracoding.testng2.SignInTest" time="0.0"/>
  <testcase name="testSignIn[johansebastian, 123qwe](779)" classname="com.juaracoding.testng2.SignInTest" time="0.0"/>
  <testcase name="testSignIn[johansebastian, 123qwe](779)" classname="com.juaracoding.testng2.SignInTest" time="0.0"/>
  <testcase name="testSignIn[johansebastian, 123qwe](780)" classname="com.juaracoding.testng2.SignInTest" time="0.0"/>
  <testcase name="testSignIn[johansebastian, 123qwe](782)" classname="com.juaracoding.testng2.SignInTest" time="0.0"/>
  <testcase name="testSignIn[johansebastian, 123qwe](782)" classname="com.juaracoding.testng2.SignInTest" time="0.0"/>
  <testcase name="testSignIn[johansebastian, 123qwe](784)" classname="com.juaracoding.testng2.SignInTest" time="0.0"/>
  <testcase name="testSignIn[johansebastian, 123qwe](784)" classname="com.juaracoding.testng2.SignInTest" time="0.0"/>
  <testcase name="testSignIn[johansebastian, 123qwe](785)" classname="com.juaracoding.testng2.SignInTest" time="0.0"/>
  <testcase name="testSignIn[johansebastian, 123qwe](786)" classname="com.juaracoding.testng2.SignInTest" time="0.0"/>
  <testcase name="testSignIn[johansebastian, 123qwe](787)" classname="com.juaracoding.testng2.SignInTest" time="0.0"/>
  <testcase name="testSignIn[johansebastian, 123qwe](788)" classname="com.juaracoding.testng2.SignInTest" time="0.0"/>
  <testcase name="testSignIn[johansebastian, 123qwe](789)" classname="com.juaracoding.testng2.SignInTest" time="0.0"/>
  <testcase name="testSignIn[johansebastian, 123qwe](790)" classname="com.juaracoding.testng2.SignInTest" time="0.0"/>
  <testcase name="testSignIn[johansebastian, 123qwe](791)" classname="com.juaracoding.testng2.SignInTest" time="0.0"/>
  <testcase name="testSignIn[johansebastian, 123qwe](793)" classname="com.juaracoding.testng2.SignInTest" time="0.0"/>
  <testcase name="testSignIn[johansebastian, 123qwe](793)" classname="com.juaracoding.testng2.SignInTest" time="0.0"/>
  <testcase name="testSignIn[johansebastian, 123qwe](794)" classname="com.juaracoding.testng2.SignInTest" time="0.0"/>
  <testcase name="testSignIn[johansebastian, 123qwe](796)" classname="com.juaracoding.testng2.SignInTest" time="0.0"/>
  <testcase name="testSignIn[johansebastian, 123qwe](796)" classname="com.juaracoding.testng2.SignInTest" time="0.0"/>
  <testcase name="testSignIn[johansebastian, 123qwe](797)" classname="com.juaracoding.testng2.SignInTest" time="0.0"/>
  <testcase name="testSignIn[johansebastian, 123qwe](798)" classname="com.juaracoding.testng2.SignInTest" time="0.0"/>
  <testcase name="testSignIn[johansebastian, 123qwe](799)" classname="com.juaracoding.testng2.SignInTest" time="0.001"/>
  <testcase name="testSignIn[johansebastian, 123qwe](800)" classname="com.juaracoding.testng2.SignInTest" time="0.001"/>
  <testcase name="testSignIn[johansebastian, 123qwe](802)" classname="com.juaracoding.testng2.SignInTest" time="0.0"/>
  <testcase name="testSignIn[johansebastian, 123qwe](802)" classname="com.juaracoding.testng2.SignInTest" time="0.0"/>
  <testcase name="testSignIn[johansebastian, 123qwe](803)" classname="com.juaracoding.testng2.SignInTest" time="0.0"/>
  <testcase name="testSignIn[johansebastian, 123qwe](804)" classname="com.juaracoding.testng2.SignInTest" time="0.0"/>
  <testcase name="testSignIn[johansebastian, 123qwe](805)" classname="com.juaracoding.testng2.SignInTest" time="0.0"/>
  <testcase name="testSignIn[johansebastian, 123qwe](807)" classname="com.juaracoding.testng2.SignInTest" time="0.0"/>
  <testcase name="testSignIn[johansebastian, 123qwe](807)" classname="com.juaracoding.testng2.SignInTest" time="0.0"/>
  <testcase name="testSignIn[johansebastian, 123qwe](808)" classname="com.juaracoding.testng2.SignInTest" time="0.0"/>
  <testcase name="testSignIn[johansebastian, 123qwe](810)" classname="com.juaracoding.testng2.SignInTest" time="0.0"/>
  <testcase name="testSignIn[johansebastian, 123qwe](810)" classname="com.juaracoding.testng2.SignInTest" time="0.0"/>
  <testcase name="testSignIn[johansebastian, 123qwe](812)" classname="com.juaracoding.testng2.SignInTest" time="0.0"/>
  <testcase name="testSignIn[johansebastian, 123qwe](812)" classname="com.juaracoding.testng2.SignInTest" time="0.0"/>
  <testcase name="testSignIn[johansebastian, 123qwe](814)" classname="com.juaracoding.testng2.SignInTest" time="0.0"/>
  <testcase name="testSignIn[johansebastian, 123qwe](814)" classname="com.juaracoding.testng2.SignInTest" time="0.0"/>
  <testcase name="testSignIn[johansebastian, 123qwe](815)" classname="com.juaracoding.testng2.SignInTest" time="0.0"/>
  <testcase name="testSignIn[johansebastian, 123qwe](816)" classname="com.juaracoding.testng2.SignInTest" time="0.0"/>
  <testcase name="testSignIn[johansebastian, 123qwe](817)" classname="com.juaracoding.testng2.SignInTest" time="0.0"/>
  <testcase name="testSignIn[johansebastian, 123qwe](819)" classname="com.juaracoding.testng2.SignInTest" time="0.0"/>
  <testcase name="testSignIn[johansebastian, 123qwe](818)" classname="com.juaracoding.testng2.SignInTest" time="0.0"/>
  <testcase name="testSignIn[johansebastian, 123qwe](821)" classname="com.juaracoding.testng2.SignInTest" time="0.0"/>
  <testcase name="testSignIn[johansebastian, 123qwe](821)" classname="com.juaracoding.testng2.SignInTest" time="0.0"/>
  <testcase name="testSignIn[johansebastian, 123qwe](823)" classname="com.juaracoding.testng2.SignInTest" time="0.0"/>
  <testcase name="testSignIn[johansebastian, 123qwe](823)" classname="com.juaracoding.testng2.SignInTest" time="0.0"/>
  <testcase name="testSignIn[johansebastian, 123qwe](825)" classname="com.juaracoding.testng2.SignInTest" time="0.0"/>
  <testcase name="testSignIn[johansebastian, 123qwe](825)" classname="com.juaracoding.testng2.SignInTest" time="0.0"/>
  <testcase name="testSignIn[johansebastian, 123qwe](826)" classname="com.juaracoding.testng2.SignInTest" time="0.0"/>
  <testcase name="testSignIn[johansebastian, 123qwe](827)" classname="com.juaracoding.testng2.SignInTest" time="0.0"/>
  <testcase name="testSignIn[johansebastian, 123qwe](828)" classname="com.juaracoding.testng2.SignInTest" time="0.0"/>
  <testcase name="testSignIn[johansebastian, 123qwe](829)" classname="com.juaracoding.testng2.SignInTest" time="0.0"/>
  <testcase name="testSignIn[johansebastian, 123qwe](830)" classname="com.juaracoding.testng2.SignInTest" time="0.0"/>
  <testcase name="testSignIn[johansebastian, 123qwe](832)" classname="com.juaracoding.testng2.SignInTest" time="0.0"/>
  <testcase name="testSignIn[johansebastian, 123qwe](832)" classname="com.juaracoding.testng2.SignInTest" time="0.0"/>
  <testcase name="testSignIn[johansebastian, 123qwe](833)" classname="com.juaracoding.testng2.SignInTest" time="0.0"/>
  <testcase name="testSignIn[johansebastian, 123qwe](834)" classname="com.juaracoding.testng2.SignInTest" time="0.0"/>
  <testcase name="testSignIn[johansebastian, 123qwe](835)" classname="com.juaracoding.testng2.SignInTest" time="0.0"/>
  <testcase name="testSignIn[johansebastian, 123qwe](836)" classname="com.juaracoding.testng2.SignInTest" time="0.0"/>
  <testcase name="testSignIn[johansebastian, 123qwe](837)" classname="com.juaracoding.testng2.SignInTest" time="0.0"/>
  <testcase name="testSignIn[johansebastian, 123qwe](839)" classname="com.juaracoding.testng2.SignInTest" time="0.0"/>
  <testcase name="testSignIn[johansebastian, 123qwe](839)" classname="com.juaracoding.testng2.SignInTest" time="0.0"/>
  <testcase name="testSignIn[johansebastian, 123qwe](841)" classname="com.juaracoding.testng2.SignInTest" time="0.0"/>
  <testcase name="testSignIn[johansebastian, 123qwe](842)" classname="com.juaracoding.testng2.SignInTest" time="0.0"/>
  <testcase name="testSignIn[johansebastian, 123qwe](840)" classname="com.juaracoding.testng2.SignInTest" time="0.0"/>
  <testcase name="testSignIn[johansebastian, 123qwe](843)" classname="com.juaracoding.testng2.SignInTest" time="0.0"/>
  <testcase name="testSignIn[johansebastian, 123qwe](845)" classname="com.juaracoding.testng2.SignInTest" time="0.0"/>
  <testcase name="testSignIn[johansebastian, 123qwe](845)" classname="com.juaracoding.testng2.SignInTest" time="0.001"/>
  <testcase name="testSignIn[johansebastian, 123qwe](847)" classname="com.juaracoding.testng2.SignInTest" time="0.0"/>
  <testcase name="testSignIn[johansebastian, 123qwe](847)" classname="com.juaracoding.testng2.SignInTest" time="0.0"/>
  <testcase name="testSignIn[johansebastian, 123qwe](848)" classname="com.juaracoding.testng2.SignInTest" time="0.0"/>
  <testcase name="testSignIn[johansebastian, 123qwe](849)" classname="com.juaracoding.testng2.SignInTest" time="0.0"/>
  <testcase name="testSignIn[johansebastian, 123qwe](850)" classname="com.juaracoding.testng2.SignInTest" time="0.0"/>
  <testcase name="testSignIn[johansebastian, 123qwe](852)" classname="com.juaracoding.testng2.SignInTest" time="0.0"/>
  <testcase name="testSignIn[johansebastian, 123qwe](852)" classname="com.juaracoding.testng2.SignInTest" time="0.0"/>
  <testcase name="testSignIn[johansebastian, 123qwe](854)" classname="com.juaracoding.testng2.SignInTest" time="0.0"/>
  <testcase name="testSignIn[johansebastian, 123qwe](854)" classname="com.juaracoding.testng2.SignInTest" time="0.0"/>
  <testcase name="testSignIn[johansebastian, 123qwe](855)" classname="com.juaracoding.testng2.SignInTest" time="0.0"/>
  <testcase name="testSignIn[johansebastian, 123qwe](857)" classname="com.juaracoding.testng2.SignInTest" time="0.0"/>
  <testcase name="testSignIn[johansebastian, 123qwe](857)" classname="com.juaracoding.testng2.SignInTest" time="0.0"/>
  <testcase name="testSignIn[johansebastian, 123qwe](858)" classname="com.juaracoding.testng2.SignInTest" time="0.006"/>
  <testcase name="testSignIn[johansebastian, 123qwe](859)" classname="com.juaracoding.testng2.SignInTest" time="0.0"/>
  <testcase name="testSignIn[johansebastian, 123qwe](860)" classname="com.juaracoding.testng2.SignInTest" time="0.0"/>
  <testcase name="testSignIn[johansebastian, 123qwe](861)" classname="com.juaracoding.testng2.SignInTest" time="0.0"/>
  <testcase name="testSignIn[johansebastian, 123qwe](862)" classname="com.juaracoding.testng2.SignInTest" time="0.0"/>
  <testcase name="testSignIn[johansebastian, 123qwe](863)" classname="com.juaracoding.testng2.SignInTest" time="0.0"/>
  <testcase name="testSignIn[johansebastian, 123qwe](864)" classname="com.juaracoding.testng2.SignInTest" time="0.0"/>
  <testcase name="testSignIn[johansebastian, 123qwe](865)" classname="com.juaracoding.testng2.SignInTest" time="0.0"/>
  <testcase name="testSignIn[johansebastian, 123qwe](867)" classname="com.juaracoding.testng2.SignInTest" time="0.0"/>
  <testcase name="testSignIn[johansebastian, 123qwe](867)" classname="com.juaracoding.testng2.SignInTest" time="0.0"/>
  <testcase name="testSignIn[johansebastian, 123qwe](868)" classname="com.juaracoding.testng2.SignInTest" time="0.0"/>
  <testcase name="testSignIn[johansebastian, 123qwe](869)" classname="com.juaracoding.testng2.SignInTest" time="0.0"/>
  <testcase name="testSignIn[johansebastian, 123qwe](871)" classname="com.juaracoding.testng2.SignInTest" time="0.0"/>
  <testcase name="testSignIn[johansebastian, 123qwe](871)" classname="com.juaracoding.testng2.SignInTest" time="0.0"/>
  <testcase name="testSignIn[johansebastian, 123qwe](872)" classname="com.juaracoding.testng2.SignInTest" time="0.0"/>
  <testcase name="testSignIn[johansebastian, 123qwe](873)" classname="com.juaracoding.testng2.SignInTest" time="0.0"/>
  <testcase name="testSignIn[johansebastian, 123qwe](874)" classname="com.juaracoding.testng2.SignInTest" time="0.0"/>
  <testcase name="testSignIn[johansebastian, 123qwe](876)" classname="com.juaracoding.testng2.SignInTest" time="0.0"/>
  <testcase name="testSignIn[johansebastian, 123qwe](876)" classname="com.juaracoding.testng2.SignInTest" time="0.0"/>
  <testcase name="testSignIn[johansebastian, 123qwe](877)" classname="com.juaracoding.testng2.SignInTest" time="0.0"/>
  <testcase name="testSignIn[johansebastian, 123qwe](878)" classname="com.juaracoding.testng2.SignInTest" time="0.0"/>
  <testcase name="testSignIn[johansebastian, 123qwe](879)" classname="com.juaracoding.testng2.SignInTest" time="0.0"/>
  <testcase name="testSignIn[johansebastian, 123qwe](880)" classname="com.juaracoding.testng2.SignInTest" time="0.0"/>
  <testcase name="testSignIn[johansebastian, 123qwe](881)" classname="com.juaracoding.testng2.SignInTest" time="0.0"/>
  <testcase name="testSignIn[johansebastian, 123qwe](882)" classname="com.juaracoding.testng2.SignInTest" time="0.0"/>
  <testcase name="testSignIn[johansebastian, 123qwe](883)" classname="com.juaracoding.testng2.SignInTest" time="0.003"/>
  <testcase name="testSignIn[johansebastian, 123qwe](884)" classname="com.juaracoding.testng2.SignInTest" time="0.0"/>
  <testcase name="testSignIn[johansebastian, 123qwe](886)" classname="com.juaracoding.testng2.SignInTest" time="0.0"/>
  <testcase name="testSignIn[johansebastian, 123qwe](886)" classname="com.juaracoding.testng2.SignInTest" time="0.0"/>
  <testcase name="testSignIn[johansebastian, 123qwe](887)" classname="com.juaracoding.testng2.SignInTest" time="0.0"/>
  <testcase name="testSignIn[johansebastian, 123qwe](888)" classname="com.juaracoding.testng2.SignInTest" time="0.0"/>
  <testcase name="testSignIn[johansebastian, 123qwe](889)" classname="com.juaracoding.testng2.SignInTest" time="0.0"/>
  <testcase name="testSignIn[johansebastian, 123qwe](890)" classname="com.juaracoding.testng2.SignInTest" time="0.0"/>
  <testcase name="testSignIn[johansebastian, 123qwe](891)" classname="com.juaracoding.testng2.SignInTest" time="0.003"/>
  <testcase name="testSignIn[johansebastian, 123qwe](892)" classname="com.juaracoding.testng2.SignInTest" time="0.0"/>
  <testcase name="testSignIn[johansebastian, 123qwe](893)" classname="com.juaracoding.testng2.SignInTest" time="0.0"/>
  <testcase name="testSignIn[johansebastian, 123qwe](894)" classname="com.juaracoding.testng2.SignInTest" time="0.0"/>
  <testcase name="testSignIn[johansebastian, 123qwe](895)" classname="com.juaracoding.testng2.SignInTest" time="0.0"/>
  <testcase name="testSignIn[johansebastian, 123qwe](896)" classname="com.juaracoding.testng2.SignInTest" time="0.0"/>
  <testcase name="testSignIn[johansebastian, 123qwe](897)" classname="com.juaracoding.testng2.SignInTest" time="0.0"/>
  <testcase name="testSignIn[johansebastian, 123qwe](898)" classname="com.juaracoding.testng2.SignInTest" time="0.0"/>
  <testcase name="testSignIn[johansebastian, 123qwe](900)" classname="com.juaracoding.testng2.SignInTest" time="0.0"/>
  <testcase name="testSignIn[johansebastian, 123qwe](900)" classname="com.juaracoding.testng2.SignInTest" time="0.0"/>
  <testcase name="testSignIn[johansebastian, 123qwe](901)" classname="com.juaracoding.testng2.SignInTest" time="0.009"/>
  <testcase name="testSignIn[johansebastian, 123qwe](903)" classname="com.juaracoding.testng2.SignInTest" time="0.0"/>
  <testcase name="testSignIn[johansebastian, 123qwe](903)" classname="com.juaracoding.testng2.SignInTest" time="0.0"/>
  <testcase name="testSignIn[johansebastian, 123qwe](904)" classname="com.juaracoding.testng2.SignInTest" time="0.0"/>
  <testcase name="testSignIn[johansebastian, 123qwe](905)" classname="com.juaracoding.testng2.SignInTest" time="0.0"/>
  <testcase name="testSignIn[johansebastian, 123qwe](906)" classname="com.juaracoding.testng2.SignInTest" time="0.0"/>
  <testcase name="testSignIn[johansebastian, 123qwe](907)" classname="com.juaracoding.testng2.SignInTest" time="0.0"/>
  <testcase name="testSignIn[johansebastian, 123qwe](908)" classname="com.juaracoding.testng2.SignInTest" time="0.0"/>
  <testcase name="testSignIn[johansebastian, 123qwe](909)" classname="com.juaracoding.testng2.SignInTest" time="0.0"/>
  <testcase name="testSignIn[johansebastian, 123qwe](910)" classname="com.juaracoding.testng2.SignInTest" time="0.0"/>
  <testcase name="testSignIn[johansebastian, 123qwe](911)" classname="com.juaracoding.testng2.SignInTest" time="0.0"/>
  <testcase name="testSignIn[johansebastian, 123qwe](913)" classname="com.juaracoding.testng2.SignInTest" time="0.0"/>
  <testcase name="testSignIn[johansebastian, 123qwe](913)" classname="com.juaracoding.testng2.SignInTest" time="0.0"/>
  <testcase name="testSignIn[johansebastian, 123qwe](914)" classname="com.juaracoding.testng2.SignInTest" time="0.0"/>
  <testcase name="testSignIn[johansebastian, 123qwe](915)" classname="com.juaracoding.testng2.SignInTest" time="0.0"/>
  <testcase name="testSignIn[johansebastian, 123qwe](916)" classname="com.juaracoding.testng2.SignInTest" time="0.0"/>
  <testcase name="testSignIn[johansebastian, 123qwe](918)" classname="com.juaracoding.testng2.SignInTest" time="0.0"/>
  <testcase name="testSignIn[johansebastian, 123qwe](918)" classname="com.juaracoding.testng2.SignInTest" time="0.0"/>
  <testcase name="testSignIn[johansebastian, 123qwe](919)" classname="com.juaracoding.testng2.SignInTest" time="0.0"/>
  <testcase name="testSignIn[johansebastian, 123qwe](920)" classname="com.juaracoding.testng2.SignInTest" time="0.0"/>
  <testcase name="testSignIn[johansebastian, 123qwe](922)" classname="com.juaracoding.testng2.SignInTest" time="0.0"/>
  <testcase name="testSignIn[johansebastian, 123qwe](922)" classname="com.juaracoding.testng2.SignInTest" time="0.0"/>
  <testcase name="testSignIn[johansebastian, 123qwe](924)" classname="com.juaracoding.testng2.SignInTest" time="0.0"/>
  <testcase name="testSignIn[johansebastian, 123qwe](924)" classname="com.juaracoding.testng2.SignInTest" time="0.0"/>
  <testcase name="testSignIn[johansebastian, 123qwe](925)" classname="com.juaracoding.testng2.SignInTest" time="0.0"/>
  <testcase name="testSignIn[johansebastian, 123qwe](926)" classname="com.juaracoding.testng2.SignInTest" time="0.001"/>
  <testcase name="testSignIn[johansebastian, 123qwe](927)" classname="com.juaracoding.testng2.SignInTest" time="0.0"/>
  <testcase name="testSignIn[johansebastian, 123qwe](928)" classname="com.juaracoding.testng2.SignInTest" time="0.0"/>
  <testcase name="testSignIn[johansebastian, 123qwe](929)" classname="com.juaracoding.testng2.SignInTest" time="0.0"/>
  <testcase name="testSignIn[johansebastian, 123qwe](931)" classname="com.juaracoding.testng2.SignInTest" time="0.0"/>
  <testcase name="testSignIn[johansebastian, 123qwe](931)" classname="com.juaracoding.testng2.SignInTest" time="0.0"/>
  <testcase name="testSignIn[johansebastian, 123qwe](933)" classname="com.juaracoding.testng2.SignInTest" time="0.0"/>
  <testcase name="testSignIn[johansebastian, 123qwe](934)" classname="com.juaracoding.testng2.SignInTest" time="0.0"/>
  <testcase name="testSignIn[johansebastian, 123qwe](932)" classname="com.juaracoding.testng2.SignInTest" time="0.0"/>
  <testcase name="testSignIn[johansebastian, 123qwe](935)" classname="com.juaracoding.testng2.SignInTest" time="0.0"/>
  <testcase name="testSignIn[johansebastian, 123qwe](936)" classname="com.juaracoding.testng2.SignInTest" time="0.0"/>
  <testcase name="testSignIn[johansebastian, 123qwe](937)" classname="com.juaracoding.testng2.SignInTest" time="0.0"/>
  <testcase name="testSignIn[johansebastian, 123qwe](938)" classname="com.juaracoding.testng2.SignInTest" time="0.0"/>
  <testcase name="testSignIn[johansebastian, 123qwe](939)" classname="com.juaracoding.testng2.SignInTest" time="0.0"/>
  <testcase name="testSignIn[johansebastian, 123qwe](940)" classname="com.juaracoding.testng2.SignInTest" time="0.0"/>
  <testcase name="testSignIn[johansebastian, 123qwe](941)" classname="com.juaracoding.testng2.SignInTest" time="0.0"/>
  <testcase name="testSignIn[johansebastian, 123qwe](942)" classname="com.juaracoding.testng2.SignInTest" time="0.0"/>
  <testcase name="testSignIn[johansebastian, 123qwe](943)" classname="com.juaracoding.testng2.SignInTest" time="0.0"/>
  <testcase name="testSignIn[johansebastian, 123qwe](944)" classname="com.juaracoding.testng2.SignInTest" time="0.0"/>
  <testcase name="testSignIn[johansebastian, 123qwe](945)" classname="com.juaracoding.testng2.SignInTest" time="0.0"/>
  <testcase name="testSignIn[johansebastian, 123qwe](946)" classname="com.juaracoding.testng2.SignInTest" time="0.0"/>
  <testcase name="testSignIn[johansebastian, 123qwe](947)" classname="com.juaracoding.testng2.SignInTest" time="0.0"/>
  <testcase name="testSignIn[johansebastian, 123qwe](948)" classname="com.juaracoding.testng2.SignInTest" time="0.0"/>
  <testcase name="testSignIn[johansebastian, 123qwe](949)" classname="com.juaracoding.testng2.SignInTest" time="0.0"/>
  <testcase name="testSignIn[johansebastian, 123qwe](951)" classname="com.juaracoding.testng2.SignInTest" time="0.0"/>
  <testcase name="testSignIn[johansebastian, 123qwe](951)" classname="com.juaracoding.testng2.SignInTest" time="0.0"/>
  <testcase name="testSignIn[johansebastian, 123qwe](952)" classname="com.juaracoding.testng2.SignInTest" time="0.0"/>
  <testcase name="testSignIn[johansebastian, 123qwe](953)" classname="com.juaracoding.testng2.SignInTest" time="0.0"/>
  <testcase name="testSignIn[johansebastian, 123qwe](954)" classname="com.juaracoding.testng2.SignInTest" time="0.0"/>
  <testcase name="testSignIn[johansebastian, 123qwe](955)" classname="com.juaracoding.testng2.SignInTest" time="0.0"/>
  <testcase name="testSignIn[johansebastian, 123qwe](956)" classname="com.juaracoding.testng2.SignInTest" time="0.0"/>
  <testcase name="testSignIn[johansebastian, 123qwe](958)" classname="com.juaracoding.testng2.SignInTest" time="0.0"/>
  <testcase name="testSignIn[johansebastian, 123qwe](958)" classname="com.juaracoding.testng2.SignInTest" time="0.0"/>
  <testcase name="testSignIn[johansebastian, 123qwe](960)" classname="com.juaracoding.testng2.SignInTest" time="0.0"/>
  <testcase name="testSignIn[johansebastian, 123qwe](960)" classname="com.juaracoding.testng2.SignInTest" time="0.0"/>
  <testcase name="testSignIn[johansebastian, 123qwe](961)" classname="com.juaracoding.testng2.SignInTest" time="0.0"/>
  <testcase name="testSignIn[johansebastian, 123qwe](962)" classname="com.juaracoding.testng2.SignInTest" time="0.0"/>
  <testcase name="testSignIn[johansebastian, 123qwe](965)" classname="com.juaracoding.testng2.SignInTest" time="0.0"/>
  <testcase name="testSignIn[johansebastian, 123qwe](965)" classname="com.juaracoding.testng2.SignInTest" time="0.0"/>
  <testcase name="testSignIn[johansebastian, 123qwe](965)" classname="com.juaracoding.testng2.SignInTest" time="0.0"/>
  <testcase name="testSignIn[johansebastian, 123qwe](966)" classname="com.juaracoding.testng2.SignInTest" time="0.0"/>
  <testcase name="testSignIn[johansebastian, 123qwe](967)" classname="com.juaracoding.testng2.SignInTest" time="0.0"/>
  <testcase name="testSignIn[johansebastian, 123qwe](968)" classname="com.juaracoding.testng2.SignInTest" time="0.0"/>
  <testcase name="testSignIn[johansebastian, 123qwe](969)" classname="com.juaracoding.testng2.SignInTest" time="0.0"/>
  <testcase name="testSignIn[johansebastian, 123qwe](970)" classname="com.juaracoding.testng2.SignInTest" time="0.0"/>
  <testcase name="testSignIn[johansebastian, 123qwe](972)" classname="com.juaracoding.testng2.SignInTest" time="0.0"/>
  <testcase name="testSignIn[johansebastian, 123qwe](972)" classname="com.juaracoding.testng2.SignInTest" time="0.0"/>
  <testcase name="testSignIn[johansebastian, 123qwe](974)" classname="com.juaracoding.testng2.SignInTest" time="0.0"/>
  <testcase name="testSignIn[johansebastian, 123qwe](974)" classname="com.juaracoding.testng2.SignInTest" time="0.0"/>
  <testcase name="testSignIn[johansebastian, 123qwe](977)" classname="com.juaracoding.testng2.SignInTest" time="0.0"/>
  <testcase name="testSignIn[johansebastian, 123qwe](977)" classname="com.juaracoding.testng2.SignInTest" time="0.0"/>
  <testcase name="testSignIn[johansebastian, 123qwe](977)" classname="com.juaracoding.testng2.SignInTest" time="0.0"/>
  <testcase name="testSignIn[johansebastian, 123qwe](978)" classname="com.juaracoding.testng2.SignInTest" time="0.0"/>
  <testcase name="testSignIn[johansebastian, 123qwe](979)" classname="com.juaracoding.testng2.SignInTest" time="0.0"/>
  <testcase name="testSignIn[johansebastian, 123qwe](981)" classname="com.juaracoding.testng2.SignInTest" time="0.0"/>
  <testcase name="testSignIn[johansebastian, 123qwe](981)" classname="com.juaracoding.testng2.SignInTest" time="0.0"/>
  <testcase name="testSignIn[johansebastian, 123qwe](984)" classname="com.juaracoding.testng2.SignInTest" time="0.0"/>
  <testcase name="testSignIn[johansebastian, 123qwe](984)" classname="com.juaracoding.testng2.SignInTest" time="0.0"/>
  <testcase name="testSignIn[johansebastian, 123qwe](984)" classname="com.juaracoding.testng2.SignInTest" time="0.0"/>
  <testcase name="testSignIn[johansebastian, 123qwe](986)" classname="com.juaracoding.testng2.SignInTest" time="0.0"/>
  <testcase name="testSignIn[johansebastian, 123qwe](986)" classname="com.juaracoding.testng2.SignInTest" time="0.0"/>
  <testcase name="testSignIn[johansebastian, 123qwe](987)" classname="com.juaracoding.testng2.SignInTest" time="0.0"/>
  <testcase name="testSignIn[johansebastian, 123qwe](988)" classname="com.juaracoding.testng2.SignInTest" time="0.0"/>
  <testcase name="testSignIn[johansebastian, 123qwe](990)" classname="com.juaracoding.testng2.SignInTest" time="0.0"/>
  <testcase name="testSignIn[johansebastian, 123qwe](990)" classname="com.juaracoding.testng2.SignInTest" time="0.0"/>
  <testcase name="testSignIn[johansebastian, 123qwe](991)" classname="com.juaracoding.testng2.SignInTest" time="0.0"/>
  <testcase name="testSignIn[johansebastian, 123qwe](993)" classname="com.juaracoding.testng2.SignInTest" time="0.0"/>
  <testcase name="testSignIn[johansebastian, 123qwe](993)" classname="com.juaracoding.testng2.SignInTest" time="0.0"/>
  <testcase name="testSignIn[johansebastian, 123qwe](995)" classname="com.juaracoding.testng2.SignInTest" time="0.0"/>
  <testcase name="testSignIn[johansebastian, 123qwe](995)" classname="com.juaracoding.testng2.SignInTest" time="0.0"/>
  <testcase name="testSignIn[johansebastian, 123qwe](996)" classname="com.juaracoding.testng2.SignInTest" time="0.0"/>
  <testcase name="testSignIn[johansebastian, 123qwe](998)" classname="com.juaracoding.testng2.SignInTest" time="0.0"/>
  <testcase name="testSignIn[johansebastian, 123qwe](998)" classname="com.juaracoding.testng2.SignInTest" time="0.0"/>
  <testcase name="testSignIn[johansebastian, 123qwe](999)" classname="com.juaracoding.testng2.SignInTest" time="0.0"/>
  <testcase name="testSignIn[johansebastian, 123qwe](1001)" classname="com.juaracoding.testng2.SignInTest" time="0.0"/>
  <testcase name="testSignIn[johansebastian, 123qwe](1001)" classname="com.juaracoding.testng2.SignInTest" time="0.0"/>
  <testcase name="testSignIn[johansebastian, 123qwe](1002)" classname="com.juaracoding.testng2.SignInTest" time="0.0"/>
  <testcase name="testSignIn[johansebastian, 123qwe](1003)" classname="com.juaracoding.testng2.SignInTest" time="0.0"/>
  <testcase name="testSignIn[johansebastian, 123qwe](1004)" classname="com.juaracoding.testng2.SignInTest" time="0.0"/>
  <testcase name="testSignIn[johansebastian, 123qwe](1005)" classname="com.juaracoding.testng2.SignInTest" time="0.0"/>
  <testcase name="testSignIn[johansebastian, 123qwe](1006)" classname="com.juaracoding.testng2.SignInTest" time="0.0"/>
  <testcase name="testSignIn[johansebastian, 123qwe](1007)" classname="com.juaracoding.testng2.SignInTest" time="0.0"/>
  <testcase name="testSignIn[johansebastian, 123qwe](1008)" classname="com.juaracoding.testng2.SignInTest" time="0.0"/>
  <testcase name="testSignIn[johansebastian, 123qwe](1010)" classname="com.juaracoding.testng2.SignInTest" time="0.0"/>
  <testcase name="testSignIn[johansebastian, 123qwe](1010)" classname="com.juaracoding.testng2.SignInTest" time="0.0"/>
  <testcase name="testSignIn[johansebastian, 123qwe](1011)" classname="com.juaracoding.testng2.SignInTest" time="0.0"/>
  <testcase name="testSignIn[johansebastian, 123qwe](1012)" classname="com.juaracoding.testng2.SignInTest" time="0.0"/>
  <testcase name="testSignIn[johansebastian, 123qwe](1013)" classname="com.juaracoding.testng2.SignInTest" time="0.0"/>
  <testcase name="testSignIn[johansebastian, 123qwe](1014)" classname="com.juaracoding.testng2.SignInTest" time="0.0"/>
  <testcase name="testSignIn[johansebastian, 123qwe](1016)" classname="com.juaracoding.testng2.SignInTest" time="0.0"/>
  <testcase name="testSignIn[johansebastian, 123qwe](1016)" classname="com.juaracoding.testng2.SignInTest" time="0.0"/>
  <testcase name="testSignIn[johansebastian, 123qwe](1017)" classname="com.juaracoding.testng2.SignInTest" time="0.0"/>
  <testcase name="testSignIn[johansebastian, 123qwe](1019)" classname="com.juaracoding.testng2.SignInTest" time="0.0"/>
  <testcase name="testSignIn[johansebastian, 123qwe](1019)" classname="com.juaracoding.testng2.SignInTest" time="0.0"/>
  <testcase name="testSignIn[johansebastian, 123qwe](1021)" classname="com.juaracoding.testng2.SignInTest" time="0.0"/>
  <testcase name="testSignIn[johansebastian, 123qwe](1021)" classname="com.juaracoding.testng2.SignInTest" time="0.0"/>
  <testcase name="testSignIn[johansebastian, 123qwe](1022)" classname="com.juaracoding.testng2.SignInTest" time="0.0"/>
  <testcase name="testSignIn[johansebastian, 123qwe](1023)" classname="com.juaracoding.testng2.SignInTest" time="0.0"/>
  <testcase name="testSignIn[johansebastian, 123qwe](1024)" classname="com.juaracoding.testng2.SignInTest" time="0.0"/>
  <testcase name="testSignIn[johansebastian, 123qwe](1025)" classname="com.juaracoding.testng2.SignInTest" time="0.0"/>
  <testcase name="testSignIn[johansebastian, 123qwe](1026)" classname="com.juaracoding.testng2.SignInTest" time="0.0"/>
  <testcase name="testSignIn[johansebastian, 123qwe](1027)" classname="com.juaracoding.testng2.SignInTest" time="0.0"/>
  <testcase name="testSignIn[johansebastian, 123qwe](1028)" classname="com.juaracoding.testng2.SignInTest" time="0.0"/>
  <testcase name="testSignIn[johansebastian, 123qwe](1029)" classname="com.juaracoding.testng2.SignInTest" time="0.0"/>
  <testcase name="testSignIn[johansebastian, 123qwe](1030)" classname="com.juaracoding.testng2.SignInTest" time="0.0"/>
  <testcase name="testSignIn[johansebastian, 123qwe](1031)" classname="com.juaracoding.testng2.SignInTest" time="0.0"/>
  <testcase name="testSignIn[johansebastian, 123qwe](1032)" classname="com.juaracoding.testng2.SignInTest" time="0.0"/>
  <testcase name="testSignIn[johansebastian, 123qwe](1033)" classname="com.juaracoding.testng2.SignInTest" time="0.0"/>
  <testcase name="testSignIn[johansebastian, 123qwe](1034)" classname="com.juaracoding.testng2.SignInTest" time="0.0"/>
  <testcase name="testSignIn[johansebastian, 123qwe](1035)" classname="com.juaracoding.testng2.SignInTest" time="0.0"/>
  <testcase name="testSignIn[johansebastian, 123qwe](1037)" classname="com.juaracoding.testng2.SignInTest" time="0.0"/>
  <testcase name="testSignIn[johansebastian, 123qwe](1037)" classname="com.juaracoding.testng2.SignInTest" time="0.0"/>
  <testcase name="testSignIn[johansebastian, 123qwe](1039)" classname="com.juaracoding.testng2.SignInTest" time="0.0"/>
  <testcase name="testSignIn[johansebastian, 123qwe](1039)" classname="com.juaracoding.testng2.SignInTest" time="0.0"/>
  <testcase name="testSignIn[johansebastian, 123qwe](1041)" classname="com.juaracoding.testng2.SignInTest" time="0.0"/>
  <testcase name="testSignIn[johansebastian, 123qwe](1041)" classname="com.juaracoding.testng2.SignInTest" time="0.0"/>
  <testcase name="testSignIn[johansebastian, 123qwe](1042)" classname="com.juaracoding.testng2.SignInTest" time="0.0"/>
  <testcase name="testSignIn[johansebastian, 123qwe](1043)" classname="com.juaracoding.testng2.SignInTest" time="0.0"/>
  <testcase name="testSignIn[johansebastian, 123qwe](1045)" classname="com.juaracoding.testng2.SignInTest" time="0.0"/>
  <testcase name="testSignIn[johansebastian, 123qwe](1045)" classname="com.juaracoding.testng2.SignInTest" time="0.0"/>
  <testcase name="testSignIn[johansebastian, 123qwe](1046)" classname="com.juaracoding.testng2.SignInTest" time="0.0"/>
  <testcase name="testSignIn[johansebastian, 123qwe](1047)" classname="com.juaracoding.testng2.SignInTest" time="0.0"/>
  <testcase name="testSignIn[johansebastian, 123qwe](1049)" classname="com.juaracoding.testng2.SignInTest" time="0.0"/>
  <testcase name="testSignIn[johansebastian, 123qwe](1049)" classname="com.juaracoding.testng2.SignInTest" time="0.0"/>
  <testcase name="testSignIn[johansebastian, 123qwe](1050)" classname="com.juaracoding.testng2.SignInTest" time="0.0"/>
  <testcase name="testSignIn[johansebastian, 123qwe](1051)" classname="com.juaracoding.testng2.SignInTest" time="0.0"/>
  <testcase name="testSignIn[johansebastian, 123qwe](1052)" classname="com.juaracoding.testng2.SignInTest" time="0.0"/>
  <testcase name="testSignIn[johansebastian, 123qwe](1054)" classname="com.juaracoding.testng2.SignInTest" time="0.0"/>
  <testcase name="testSignIn[johansebastian, 123qwe](1054)" classname="com.juaracoding.testng2.SignInTest" time="0.0"/>
  <testcase name="testSignIn[johansebastian, 123qwe](1056)" classname="com.juaracoding.testng2.SignInTest" time="0.0"/>
  <testcase name="testSignIn[johansebastian, 123qwe](1056)" classname="com.juaracoding.testng2.SignInTest" time="0.0"/>
  <testcase name="testSignIn[johansebastian, 123qwe](1057)" classname="com.juaracoding.testng2.SignInTest" time="0.0"/>
  <testcase name="testSignIn[johansebastian, 123qwe](1058)" classname="com.juaracoding.testng2.SignInTest" time="0.0"/>
  <testcase name="testSignIn[johansebastian, 123qwe](1059)" classname="com.juaracoding.testng2.SignInTest" time="0.0"/>
  <testcase name="testSignIn[johansebastian, 123qwe](1060)" classname="com.juaracoding.testng2.SignInTest" time="0.0"/>
  <testcase name="testSignIn[johansebastian, 123qwe](1061)" classname="com.juaracoding.testng2.SignInTest" time="0.0"/>
  <testcase name="testSignIn[johansebastian, 123qwe](1062)" classname="com.juaracoding.testng2.SignInTest" time="0.0"/>
  <testcase name="testSignIn[johansebastian, 123qwe](1063)" classname="com.juaracoding.testng2.SignInTest" time="0.0"/>
  <testcase name="testSignIn[johansebastian, 123qwe](1065)" classname="com.juaracoding.testng2.SignInTest" time="0.0"/>
  <testcase name="testSignIn[johansebastian, 123qwe](1065)" classname="com.juaracoding.testng2.SignInTest" time="0.0"/>
  <testcase name="testSignIn[johansebastian, 123qwe](1066)" classname="com.juaracoding.testng2.SignInTest" time="0.0"/>
  <testcase name="testSignIn[johansebastian, 123qwe](1067)" classname="com.juaracoding.testng2.SignInTest" time="0.0"/>
  <testcase name="testSignIn[johansebastian, 123qwe](1068)" classname="com.juaracoding.testng2.SignInTest" time="0.0"/>
  <testcase name="testSignIn[johansebastian, 123qwe](1069)" classname="com.juaracoding.testng2.SignInTest" time="0.0"/>
  <testcase name="testSignIn[johansebastian, 123qwe](1070)" classname="com.juaracoding.testng2.SignInTest" time="0.0"/>
  <testcase name="testSignIn[johansebastian, 123qwe](1071)" classname="com.juaracoding.testng2.SignInTest" time="0.0"/>
  <testcase name="testSignIn[johansebastian, 123qwe](1073)" classname="com.juaracoding.testng2.SignInTest" time="0.0"/>
  <testcase name="testSignIn[johansebastian, 123qwe](1073)" classname="com.juaracoding.testng2.SignInTest" time="0.0"/>
  <testcase name="testSignIn[johansebastian, 123qwe](1075)" classname="com.juaracoding.testng2.SignInTest" time="0.0"/>
  <testcase name="testSignIn[johansebastian, 123qwe](1075)" classname="com.juaracoding.testng2.SignInTest" time="0.0"/>
  <testcase name="testSignIn[johansebastian, 123qwe](1077)" classname="com.juaracoding.testng2.SignInTest" time="0.0"/>
  <testcase name="testSignIn[johansebastian, 123qwe](1077)" classname="com.juaracoding.testng2.SignInTest" time="0.0"/>
  <testcase name="testSignIn[johansebastian, 123qwe](1079)" classname="com.juaracoding.testng2.SignInTest" time="0.0"/>
  <testcase name="testSignIn[johansebastian, 123qwe](1079)" classname="com.juaracoding.testng2.SignInTest" time="0.0"/>
  <testcase name="testSignIn[johansebastian, 123qwe](1081)" classname="com.juaracoding.testng2.SignInTest" time="0.0"/>
  <testcase name="testSignIn[johansebastian, 123qwe](1082)" classname="com.juaracoding.testng2.SignInTest" time="0.0"/>
  <testcase name="testSignIn[johansebastian, 123qwe](1080)" classname="com.juaracoding.testng2.SignInTest" time="0.0"/>
  <testcase name="testSignIn[johansebastian, 123qwe](1083)" classname="com.juaracoding.testng2.SignInTest" time="0.0"/>
  <testcase name="testSignIn[johansebastian, 123qwe](1084)" classname="com.juaracoding.testng2.SignInTest" time="0.0"/>
  <testcase name="testSignIn[johansebastian, 123qwe](1086)" classname="com.juaracoding.testng2.SignInTest" time="0.0"/>
  <testcase name="testSignIn[johansebastian, 123qwe](1086)" classname="com.juaracoding.testng2.SignInTest" time="0.0"/>
  <testcase name="testSignIn[johansebastian, 123qwe](1087)" classname="com.juaracoding.testng2.SignInTest" time="0.0"/>
  <testcase name="testSignIn[johansebastian, 123qwe](1089)" classname="com.juaracoding.testng2.SignInTest" time="0.0"/>
  <testcase name="testSignIn[johansebastian, 123qwe](1089)" classname="com.juaracoding.testng2.SignInTest" time="0.0"/>
  <testcase name="testSignIn[johansebastian, 123qwe](1090)" classname="com.juaracoding.testng2.SignInTest" time="0.0"/>
  <testcase name="testSignIn[johansebastian, 123qwe](1091)" classname="com.juaracoding.testng2.SignInTest" time="0.0"/>
  <testcase name="testSignIn[johansebastian, 123qwe](1092)" classname="com.juaracoding.testng2.SignInTest" time="0.0"/>
  <testcase name="testSignIn[johansebastian, 123qwe](1093)" classname="com.juaracoding.testng2.SignInTest" time="0.0"/>
  <testcase name="testSignIn[johansebastian, 123qwe](1094)" classname="com.juaracoding.testng2.SignInTest" time="0.0"/>
  <testcase name="testSignIn[johansebastian, 123qwe](1095)" classname="com.juaracoding.testng2.SignInTest" time="0.0"/>
  <testcase name="testSignIn[johansebastian, 123qwe](1096)" classname="com.juaracoding.testng2.SignInTest" time="0.0"/>
  <testcase name="testSignIn[johansebastian, 123qwe](1098)" classname="com.juaracoding.testng2.SignInTest" time="0.0"/>
  <testcase name="testSignIn[johansebastian, 123qwe](1098)" classname="com.juaracoding.testng2.SignInTest" time="0.0"/>
  <testcase name="testSignIn[johansebastian, 123qwe](1099)" classname="com.juaracoding.testng2.SignInTest" time="0.0"/>
  <testcase name="testSignIn[johansebastian, 123qwe](1100)" classname="com.juaracoding.testng2.SignInTest" time="0.0"/>
  <testcase name="testSignIn[johansebastian, 123qwe](1101)" classname="com.juaracoding.testng2.SignInTest" time="0.0"/>
  <testcase name="testSignIn[johansebastian, 123qwe](1103)" classname="com.juaracoding.testng2.SignInTest" time="0.0"/>
  <testcase name="testSignIn[johansebastian, 123qwe](1103)" classname="com.juaracoding.testng2.SignInTest" time="0.0"/>
  <testcase name="testSignIn[johansebastian, 123qwe](1104)" classname="com.juaracoding.testng2.SignInTest" time="0.0"/>
  <testcase name="testSignIn[johansebastian, 123qwe](1106)" classname="com.juaracoding.testng2.SignInTest" time="0.0"/>
  <testcase name="testSignIn[johansebastian, 123qwe](1107)" classname="com.juaracoding.testng2.SignInTest" time="0.0"/>
  <testcase name="testSignIn[johansebastian, 123qwe](1108)" classname="com.juaracoding.testng2.SignInTest" time="0.0"/>
  <testcase name="testSignIn[johansebastian, 123qwe](1105)" classname="com.juaracoding.testng2.SignInTest" time="0.0"/>
  <testcase name="testSignIn[johansebastian, 123qwe](1109)" classname="com.juaracoding.testng2.SignInTest" time="0.0"/>
  <testcase name="testSignIn[johansebastian, 123qwe](1110)" classname="com.juaracoding.testng2.SignInTest" time="0.0"/>
  <testcase name="testSignIn[johansebastian, 123qwe](1112)" classname="com.juaracoding.testng2.SignInTest" time="0.0"/>
  <testcase name="testSignIn[johansebastian, 123qwe](1112)" classname="com.juaracoding.testng2.SignInTest" time="0.0"/>
  <testcase name="testSignIn[johansebastian, 123qwe](1115)" classname="com.juaracoding.testng2.SignInTest" time="0.0"/>
  <testcase name="testSignIn[johansebastian, 123qwe](1115)" classname="com.juaracoding.testng2.SignInTest" time="0.0"/>
  <testcase name="testSignIn[johansebastian, 123qwe](1115)" classname="com.juaracoding.testng2.SignInTest" time="0.001"/>
  <testcase name="testSignIn[johansebastian, 123qwe](1118)" classname="com.juaracoding.testng2.SignInTest" time="0.0"/>
  <testcase name="testSignIn[johansebastian, 123qwe](1118)" classname="com.juaracoding.testng2.SignInTest" time="0.0"/>
  <testcase name="testSignIn[johansebastian, 123qwe](1118)" classname="com.juaracoding.testng2.SignInTest" time="0.0"/>
  <testcase name="testSignIn[johansebastian, 123qwe](1121)" classname="com.juaracoding.testng2.SignInTest" time="0.0"/>
  <testcase name="testSignIn[johansebastian, 123qwe](1121)" classname="com.juaracoding.testng2.SignInTest" time="0.0"/>
  <testcase name="testSignIn[johansebastian, 123qwe](1121)" classname="com.juaracoding.testng2.SignInTest" time="0.0"/>
  <testcase name="testSignIn[johansebastian, 123qwe](1123)" classname="com.juaracoding.testng2.SignInTest" time="0.0"/>
  <testcase name="testSignIn[johansebastian, 123qwe](1123)" classname="com.juaracoding.testng2.SignInTest" time="0.0"/>
  <testcase name="testSignIn[johansebastian, 123qwe](1124)" classname="com.juaracoding.testng2.SignInTest" time="0.0"/>
  <testcase name="testSignIn[johansebastian, 123qwe](1125)" classname="com.juaracoding.testng2.SignInTest" time="0.002"/>
  <testcase name="testSignIn[johansebastian, 123qwe](1126)" classname="com.juaracoding.testng2.SignInTest" time="0.003"/>
  <testcase name="testSignIn[johansebastian, 123qwe](1128)" classname="com.juaracoding.testng2.SignInTest" time="0.0"/>
  <testcase name="testSignIn[johansebastian, 123qwe](1128)" classname="com.juaracoding.testng2.SignInTest" time="0.0"/>
  <testcase name="testSignIn[johansebastian, 123qwe](1129)" classname="com.juaracoding.testng2.SignInTest" time="0.0"/>
  <testcase name="testSignIn[johansebastian, 123qwe](1132)" classname="com.juaracoding.testng2.SignInTest" time="0.0"/>
  <testcase name="testSignIn[johansebastian, 123qwe](1132)" classname="com.juaracoding.testng2.SignInTest" time="0.0"/>
  <testcase name="testSignIn[johansebastian, 123qwe](1132)" classname="com.juaracoding.testng2.SignInTest" time="0.0"/>
  <testcase name="testSignIn[johansebastian, 123qwe](1134)" classname="com.juaracoding.testng2.SignInTest" time="0.0"/>
  <testcase name="testSignIn[johansebastian, 123qwe](1134)" classname="com.juaracoding.testng2.SignInTest" time="0.0"/>
  <testcase name="testSignIn[johansebastian, 123qwe](1135)" classname="com.juaracoding.testng2.SignInTest" time="0.0"/>
  <testcase name="testSignIn[johansebastian, 123qwe](1136)" classname="com.juaracoding.testng2.SignInTest" time="0.0"/>
  <testcase name="testSignIn[johansebastian, 123qwe](1137)" classname="com.juaracoding.testng2.SignInTest" time="0.004"/>
  <testcase name="testSignIn[johansebastian, 123qwe](1138)" classname="com.juaracoding.testng2.SignInTest" time="0.004"/>
  <testcase name="testSignIn[johansebastian, 123qwe](1139)" classname="com.juaracoding.testng2.SignInTest" time="0.0"/>
  <testcase name="testSignIn[johansebastian, 123qwe](1142)" classname="com.juaracoding.testng2.SignInTest" time="0.0"/>
  <testcase name="testSignIn[johansebastian, 123qwe](1142)" classname="com.juaracoding.testng2.SignInTest" time="0.0"/>
  <testcase name="testSignIn[johansebastian, 123qwe](1142)" classname="com.juaracoding.testng2.SignInTest" time="0.0"/>
  <testcase name="testSignIn[johansebastian, 123qwe](1143)" classname="com.juaracoding.testng2.SignInTest" time="0.0"/>
  <testcase name="testSignIn[johansebastian, 123qwe](1144)" classname="com.juaracoding.testng2.SignInTest" time="0.0"/>
  <testcase name="testSignIn[johansebastian, 123qwe](1145)" classname="com.juaracoding.testng2.SignInTest" time="0.0"/>
  <testcase name="testSignIn[johansebastian, 123qwe](1146)" classname="com.juaracoding.testng2.SignInTest" time="0.0"/>
  <testcase name="testSignIn[johansebastian, 123qwe](1147)" classname="com.juaracoding.testng2.SignInTest" time="0.0"/>
  <testcase name="testSignIn[johansebastian, 123qwe](1148)" classname="com.juaracoding.testng2.SignInTest" time="0.0"/>
  <testcase name="testSignIn[johansebastian, 123qwe](1149)" classname="com.juaracoding.testng2.SignInTest" time="0.0"/>
  <testcase name="testSignIn[johansebastian, 123qwe](1151)" classname="com.juaracoding.testng2.SignInTest" time="0.0"/>
  <testcase name="testSignIn[johansebastian, 123qwe](1151)" classname="com.juaracoding.testng2.SignInTest" time="0.0"/>
  <testcase name="testSignIn[johansebastian, 123qwe](1153)" classname="com.juaracoding.testng2.SignInTest" time="0.0"/>
  <testcase name="testSignIn[johansebastian, 123qwe](1153)" classname="com.juaracoding.testng2.SignInTest" time="0.0"/>
  <testcase name="testSignIn[johansebastian, 123qwe](1154)" classname="com.juaracoding.testng2.SignInTest" time="0.0"/>
  <testcase name="testSignIn[johansebastian, 123qwe](1155)" classname="com.juaracoding.testng2.SignInTest" time="0.0"/>
  <testcase name="testSignIn[johansebastian, 123qwe](1156)" classname="com.juaracoding.testng2.SignInTest" time="0.0"/>
  <testcase name="testSignIn[johansebastian, 123qwe](1157)" classname="com.juaracoding.testng2.SignInTest" time="0.0"/>
  <testcase name="testSignIn[johansebastian, 123qwe](1158)" classname="com.juaracoding.testng2.SignInTest" time="0.0"/>
  <testcase name="testSignIn[johansebastian, 123qwe](1159)" classname="com.juaracoding.testng2.SignInTest" time="0.0"/>
  <testcase name="testSignIn[johansebastian, 123qwe](1160)" classname="com.juaracoding.testng2.SignInTest" time="0.0"/>
  <testcase name="testSignIn[johansebastian, 123qwe](1163)" classname="com.juaracoding.testng2.SignInTest" time="0.0"/>
  <testcase name="testSignIn[johansebastian, 123qwe](1163)" classname="com.juaracoding.testng2.SignInTest" time="0.0"/>
  <testcase name="testSignIn[johansebastian, 123qwe](1163)" classname="com.juaracoding.testng2.SignInTest" time="0.0"/>
  <testcase name="testSignIn[johansebastian, 123qwe](1164)" classname="com.juaracoding.testng2.SignInTest" time="0.0"/>
  <testcase name="testSignIn[johansebastian, 123qwe](1166)" classname="com.juaracoding.testng2.SignInTest" time="0.0"/>
  <testcase name="testSignIn[johansebastian, 123qwe](1166)" classname="com.juaracoding.testng2.SignInTest" time="0.0"/>
  <testcase name="testSignIn[johansebastian, 123qwe](1167)" classname="com.juaracoding.testng2.SignInTest" time="0.0"/>
  <testcase name="testSignIn[johansebastian, 123qwe](1168)" classname="com.juaracoding.testng2.SignInTest" time="0.0"/>
  <testcase name="testSignIn[johansebastian, 123qwe](1169)" classname="com.juaracoding.testng2.SignInTest" time="0.0"/>
  <testcase name="testSignIn[johansebastian, 123qwe](1170)" classname="com.juaracoding.testng2.SignInTest" time="0.0"/>
  <testcase name="testSignIn[johansebastian, 123qwe](1171)" classname="com.juaracoding.testng2.SignInTest" time="0.0"/>
  <testcase name="testSignIn[johansebastian, 123qwe](1173)" classname="com.juaracoding.testng2.SignInTest" time="0.0"/>
  <testcase name="testSignIn[johansebastian, 123qwe](1173)" classname="com.juaracoding.testng2.SignInTest" time="0.001"/>
  <testcase name="testSignIn[johansebastian, 123qwe](1175)" classname="com.juaracoding.testng2.SignInTest" time="0.0"/>
  <testcase name="testSignIn[johansebastian, 123qwe](1175)" classname="com.juaracoding.testng2.SignInTest" time="0.0"/>
  <testcase name="testSignIn[johansebastian, 123qwe](1176)" classname="com.juaracoding.testng2.SignInTest" time="0.0"/>
  <testcase name="testSignIn[johansebastian, 123qwe](1178)" classname="com.juaracoding.testng2.SignInTest" time="0.0"/>
  <testcase name="testSignIn[johansebastian, 123qwe](1178)" classname="com.juaracoding.testng2.SignInTest" time="0.0"/>
  <testcase name="testSignIn[johansebastian, 123qwe](1179)" classname="com.juaracoding.testng2.SignInTest" time="0.0"/>
  <testcase name="testSignIn[johansebastian, 123qwe](1181)" classname="com.juaracoding.testng2.SignInTest" time="0.0"/>
  <testcase name="testSignIn[johansebastian, 123qwe](1181)" classname="com.juaracoding.testng2.SignInTest" time="0.0"/>
  <testcase name="testSignIn[johansebastian, 123qwe](1182)" classname="com.juaracoding.testng2.SignInTest" time="0.0"/>
  <testcase name="testSignIn[johansebastian, 123qwe](1183)" classname="com.juaracoding.testng2.SignInTest" time="0.0"/>
  <testcase name="testSignIn[johansebastian, 123qwe](1184)" classname="com.juaracoding.testng2.SignInTest" time="0.0"/>
  <testcase name="testSignIn[johansebastian, 123qwe](1185)" classname="com.juaracoding.testng2.SignInTest" time="0.0"/>
  <testcase name="testSignIn[johansebastian, 123qwe](1187)" classname="com.juaracoding.testng2.SignInTest" time="0.0"/>
  <testcase name="testSignIn[johansebastian, 123qwe](1187)" classname="com.juaracoding.testng2.SignInTest" time="0.0"/>
  <testcase name="testSignIn[johansebastian, 123qwe](1188)" classname="com.juaracoding.testng2.SignInTest" time="0.0"/>
  <testcase name="testSignIn[johansebastian, 123qwe](1190)" classname="com.juaracoding.testng2.SignInTest" time="0.0"/>
  <testcase name="testSignIn[johansebastian, 123qwe](1190)" classname="com.juaracoding.testng2.SignInTest" time="0.0"/>
  <testcase name="testSignIn[johansebastian, 123qwe](1191)" classname="com.juaracoding.testng2.SignInTest" time="0.0"/>
  <testcase name="testSignIn[johansebastian, 123qwe](1192)" classname="com.juaracoding.testng2.SignInTest" time="0.0"/>
  <testcase name="testSignIn[johansebastian, 123qwe](1194)" classname="com.juaracoding.testng2.SignInTest" time="0.0"/>
  <testcase name="testSignIn[johansebastian, 123qwe](1194)" classname="com.juaracoding.testng2.SignInTest" time="0.0"/>
  <testcase name="testSignIn[johansebastian, 123qwe](1195)" classname="com.juaracoding.testng2.SignInTest" time="0.0"/>
  <testcase name="testSignIn[johansebastian, 123qwe](1197)" classname="com.juaracoding.testng2.SignInTest" time="0.0"/>
  <testcase name="testSignIn[johansebastian, 123qwe](1197)" classname="com.juaracoding.testng2.SignInTest" time="0.0"/>
  <testcase name="testSignIn[johansebastian, 123qwe](1199)" classname="com.juaracoding.testng2.SignInTest" time="0.0"/>
  <testcase name="testSignIn[johansebastian, 123qwe](1199)" classname="com.juaracoding.testng2.SignInTest" time="0.0"/>
  <testcase name="testSignIn[johansebastian, 123qwe](1201)" classname="com.juaracoding.testng2.SignInTest" time="0.0"/>
  <testcase name="testSignIn[johansebastian, 123qwe](1201)" classname="com.juaracoding.testng2.SignInTest" time="0.0"/>
  <testcase name="testSignIn[johansebastian, 123qwe](1202)" classname="com.juaracoding.testng2.SignInTest" time="0.002"/>
  <testcase name="testSignIn[johansebastian, 123qwe](1204)" classname="com.juaracoding.testng2.SignInTest" time="0.0"/>
  <testcase name="testSignIn[johansebastian, 123qwe](1204)" classname="com.juaracoding.testng2.SignInTest" time="0.0"/>
  <testcase name="testSignIn[johansebastian, 123qwe](1206)" classname="com.juaracoding.testng2.SignInTest" time="0.0"/>
  <testcase name="testSignIn[johansebastian, 123qwe](1206)" classname="com.juaracoding.testng2.SignInTest" time="0.0"/>
  <testcase name="testSignIn[johansebastian, 123qwe](1208)" classname="com.juaracoding.testng2.SignInTest" time="0.0"/>
  <testcase name="testSignIn[johansebastian, 123qwe](1208)" classname="com.juaracoding.testng2.SignInTest" time="0.0"/>
  <testcase name="testSignIn[johansebastian, 123qwe](1210)" classname="com.juaracoding.testng2.SignInTest" time="0.0"/>
  <testcase name="testSignIn[johansebastian, 123qwe](1210)" classname="com.juaracoding.testng2.SignInTest" time="0.0"/>
  <testcase name="testSignIn[johansebastian, 123qwe](1212)" classname="com.juaracoding.testng2.SignInTest" time="0.0"/>
  <testcase name="testSignIn[johansebastian, 123qwe](1212)" classname="com.juaracoding.testng2.SignInTest" time="0.0"/>
  <testcase name="testSignIn[johansebastian, 123qwe](1214)" classname="com.juaracoding.testng2.SignInTest" time="0.0"/>
  <testcase name="testSignIn[johansebastian, 123qwe](1214)" classname="com.juaracoding.testng2.SignInTest" time="0.0"/>
  <testcase name="testSignIn[johansebastian, 123qwe](1216)" classname="com.juaracoding.testng2.SignInTest" time="0.0"/>
  <testcase name="testSignIn[johansebastian, 123qwe](1216)" classname="com.juaracoding.testng2.SignInTest" time="0.0"/>
  <testcase name="testSignIn[johansebastian, 123qwe](1217)" classname="com.juaracoding.testng2.SignInTest" time="0.0"/>
  <testcase name="testSignIn[johansebastian, 123qwe](1218)" classname="com.juaracoding.testng2.SignInTest" time="0.0"/>
  <testcase name="testSignIn[johansebastian, 123qwe](1220)" classname="com.juaracoding.testng2.SignInTest" time="0.0"/>
  <testcase name="testSignIn[johansebastian, 123qwe](1220)" classname="com.juaracoding.testng2.SignInTest" time="0.0"/>
  <testcase name="testSignIn[johansebastian, 123qwe](1222)" classname="com.juaracoding.testng2.SignInTest" time="0.0"/>
  <testcase name="testSignIn[johansebastian, 123qwe](1222)" classname="com.juaracoding.testng2.SignInTest" time="0.0"/>
  <testcase name="testSignIn[johansebastian, 123qwe](1224)" classname="com.juaracoding.testng2.SignInTest" time="0.0"/>
  <testcase name="testSignIn[johansebastian, 123qwe](1224)" classname="com.juaracoding.testng2.SignInTest" time="0.0"/>
  <testcase name="testSignIn[johansebastian, 123qwe](1225)" classname="com.juaracoding.testng2.SignInTest" time="0.0"/>
  <testcase name="testSignIn[johansebastian, 123qwe](1226)" classname="com.juaracoding.testng2.SignInTest" time="0.0"/>
  <testcase name="testSignIn[johansebastian, 123qwe](1227)" classname="com.juaracoding.testng2.SignInTest" time="0.0"/>
  <testcase name="testSignIn[johansebastian, 123qwe](1228)" classname="com.juaracoding.testng2.SignInTest" time="0.0"/>
  <testcase name="testSignIn[johansebastian, 123qwe](1229)" classname="com.juaracoding.testng2.SignInTest" time="0.0"/>
  <testcase name="testSignIn[johansebastian, 123qwe](1230)" classname="com.juaracoding.testng2.SignInTest" time="0.0"/>
  <testcase name="testSignIn[johansebastian, 123qwe](1231)" classname="com.juaracoding.testng2.SignInTest" time="0.0"/>
  <testcase name="testSignIn[johansebastian, 123qwe](1232)" classname="com.juaracoding.testng2.SignInTest" time="0.0"/>
  <testcase name="testSignIn[johansebastian, 123qwe](1233)" classname="com.juaracoding.testng2.SignInTest" time="0.0"/>
  <testcase name="testSignIn[johansebastian, 123qwe](1234)" classname="com.juaracoding.testng2.SignInTest" time="0.0"/>
  <testcase name="testSignIn[johansebastian, 123qwe](1235)" classname="com.juaracoding.testng2.SignInTest" time="0.0"/>
  <testcase name="testSignIn[johansebastian, 123qwe](1236)" classname="com.juaracoding.testng2.SignInTest" time="0.0"/>
  <testcase name="testSignIn[johansebastian, 123qwe](1237)" classname="com.juaracoding.testng2.SignInTest" time="0.0"/>
  <testcase name="testSignIn[johansebastian, 123qwe](1238)" classname="com.juaracoding.testng2.SignInTest" time="0.0"/>
  <testcase name="testSignIn[johansebastian, 123qwe](1239)" classname="com.juaracoding.testng2.SignInTest" time="0.0"/>
  <testcase name="testSignIn[johansebastian, 123qwe](1241)" classname="com.juaracoding.testng2.SignInTest" time="0.0"/>
  <testcase name="testSignIn[johansebastian, 123qwe](1241)" classname="com.juaracoding.testng2.SignInTest" time="0.0"/>
  <testcase name="testSignIn[johansebastian, 123qwe](1243)" classname="com.juaracoding.testng2.SignInTest" time="0.0"/>
  <testcase name="testSignIn[johansebastian, 123qwe](1243)" classname="com.juaracoding.testng2.SignInTest" time="0.0"/>
  <testcase name="testSignIn[johansebastian, 123qwe](1245)" classname="com.juaracoding.testng2.SignInTest" time="0.0"/>
  <testcase name="testSignIn[johansebastian, 123qwe](1245)" classname="com.juaracoding.testng2.SignInTest" time="0.0"/>
  <testcase name="testSignIn[johansebastian, 123qwe](1247)" classname="com.juaracoding.testng2.SignInTest" time="0.0"/>
  <testcase name="testSignIn[johansebastian, 123qwe](1247)" classname="com.juaracoding.testng2.SignInTest" time="0.0"/>
  <testcase name="testSignIn[johansebastian, 123qwe](1249)" classname="com.juaracoding.testng2.SignInTest" time="0.0"/>
  <testcase name="testSignIn[johansebastian, 123qwe](1249)" classname="com.juaracoding.testng2.SignInTest" time="0.0"/>
  <testcase name="testSignIn[johansebastian, 123qwe](1250)" classname="com.juaracoding.testng2.SignInTest" time="0.006"/>
  <testcase name="testSignIn[johansebastian, 123qwe](1251)" classname="com.juaracoding.testng2.SignInTest" time="0.0"/>
  <testcase name="testSignIn[johansebastian, 123qwe](1252)" classname="com.juaracoding.testng2.SignInTest" time="0.0"/>
  <testcase name="testSignIn[johansebastian, 123qwe](1253)" classname="com.juaracoding.testng2.SignInTest" time="0.0"/>
  <testcase name="testSignIn[johansebastian, 123qwe](1254)" classname="com.juaracoding.testng2.SignInTest" time="0.0"/>
  <testcase name="testSignIn[johansebastian, 123qwe](1255)" classname="com.juaracoding.testng2.SignInTest" time="0.0"/>
  <testcase name="testSignIn[johansebastian, 123qwe](1256)" classname="com.juaracoding.testng2.SignInTest" time="0.0"/>
  <testcase name="testSignIn[johansebastian, 123qwe](1257)" classname="com.juaracoding.testng2.SignInTest" time="0.0"/>
  <testcase name="testSignIn[johansebastian, 123qwe](1258)" classname="com.juaracoding.testng2.SignInTest" time="0.0"/>
  <testcase name="testSignIn[johansebastian, 123qwe](1259)" classname="com.juaracoding.testng2.SignInTest" time="0.0"/>
  <testcase name="testSignIn[johansebastian, 123qwe](1260)" classname="com.juaracoding.testng2.SignInTest" time="0.0"/>
  <testcase name="testSignIn[johansebastian, 123qwe](1261)" classname="com.juaracoding.testng2.SignInTest" time="0.0"/>
  <testcase name="testSignIn[johansebastian, 123qwe](1262)" classname="com.juaracoding.testng2.SignInTest" time="0.0"/>
  <testcase name="testSignIn[johansebastian, 123qwe](1263)" classname="com.juaracoding.testng2.SignInTest" time="0.0"/>
  <testcase name="testSignIn[johansebastian, 123qwe](1264)" classname="com.juaracoding.testng2.SignInTest" time="0.0"/>
  <testcase name="testSignIn[johansebastian, 123qwe](1265)" classname="com.juaracoding.testng2.SignInTest" time="0.0"/>
  <testcase name="testSignIn[johansebastian, 123qwe](1266)" classname="com.juaracoding.testng2.SignInTest" time="0.0"/>
  <testcase name="testSignIn[johansebastian, 123qwe](1267)" classname="com.juaracoding.testng2.SignInTest" time="0.0"/>
  <testcase name="testSignIn[johansebastian, 123qwe](1268)" classname="com.juaracoding.testng2.SignInTest" time="0.0"/>
  <testcase name="testSignIn[johansebastian, 123qwe](1269)" classname="com.juaracoding.testng2.SignInTest" time="0.0"/>
  <testcase name="testSignIn[johansebastian, 123qwe](1270)" classname="com.juaracoding.testng2.SignInTest" time="0.0"/>
  <testcase name="testSignIn[johansebastian, 123qwe](1271)" classname="com.juaracoding.testng2.SignInTest" time="0.0"/>
  <testcase name="testSignIn[johansebastian, 123qwe](1272)" classname="com.juaracoding.testng2.SignInTest" time="0.0"/>
  <testcase name="testSignIn[johansebastian, 123qwe](1273)" classname="com.juaracoding.testng2.SignInTest" time="0.001"/>
  <testcase name="testSignIn[johansebastian, 123qwe](1274)" classname="com.juaracoding.testng2.SignInTest" time="0.0"/>
  <testcase name="testSignIn[johansebastian, 123qwe](1275)" classname="com.juaracoding.testng2.SignInTest" time="0.0"/>
  <testcase name="testSignIn[johansebastian, 123qwe](1276)" classname="com.juaracoding.testng2.SignInTest" time="0.0"/>
  <testcase name="testSignIn[johansebastian, 123qwe](1277)" classname="com.juaracoding.testng2.SignInTest" time="0.0"/>
  <testcase name="testSignIn[johansebastian, 123qwe](1278)" classname="com.juaracoding.testng2.SignInTest" time="0.0"/>
  <testcase name="testSignIn[johansebastian, 123qwe](1279)" classname="com.juaracoding.testng2.SignInTest" time="0.0"/>
  <testcase name="testSignIn[johansebastian, 123qwe](1280)" classname="com.juaracoding.testng2.SignInTest" time="0.0"/>
  <testcase name="testSignIn[johansebastian, 123qwe](1281)" classname="com.juaracoding.testng2.SignInTest" time="0.0"/>
  <testcase name="testSignIn[johansebastian, 123qwe](1282)" classname="com.juaracoding.testng2.SignInTest" time="0.0"/>
  <testcase name="testSignIn[johansebastian, 123qwe](1283)" classname="com.juaracoding.testng2.SignInTest" time="0.0"/>
  <testcase name="testSignIn[johansebastian, 123qwe](1284)" classname="com.juaracoding.testng2.SignInTest" time="0.0"/>
  <testcase name="testSignIn[johansebastian, 123qwe](1285)" classname="com.juaracoding.testng2.SignInTest" time="0.0"/>
  <testcase name="testSignIn[johansebastian, 123qwe](1286)" classname="com.juaracoding.testng2.SignInTest" time="0.0"/>
  <testcase name="testSignIn[johansebastian, 123qwe](1287)" classname="com.juaracoding.testng2.SignInTest" time="0.0"/>
  <testcase name="testSignIn[johansebastian, 123qwe](1288)" classname="com.juaracoding.testng2.SignInTest" time="0.0"/>
  <testcase name="testSignIn[johansebastian, 123qwe](1289)" classname="com.juaracoding.testng2.SignInTest" time="0.0"/>
  <testcase name="testSignIn[johansebastian, 123qwe](1290)" classname="com.juaracoding.testng2.SignInTest" time="0.0"/>
  <testcase name="testSignIn[johansebastian, 123qwe](1291)" classname="com.juaracoding.testng2.SignInTest" time="0.0"/>
  <testcase name="testSignIn[johansebastian, 123qwe](1292)" classname="com.juaracoding.testng2.SignInTest" time="0.0"/>
  <testcase name="testSignIn[johansebastian, 123qwe](1293)" classname="com.juaracoding.testng2.SignInTest" time="0.0"/>
  <testcase name="testSignIn[johansebastian, 123qwe](1294)" classname="com.juaracoding.testng2.SignInTest" time="0.0"/>
  <testcase name="testSignIn[johansebastian, 123qwe](1295)" classname="com.juaracoding.testng2.SignInTest" time="0.0"/>
  <testcase name="testSignIn[johansebastian, 123qwe](1296)" classname="com.juaracoding.testng2.SignInTest" time="0.0"/>
  <testcase name="testSignIn[johansebastian, 123qwe](1297)" classname="com.juaracoding.testng2.SignInTest" time="0.0"/>
  <testcase name="testSignIn[johansebastian, 123qwe](1298)" classname="com.juaracoding.testng2.SignInTest" time="0.0"/>
  <testcase name="testSignIn[johansebastian, 123qwe](1299)" classname="com.juaracoding.testng2.SignInTest" time="0.0"/>
  <testcase name="testSignIn[johansebastian, 123qwe](1300)" classname="com.juaracoding.testng2.SignInTest" time="0.0"/>
  <testcase name="testSignIn[johansebastian, 123qwe](1302)" classname="com.juaracoding.testng2.SignInTest" time="0.0"/>
  <testcase name="testSignIn[johansebastian, 123qwe](1301)" classname="com.juaracoding.testng2.SignInTest" time="0.0"/>
  <testcase name="testSignIn[johansebastian, 123qwe](1303)" classname="com.juaracoding.testng2.SignInTest" time="0.0"/>
  <testcase name="testSignIn[johansebastian, 123qwe](1304)" classname="com.juaracoding.testng2.SignInTest" time="0.0"/>
  <testcase name="testSignIn[johansebastian, 123qwe](1305)" classname="com.juaracoding.testng2.SignInTest" time="0.0"/>
  <testcase name="testSignIn[johansebastian, 123qwe](1306)" classname="com.juaracoding.testng2.SignInTest" time="0.0"/>
  <testcase name="testSignIn[johansebastian, 123qwe](1308)" classname="com.juaracoding.testng2.SignInTest" time="0.0"/>
  <testcase name="testSignIn[johansebastian, 123qwe](1308)" classname="com.juaracoding.testng2.SignInTest" time="0.0"/>
  <testcase name="testSignIn[johansebastian, 123qwe](1310)" classname="com.juaracoding.testng2.SignInTest" time="0.0"/>
  <testcase name="testSignIn[johansebastian, 123qwe](1310)" classname="com.juaracoding.testng2.SignInTest" time="0.0"/>
  <testcase name="testSignIn[johansebastian, 123qwe](1311)" classname="com.juaracoding.testng2.SignInTest" time="0.0"/>
  <testcase name="testSignIn[johansebastian, 123qwe](1313)" classname="com.juaracoding.testng2.SignInTest" time="0.0"/>
  <testcase name="testSignIn[johansebastian, 123qwe](1313)" classname="com.juaracoding.testng2.SignInTest" time="0.0"/>
  <testcase name="testSignIn[johansebastian, 123qwe](1315)" classname="com.juaracoding.testng2.SignInTest" time="0.0"/>
  <testcase name="testSignIn[johansebastian, 123qwe](1315)" classname="com.juaracoding.testng2.SignInTest" time="0.0"/>
  <testcase name="testSignIn[johansebastian, 123qwe](1317)" classname="com.juaracoding.testng2.SignInTest" time="0.0"/>
  <testcase name="testSignIn[johansebastian, 123qwe](1317)" classname="com.juaracoding.testng2.SignInTest" time="0.0"/>
  <testcase name="testSignIn[johansebastian, 123qwe](1318)" classname="com.juaracoding.testng2.SignInTest" time="0.0"/>
  <testcase name="testSignIn[johansebastian, 123qwe](1319)" classname="com.juaracoding.testng2.SignInTest" time="0.0"/>
  <testcase name="testSignIn[johansebastian, 123qwe](1320)" classname="com.juaracoding.testng2.SignInTest" time="0.0"/>
  <testcase name="testSignIn[johansebastian, 123qwe](1321)" classname="com.juaracoding.testng2.SignInTest" time="0.0"/>
  <testcase name="testSignIn[johansebastian, 123qwe](1322)" classname="com.juaracoding.testng2.SignInTest" time="0.0"/>
  <testcase name="testSignIn[johansebastian, 123qwe](1323)" classname="com.juaracoding.testng2.SignInTest" time="0.0"/>
  <testcase name="testSignIn[johansebastian, 123qwe](1325)" classname="com.juaracoding.testng2.SignInTest" time="0.0"/>
  <testcase name="testSignIn[johansebastian, 123qwe](1325)" classname="com.juaracoding.testng2.SignInTest" time="0.0"/>
  <testcase name="testSignIn[johansebastian, 123qwe](1326)" classname="com.juaracoding.testng2.SignInTest" time="0.0"/>
  <testcase name="testSignIn[johansebastian, 123qwe](1327)" classname="com.juaracoding.testng2.SignInTest" time="0.001"/>
  <testcase name="testSignIn[johansebastian, 123qwe](1328)" classname="com.juaracoding.testng2.SignInTest" time="0.0"/>
  <testcase name="testSignIn[johansebastian, 123qwe](1330)" classname="com.juaracoding.testng2.SignInTest" time="0.0"/>
  <testcase name="testSignIn[johansebastian, 123qwe](1330)" classname="com.juaracoding.testng2.SignInTest" time="0.0"/>
  <testcase name="testSignIn[johansebastian, 123qwe](1331)" classname="com.juaracoding.testng2.SignInTest" time="0.0"/>
  <testcase name="testSignIn[johansebastian, 123qwe](1332)" classname="com.juaracoding.testng2.SignInTest" time="0.0"/>
  <testcase name="testSignIn[johansebastian, 123qwe](1333)" classname="com.juaracoding.testng2.SignInTest" time="0.0"/>
  <testcase name="testSignIn[johansebastian, 123qwe](1335)" classname="com.juaracoding.testng2.SignInTest" time="0.0"/>
  <testcase name="testSignIn[johansebastian, 123qwe](1335)" classname="com.juaracoding.testng2.SignInTest" time="0.0"/>
  <testcase name="testSignIn[johansebastian, 123qwe](1337)" classname="com.juaracoding.testng2.SignInTest" time="0.0"/>
  <testcase name="testSignIn[johansebastian, 123qwe](1337)" classname="com.juaracoding.testng2.SignInTest" time="0.0"/>
  <testcase name="testSignIn[johansebastian, 123qwe](1338)" classname="com.juaracoding.testng2.SignInTest" time="0.0"/>
  <testcase name="testSignIn[johansebastian, 123qwe](1339)" classname="com.juaracoding.testng2.SignInTest" time="0.0"/>
  <testcase name="testSignIn[johansebastian, 123qwe](1340)" classname="com.juaracoding.testng2.SignInTest" time="0.0"/>
  <testcase name="testSignIn[johansebastian, 123qwe](1341)" classname="com.juaracoding.testng2.SignInTest" time="0.0"/>
  <testcase name="testSignIn[johansebastian, 123qwe](1342)" classname="com.juaracoding.testng2.SignInTest" time="0.0"/>
  <testcase name="testSignIn[johansebastian, 123qwe](1343)" classname="com.juaracoding.testng2.SignInTest" time="0.0"/>
  <testcase name="testSignIn[johansebastian, 123qwe](1344)" classname="com.juaracoding.testng2.SignInTest" time="0.0"/>
  <testcase name="testSignIn[johansebastian, 123qwe](1345)" classname="com.juaracoding.testng2.SignInTest" time="0.0"/>
  <testcase name="testSignIn[johansebastian, 123qwe](1346)" classname="com.juaracoding.testng2.SignInTest" time="0.0"/>
  <testcase name="testSignIn[johansebastian, 123qwe](1347)" classname="com.juaracoding.testng2.SignInTest" time="0.0"/>
  <testcase name="testSignIn[johansebastian, 123qwe](1348)" classname="com.juaracoding.testng2.SignInTest" time="0.0"/>
  <testcase name="testSignIn[johansebastian, 123qwe](1350)" classname="com.juaracoding.testng2.SignInTest" time="0.0"/>
  <testcase name="testSignIn[johansebastian, 123qwe](1350)" classname="com.juaracoding.testng2.SignInTest" time="0.0"/>
  <testcase name="testSignIn[johansebastian, 123qwe](1352)" classname="com.juaracoding.testng2.SignInTest" time="0.0"/>
  <testcase name="testSignIn[johansebastian, 123qwe](1352)" classname="com.juaracoding.testng2.SignInTest" time="0.0"/>
  <testcase name="testSignIn[johansebastian, 123qwe](1354)" classname="com.juaracoding.testng2.SignInTest" time="0.0"/>
  <testcase name="testSignIn[johansebastian, 123qwe](1354)" classname="com.juaracoding.testng2.SignInTest" time="0.0"/>
  <testcase name="testSignIn[johansebastian, 123qwe](1355)" classname="com.juaracoding.testng2.SignInTest" time="0.0"/>
  <testcase name="testSignIn[johansebastian, 123qwe](1356)" classname="com.juaracoding.testng2.SignInTest" time="0.0"/>
  <testcase name="testSignIn[johansebastian, 123qwe](1357)" classname="com.juaracoding.testng2.SignInTest" time="0.0"/>
  <testcase name="testSignIn[johansebastian, 123qwe](1359)" classname="com.juaracoding.testng2.SignInTest" time="0.0"/>
  <testcase name="testSignIn[johansebastian, 123qwe](1358)" classname="com.juaracoding.testng2.SignInTest" time="0.0"/>
  <testcase name="testSignIn[johansebastian, 123qwe](1361)" classname="com.juaracoding.testng2.SignInTest" time="0.0"/>
  <testcase name="testSignIn[johansebastian, 123qwe](1361)" classname="com.juaracoding.testng2.SignInTest" time="0.0"/>
  <testcase name="testSignIn[johansebastian, 123qwe](1363)" classname="com.juaracoding.testng2.SignInTest" time="0.0"/>
  <testcase name="testSignIn[johansebastian, 123qwe](1363)" classname="com.juaracoding.testng2.SignInTest" time="0.0"/>
  <testcase name="testSignIn[johansebastian, 123qwe](1364)" classname="com.juaracoding.testng2.SignInTest" time="0.0"/>
  <testcase name="testSignIn[johansebastian, 123qwe](1365)" classname="com.juaracoding.testng2.SignInTest" time="0.0"/>
  <testcase name="testSignIn[johansebastian, 123qwe](1367)" classname="com.juaracoding.testng2.SignInTest" time="0.0"/>
  <testcase name="testSignIn[johansebastian, 123qwe](1367)" classname="com.juaracoding.testng2.SignInTest" time="0.0"/>
  <testcase name="testSignIn[johansebastian, 123qwe](1369)" classname="com.juaracoding.testng2.SignInTest" time="0.0"/>
  <testcase name="testSignIn[johansebastian, 123qwe](1369)" classname="com.juaracoding.testng2.SignInTest" time="0.0"/>
  <testcase name="testSignIn[johansebastian, 123qwe](1371)" classname="com.juaracoding.testng2.SignInTest" time="0.0"/>
  <testcase name="testSignIn[johansebastian, 123qwe](1371)" classname="com.juaracoding.testng2.SignInTest" time="0.0"/>
  <testcase name="testSignIn[johansebastian, 123qwe](1372)" classname="com.juaracoding.testng2.SignInTest" time="0.0"/>
  <testcase name="testSignIn[johansebastian, 123qwe](1373)" classname="com.juaracoding.testng2.SignInTest" time="0.0"/>
  <testcase name="testSignIn[johansebastian, 123qwe](1374)" classname="com.juaracoding.testng2.SignInTest" time="0.0"/>
  <testcase name="testSignIn[johansebastian, 123qwe](1375)" classname="com.juaracoding.testng2.SignInTest" time="0.0"/>
  <testcase name="testSignIn[johansebastian, 123qwe](1376)" classname="com.juaracoding.testng2.SignInTest" time="0.0"/>
  <testcase name="testSignIn[johansebastian, 123qwe](1377)" classname="com.juaracoding.testng2.SignInTest" time="0.0"/>
  <testcase name="testSignIn[johansebastian, 123qwe](1378)" classname="com.juaracoding.testng2.SignInTest" time="0.0"/>
  <testcase name="testSignIn[johansebastian, 123qwe](1379)" classname="com.juaracoding.testng2.SignInTest" time="0.0"/>
  <testcase name="testSignIn[johansebastian, 123qwe](1381)" classname="com.juaracoding.testng2.SignInTest" time="0.0"/>
  <testcase name="testSignIn[johansebastian, 123qwe](1381)" classname="com.juaracoding.testng2.SignInTest" time="0.0"/>
  <testcase name="testSignIn[johansebastian, 123qwe](1383)" classname="com.juaracoding.testng2.SignInTest" time="0.0"/>
  <testcase name="testSignIn[johansebastian, 123qwe](1383)" classname="com.juaracoding.testng2.SignInTest" time="0.0"/>
  <testcase name="testSignIn[johansebastian, 123qwe](1385)" classname="com.juaracoding.testng2.SignInTest" time="0.0"/>
  <testcase name="testSignIn[johansebastian, 123qwe](1385)" classname="com.juaracoding.testng2.SignInTest" time="0.0"/>
  <testcase name="testSignIn[johansebastian, 123qwe](1386)" classname="com.juaracoding.testng2.SignInTest" time="0.0"/>
  <testcase name="testSignIn[johansebastian, 123qwe](1387)" classname="com.juaracoding.testng2.SignInTest" time="0.0"/>
  <testcase name="testSignIn[johansebastian, 123qwe](1389)" classname="com.juaracoding.testng2.SignInTest" time="0.0"/>
  <testcase name="testSignIn[johansebastian, 123qwe](1389)" classname="com.juaracoding.testng2.SignInTest" time="0.0"/>
  <testcase name="testSignIn[johansebastian, 123qwe](1391)" classname="com.juaracoding.testng2.SignInTest" time="0.0"/>
  <testcase name="testSignIn[johansebastian, 123qwe](1391)" classname="com.juaracoding.testng2.SignInTest" time="0.0"/>
  <testcase name="testSignIn[johansebastian, 123qwe](1393)" classname="com.juaracoding.testng2.SignInTest" time="0.0"/>
  <testcase name="testSignIn[johansebastian, 123qwe](1393)" classname="com.juaracoding.testng2.SignInTest" time="0.0"/>
  <testcase name="testSignIn[johansebastian, 123qwe](1394)" classname="com.juaracoding.testng2.SignInTest" time="0.0"/>
  <testcase name="testSignIn[johansebastian, 123qwe](1395)" classname="com.juaracoding.testng2.SignInTest" time="0.0"/>
  <testcase name="testSignIn[johansebastian, 123qwe](1396)" classname="com.juaracoding.testng2.SignInTest" time="0.0"/>
  <testcase name="testSignIn[johansebastian, 123qwe](1397)" classname="com.juaracoding.testng2.SignInTest" time="0.0"/>
  <testcase name="testSignIn[johansebastian, 123qwe](1399)" classname="com.juaracoding.testng2.SignInTest" time="0.0"/>
  <testcase name="testSignIn[johansebastian, 123qwe](1399)" classname="com.juaracoding.testng2.SignInTest" time="0.0"/>
  <testcase name="testSignIn[johansebastian, 123qwe](1400)" classname="com.juaracoding.testng2.SignInTest" time="0.0"/>
  <testcase name="testSignIn[johansebastian, 123qwe](1401)" classname="com.juaracoding.testng2.SignInTest" time="0.0"/>
  <testcase name="testSignIn[johansebastian, 123qwe](1402)" classname="com.juaracoding.testng2.SignInTest" time="0.0"/>
  <testcase name="testSignIn[johansebastian, 123qwe](1403)" classname="com.juaracoding.testng2.SignInTest" time="0.0"/>
  <testcase name="testSignIn[johansebastian, 123qwe](1405)" classname="com.juaracoding.testng2.SignInTest" time="0.0"/>
  <testcase name="testSignIn[johansebastian, 123qwe](1405)" classname="com.juaracoding.testng2.SignInTest" time="0.0"/>
  <testcase name="testSignIn[johansebastian, 123qwe](1406)" classname="com.juaracoding.testng2.SignInTest" time="0.0"/>
  <testcase name="testSignIn[johansebastian, 123qwe](1407)" classname="com.juaracoding.testng2.SignInTest" time="0.0"/>
  <testcase name="testSignIn[johansebastian, 123qwe](1408)" classname="com.juaracoding.testng2.SignInTest" time="0.0"/>
  <testcase name="testSignIn[johansebastian, 123qwe](1409)" classname="com.juaracoding.testng2.SignInTest" time="0.0"/>
  <testcase name="testSignIn[johansebastian, 123qwe](1410)" classname="com.juaracoding.testng2.SignInTest" time="0.0"/>
  <testcase name="testSignIn[johansebastian, 123qwe](1411)" classname="com.juaracoding.testng2.SignInTest" time="0.0"/>
  <testcase name="testSignIn[johansebastian, 123qwe](1412)" classname="com.juaracoding.testng2.SignInTest" time="0.0"/>
  <testcase name="testSignIn[johansebastian, 123qwe](1413)" classname="com.juaracoding.testng2.SignInTest" time="0.0"/>
  <testcase name="testSignIn[johansebastian, 123qwe](1414)" classname="com.juaracoding.testng2.SignInTest" time="0.0"/>
  <testcase name="testSignIn[johansebastian, 123qwe](1415)" classname="com.juaracoding.testng2.SignInTest" time="0.004"/>
  <testcase name="testSignIn[johansebastian, 123qwe](1416)" classname="com.juaracoding.testng2.SignInTest" time="0.0"/>
  <testcase name="testSignIn[johansebastian, 123qwe](1417)" classname="com.juaracoding.testng2.SignInTest" time="0.0"/>
  <testcase name="testSignIn[johansebastian, 123qwe](1418)" classname="com.juaracoding.testng2.SignInTest" time="0.0"/>
  <testcase name="testSignIn[johansebastian, 123qwe](1419)" classname="com.juaracoding.testng2.SignInTest" time="0.0"/>
  <testcase name="testSignIn[johansebastian, 123qwe](1420)" classname="com.juaracoding.testng2.SignInTest" time="0.0"/>
  <testcase name="testSignIn[johansebastian, 123qwe](1421)" classname="com.juaracoding.testng2.SignInTest" time="0.0"/>
  <testcase name="testSignIn[johansebastian, 123qwe](1422)" classname="com.juaracoding.testng2.SignInTest" time="0.0"/>
  <testcase name="testSignIn[johansebastian, 123qwe](1424)" classname="com.juaracoding.testng2.SignInTest" time="0.0"/>
  <testcase name="testSignIn[johansebastian, 123qwe](1424)" classname="com.juaracoding.testng2.SignInTest" time="0.001"/>
  <testcase name="testSignIn[johansebastian, 123qwe](1426)" classname="com.juaracoding.testng2.SignInTest" time="0.014"/>
  <testcase name="testSignIn[johansebastian, 123qwe](1427)" classname="com.juaracoding.testng2.SignInTest" time="0.0"/>
  <testcase name="testSignIn[johansebastian, 123qwe](1428)" classname="com.juaracoding.testng2.SignInTest" time="0.0"/>
  <testcase name="testSignIn[johansebastian, 123qwe](1429)" classname="com.juaracoding.testng2.SignInTest" time="0.0"/>
  <testcase name="testSignIn[johansebastian, 123qwe](1430)" classname="com.juaracoding.testng2.SignInTest" time="0.0"/>
  <testcase name="testSignIn[johansebastian, 123qwe](1431)" classname="com.juaracoding.testng2.SignInTest" time="0.0"/>
  <testcase name="testSignIn[johansebastian, 123qwe](1432)" classname="com.juaracoding.testng2.SignInTest" time="0.0"/>
  <testcase name="testSignIn[johansebastian, 123qwe](1433)" classname="com.juaracoding.testng2.SignInTest" time="0.0"/>
  <testcase name="testSignIn[johansebastian, 123qwe](1434)" classname="com.juaracoding.testng2.SignInTest" time="0.0"/>
  <testcase name="testSignIn[johansebastian, 123qwe](1435)" classname="com.juaracoding.testng2.SignInTest" time="0.0"/>
  <testcase name="testSignIn[johansebastian, 123qwe](1436)" classname="com.juaracoding.testng2.SignInTest" time="0.0"/>
  <testcase name="testSignIn[johansebastian, 123qwe](1437)" classname="com.juaracoding.testng2.SignInTest" time="0.0"/>
  <testcase name="testSignIn[johansebastian, 123qwe](1438)" classname="com.juaracoding.testng2.SignInTest" time="0.0"/>
  <testcase name="testSignIn[johansebastian, 123qwe](1439)" classname="com.juaracoding.testng2.SignInTest" time="0.0"/>
  <testcase name="testSignIn[johansebastian, 123qwe](1440)" classname="com.juaracoding.testng2.SignInTest" time="0.0"/>
  <testcase name="testSignIn[johansebastian, 123qwe](1441)" classname="com.juaracoding.testng2.SignInTest" time="0.0"/>
  <testcase name="testSignIn[johansebastian, 123qwe](1442)" classname="com.juaracoding.testng2.SignInTest" time="0.0"/>
  <testcase name="testSignIn[johansebastian, 123qwe](1443)" classname="com.juaracoding.testng2.SignInTest" time="0.0"/>
  <testcase name="testSignIn[johansebastian, 123qwe](1444)" classname="com.juaracoding.testng2.SignInTest" time="0.0"/>
  <testcase name="testSignIn[johansebastian, 123qwe](1445)" classname="com.juaracoding.testng2.SignInTest" time="0.0"/>
  <testcase name="testSignIn[johansebastian, 123qwe](1446)" classname="com.juaracoding.testng2.SignInTest" time="0.0"/>
  <testcase name="testSignIn[johansebastian, 123qwe](1447)" classname="com.juaracoding.testng2.SignInTest" time="0.0"/>
  <testcase name="testSignIn[johansebastian, 123qwe](1425)" classname="com.juaracoding.testng2.SignInTest" time="0.001"/>
  <testcase name="testSignIn[johansebastian, 123qwe](1448)" classname="com.juaracoding.testng2.SignInTest" time="0.0"/>
  <testcase name="testSignIn[johansebastian, 123qwe](1449)" classname="com.juaracoding.testng2.SignInTest" time="0.0"/>
  <testcase name="testSignIn[johansebastian, 123qwe](1450)" classname="com.juaracoding.testng2.SignInTest" time="0.0"/>
  <testcase name="testSignIn[johansebastian, 123qwe](1451)" classname="com.juaracoding.testng2.SignInTest" time="0.0"/>
  <testcase name="testSignIn[johansebastian, 123qwe](1453)" classname="com.juaracoding.testng2.SignInTest" time="0.0"/>
  <testcase name="testSignIn[johansebastian, 123qwe](1453)" classname="com.juaracoding.testng2.SignInTest" time="0.0"/>
  <testcase name="testSignIn[johansebastian, 123qwe](1454)" classname="com.juaracoding.testng2.SignInTest" time="0.0"/>
  <testcase name="testSignIn[johansebastian, 123qwe](1455)" classname="com.juaracoding.testng2.SignInTest" time="0.0"/>
  <testcase name="testSignIn[johansebastian, 123qwe](1456)" classname="com.juaracoding.testng2.SignInTest" time="0.0"/>
  <testcase name="testSignIn[johansebastian, 123qwe](1457)" classname="com.juaracoding.testng2.SignInTest" time="0.0"/>
  <testcase name="testSignIn[johansebastian, 123qwe](1458)" classname="com.juaracoding.testng2.SignInTest" time="0.0"/>
  <testcase name="testSignIn[johansebastian, 123qwe](1459)" classname="com.juaracoding.testng2.SignInTest" time="0.0"/>
  <testcase name="testSignIn[johansebastian, 123qwe](1460)" classname="com.juaracoding.testng2.SignInTest" time="0.0"/>
  <testcase name="testSignIn[johansebastian, 123qwe](1461)" classname="com.juaracoding.testng2.SignInTest" time="0.0"/>
  <testcase name="testSignIn[johansebastian, 123qwe](1462)" classname="com.juaracoding.testng2.SignInTest" time="0.0"/>
  <testcase name="testSignIn[johansebastian, 123qwe](1463)" classname="com.juaracoding.testng2.SignInTest" time="0.0"/>
  <testcase name="testSignIn[johansebastian, 123qwe](1464)" classname="com.juaracoding.testng2.SignInTest" time="0.0"/>
  <testcase name="testSignIn[johansebastian, 123qwe](1465)" classname="com.juaracoding.testng2.SignInTest" time="0.0"/>
  <testcase name="testSignIn[johansebastian, 123qwe](1466)" classname="com.juaracoding.testng2.SignInTest" time="0.0"/>
  <testcase name="testSignIn[johansebastian, 123qwe](1467)" classname="com.juaracoding.testng2.SignInTest" time="0.0"/>
  <testcase name="testSignIn[johansebastian, 123qwe](1468)" classname="com.juaracoding.testng2.SignInTest" time="0.0"/>
  <testcase name="testSignIn[johansebastian, 123qwe](1469)" classname="com.juaracoding.testng2.SignInTest" time="0.0"/>
  <testcase name="testSignIn[johansebastian, 123qwe](1470)" classname="com.juaracoding.testng2.SignInTest" time="0.0"/>
  <testcase name="testSignIn[johansebastian, 123qwe](1471)" classname="com.juaracoding.testng2.SignInTest" time="0.0"/>
  <testcase name="testSignIn[johansebastian, 123qwe](1472)" classname="com.juaracoding.testng2.SignInTest" time="0.0"/>
  <testcase name="testSignIn[johansebastian, 123qwe](1473)" classname="com.juaracoding.testng2.SignInTest" time="0.0"/>
  <testcase name="testSignIn[johansebastian, 123qwe](1474)" classname="com.juaracoding.testng2.SignInTest" time="0.0"/>
  <testcase name="testSignIn[johansebastian, 123qwe](1475)" classname="com.juaracoding.testng2.SignInTest" time="0.0"/>
  <testcase name="testSignIn[johansebastian, 123qwe](1476)" classname="com.juaracoding.testng2.SignInTest" time="0.001"/>
  <testcase name="testSignIn[johansebastian, 123qwe](1478)" classname="com.juaracoding.testng2.SignInTest" time="0.0"/>
  <testcase name="testSignIn[johansebastian, 123qwe](1478)" classname="com.juaracoding.testng2.SignInTest" time="0.0"/>
  <testcase name="testSignIn[johansebastian, 123qwe](1479)" classname="com.juaracoding.testng2.SignInTest" time="0.0"/>
  <testcase name="testSignIn[johansebastian, 123qwe](1480)" classname="com.juaracoding.testng2.SignInTest" time="0.0"/>
  <testcase name="testSignIn[johansebastian, 123qwe](1482)" classname="com.juaracoding.testng2.SignInTest" time="0.0"/>
  <testcase name="testSignIn[johansebastian, 123qwe](1482)" classname="com.juaracoding.testng2.SignInTest" time="0.0"/>
  <testcase name="testSignIn[johansebastian, 123qwe](1483)" classname="com.juaracoding.testng2.SignInTest" time="0.0"/>
  <testcase name="testSignIn[johansebastian, 123qwe](1484)" classname="com.juaracoding.testng2.SignInTest" time="0.0"/>
  <testcase name="testSignIn[johansebastian, 123qwe](1485)" classname="com.juaracoding.testng2.SignInTest" time="0.0"/>
  <testcase name="testSignIn[johansebastian, 123qwe](1487)" classname="com.juaracoding.testng2.SignInTest" time="0.0"/>
  <testcase name="testSignIn[johansebastian, 123qwe](1487)" classname="com.juaracoding.testng2.SignInTest" time="0.0"/>
  <testcase name="testSignIn[johansebastian, 123qwe](1488)" classname="com.juaracoding.testng2.SignInTest" time="0.0"/>
  <testcase name="testSignIn[johansebastian, 123qwe](1489)" classname="com.juaracoding.testng2.SignInTest" time="0.0"/>
  <testcase name="testSignIn[johansebastian, 123qwe](1490)" classname="com.juaracoding.testng2.SignInTest" time="0.0"/>
  <testcase name="testSignIn[johansebastian, 123qwe](1491)" classname="com.juaracoding.testng2.SignInTest" time="0.0"/>
  <testcase name="testSignIn[johansebastian, 123qwe](1492)" classname="com.juaracoding.testng2.SignInTest" time="0.0"/>
  <testcase name="testSignIn[johansebastian, 123qwe](1493)" classname="com.juaracoding.testng2.SignInTest" time="0.0"/>
  <testcase name="testSignIn[johansebastian, 123qwe](1494)" classname="com.juaracoding.testng2.SignInTest" time="0.0"/>
  <testcase name="testSignIn[johansebastian, 123qwe](1496)" classname="com.juaracoding.testng2.SignInTest" time="0.0"/>
  <testcase name="testSignIn[johansebastian, 123qwe](1495)" classname="com.juaracoding.testng2.SignInTest" time="0.0"/>
  <testcase name="testSignIn[johansebastian, 123qwe](1499)" classname="com.juaracoding.testng2.SignInTest" time="0.0"/>
  <testcase name="testSignIn[johansebastian, 123qwe](1498)" classname="com.juaracoding.testng2.SignInTest" time="0.0"/>
  <testcase name="testSignIn[johansebastian, 123qwe](1498)" classname="com.juaracoding.testng2.SignInTest" time="0.0"/>
  <testcase name="testSignIn[johansebastian, 123qwe](1501)" classname="com.juaracoding.testng2.SignInTest" time="0.0"/>
  <testcase name="testSignIn[johansebastian, 123qwe](1501)" classname="com.juaracoding.testng2.SignInTest" time="0.0"/>
  <testcase name="testSignIn[johansebastian, 123qwe](1502)" classname="com.juaracoding.testng2.SignInTest" time="0.0"/>
  <testcase name="testSignIn[johansebastian, 123qwe](1503)" classname="com.juaracoding.testng2.SignInTest" time="0.0"/>
  <testcase name="testSignIn[johansebastian, 123qwe](1504)" classname="com.juaracoding.testng2.SignInTest" time="0.0"/>
  <testcase name="testSignIn[johansebastian, 123qwe](1505)" classname="com.juaracoding.testng2.SignInTest" time="0.0"/>
  <testcase name="testSignIn[johansebastian, 123qwe](1506)" classname="com.juaracoding.testng2.SignInTest" time="0.0"/>
  <testcase name="testSignIn[johansebastian, 123qwe](1507)" classname="com.juaracoding.testng2.SignInTest" time="0.0"/>
  <testcase name="testSignIn[johansebastian, 123qwe](1508)" classname="com.juaracoding.testng2.SignInTest" time="0.0"/>
  <testcase name="testSignIn[johansebastian, 123qwe](1509)" classname="com.juaracoding.testng2.SignInTest" time="0.0"/>
  <testcase name="testSignIn[johansebastian, 123qwe](1510)" classname="com.juaracoding.testng2.SignInTest" time="0.0"/>
  <testcase name="testSignIn[johansebastian, 123qwe](1511)" classname="com.juaracoding.testng2.SignInTest" time="0.001"/>
  <testcase name="testSignIn[johansebastian, 123qwe](1512)" classname="com.juaracoding.testng2.SignInTest" time="0.0"/>
  <testcase name="testSignIn[johansebastian, 123qwe](1513)" classname="com.juaracoding.testng2.SignInTest" time="0.0"/>
  <testcase name="testSignIn[johansebastian, 123qwe](1514)" classname="com.juaracoding.testng2.SignInTest" time="0.0"/>
  <testcase name="testSignIn[johansebastian, 123qwe](1515)" classname="com.juaracoding.testng2.SignInTest" time="0.0"/>
  <testcase name="testSignIn[johansebastian, 123qwe](1517)" classname="com.juaracoding.testng2.SignInTest" time="0.0"/>
  <testcase name="testSignIn[johansebastian, 123qwe](1518)" classname="com.juaracoding.testng2.SignInTest" time="0.0"/>
  <testcase name="testSignIn[johansebastian, 123qwe](1519)" classname="com.juaracoding.testng2.SignInTest" time="0.0"/>
  <testcase name="testSignIn[johansebastian, 123qwe](1520)" classname="com.juaracoding.testng2.SignInTest" time="0.0"/>
  <testcase name="testSignIn[johansebastian, 123qwe](1521)" classname="com.juaracoding.testng2.SignInTest" time="0.0"/>
  <testcase name="testSignIn[johansebastian, 123qwe](1522)" classname="com.juaracoding.testng2.SignInTest" time="0.0"/>
  <testcase name="testSignIn[johansebastian, 123qwe](1523)" classname="com.juaracoding.testng2.SignInTest" time="0.0"/>
  <testcase name="testSignIn[johansebastian, 123qwe](1524)" classname="com.juaracoding.testng2.SignInTest" time="0.0"/>
  <testcase name="testSignIn[johansebastian, 123qwe](1524)" classname="com.juaracoding.testng2.SignInTest" time="0.0"/>
  <testcase name="testSignIn[johansebastian, 123qwe](1525)" classname="com.juaracoding.testng2.SignInTest" time="0.0"/>
  <testcase name="testSignIn[johansebastian, 123qwe](1526)" classname="com.juaracoding.testng2.SignInTest" time="0.0"/>
  <testcase name="testSignIn[johansebastian, 123qwe](1527)" classname="com.juaracoding.testng2.SignInTest" time="0.0"/>
  <testcase name="testSignIn[johansebastian, 123qwe](1529)" classname="com.juaracoding.testng2.SignInTest" time="0.0"/>
  <testcase name="testSignIn[johansebastian, 123qwe](1530)" classname="com.juaracoding.testng2.SignInTest" time="0.0"/>
  <testcase name="testSignIn[johansebastian, 123qwe](1531)" classname="com.juaracoding.testng2.SignInTest" time="0.0"/>
  <testcase name="testSignIn[johansebastian, 123qwe](1528)" classname="com.juaracoding.testng2.SignInTest" time="0.0"/>
  <testcase name="testSignIn[johansebastian, 123qwe](1532)" classname="com.juaracoding.testng2.SignInTest" time="0.0"/>
  <testcase name="testSignIn[johansebastian, 123qwe](1533)" classname="com.juaracoding.testng2.SignInTest" time="0.0"/>
  <testcase name="testSignIn[johansebastian, 123qwe](1534)" classname="com.juaracoding.testng2.SignInTest" time="0.0"/>
  <testcase name="testSignIn[johansebastian, 123qwe](1535)" classname="com.juaracoding.testng2.SignInTest" time="0.001"/>
  <testcase name="testSignIn[johansebastian, 123qwe](1537)" classname="com.juaracoding.testng2.SignInTest" time="0.0"/>
  <testcase name="testSignIn[johansebastian, 123qwe](1537)" classname="com.juaracoding.testng2.SignInTest" time="0.0"/>
  <testcase name="testSignIn[johansebastian, 123qwe](1538)" classname="com.juaracoding.testng2.SignInTest" time="0.0"/>
  <testcase name="testSignIn[johansebastian, 123qwe](1539)" classname="com.juaracoding.testng2.SignInTest" time="0.0"/>
  <testcase name="testSignIn[johansebastian, 123qwe](1540)" classname="com.juaracoding.testng2.SignInTest" time="0.0"/>
  <testcase name="testSignIn[johansebastian, 123qwe](1541)" classname="com.juaracoding.testng2.SignInTest" time="0.0"/>
  <testcase name="testSignIn[johansebastian, 123qwe](1542)" classname="com.juaracoding.testng2.SignInTest" time="0.0"/>
  <testcase name="testSignIn[johansebastian, 123qwe](1543)" classname="com.juaracoding.testng2.SignInTest" time="0.0"/>
  <testcase name="testSignIn[johansebastian, 123qwe](1544)" classname="com.juaracoding.testng2.SignInTest" time="0.0"/>
  <testcase name="testSignIn[johansebastian, 123qwe](1545)" classname="com.juaracoding.testng2.SignInTest" time="0.0"/>
  <testcase name="testSignIn[johansebastian, 123qwe](1546)" classname="com.juaracoding.testng2.SignInTest" time="0.0"/>
  <testcase name="testSignIn[johansebastian, 123qwe](1547)" classname="com.juaracoding.testng2.SignInTest" time="0.0"/>
  <testcase name="testSignIn[johansebastian, 123qwe](1548)" classname="com.juaracoding.testng2.SignInTest" time="0.0"/>
  <testcase name="testSignIn[johansebastian, 123qwe](1549)" classname="com.juaracoding.testng2.SignInTest" time="0.0"/>
  <testcase name="testSignIn[johansebastian, 123qwe](1551)" classname="com.juaracoding.testng2.SignInTest" time="0.0"/>
  <testcase name="testSignIn[johansebastian, 123qwe](1551)" classname="com.juaracoding.testng2.SignInTest" time="0.0"/>
  <testcase name="testSignIn[johansebastian, 123qwe](1552)" classname="com.juaracoding.testng2.SignInTest" time="0.0"/>
  <testcase name="testSignIn[johansebastian, 123qwe](1553)" classname="com.juaracoding.testng2.SignInTest" time="0.0"/>
  <testcase name="testSignIn[johansebastian, 123qwe](1555)" classname="com.juaracoding.testng2.SignInTest" time="0.0"/>
  <testcase name="testSignIn[johansebastian, 123qwe](1554)" classname="com.juaracoding.testng2.SignInTest" time="0.001"/>
  <testcase name="testSignIn[johansebastian, 123qwe](1557)" classname="com.juaracoding.testng2.SignInTest" time="0.0"/>
  <testcase name="testSignIn[johansebastian, 123qwe](1557)" classname="com.juaracoding.testng2.SignInTest" time="0.0"/>
  <testcase name="testSignIn[johansebastian, 123qwe](1558)" classname="com.juaracoding.testng2.SignInTest" time="0.0"/>
  <testcase name="testSignIn[johansebastian, 123qwe](1559)" classname="com.juaracoding.testng2.SignInTest" time="0.0"/>
  <testcase name="testSignIn[johansebastian, 123qwe](1560)" classname="com.juaracoding.testng2.SignInTest" time="0.0"/>
  <testcase name="testSignIn[johansebastian, 123qwe](1561)" classname="com.juaracoding.testng2.SignInTest" time="0.0"/>
  <testcase name="testSignIn[johansebastian, 123qwe](1562)" classname="com.juaracoding.testng2.SignInTest" time="0.0"/>
  <testcase name="testSignIn[johansebastian, 123qwe](1563)" classname="com.juaracoding.testng2.SignInTest" time="0.0"/>
  <testcase name="testSignIn[johansebastian, 123qwe](1564)" classname="com.juaracoding.testng2.SignInTest" time="0.0"/>
  <testcase name="testSignIn[johansebastian, 123qwe](1565)" classname="com.juaracoding.testng2.SignInTest" time="0.0"/>
  <testcase name="testSignIn[johansebastian, 123qwe](1566)" classname="com.juaracoding.testng2.SignInTest" time="0.0"/>
  <testcase name="testSignIn[johansebastian, 123qwe](1567)" classname="com.juaracoding.testng2.SignInTest" time="0.0"/>
  <testcase name="testSignIn[johansebastian, 123qwe](1569)" classname="com.juaracoding.testng2.SignInTest" time="0.0"/>
  <testcase name="testSignIn[johansebastian, 123qwe](1569)" classname="com.juaracoding.testng2.SignInTest" time="0.0"/>
  <testcase name="testSignIn[johansebastian, 123qwe](1571)" classname="com.juaracoding.testng2.SignInTest" time="0.0"/>
  <testcase name="testSignIn[johansebastian, 123qwe](1571)" classname="com.juaracoding.testng2.SignInTest" time="0.0"/>
  <testcase name="testSignIn[johansebastian, 123qwe](1572)" classname="com.juaracoding.testng2.SignInTest" time="0.0"/>
  <testcase name="testSignIn[johansebastian, 123qwe](1573)" classname="com.juaracoding.testng2.SignInTest" time="0.0"/>
  <testcase name="testSignIn[johansebastian, 123qwe](1574)" classname="com.juaracoding.testng2.SignInTest" time="0.0"/>
  <testcase name="testSignIn[johansebastian, 123qwe](1576)" classname="com.juaracoding.testng2.SignInTest" time="0.0"/>
  <testcase name="testSignIn[johansebastian, 123qwe](1575)" classname="com.juaracoding.testng2.SignInTest" time="0.0"/>
  <testcase name="testSignIn[johansebastian, 123qwe](1577)" classname="com.juaracoding.testng2.SignInTest" time="0.0"/>
  <testcase name="testSignIn[johansebastian, 123qwe](1578)" classname="com.juaracoding.testng2.SignInTest" time="0.0"/>
  <testcase name="testSignIn[johansebastian, 123qwe](1579)" classname="com.juaracoding.testng2.SignInTest" time="0.001"/>
  <testcase name="testSignIn[johansebastian, 123qwe](1580)" classname="com.juaracoding.testng2.SignInTest" time="0.0"/>
  <testcase name="testSignIn[johansebastian, 123qwe](1581)" classname="com.juaracoding.testng2.SignInTest" time="0.0"/>
  <testcase name="testSignIn[johansebastian, 123qwe](1583)" classname="com.juaracoding.testng2.SignInTest" time="0.0"/>
  <testcase name="testSignIn[johansebastian, 123qwe](1583)" classname="com.juaracoding.testng2.SignInTest" time="0.0"/>
  <testcase name="testSignIn[johansebastian, 123qwe](1585)" classname="com.juaracoding.testng2.SignInTest" time="0.0"/>
  <testcase name="testSignIn[johansebastian, 123qwe](1586)" classname="com.juaracoding.testng2.SignInTest" time="0.0"/>
  <testcase name="testSignIn[johansebastian, 123qwe](1586)" classname="com.juaracoding.testng2.SignInTest" time="0.002"/>
  <testcase name="testSignIn[johansebastian, 123qwe](1587)" classname="com.juaracoding.testng2.SignInTest" time="0.0"/>
  <testcase name="testSignIn[johansebastian, 123qwe](1588)" classname="com.juaracoding.testng2.SignInTest" time="0.002"/>
  <testcase name="testSignIn[johansebastian, 123qwe](1589)" classname="com.juaracoding.testng2.SignInTest" time="0.0"/>
  <testcase name="testSignIn[johansebastian, 123qwe](1590)" classname="com.juaracoding.testng2.SignInTest" time="0.0"/>
  <testcase name="testSignIn[johansebastian, 123qwe](1591)" classname="com.juaracoding.testng2.SignInTest" time="0.0"/>
  <testcase name="testSignIn[johansebastian, 123qwe](1592)" classname="com.juaracoding.testng2.SignInTest" time="0.0"/>
  <testcase name="testSignIn[johansebastian, 123qwe](1593)" classname="com.juaracoding.testng2.SignInTest" time="0.0"/>
  <testcase name="testSignIn[johansebastian, 123qwe](1594)" classname="com.juaracoding.testng2.SignInTest" time="0.0"/>
  <testcase name="testSignIn[johansebastian, 123qwe](1595)" classname="com.juaracoding.testng2.SignInTest" time="0.0"/>
  <testcase name="testSignIn[johansebastian, 123qwe](1596)" classname="com.juaracoding.testng2.SignInTest" time="0.0"/>
  <testcase name="testSignIn[johansebastian, 123qwe](1597)" classname="com.juaracoding.testng2.SignInTest" time="0.0"/>
  <testcase name="testSignIn[johansebastian, 123qwe](1598)" classname="com.juaracoding.testng2.SignInTest" time="0.0"/>
  <testcase name="testSignIn[johansebastian, 123qwe](1599)" classname="com.juaracoding.testng2.SignInTest" time="0.0"/>
  <testcase name="testSignIn[johansebastian, 123qwe](1600)" classname="com.juaracoding.testng2.SignInTest" time="0.0"/>
  <testcase name="testSignIn[johansebastian, 123qwe](1601)" classname="com.juaracoding.testng2.SignInTest" time="0.0"/>
  <testcase name="testSignIn[johansebastian, 123qwe](1603)" classname="com.juaracoding.testng2.SignInTest" time="0.0"/>
  <testcase name="testSignIn[johansebastian, 123qwe](1603)" classname="com.juaracoding.testng2.SignInTest" time="0.0"/>
  <testcase name="testSignIn[johansebastian, 123qwe](1604)" classname="com.juaracoding.testng2.SignInTest" time="0.0"/>
  <testcase name="testSignIn[johansebastian, 123qwe](1605)" classname="com.juaracoding.testng2.SignInTest" time="0.0"/>
  <testcase name="testSignIn[johansebastian, 123qwe](1606)" classname="com.juaracoding.testng2.SignInTest" time="0.0"/>
  <testcase name="testSignIn[johansebastian, 123qwe](1607)" classname="com.juaracoding.testng2.SignInTest" time="0.0"/>
  <testcase name="testSignIn[johansebastian, 123qwe](1608)" classname="com.juaracoding.testng2.SignInTest" time="0.0"/>
  <testcase name="testSignIn[johansebastian, 123qwe](1609)" classname="com.juaracoding.testng2.SignInTest" time="0.0"/>
  <testcase name="testSignIn[johansebastian, 123qwe](1610)" classname="com.juaracoding.testng2.SignInTest" time="0.0"/>
  <testcase name="testSignIn[johansebastian, 123qwe](1611)" classname="com.juaracoding.testng2.SignInTest" time="0.0"/>
  <testcase name="testSignIn[johansebastian, 123qwe](1612)" classname="com.juaracoding.testng2.SignInTest" time="0.0"/>
  <testcase name="testSignIn[johansebastian, 123qwe](1613)" classname="com.juaracoding.testng2.SignInTest" time="0.001"/>
  <testcase name="testSignIn[johansebastian, 123qwe](1615)" classname="com.juaracoding.testng2.SignInTest" time="0.0"/>
  <testcase name="testSignIn[johansebastian, 123qwe](1615)" classname="com.juaracoding.testng2.SignInTest" time="0.0"/>
  <testcase name="testSignIn[johansebastian, 123qwe](1617)" classname="com.juaracoding.testng2.SignInTest" time="0.0"/>
  <testcase name="testSignIn[johansebastian, 123qwe](1617)" classname="com.juaracoding.testng2.SignInTest" time="0.0"/>
  <testcase name="testSignIn[johansebastian, 123qwe](1618)" classname="com.juaracoding.testng2.SignInTest" time="0.0"/>
  <testcase name="testSignIn[johansebastian, 123qwe](1619)" classname="com.juaracoding.testng2.SignInTest" time="0.0"/>
  <testcase name="testSignIn[johansebastian, 123qwe](1621)" classname="com.juaracoding.testng2.SignInTest" time="0.0"/>
  <testcase name="testSignIn[johansebastian, 123qwe](1621)" classname="com.juaracoding.testng2.SignInTest" time="0.0"/>
  <testcase name="testSignIn[johansebastian, 123qwe](1622)" classname="com.juaracoding.testng2.SignInTest" time="0.0"/>
  <testcase name="testSignIn[johansebastian, 123qwe](1623)" classname="com.juaracoding.testng2.SignInTest" time="0.0"/>
  <testcase name="testSignIn[johansebastian, 123qwe](1625)" classname="com.juaracoding.testng2.SignInTest" time="0.0"/>
  <testcase name="testSignIn[johansebastian, 123qwe](1625)" classname="com.juaracoding.testng2.SignInTest" time="0.0"/>
  <testcase name="testSignIn[johansebastian, 123qwe](1627)" classname="com.juaracoding.testng2.SignInTest" time="0.0"/>
  <testcase name="testSignIn[johansebastian, 123qwe](1627)" classname="com.juaracoding.testng2.SignInTest" time="0.0"/>
  <testcase name="testSignIn[johansebastian, 123qwe](1629)" classname="com.juaracoding.testng2.SignInTest" time="0.0"/>
  <testcase name="testSignIn[johansebastian, 123qwe](1629)" classname="com.juaracoding.testng2.SignInTest" time="0.001"/>
  <testcase name="testSignIn[johansebastian, 123qwe](1630)" classname="com.juaracoding.testng2.SignInTest" time="0.0"/>
  <testcase name="testSignIn[johansebastian, 123qwe](1631)" classname="com.juaracoding.testng2.SignInTest" time="0.0"/>
  <testcase name="testSignIn[johansebastian, 123qwe](1632)" classname="com.juaracoding.testng2.SignInTest" time="0.0"/>
  <testcase name="testSignIn[johansebastian, 123qwe](1633)" classname="com.juaracoding.testng2.SignInTest" time="0.0"/>
  <testcase name="testSignIn[johansebastian, 123qwe](1634)" classname="com.juaracoding.testng2.SignInTest" time="0.0"/>
  <testcase name="testSignIn[johansebastian, 123qwe](1635)" classname="com.juaracoding.testng2.SignInTest" time="0.0"/>
  <testcase name="testSignIn[johansebastian, 123qwe](1636)" classname="com.juaracoding.testng2.SignInTest" time="0.0"/>
  <testcase name="testSignIn[johansebastian, 123qwe](1637)" classname="com.juaracoding.testng2.SignInTest" time="0.0"/>
  <testcase name="testSignIn[johansebastian, 123qwe](1638)" classname="com.juaracoding.testng2.SignInTest" time="0.0"/>
  <testcase name="testSignIn[johansebastian, 123qwe](1639)" classname="com.juaracoding.testng2.SignInTest" time="0.0"/>
  <testcase name="testSignIn[johansebastian, 123qwe](1640)" classname="com.juaracoding.testng2.SignInTest" time="0.0"/>
  <testcase name="testSignIn[johansebastian, 123qwe](1642)" classname="com.juaracoding.testng2.SignInTest" time="0.0"/>
  <testcase name="testSignIn[johansebastian, 123qwe](1642)" classname="com.juaracoding.testng2.SignInTest" time="0.0"/>
  <testcase name="testSignIn[johansebastian, 123qwe](1643)" classname="com.juaracoding.testng2.SignInTest" time="0.0"/>
  <testcase name="testSignIn[johansebastian, 123qwe](1644)" classname="com.juaracoding.testng2.SignInTest" time="0.0"/>
  <testcase name="testSignIn[johansebastian, 123qwe](1645)" classname="com.juaracoding.testng2.SignInTest" time="0.001"/>
  <testcase name="testSignIn[johansebastian, 123qwe](1646)" classname="com.juaracoding.testng2.SignInTest" time="0.0"/>
  <testcase name="testSignIn[johansebastian, 123qwe](1647)" classname="com.juaracoding.testng2.SignInTest" time="0.0"/>
  <testcase name="testSignIn[johansebastian, 123qwe](1648)" classname="com.juaracoding.testng2.SignInTest" time="0.0"/>
  <testcase name="testSignIn[johansebastian, 123qwe](1649)" classname="com.juaracoding.testng2.SignInTest" time="0.0"/>
  <testcase name="testSignIn[johansebastian, 123qwe](1650)" classname="com.juaracoding.testng2.SignInTest" time="0.0"/>
  <testcase name="testSignIn[johansebastian, 123qwe](1651)" classname="com.juaracoding.testng2.SignInTest" time="0.0"/>
  <testcase name="testSignIn[johansebastian, 123qwe](1652)" classname="com.juaracoding.testng2.SignInTest" time="0.0"/>
  <testcase name="testSignIn[johansebastian, 123qwe](1653)" classname="com.juaracoding.testng2.SignInTest" time="0.0"/>
  <testcase name="testSignIn[johansebastian, 123qwe](1654)" classname="com.juaracoding.testng2.SignInTest" time="0.0"/>
  <testcase name="testSignIn[johansebastian, 123qwe](1656)" classname="com.juaracoding.testng2.SignInTest" time="0.0"/>
  <testcase name="testSignIn[johansebastian, 123qwe](1656)" classname="com.juaracoding.testng2.SignInTest" time="0.0"/>
  <testcase name="testSignIn[johansebastian, 123qwe](1657)" classname="com.juaracoding.testng2.SignInTest" time="0.0"/>
  <testcase name="testSignIn[johansebastian, 123qwe](1658)" classname="com.juaracoding.testng2.SignInTest" time="0.0"/>
  <testcase name="testSignIn[johansebastian, 123qwe](1659)" classname="com.juaracoding.testng2.SignInTest" time="0.0"/>
  <testcase name="testSignIn[johansebastian, 123qwe](1660)" classname="com.juaracoding.testng2.SignInTest" time="0.0"/>
  <testcase name="testSignIn[johansebastian, 123qwe](1661)" classname="com.juaracoding.testng2.SignInTest" time="0.017"/>
  <testcase name="testSignIn[johansebastian, 123qwe](1662)" classname="com.juaracoding.testng2.SignInTest" time="0.0"/>
  <testcase name="testSignIn[johansebastian, 123qwe](1664)" classname="com.juaracoding.testng2.SignInTest" time="0.0"/>
  <testcase name="testSignIn[johansebastian, 123qwe](1664)" classname="com.juaracoding.testng2.SignInTest" time="0.0"/>
  <testcase name="testSignIn[johansebastian, 123qwe](1666)" classname="com.juaracoding.testng2.SignInTest" time="0.0"/>
  <testcase name="testSignIn[johansebastian, 123qwe](1666)" classname="com.juaracoding.testng2.SignInTest" time="0.0"/>
  <testcase name="testSignIn[johansebastian, 123qwe](1668)" classname="com.juaracoding.testng2.SignInTest" time="0.0"/>
  <testcase name="testSignIn[johansebastian, 123qwe](1668)" classname="com.juaracoding.testng2.SignInTest" time="0.0"/>
  <testcase name="testSignIn[johansebastian, 123qwe](1669)" classname="com.juaracoding.testng2.SignInTest" time="0.0"/>
  <testcase name="testSignIn[johansebastian, 123qwe](1670)" classname="com.juaracoding.testng2.SignInTest" time="0.0"/>
  <testcase name="testSignIn[johansebastian, 123qwe](1671)" classname="com.juaracoding.testng2.SignInTest" time="0.0"/>
  <testcase name="testSignIn[johansebastian, 123qwe](1672)" classname="com.juaracoding.testng2.SignInTest" time="0.0"/>
  <testcase name="testSignIn[johansebastian, 123qwe](1674)" classname="com.juaracoding.testng2.SignInTest" time="0.0"/>
  <testcase name="testSignIn[johansebastian, 123qwe](1674)" classname="com.juaracoding.testng2.SignInTest" time="0.0"/>
  <testcase name="testSignIn[johansebastian, 123qwe](1676)" classname="com.juaracoding.testng2.SignInTest" time="0.0"/>
  <testcase name="testSignIn[johansebastian, 123qwe](1675)" classname="com.juaracoding.testng2.SignInTest" time="0.0"/>
  <testcase name="testSignIn[johansebastian, 123qwe](1677)" classname="com.juaracoding.testng2.SignInTest" time="0.0"/>
  <testcase name="testSignIn[johansebastian, 123qwe](1678)" classname="com.juaracoding.testng2.SignInTest" time="0.0"/>
  <testcase name="testSignIn[johansebastian, 123qwe](1679)" classname="com.juaracoding.testng2.SignInTest" time="0.0"/>
  <testcase name="testSignIn[johansebastian, 123qwe](1680)" classname="com.juaracoding.testng2.SignInTest" time="0.0"/>
  <testcase name="testSignIn[johansebastian, 123qwe](1681)" classname="com.juaracoding.testng2.SignInTest" time="0.0"/>
  <testcase name="testSignIn[johansebastian, 123qwe](1682)" classname="com.juaracoding.testng2.SignInTest" time="0.0"/>
  <testcase name="testSignIn[johansebastian, 123qwe](1684)" classname="com.juaracoding.testng2.SignInTest" time="0.0"/>
  <testcase name="testSignIn[johansebastian, 123qwe](1684)" classname="com.juaracoding.testng2.SignInTest" time="0.001"/>
  <testcase name="testSignIn[johansebastian, 123qwe](1685)" classname="com.juaracoding.testng2.SignInTest" time="0.0"/>
  <testcase name="testSignIn[johansebastian, 123qwe](1686)" classname="com.juaracoding.testng2.SignInTest" time="0.0"/>
  <testcase name="testSignIn[johansebastian, 123qwe](1687)" classname="com.juaracoding.testng2.SignInTest" time="0.0"/>
  <testcase name="testSignIn[johansebastian, 123qwe](1688)" classname="com.juaracoding.testng2.SignInTest" time="0.0"/>
  <testcase name="testSignIn[johansebastian, 123qwe](1689)" classname="com.juaracoding.testng2.SignInTest" time="0.0"/>
  <testcase name="testSignIn[johansebastian, 123qwe](1690)" classname="com.juaracoding.testng2.SignInTest" time="0.0"/>
  <testcase name="testSignIn[johansebastian, 123qwe](1691)" classname="com.juaracoding.testng2.SignInTest" time="0.0"/>
  <testcase name="testSignIn[johansebastian, 123qwe](1692)" classname="com.juaracoding.testng2.SignInTest" time="0.0"/>
  <testcase name="testSignIn[johansebastian, 123qwe](1693)" classname="com.juaracoding.testng2.SignInTest" time="0.0"/>
  <testcase name="testSignIn[johansebastian, 123qwe](1694)" classname="com.juaracoding.testng2.SignInTest" time="0.0"/>
  <testcase name="testSignIn[johansebastian, 123qwe](1695)" classname="com.juaracoding.testng2.SignInTest" time="0.0"/>
  <testcase name="testSignIn[johansebastian, 123qwe](1696)" classname="com.juaracoding.testng2.SignInTest" time="0.0"/>
  <testcase name="testSignIn[johansebastian, 123qwe](1697)" classname="com.juaracoding.testng2.SignInTest" time="0.0"/>
  <testcase name="testSignIn[johansebastian, 123qwe](1698)" classname="com.juaracoding.testng2.SignInTest" time="0.0"/>
  <testcase name="testSignIn[johansebastian, 123qwe](1699)" classname="com.juaracoding.testng2.SignInTest" time="0.0"/>
  <testcase name="testSignIn[johansebastian, 123qwe](1700)" classname="com.juaracoding.testng2.SignInTest" time="0.0"/>
  <testcase name="testSignIn[johansebastian, 123qwe](1701)" classname="com.juaracoding.testng2.SignInTest" time="0.0"/>
  <testcase name="testSignIn[johansebastian, 123qwe](1702)" classname="com.juaracoding.testng2.SignInTest" time="0.0"/>
  <testcase name="testSignIn[johansebastian, 123qwe](1703)" classname="com.juaracoding.testng2.SignInTest" time="0.0"/>
  <testcase name="testSignIn[johansebastian, 123qwe](1704)" classname="com.juaracoding.testng2.SignInTest" time="0.0"/>
  <testcase name="testSignIn[johansebastian, 123qwe](1705)" classname="com.juaracoding.testng2.SignInTest" time="0.0"/>
  <testcase name="testSignIn[johansebastian, 123qwe](1706)" classname="com.juaracoding.testng2.SignInTest" time="0.0"/>
  <testcase name="testSignIn[johansebastian, 123qwe](1707)" classname="com.juaracoding.testng2.SignInTest" time="0.0"/>
  <testcase name="testSignIn[johansebastian, 123qwe](1708)" classname="com.juaracoding.testng2.SignInTest" time="0.0"/>
  <testcase name="testSignIn[johansebastian, 123qwe](1709)" classname="com.juaracoding.testng2.SignInTest" time="0.0"/>
  <testcase name="testSignIn[johansebastian, 123qwe](1710)" classname="com.juaracoding.testng2.SignInTest" time="0.0"/>
  <testcase name="testSignIn[johansebastian, 123qwe](1711)" classname="com.juaracoding.testng2.SignInTest" time="0.0"/>
  <testcase name="testSignIn[johansebastian, 123qwe](1712)" classname="com.juaracoding.testng2.SignInTest" time="0.0"/>
  <testcase name="testSignIn[johansebastian, 123qwe](1713)" classname="com.juaracoding.testng2.SignInTest" time="0.0"/>
  <testcase name="testSignIn[johansebastian, 123qwe](1714)" classname="com.juaracoding.testng2.SignInTest" time="0.0"/>
  <testcase name="testSignIn[johansebastian, 123qwe](1715)" classname="com.juaracoding.testng2.SignInTest" time="0.0"/>
  <testcase name="testSignIn[johansebastian, 123qwe](1716)" classname="com.juaracoding.testng2.SignInTest" time="0.0"/>
  <testcase name="testSignIn[johansebastian, 123qwe](1717)" classname="com.juaracoding.testng2.SignInTest" time="0.0"/>
  <testcase name="testSignIn[johansebastian, 123qwe](1718)" classname="com.juaracoding.testng2.SignInTest" time="0.0"/>
  <testcase name="testSignIn[johansebastian, 123qwe](1719)" classname="com.juaracoding.testng2.SignInTest" time="0.0"/>
  <testcase name="testSignIn[johansebastian, 123qwe](1720)" classname="com.juaracoding.testng2.SignInTest" time="0.0"/>
  <testcase name="testSignIn[johansebastian, 123qwe](1721)" classname="com.juaracoding.testng2.SignInTest" time="0.0"/>
  <testcase name="testSignIn[johansebastian, 123qwe](1722)" classname="com.juaracoding.testng2.SignInTest" time="0.0"/>
  <testcase name="testSignIn[johansebastian, 123qwe](1723)" classname="com.juaracoding.testng2.SignInTest" time="0.0"/>
  <testcase name="testSignIn[johansebastian, 123qwe](1724)" classname="com.juaracoding.testng2.SignInTest" time="0.0"/>
  <testcase name="testSignIn[johansebastian, 123qwe](1725)" classname="com.juaracoding.testng2.SignInTest" time="0.0"/>
  <testcase name="testSignIn[johansebastian, 123qwe](1726)" classname="com.juaracoding.testng2.SignInTest" time="0.0"/>
  <testcase name="testSignIn[johansebastian, 123qwe](1727)" classname="com.juaracoding.testng2.SignInTest" time="0.0"/>
  <testcase name="testSignIn[johansebastian, 123qwe](1728)" classname="com.juaracoding.testng2.SignInTest" time="0.0"/>
  <testcase name="testSignIn[johansebastian, 123qwe](1729)" classname="com.juaracoding.testng2.SignInTest" time="0.0"/>
  <testcase name="testSignIn[johansebastian, 123qwe](1730)" classname="com.juaracoding.testng2.SignInTest" time="0.0"/>
  <testcase name="testSignIn[johansebastian, 123qwe](1731)" classname="com.juaracoding.testng2.SignInTest" time="0.0"/>
  <testcase name="testSignIn[johansebastian, 123qwe](1732)" classname="com.juaracoding.testng2.SignInTest" time="0.0"/>
  <testcase name="testSignIn[johansebastian, 123qwe](1733)" classname="com.juaracoding.testng2.SignInTest" time="0.0"/>
  <testcase name="testSignIn[johansebastian, 123qwe](1734)" classname="com.juaracoding.testng2.SignInTest" time="0.0"/>
  <testcase name="testSignIn[johansebastian, 123qwe](1735)" classname="com.juaracoding.testng2.SignInTest" time="0.0"/>
  <testcase name="testSignIn[johansebastian, 123qwe](1736)" classname="com.juaracoding.testng2.SignInTest" time="0.0"/>
  <testcase name="testSignIn[johansebastian, 123qwe](1737)" classname="com.juaracoding.testng2.SignInTest" time="0.0"/>
  <testcase name="testSignIn[johansebastian, 123qwe](1738)" classname="com.juaracoding.testng2.SignInTest" time="0.0"/>
  <testcase name="testSignIn[johansebastian, 123qwe](1739)" classname="com.juaracoding.testng2.SignInTest" time="0.0"/>
  <testcase name="testSignIn[johansebastian, 123qwe](1740)" classname="com.juaracoding.testng2.SignInTest" time="0.0"/>
  <testcase name="testSignIn[johansebastian, 123qwe](1741)" classname="com.juaracoding.testng2.SignInTest" time="0.0"/>
  <testcase name="testSignIn[johansebastian, 123qwe](1742)" classname="com.juaracoding.testng2.SignInTest" time="0.0"/>
  <testcase name="testSignIn[johansebastian, 123qwe](1743)" classname="com.juaracoding.testng2.SignInTest" time="0.0"/>
  <testcase name="testSignIn[johansebastian, 123qwe](1744)" classname="com.juaracoding.testng2.SignInTest" time="0.0"/>
  <testcase name="testSignIn[johansebastian, 123qwe](1745)" classname="com.juaracoding.testng2.SignInTest" time="0.0"/>
  <testcase name="testSignIn[johansebastian, 123qwe](1746)" classname="com.juaracoding.testng2.SignInTest" time="0.0"/>
  <testcase name="testSignIn[johansebastian, 123qwe](1747)" classname="com.juaracoding.testng2.SignInTest" time="0.0"/>
  <testcase name="testSignIn[johansebastian, 123qwe](1748)" classname="com.juaracoding.testng2.SignInTest" time="0.0"/>
  <testcase name="testSignIn[johansebastian, 123qwe](1749)" classname="com.juaracoding.testng2.SignInTest" time="0.0"/>
  <testcase name="testSignIn[johansebastian, 123qwe](1750)" classname="com.juaracoding.testng2.SignInTest" time="0.0"/>
  <testcase name="testSignIn[johansebastian, 123qwe](1751)" classname="com.juaracoding.testng2.SignInTest" time="0.0"/>
  <testcase name="testSignIn[johansebastian, 123qwe](1752)" classname="com.juaracoding.testng2.SignInTest" time="0.0"/>
  <testcase name="testSignIn[johansebastian, 123qwe](1753)" classname="com.juaracoding.testng2.SignInTest" time="0.0"/>
  <testcase name="testSignIn[johansebastian, 123qwe](1754)" classname="com.juaracoding.testng2.SignInTest" time="0.0"/>
  <testcase name="testSignIn[johansebastian, 123qwe](1755)" classname="com.juaracoding.testng2.SignInTest" time="0.0"/>
  <testcase name="testSignIn[johansebastian, 123qwe](1756)" classname="com.juaracoding.testng2.SignInTest" time="0.0"/>
  <testcase name="testSignIn[johansebastian, 123qwe](1758)" classname="com.juaracoding.testng2.SignInTest" time="0.0"/>
  <testcase name="testSignIn[johansebastian, 123qwe](1757)" classname="com.juaracoding.testng2.SignInTest" time="0.0"/>
  <testcase name="testSignIn[johansebastian, 123qwe](1759)" classname="com.juaracoding.testng2.SignInTest" time="0.0"/>
  <testcase name="testSignIn[johansebastian, 123qwe](1760)" classname="com.juaracoding.testng2.SignInTest" time="0.0"/>
  <testcase name="testSignIn[johansebastian, 123qwe](1761)" classname="com.juaracoding.testng2.SignInTest" time="0.0"/>
  <testcase name="testSignIn[johansebastian, 123qwe](1763)" classname="com.juaracoding.testng2.SignInTest" time="0.0"/>
  <testcase name="testSignIn[johansebastian, 123qwe](1763)" classname="com.juaracoding.testng2.SignInTest" time="0.0"/>
  <testcase name="testSignIn[johansebastian, 123qwe](1764)" classname="com.juaracoding.testng2.SignInTest" time="0.0"/>
  <testcase name="testSignIn[johansebastian, 123qwe](1765)" classname="com.juaracoding.testng2.SignInTest" time="0.0"/>
  <testcase name="testSignIn[johansebastian, 123qwe](1766)" classname="com.juaracoding.testng2.SignInTest" time="0.0"/>
  <testcase name="testSignIn[johansebastian, 123qwe](1767)" classname="com.juaracoding.testng2.SignInTest" time="0.0"/>
  <testcase name="testSignIn[johansebastian, 123qwe](1768)" classname="com.juaracoding.testng2.SignInTest" time="0.0"/>
  <testcase name="testSignIn[johansebastian, 123qwe](1769)" classname="com.juaracoding.testng2.SignInTest" time="0.0"/>
  <testcase name="testSignIn[johansebastian, 123qwe](1770)" classname="com.juaracoding.testng2.SignInTest" time="0.0"/>
  <testcase name="testSignIn[johansebastian, 123qwe](1771)" classname="com.juaracoding.testng2.SignInTest" time="0.0"/>
  <testcase name="testSignIn[johansebastian, 123qwe](1772)" classname="com.juaracoding.testng2.SignInTest" time="0.0"/>
  <testcase name="testSignIn[johansebastian, 123qwe](1773)" classname="com.juaracoding.testng2.SignInTest" time="0.0"/>
  <testcase name="testSignIn[johansebastian, 123qwe](1774)" classname="com.juaracoding.testng2.SignInTest" time="0.0"/>
  <testcase name="testSignIn[johansebastian, 123qwe](1775)" classname="com.juaracoding.testng2.SignInTest" time="0.0"/>
  <testcase name="testSignIn[johansebastian, 123qwe](1776)" classname="com.juaracoding.testng2.SignInTest" time="0.0"/>
  <testcase name="testSignIn[johansebastian, 123qwe](1777)" classname="com.juaracoding.testng2.SignInTest" time="0.0"/>
  <testcase name="testSignIn[johansebastian, 123qwe](1778)" classname="com.juaracoding.testng2.SignInTest" time="0.0"/>
  <testcase name="testSignIn[johansebastian, 123qwe](1779)" classname="com.juaracoding.testng2.SignInTest" time="0.0"/>
  <testcase name="testSignIn[johansebastian, 123qwe](1780)" classname="com.juaracoding.testng2.SignInTest" time="0.0"/>
  <testcase name="testSignIn[johansebastian, 123qwe](1781)" classname="com.juaracoding.testng2.SignInTest" time="0.0"/>
  <testcase name="testSignIn[johansebastian, 123qwe](1782)" classname="com.juaracoding.testng2.SignInTest" time="0.0"/>
  <testcase name="testSignIn[johansebastian, 123qwe](1783)" classname="com.juaracoding.testng2.SignInTest" time="0.0"/>
  <testcase name="testSignIn[johansebastian, 123qwe](1784)" classname="com.juaracoding.testng2.SignInTest" time="0.0"/>
  <testcase name="testSignIn[johansebastian, 123qwe](1785)" classname="com.juaracoding.testng2.SignInTest" time="0.0"/>
  <testcase name="testSignIn[johansebastian, 123qwe](1786)" classname="com.juaracoding.testng2.SignInTest" time="0.0"/>
  <testcase name="testSignIn[johansebastian, 123qwe](1787)" classname="com.juaracoding.testng2.SignInTest" time="0.0"/>
  <testcase name="testSignIn[johansebastian, 123qwe](1788)" classname="com.juaracoding.testng2.SignInTest" time="0.0"/>
  <testcase name="testSignIn[johansebastian, 123qwe](1789)" classname="com.juaracoding.testng2.SignInTest" time="0.01"/>
  <testcase name="testSignIn[johansebastian, 123qwe](1790)" classname="com.juaracoding.testng2.SignInTest" time="0.0"/>
  <testcase name="testSignIn[johansebastian, 123qwe](1791)" classname="com.juaracoding.testng2.SignInTest" time="0.0"/>
  <testcase name="testSignIn[johansebastian, 123qwe](1792)" classname="com.juaracoding.testng2.SignInTest" time="0.0"/>
  <testcase name="testSignIn[johansebastian, 123qwe](1793)" classname="com.juaracoding.testng2.SignInTest" time="0.0"/>
  <testcase name="testSignIn[johansebastian, 123qwe](1794)" classname="com.juaracoding.testng2.SignInTest" time="0.0"/>
  <testcase name="testSignIn[johansebastian, 123qwe](1795)" classname="com.juaracoding.testng2.SignInTest" time="0.0"/>
  <testcase name="testSignIn[johansebastian, 123qwe](1796)" classname="com.juaracoding.testng2.SignInTest" time="0.0"/>
  <testcase name="testSignIn[johansebastian, 123qwe](1797)" classname="com.juaracoding.testng2.SignInTest" time="0.0"/>
  <testcase name="testSignIn[johansebastian, 123qwe](1798)" classname="com.juaracoding.testng2.SignInTest" time="0.0"/>
  <testcase name="testSignIn[johansebastian, 123qwe](1800)" classname="com.juaracoding.testng2.SignInTest" time="0.0"/>
  <testcase name="testSignIn[johansebastian, 123qwe](1800)" classname="com.juaracoding.testng2.SignInTest" time="0.0"/>
  <testcase name="testSignIn[johansebastian, 123qwe](1802)" classname="com.juaracoding.testng2.SignInTest" time="0.0"/>
  <testcase name="testSignIn[johansebastian, 123qwe](1802)" classname="com.juaracoding.testng2.SignInTest" time="0.0"/>
  <testcase name="testSignIn[johansebastian, 123qwe](1804)" classname="com.juaracoding.testng2.SignInTest" time="0.0"/>
  <testcase name="testSignIn[johansebastian, 123qwe](1804)" classname="com.juaracoding.testng2.SignInTest" time="0.0"/>
  <testcase name="testSignIn[johansebastian, 123qwe](1805)" classname="com.juaracoding.testng2.SignInTest" time="0.0"/>
  <testcase name="testSignIn[johansebastian, 123qwe](1806)" classname="com.juaracoding.testng2.SignInTest" time="0.0"/>
  <testcase name="testSignIn[johansebastian, 123qwe](1808)" classname="com.juaracoding.testng2.SignInTest" time="0.0"/>
  <testcase name="testSignIn[johansebastian, 123qwe](1808)" classname="com.juaracoding.testng2.SignInTest" time="0.0"/>
  <testcase name="testSignIn[johansebastian, 123qwe](1809)" classname="com.juaracoding.testng2.SignInTest" time="0.0"/>
  <testcase name="testSignIn[johansebastian, 123qwe](1810)" classname="com.juaracoding.testng2.SignInTest" time="0.0"/>
  <testcase name="testSignIn[johansebastian, 123qwe](1812)" classname="com.juaracoding.testng2.SignInTest" time="0.0"/>
  <testcase name="testSignIn[johansebastian, 123qwe](1812)" classname="com.juaracoding.testng2.SignInTest" time="0.0"/>
  <testcase name="testSignIn[johansebastian, 123qwe](1814)" classname="com.juaracoding.testng2.SignInTest" time="0.0"/>
  <testcase name="testSignIn[johansebastian, 123qwe](1813)" classname="com.juaracoding.testng2.SignInTest" time="0.0"/>
  <testcase name="testSignIn[johansebastian, 123qwe](1815)" classname="com.juaracoding.testng2.SignInTest" time="0.0"/>
  <testcase name="testSignIn[johansebastian, 123qwe](1816)" classname="com.juaracoding.testng2.SignInTest" time="0.0"/>
  <testcase name="testSignIn[johansebastian, 123qwe](1817)" classname="com.juaracoding.testng2.SignInTest" time="0.0"/>
  <testcase name="testSignIn[johansebastian, 123qwe](1818)" classname="com.juaracoding.testng2.SignInTest" time="0.0"/>
  <testcase name="testSignIn[johansebastian, 123qwe](1819)" classname="com.juaracoding.testng2.SignInTest" time="0.0"/>
  <testcase name="testSignIn[johansebastian, 123qwe](1820)" classname="com.juaracoding.testng2.SignInTest" time="0.0"/>
  <testcase name="testSignIn[johansebastian, 123qwe](1821)" classname="com.juaracoding.testng2.SignInTest" time="0.0"/>
  <testcase name="testSignIn[johansebastian, 123qwe](1823)" classname="com.juaracoding.testng2.SignInTest" time="0.0"/>
  <testcase name="testSignIn[johansebastian, 123qwe](1823)" classname="com.juaracoding.testng2.SignInTest" time="0.0"/>
  <testcase name="testSignIn[johansebastian, 123qwe](1825)" classname="com.juaracoding.testng2.SignInTest" time="0.0"/>
  <testcase name="testSignIn[johansebastian, 123qwe](1825)" classname="com.juaracoding.testng2.SignInTest" time="0.0"/>
  <testcase name="testSignIn[johansebastian, 123qwe](1827)" classname="com.juaracoding.testng2.SignInTest" time="0.0"/>
  <testcase name="testSignIn[johansebastian, 123qwe](1827)" classname="com.juaracoding.testng2.SignInTest" time="0.0"/>
  <testcase name="testSignIn[johansebastian, 123qwe](1829)" classname="com.juaracoding.testng2.SignInTest" time="0.0"/>
  <testcase name="testSignIn[johansebastian, 123qwe](1829)" classname="com.juaracoding.testng2.SignInTest" time="0.0"/>
  <testcase name="testSignIn[johansebastian, 123qwe](1830)" classname="com.juaracoding.testng2.SignInTest" time="0.0"/>
  <testcase name="testSignIn[johansebastian, 123qwe](1831)" classname="com.juaracoding.testng2.SignInTest" time="0.0"/>
  <testcase name="testSignIn[johansebastian, 123qwe](1832)" classname="com.juaracoding.testng2.SignInTest" time="0.0"/>
  <testcase name="testSignIn[johansebastian, 123qwe](1833)" classname="com.juaracoding.testng2.SignInTest" time="0.0"/>
  <testcase name="testSignIn[johansebastian, 123qwe](1834)" classname="com.juaracoding.testng2.SignInTest" time="0.0"/>
  <testcase name="testSignIn[johansebastian, 123qwe](1835)" classname="com.juaracoding.testng2.SignInTest" time="0.0"/>
  <testcase name="testSignIn[johansebastian, 123qwe](1837)" classname="com.juaracoding.testng2.SignInTest" time="0.0"/>
  <testcase name="testSignIn[johansebastian, 123qwe](1837)" classname="com.juaracoding.testng2.SignInTest" time="0.0"/>
  <testcase name="testSignIn[johansebastian, 123qwe](1839)" classname="com.juaracoding.testng2.SignInTest" time="0.0"/>
  <testcase name="testSignIn[johansebastian, 123qwe](1839)" classname="com.juaracoding.testng2.SignInTest" time="0.0"/>
  <testcase name="testSignIn[johansebastian, 123qwe](1840)" classname="com.juaracoding.testng2.SignInTest" time="0.0"/>
  <testcase name="testSignIn[johansebastian, 123qwe](1841)" classname="com.juaracoding.testng2.SignInTest" time="0.0"/>
  <testcase name="testSignIn[johansebastian, 123qwe](1842)" classname="com.juaracoding.testng2.SignInTest" time="0.0"/>
  <testcase name="testSignIn[johansebastian, 123qwe](1843)" classname="com.juaracoding.testng2.SignInTest" time="0.0"/>
  <testcase name="testSignIn[johansebastian, 123qwe](1844)" classname="com.juaracoding.testng2.SignInTest" time="0.0"/>
  <testcase name="testSignIn[johansebastian, 123qwe](1845)" classname="com.juaracoding.testng2.SignInTest" time="0.0"/>
  <testcase name="testSignIn[johansebastian, 123qwe](1846)" classname="com.juaracoding.testng2.SignInTest" time="0.0"/>
  <testcase name="testSignIn[johansebastian, 123qwe](1847)" classname="com.juaracoding.testng2.SignInTest" time="0.0"/>
  <testcase name="testSignIn[johansebastian, 123qwe](1848)" classname="com.juaracoding.testng2.SignInTest" time="0.0"/>
  <testcase name="testSignIn[johansebastian, 123qwe](1849)" classname="com.juaracoding.testng2.SignInTest" time="0.0"/>
  <testcase name="testSignIn[johansebastian, 123qwe](1850)" classname="com.juaracoding.testng2.SignInTest" time="0.0"/>
  <testcase name="testSignIn[johansebastian, 123qwe](1851)" classname="com.juaracoding.testng2.SignInTest" time="0.0"/>
  <testcase name="testSignIn[johansebastian, 123qwe](1852)" classname="com.juaracoding.testng2.SignInTest" time="0.0"/>
  <testcase name="testSignIn[johansebastian, 123qwe](1853)" classname="com.juaracoding.testng2.SignInTest" time="0.0"/>
  <testcase name="testSignIn[johansebastian, 123qwe](1854)" classname="com.juaracoding.testng2.SignInTest" time="0.0"/>
  <testcase name="testSignIn[johansebastian, 123qwe](1855)" classname="com.juaracoding.testng2.SignInTest" time="0.0"/>
  <testcase name="testSignIn[johansebastian, 123qwe](1857)" classname="com.juaracoding.testng2.SignInTest" time="0.0"/>
  <testcase name="testSignIn[johansebastian, 123qwe](1857)" classname="com.juaracoding.testng2.SignInTest" time="0.0"/>
  <testcase name="testSignIn[johansebastian, 123qwe](1860)" classname="com.juaracoding.testng2.SignInTest" time="0.0"/>
  <testcase name="testSignIn[johansebastian, 123qwe](1860)" classname="com.juaracoding.testng2.SignInTest" time="0.0"/>
  <testcase name="testSignIn[johansebastian, 123qwe](1860)" classname="com.juaracoding.testng2.SignInTest" time="0.0"/>
  <testcase name="testSignIn[johansebastian, 123qwe](1861)" classname="com.juaracoding.testng2.SignInTest" time="0.0"/>
  <testcase name="testSignIn[johansebastian, 123qwe](1863)" classname="com.juaracoding.testng2.SignInTest" time="0.0"/>
  <testcase name="testSignIn[johansebastian, 123qwe](1863)" classname="com.juaracoding.testng2.SignInTest" time="0.0"/>
  <testcase name="testSignIn[johansebastian, 123qwe](1865)" classname="com.juaracoding.testng2.SignInTest" time="0.0"/>
  <testcase name="testSignIn[johansebastian, 123qwe](1864)" classname="com.juaracoding.testng2.SignInTest" time="0.0"/>
  <testcase name="testSignIn[johansebastian, 123qwe](1866)" classname="com.juaracoding.testng2.SignInTest" time="0.0"/>
  <testcase name="testSignIn[johansebastian, 123qwe](1868)" classname="com.juaracoding.testng2.SignInTest" time="0.0"/>
  <testcase name="testSignIn[johansebastian, 123qwe](1868)" classname="com.juaracoding.testng2.SignInTest" time="0.0"/>
  <testcase name="testSignIn[johansebastian, 123qwe](1870)" classname="com.juaracoding.testng2.SignInTest" time="0.0"/>
  <testcase name="testSignIn[johansebastian, 123qwe](1870)" classname="com.juaracoding.testng2.SignInTest" time="0.0"/>
  <testcase name="testSignIn[johansebastian, 123qwe](1872)" classname="com.juaracoding.testng2.SignInTest" time="0.0"/>
  <testcase name="testSignIn[johansebastian, 123qwe](1872)" classname="com.juaracoding.testng2.SignInTest" time="0.0"/>
  <testcase name="testSignIn[johansebastian, 123qwe](1874)" classname="com.juaracoding.testng2.SignInTest" time="0.0"/>
  <testcase name="testSignIn[johansebastian, 123qwe](1874)" classname="com.juaracoding.testng2.SignInTest" time="0.001"/>
  <testcase name="testSignIn[johansebastian, 123qwe](1875)" classname="com.juaracoding.testng2.SignInTest" time="0.0"/>
  <testcase name="testSignIn[johansebastian, 123qwe](1876)" classname="com.juaracoding.testng2.SignInTest" time="0.001"/>
  <testcase name="testSignIn[johansebastian, 123qwe](1877)" classname="com.juaracoding.testng2.SignInTest" time="0.0"/>
  <testcase name="testSignIn[johansebastian, 123qwe](1878)" classname="com.juaracoding.testng2.SignInTest" time="0.0"/>
  <testcase name="testSignIn[johansebastian, 123qwe](1880)" classname="com.juaracoding.testng2.SignInTest" time="0.0"/>
  <testcase name="testSignIn[johansebastian, 123qwe](1880)" classname="com.juaracoding.testng2.SignInTest" time="0.001"/>
  <testcase name="testSignIn[johansebastian, 123qwe](1882)" classname="com.juaracoding.testng2.SignInTest" time="0.0"/>
  <testcase name="testSignIn[johansebastian, 123qwe](1882)" classname="com.juaracoding.testng2.SignInTest" time="0.0"/>
  <testcase name="testSignIn[johansebastian, 123qwe](1884)" classname="com.juaracoding.testng2.SignInTest" time="0.0"/>
  <testcase name="testSignIn[johansebastian, 123qwe](1884)" classname="com.juaracoding.testng2.SignInTest" time="0.0"/>
  <testcase name="testSignIn[johansebastian, 123qwe](1886)" classname="com.juaracoding.testng2.SignInTest" time="0.0"/>
  <testcase name="testSignIn[johansebastian, 123qwe](1886)" classname="com.juaracoding.testng2.SignInTest" time="0.0"/>
  <testcase name="testSignIn[johansebastian, 123qwe](1888)" classname="com.juaracoding.testng2.SignInTest" time="0.0"/>
  <testcase name="testSignIn[johansebastian, 123qwe](1888)" classname="com.juaracoding.testng2.SignInTest" time="0.0"/>
  <testcase name="testSignIn[johansebastian, 123qwe](1890)" classname="com.juaracoding.testng2.SignInTest" time="0.0"/>
  <testcase name="testSignIn[johansebastian, 123qwe](1890)" classname="com.juaracoding.testng2.SignInTest" time="0.0"/>
  <testcase name="testSignIn[johansebastian, 123qwe](1891)" classname="com.juaracoding.testng2.SignInTest" time="0.0"/>
  <testcase name="testSignIn[johansebastian, 123qwe](1892)" classname="com.juaracoding.testng2.SignInTest" time="0.0"/>
  <testcase name="testSignIn[johansebastian, 123qwe](1895)" classname="com.juaracoding.testng2.SignInTest" time="0.0"/>
  <testcase name="testSignIn[johansebastian, 123qwe](1895)" classname="com.juaracoding.testng2.SignInTest" time="0.0"/>
  <testcase name="testSignIn[johansebastian, 123qwe](1895)" classname="com.juaracoding.testng2.SignInTest" time="0.0"/>
  <testcase name="testSignIn[johansebastian, 123qwe](1897)" classname="com.juaracoding.testng2.SignInTest" time="0.0"/>
  <testcase name="testSignIn[johansebastian, 123qwe](1897)" classname="com.juaracoding.testng2.SignInTest" time="0.0"/>
  <testcase name="testSignIn[johansebastian, 123qwe](1898)" classname="com.juaracoding.testng2.SignInTest" time="0.0"/>
  <testcase name="testSignIn[johansebastian, 123qwe](1899)" classname="com.juaracoding.testng2.SignInTest" time="0.0"/>
  <testcase name="testSignIn[johansebastian, 123qwe](1900)" classname="com.juaracoding.testng2.SignInTest" time="0.0"/>
  <testcase name="testSignIn[johansebastian, 123qwe](1901)" classname="com.juaracoding.testng2.SignInTest" time="0.0"/>
  <testcase name="testSignIn[johansebastian, 123qwe](1904)" classname="com.juaracoding.testng2.SignInTest" time="0.0"/>
  <testcase name="testSignIn[johansebastian, 123qwe](1905)" classname="com.juaracoding.testng2.SignInTest" time="0.0"/>
  <testcase name="testSignIn[johansebastian, 123qwe](1906)" classname="com.juaracoding.testng2.SignInTest" time="0.0"/>
  <testcase name="testSignIn[johansebastian, 123qwe](1907)" classname="com.juaracoding.testng2.SignInTest" time="0.0"/>
  <testcase name="testSignIn[johansebastian, 123qwe](1903)" classname="com.juaracoding.testng2.SignInTest" time="0.0"/>
  <testcase name="testSignIn[johansebastian, 123qwe](1902)" classname="com.juaracoding.testng2.SignInTest" time="0.0"/>
  <testcase name="testSignIn[johansebastian, 123qwe](1908)" classname="com.juaracoding.testng2.SignInTest" time="0.0"/>
  <testcase name="testSignIn[johansebastian, 123qwe](1909)" classname="com.juaracoding.testng2.SignInTest" time="0.0"/>
  <testcase name="testSignIn[johansebastian, 123qwe](1910)" classname="com.juaracoding.testng2.SignInTest" time="0.0"/>
  <testcase name="testSignIn[johansebastian, 123qwe](1911)" classname="com.juaracoding.testng2.SignInTest" time="0.0"/>
  <testcase name="testSignIn[johansebastian, 123qwe](1912)" classname="com.juaracoding.testng2.SignInTest" time="0.0"/>
  <testcase name="testSignIn[johansebastian, 123qwe](1913)" classname="com.juaracoding.testng2.SignInTest" time="0.0"/>
  <testcase name="testSignIn[johansebastian, 123qwe](1914)" classname="com.juaracoding.testng2.SignInTest" time="0.001"/>
  <testcase name="testSignIn[johansebastian, 123qwe](1915)" classname="com.juaracoding.testng2.SignInTest" time="0.0"/>
  <testcase name="testSignIn[johansebastian, 123qwe](1916)" classname="com.juaracoding.testng2.SignInTest" time="0.0"/>
  <testcase name="testSignIn[johansebastian, 123qwe](1918)" classname="com.juaracoding.testng2.SignInTest" time="0.0"/>
  <testcase name="testSignIn[johansebastian, 123qwe](1918)" classname="com.juaracoding.testng2.SignInTest" time="0.0"/>
  <testcase name="testSignIn[johansebastian, 123qwe](1919)" classname="com.juaracoding.testng2.SignInTest" time="0.0"/>
  <testcase name="testSignIn[johansebastian, 123qwe](1921)" classname="com.juaracoding.testng2.SignInTest" time="0.001"/>
  <testcase name="testSignIn[johansebastian, 123qwe](1922)" classname="com.juaracoding.testng2.SignInTest" time="0.0"/>
  <testcase name="testSignIn[johansebastian, 123qwe](1920)" classname="com.juaracoding.testng2.SignInTest" time="0.0"/>
  <testcase name="testSignIn[johansebastian, 123qwe](1923)" classname="com.juaracoding.testng2.SignInTest" time="0.0"/>
  <testcase name="testSignIn[johansebastian, 123qwe](1924)" classname="com.juaracoding.testng2.SignInTest" time="0.0"/>
  <testcase name="testSignIn[johansebastian, 123qwe](1925)" classname="com.juaracoding.testng2.SignInTest" time="0.0"/>
  <testcase name="testSignIn[johansebastian, 123qwe](1926)" classname="com.juaracoding.testng2.SignInTest" time="0.0"/>
  <testcase name="testSignIn[johansebastian, 123qwe](1928)" classname="com.juaracoding.testng2.SignInTest" time="0.0"/>
  <testcase name="testSignIn[johansebastian, 123qwe](1928)" classname="com.juaracoding.testng2.SignInTest" time="0.0"/>
  <testcase name="testSignIn[johansebastian, 123qwe](1929)" classname="com.juaracoding.testng2.SignInTest" time="0.0"/>
  <testcase name="testSignIn[johansebastian, 123qwe](1930)" classname="com.juaracoding.testng2.SignInTest" time="0.0"/>
  <testcase name="testSignIn[johansebastian, 123qwe](1931)" classname="com.juaracoding.testng2.SignInTest" time="0.0"/>
  <testcase name="testSignIn[johansebastian, 123qwe](1933)" classname="com.juaracoding.testng2.SignInTest" time="0.0"/>
  <testcase name="testSignIn[johansebastian, 123qwe](1933)" classname="com.juaracoding.testng2.SignInTest" time="0.0"/>
  <testcase name="testSignIn[johansebastian, 123qwe](1936)" classname="com.juaracoding.testng2.SignInTest" time="0.0"/>
  <testcase name="testSignIn[johansebastian, 123qwe](1936)" classname="com.juaracoding.testng2.SignInTest" time="0.0"/>
  <testcase name="testSignIn[johansebastian, 123qwe](1936)" classname="com.juaracoding.testng2.SignInTest" time="0.0"/>
  <testcase name="testSignIn[johansebastian, 123qwe](1937)" classname="com.juaracoding.testng2.SignInTest" time="0.0"/>
  <testcase name="testSignIn[johansebastian, 123qwe](1939)" classname="com.juaracoding.testng2.SignInTest" time="0.0"/>
  <testcase name="testSignIn[johansebastian, 123qwe](1940)" classname="com.juaracoding.testng2.SignInTest" time="0.0"/>
  <testcase name="testSignIn[johansebastian, 123qwe](1938)" classname="com.juaracoding.testng2.SignInTest" time="0.0"/>
  <testcase name="testSignIn[johansebastian, 123qwe](1941)" classname="com.juaracoding.testng2.SignInTest" time="0.0"/>
  <testcase name="testSignIn[johansebastian, 123qwe](1942)" classname="com.juaracoding.testng2.SignInTest" time="0.0"/>
  <testcase name="testSignIn[johansebastian, 123qwe](1943)" classname="com.juaracoding.testng2.SignInTest" time="0.0"/>
  <testcase name="testSignIn[johansebastian, 123qwe](1944)" classname="com.juaracoding.testng2.SignInTest" time="0.002"/>
  <testcase name="testSignIn[johansebastian, 123qwe](1945)" classname="com.juaracoding.testng2.SignInTest" time="0.0"/>
  <testcase name="testSignIn[johansebastian, 123qwe](1946)" classname="com.juaracoding.testng2.SignInTest" time="0.0"/>
  <testcase name="testSignIn[johansebastian, 123qwe](1947)" classname="com.juaracoding.testng2.SignInTest" time="0.0"/>
  <testcase name="testSignIn[johansebastian, 123qwe](1948)" classname="com.juaracoding.testng2.SignInTest" time="0.0"/>
  <testcase name="testSignIn[johansebastian, 123qwe](1949)" classname="com.juaracoding.testng2.SignInTest" time="0.0"/>
  <testcase name="testSignIn[johansebastian, 123qwe](1950)" classname="com.juaracoding.testng2.SignInTest" time="0.0"/>
  <testcase name="testSignIn[johansebastian, 123qwe](1951)" classname="com.juaracoding.testng2.SignInTest" time="0.0"/>
  <testcase name="testSignIn[johansebastian, 123qwe](1952)" classname="com.juaracoding.testng2.SignInTest" time="0.0"/>
  <testcase name="testSignIn[johansebastian, 123qwe](1953)" classname="com.juaracoding.testng2.SignInTest" time="0.0"/>
  <testcase name="testSignIn[johansebastian, 123qwe](1954)" classname="com.juaracoding.testng2.SignInTest" time="0.0"/>
  <testcase name="testSignIn[johansebastian, 123qwe](1955)" classname="com.juaracoding.testng2.SignInTest" time="0.0"/>
  <testcase name="testSignIn[johansebastian, 123qwe](1956)" classname="com.juaracoding.testng2.SignInTest" time="0.0"/>
  <testcase name="testSignIn[johansebastian, 123qwe](1957)" classname="com.juaracoding.testng2.SignInTest" time="0.0"/>
  <testcase name="testSignIn[johansebastian, 123qwe](1958)" classname="com.juaracoding.testng2.SignInTest" time="0.0"/>
  <testcase name="testSignIn[johansebastian, 123qwe](1959)" classname="com.juaracoding.testng2.SignInTest" time="0.0"/>
  <testcase name="testSignIn[johansebastian, 123qwe](1960)" classname="com.juaracoding.testng2.SignInTest" time="0.0"/>
  <testcase name="testSignIn[johansebastian, 123qwe](1961)" classname="com.juaracoding.testng2.SignInTest" time="0.0"/>
  <testcase name="testSignIn[johansebastian, 123qwe](1962)" classname="com.juaracoding.testng2.SignInTest" time="0.0"/>
  <testcase name="testSignIn[johansebastian, 123qwe](1963)" classname="com.juaracoding.testng2.SignInTest" time="0.0"/>
  <testcase name="testSignIn[johansebastian, 123qwe](1964)" classname="com.juaracoding.testng2.SignInTest" time="0.0"/>
  <testcase name="testSignIn[johansebastian, 123qwe](1965)" classname="com.juaracoding.testng2.SignInTest" time="0.0"/>
  <testcase name="testSignIn[johansebastian, 123qwe](1966)" classname="com.juaracoding.testng2.SignInTest" time="0.0"/>
  <testcase name="testSignIn[johansebastian, 123qwe](1967)" classname="com.juaracoding.testng2.SignInTest" time="0.0"/>
  <testcase name="testSignIn[johansebastian, 123qwe](1968)" classname="com.juaracoding.testng2.SignInTest" time="0.0"/>
  <testcase name="testSignIn[johansebastian, 123qwe](1969)" classname="com.juaracoding.testng2.SignInTest" time="0.0"/>
  <testcase name="testSignIn[johansebastian, 123qwe](1971)" classname="com.juaracoding.testng2.SignInTest" time="0.0"/>
  <testcase name="testSignIn[johansebastian, 123qwe](1970)" classname="com.juaracoding.testng2.SignInTest" time="0.001"/>
  <testcase name="testSignIn[johansebastian, 123qwe](1973)" classname="com.juaracoding.testng2.SignInTest" time="0.0"/>
  <testcase name="testSignIn[johansebastian, 123qwe](1973)" classname="com.juaracoding.testng2.SignInTest" time="0.0"/>
  <testcase name="testSignIn[johansebastian, 123qwe](1974)" classname="com.juaracoding.testng2.SignInTest" time="0.0"/>
  <testcase name="testSignIn[johansebastian, 123qwe](1976)" classname="com.juaracoding.testng2.SignInTest" time="0.0"/>
  <testcase name="testSignIn[johansebastian, 123qwe](1976)" classname="com.juaracoding.testng2.SignInTest" time="0.0"/>
  <testcase name="testSignIn[johansebastian, 123qwe](1977)" classname="com.juaracoding.testng2.SignInTest" time="0.0"/>
  <testcase name="testSignIn[johansebastian, 123qwe](1978)" classname="com.juaracoding.testng2.SignInTest" time="0.0"/>
  <testcase name="testSignIn[johansebastian, 123qwe](1979)" classname="com.juaracoding.testng2.SignInTest" time="0.0"/>
  <testcase name="testSignIn[johansebastian, 123qwe](1980)" classname="com.juaracoding.testng2.SignInTest" time="0.0"/>
  <testcase name="testSignIn[johansebastian, 123qwe](1981)" classname="com.juaracoding.testng2.SignInTest" time="0.001"/>
  <testcase name="testSignIn[johansebastian, 123qwe](1982)" classname="com.juaracoding.testng2.SignInTest" time="0.0"/>
  <testcase name="testSignIn[johansebastian, 123qwe](1983)" classname="com.juaracoding.testng2.SignInTest" time="0.0"/>
  <testcase name="testSignIn[johansebastian, 123qwe](1985)" classname="com.juaracoding.testng2.SignInTest" time="0.0"/>
  <testcase name="testSignIn[johansebastian, 123qwe](1984)" classname="com.juaracoding.testng2.SignInTest" time="0.0"/>
  <testcase name="testSignIn[johansebastian, 123qwe](1986)" classname="com.juaracoding.testng2.SignInTest" time="0.0"/>
  <testcase name="testSignIn[johansebastian, 123qwe](1987)" classname="com.juaracoding.testng2.SignInTest" time="0.0"/>
  <testcase name="testSignIn[johansebastian, 123qwe](1988)" classname="com.juaracoding.testng2.SignInTest" time="0.0"/>
  <testcase name="testSignIn[johansebastian, 123qwe](1989)" classname="com.juaracoding.testng2.SignInTest" time="0.0"/>
  <testcase name="testSignIn[johansebastian, 123qwe](1990)" classname="com.juaracoding.testng2.SignInTest" time="0.0"/>
  <testcase name="testSignIn[johansebastian, 123qwe](1992)" classname="com.juaracoding.testng2.SignInTest" time="0.0"/>
  <testcase name="testSignIn[johansebastian, 123qwe](1992)" classname="com.juaracoding.testng2.SignInTest" time="0.0"/>
  <testcase name="testSignIn[johansebastian, 123qwe](1993)" classname="com.juaracoding.testng2.SignInTest" time="0.0"/>
  <testcase name="testSignIn[johansebastian, 123qwe](1994)" classname="com.juaracoding.testng2.SignInTest" time="0.0"/>
  <testcase name="testSignIn[johansebastian, 123qwe](1995)" classname="com.juaracoding.testng2.SignInTest" time="0.0"/>
  <testcase name="testSignIn[johansebastian, 123qwe](1996)" classname="com.juaracoding.testng2.SignInTest" time="0.0"/>
  <testcase name="testSignIn[johansebastian, 123qwe](1997)" classname="com.juaracoding.testng2.SignInTest" time="0.0"/>
  <testcase name="testSignIn[johansebastian, 123qwe](2000)" classname="com.juaracoding.testng2.SignInTest" time="0.0"/>
  <testcase name="testSignIn[johansebastian, 123qwe](2000)" classname="com.juaracoding.testng2.SignInTest" time="0.0"/>
  <testcase name="testSignIn[johansebastian, 123qwe](1999)" classname="com.juaracoding.testng2.SignInTest" time="0.0"/>
  <testcase name="testCheckout" classname="com.juaracoding.testng2.KasirTest" time="0.001"/>
  <testcase name="testCheckout" classname="com.juaracoding.testng2.KasirTest" time="0.002"/>
  <testcase name="testCheckout" classname="com.juaracoding.testng2.KasirTest" time="0.014"/>
  <testcase name="testCheckout" classname="com.juaracoding.testng2.KasirTest" time="0.0"/>
  <testcase name="testCheckout" classname="com.juaracoding.testng2.KasirTest" time="0.0"/>
  <testcase name="testCheckout" classname="com.juaracoding.testng2.KasirTest" time="0.0"/>
  <testcase name="testCheckout" classname="com.juaracoding.testng2.KasirTest" time="0.0"/>
  <testcase name="testCheckout" classname="com.juaracoding.testng2.KasirTest" time="0.0"/>
  <testcase name="testCheckout" classname="com.juaracoding.testng2.KasirTest" time="0.0"/>
  <testcase name="testCheckout" classname="com.juaracoding.testng2.KasirTest" time="0.0"/>
  <testcase name="testCheckout" classname="com.juaracoding.testng2.KasirTest" time="0.0"/>
  <testcase name="testCheckout" classname="com.juaracoding.testng2.KasirTest" time="0.0"/>
  <testcase name="testCheckout" classname="com.juaracoding.testng2.KasirTest" time="0.0"/>
  <testcase name="testCheckout" classname="com.juaracoding.testng2.KasirTest" time="0.0"/>
  <testcase name="testCheckout" classname="com.juaracoding.testng2.KasirTest" time="0.0"/>
  <testcase name="testCheckout" classname="com.juaracoding.testng2.KasirTest" time="0.0"/>
  <testcase name="testCheckout" classname="com.juaracoding.testng2.KasirTest" time="0.0"/>
  <testcase name="testCheckout" classname="com.juaracoding.testng2.KasirTest" time="0.001"/>
  <testcase name="testCheckout" classname="com.juaracoding.testng2.KasirTest" time="0.0"/>
  <testcase name="testCheckout" classname="com.juaracoding.testng2.KasirTest" time="0.0"/>
  <testcase name="testCheckout" classname="com.juaracoding.testng2.KasirTest" time="0.001"/>
  <testcase name="testCheckout" classname="com.juaracoding.testng2.KasirTest" time="0.0"/>
  <testcase name="testCheckout" classname="com.juaracoding.testng2.KasirTest" time="0.0"/>
  <testcase name="testCheckout" classname="com.juaracoding.testng2.KasirTest" time="0.0"/>
  <testcase name="testCheckout" classname="com.juaracoding.testng2.KasirTest" time="0.003"/>
  <testcase name="testCheckout" classname="com.juaracoding.testng2.KasirTest" time="0.004"/>
  <testcase name="testCheckout" classname="com.juaracoding.testng2.KasirTest" time="0.004"/>
  <testcase name="testCheckout" classname="com.juaracoding.testng2.KasirTest" time="0.0"/>
  <testcase name="testCheckout" classname="com.juaracoding.testng2.KasirTest" time="0.0"/>
  <testcase name="testCheckout" classname="com.juaracoding.testng2.KasirTest" time="0.0"/>
  <testcase name="testCheckout" classname="com.juaracoding.testng2.KasirTest" time="0.0"/>
  <testcase name="testCheckout" classname="com.juaracoding.testng2.KasirTest" time="0.0"/>
  <testcase name="testCheckout" classname="com.juaracoding.testng2.KasirTest" time="0.0"/>
  <testcase name="testCheckout" classname="com.juaracoding.testng2.KasirTest" time="0.0"/>
  <testcase name="testCheckout" classname="com.juaracoding.testng2.KasirTest" time="0.001"/>
  <testcase name="testCheckout" classname="com.juaracoding.testng2.KasirTest" time="0.002"/>
  <testcase name="testCheckout" classname="com.juaracoding.testng2.KasirTest" time="0.0"/>
  <testcase name="testCheckout" classname="com.juaracoding.testng2.KasirTest" time="0.0"/>
  <testcase name="testCheckout" classname="com.juaracoding.testng2.KasirTest" time="0.0"/>
  <testcase name="testCheckout" classname="com.juaracoding.testng2.KasirTest" time="0.0"/>
  <testcase name="testCheckout" classname="com.juaracoding.testng2.KasirTest" time="0.0"/>
  <testcase name="testCheckout" classname="com.juaracoding.testng2.KasirTest" time="0.001"/>
  <testcase name="testCheckout" classname="com.juaracoding.testng2.KasirTest" time="0.001"/>
  <testcase name="testCheckout" classname="com.juaracoding.testng2.KasirTest" time="0.0"/>
  <testcase name="testCheckout" classname="com.juaracoding.testng2.KasirTest" time="0.001"/>
  <testcase name="testCheckout" classname="com.juaracoding.testng2.KasirTest" time="0.0"/>
  <testcase name="testCheckout" classname="com.juaracoding.testng2.KasirTest" time="0.0"/>
  <testcase name="testCheckout" classname="com.juaracoding.testng2.KasirTest" time="0.0"/>
  <testcase name="testCheckout" classname="com.juaracoding.testng2.KasirTest" time="0.0"/>
  <testcase name="testCheckout" classname="com.juaracoding.testng2.KasirTest" time="0.0"/>
  <testcase name="testCheckout" classname="com.juaracoding.testng2.KasirTest" time="0.0"/>
  <testcase name="testCheckout" classname="com.juaracoding.testng2.KasirTest" time="0.001"/>
  <testcase name="testCheckout" classname="com.juaracoding.testng2.KasirTest" time="0.0"/>
  <testcase name="testCheckout" classname="com.juaracoding.testng2.KasirTest" time="0.0"/>
  <testcase name="testCheckout" classname="com.juaracoding.testng2.KasirTest" time="0.0"/>
  <testcase name="testCheckout" classname="com.juaracoding.testng2.KasirTest" time="0.0"/>
  <testcase name="testCheckout" classname="com.juaracoding.testng2.KasirTest" time="0.0"/>
  <testcase name="testCheckout" classname="com.juaracoding.testng2.KasirTest" time="0.0"/>
  <testcase name="testCheckout" classname="com.juaracoding.testng2.KasirTest" time="0.0"/>
  <testcase name="testCheckout" classname="com.juaracoding.testng2.KasirTest" time="0.0"/>
  <testcase name="testCheckout" classname="com.juaracoding.testng2.KasirTest" time="0.0"/>
  <testcase name="testCheckout" classname="com.juaracoding.testng2.KasirTest" time="0.0"/>
  <testcase name="testCheckout" classname="com.juaracoding.testng2.KasirTest" time="0.001"/>
  <testcase name="testCheckout" classname="com.juaracoding.testng2.KasirTest" time="0.001"/>
  <testcase name="testCheckout" classname="com.juaracoding.testng2.KasirTest" time="0.0"/>
  <testcase name="testCheckout" classname="com.juaracoding.testng2.KasirTest" time="0.0"/>
  <testcase name="testCheckout" classname="com.juaracoding.testng2.KasirTest" time="0.0"/>
  <testcase name="testCheckout" classname="com.juaracoding.testng2.KasirTest" time="0.0"/>
  <testcase name="testCheckout" classname="com.juaracoding.testng2.KasirTest" time="0.0"/>
  <testcase name="testCheckout" classname="com.juaracoding.testng2.KasirTest" time="0.0"/>
  <testcase name="testCheckout" classname="com.juaracoding.testng2.KasirTest" time="0.0"/>
  <testcase name="testCheckout" classname="com.juaracoding.testng2.KasirTest" time="0.0"/>
  <testcase name="testCheckout" classname="com.juaracoding.testng2.KasirTest" time="0.0"/>
  <testcase name="testCheckout" classname="com.juaracoding.testng2.KasirTest" time="0.0"/>
  <testcase name="testCheckout" classname="com.juaracoding.testng2.KasirTest" time="0.0"/>
  <testcase name="testCheckout" classname="com.juaracoding.testng2.KasirTest" time="0.0"/>
  <testcase name="testCheckout" classname="com.juaracoding.testng2.KasirTest" time="0.0"/>
  <testcase name="testCheckout" classname="com.juaracoding.testng2.KasirTest" time="0.0"/>
  <testcase name="testCheckout" classname="com.juaracoding.testng2.KasirTest" time="0.0"/>
  <testcase name="testCheckout" classname="com.juaracoding.testng2.KasirTest" time="0.0"/>
  <testcase name="testCheckout" classname="com.juaracoding.testng2.KasirTest" time="0.0"/>
  <testcase name="testCheckout" classname="com.juaracoding.testng2.KasirTest" time="0.0"/>
  <testcase name="testCheckout" classname="com.juaracoding.testng2.KasirTest" time="0.0"/>
  <testcase name="testCheckout" classname="com.juaracoding.testng2.KasirTest" time="0.0"/>
  <testcase name="testCheckout" classname="com.juaracoding.testng2.KasirTest" time="0.0"/>
  <testcase name="testCheckout" classname="com.juaracoding.testng2.KasirTest" time="0.0"/>
  <testcase name="testCheckout" classname="com.juaracoding.testng2.KasirTest" time="0.0"/>
  <testcase name="testCheckout" classname="com.juaracoding.testng2.KasirTest" time="0.0"/>
  <testcase name="testCheckout" classname="com.juaracoding.testng2.KasirTest" time="0.0"/>
  <testcase name="testCheckout" classname="com.juaracoding.testng2.KasirTest" time="0.0"/>
  <testcase name="testCheckout" classname="com.juaracoding.testng2.KasirTest" time="0.0"/>
  <testcase name="testCheckout" classname="com.juaracoding.testng2.KasirTest" time="0.0"/>
  <testcase name="testCheckout" classname="com.juaracoding.testng2.KasirTest" time="0.0"/>
  <testcase name="testCheckout" classname="com.juaracoding.testng2.KasirTest" time="0.0"/>
  <testcase name="testCheckout" classname="com.juaracoding.testng2.KasirTest" time="0.0"/>
  <testcase name="testCheckout" classname="com.juaracoding.testng2.KasirTest" time="0.0"/>
  <testcase name="testCheckout" classname="com.juaracoding.testng2.KasirTest" time="0.0"/>
  <testcase name="testCheckout" classname="com.juaracoding.testng2.KasirTest" time="0.0"/>
  <testcase name="testCheckout" classname="com.juaracoding.testng2.KasirTest" time="0.001"/>
  <testcase name="testCheckout" classname="com.juaracoding.testng2.KasirTest" time="0.0"/>
  <testcase name="testCheckout" classname="com.juaracoding.testng2.KasirTest" time="0.0"/>
  <testcase name="testCheckout" classname="com.juaracoding.testng2.KasirTest" time="0.0"/>
  <testcase name="testCheckout" classname="com.juaracoding.testng2.KasirTest" time="0.0"/>
  <testcase name="testCheckout" classname="com.juaracoding.testng2.KasirTest" time="0.0"/>
  <testcase name="testCheckout" classname="com.juaracoding.testng2.KasirTest" time="0.0"/>
  <testcase name="testCheckout" classname="com.juaracoding.testng2.KasirTest" time="0.0"/>
  <testcase name="testCheckout" classname="com.juaracoding.testng2.KasirTest" time="0.0"/>
  <testcase name="testCheckout" classname="com.juaracoding.testng2.KasirTest" time="0.0"/>
  <testcase name="testCheckout" classname="com.juaracoding.testng2.KasirTest" time="0.0"/>
  <testcase name="testCheckout" classname="com.juaracoding.testng2.KasirTest" time="0.0"/>
  <testcase name="testCheckout" classname="com.juaracoding.testng2.KasirTest" time="0.0"/>
  <testcase name="testCheckout" classname="com.juaracoding.testng2.KasirTest" time="0.0"/>
  <testcase name="testCheckout" classname="com.juaracoding.testng2.KasirTest" time="0.0"/>
  <testcase name="testCheckout" classname="com.juaracoding.testng2.KasirTest" time="0.0"/>
  <testcase name="testCheckout" classname="com.juaracoding.testng2.KasirTest" time="0.0"/>
  <testcase name="testCheckout" classname="com.juaracoding.testng2.KasirTest" time="0.0"/>
  <testcase name="testCheckout" classname="com.juaracoding.testng2.KasirTest" time="0.0"/>
  <testcase name="testCheckout" classname="com.juaracoding.testng2.KasirTest" time="0.0"/>
  <testcase name="testCheckout" classname="com.juaracoding.testng2.KasirTest" time="0.0"/>
  <testcase name="testCheckout" classname="com.juaracoding.testng2.KasirTest" time="0.0"/>
  <testcase name="testCheckout" classname="com.juaracoding.testng2.KasirTest" time="0.0"/>
  <testcase name="testCheckout" classname="com.juaracoding.testng2.KasirTest" time="0.0"/>
  <testcase name="testCheckout" classname="com.juaracoding.testng2.KasirTest" time="0.0"/>
  <testcase name="testCheckout" classname="com.juaracoding.testng2.KasirTest" time="0.0"/>
  <testcase name="testCheckout" classname="com.juaracoding.testng2.KasirTest" time="0.0"/>
  <testcase name="testCheckout" classname="com.juaracoding.testng2.KasirTest" time="0.0"/>
  <testcase name="testCheckout" classname="com.juaracoding.testng2.KasirTest" time="0.0"/>
  <testcase name="testCheckout" classname="com.juaracoding.testng2.KasirTest" time="0.0"/>
  <testcase name="testCheckout" classname="com.juaracoding.testng2.KasirTest" time="0.0"/>
  <testcase name="testCheckout" classname="com.juaracoding.testng2.KasirTest" time="0.001"/>
  <testcase name="testCheckout" classname="com.juaracoding.testng2.KasirTest" time="0.0"/>
  <testcase name="testCheckout" classname="com.juaracoding.testng2.KasirTest" time="0.0"/>
  <testcase name="testCheckout" classname="com.juaracoding.testng2.KasirTest" time="0.0"/>
  <testcase name="testCheckout" classname="com.juaracoding.testng2.KasirTest" time="0.0"/>
  <testcase name="testCheckout" classname="com.juaracoding.testng2.KasirTest" time="0.0"/>
  <testcase name="testCheckout" classname="com.juaracoding.testng2.KasirTest" time="0.0"/>
  <testcase name="testCheckout" classname="com.juaracoding.testng2.KasirTest" time="0.0"/>
  <testcase name="testCheckout" classname="com.juaracoding.testng2.KasirTest" time="0.0"/>
  <testcase name="testCheckout" classname="com.juaracoding.testng2.KasirTest" time="0.0"/>
  <testcase name="testCheckout" classname="com.juaracoding.testng2.KasirTest" time="0.0"/>
  <testcase name="testCheckout" classname="com.juaracoding.testng2.KasirTest" time="0.0"/>
  <testcase name="testCheckout" classname="com.juaracoding.testng2.KasirTest" time="0.0"/>
  <testcase name="testCheckout" classname="com.juaracoding.testng2.KasirTest" time="0.0"/>
  <testcase name="testCheckout" classname="com.juaracoding.testng2.KasirTest" time="0.0"/>
  <testcase name="testCheckout" classname="com.juaracoding.testng2.KasirTest" time="0.0"/>
  <testcase name="testCheckout" classname="com.juaracoding.testng2.KasirTest" time="0.0"/>
  <testcase name="testCheckout" classname="com.juaracoding.testng2.KasirTest" time="0.0"/>
  <testcase name="testCheckout" classname="com.juaracoding.testng2.KasirTest" time="0.0"/>
  <testcase name="testCheckout" classname="com.juaracoding.testng2.KasirTest" time="0.0"/>
  <testcase name="testCheckout" classname="com.juaracoding.testng2.KasirTest" time="0.0"/>
  <testcase name="testCheckout" classname="com.juaracoding.testng2.KasirTest" time="0.0"/>
  <testcase name="testCheckout" classname="com.juaracoding.testng2.KasirTest" time="0.0"/>
  <testcase name="testCheckout" classname="com.juaracoding.testng2.KasirTest" time="0.0"/>
  <testcase name="testCheckout" classname="com.juaracoding.testng2.KasirTest" time="0.0"/>
  <testcase name="testCheckout" classname="com.juaracoding.testng2.KasirTest" time="0.0"/>
  <testcase name="testCheckout" classname="com.juaracoding.testng2.KasirTest" time="0.0"/>
  <testcase name="testCheckout" classname="com.juaracoding.testng2.KasirTest" time="0.0"/>
  <testcase name="testCheckout" classname="com.juaracoding.testng2.KasirTest" time="0.0"/>
  <testcase name="testCheckout" classname="com.juaracoding.testng2.KasirTest" time="0.0"/>
  <testcase name="testCheckout" classname="com.juaracoding.testng2.KasirTest" time="0.0"/>
  <testcase name="testCheckout" classname="com.juaracoding.testng2.KasirTest" time="0.0"/>
  <testcase name="testCheckout" classname="com.juaracoding.testng2.KasirTest" time="0.0"/>
  <testcase name="testCheckout" classname="com.juaracoding.testng2.KasirTest" time="0.0"/>
  <testcase name="testCheckout" classname="com.juaracoding.testng2.KasirTest" time="0.0"/>
  <testcase name="testCheckout" classname="com.juaracoding.testng2.KasirTest" time="0.0"/>
  <testcase name="testCheckout" classname="com.juaracoding.testng2.KasirTest" time="0.0"/>
  <testcase name="testCheckout" classname="com.juaracoding.testng2.KasirTest" time="0.0"/>
  <testcase name="testCheckout" classname="com.juaracoding.testng2.KasirTest" time="0.0"/>
  <testcase name="testCheckout" classname="com.juaracoding.testng2.KasirTest" time="0.0"/>
  <testcase name="testCheckout" classname="com.juaracoding.testng2.KasirTest" time="0.0"/>
  <testcase name="testCheckout" classname="com.juaracoding.testng2.KasirTest" time="0.0"/>
  <testcase name="testCheckout" classname="com.juaracoding.testng2.KasirTest" time="0.0"/>
  <testcase name="testCheckout" classname="com.juaracoding.testng2.KasirTest" time="0.0"/>
  <testcase name="testCheckout" classname="com.juaracoding.testng2.KasirTest" time="0.0"/>
  <testcase name="testCheckout" classname="com.juaracoding.testng2.KasirTest" time="0.0"/>
  <testcase name="testCheckout" classname="com.juaracoding.testng2.KasirTest" time="0.0"/>
  <testcase name="testCheckout" classname="com.juaracoding.testng2.KasirTest" time="0.0"/>
  <testcase name="testCheckout" classname="com.juaracoding.testng2.KasirTest" time="0.0"/>
  <testcase name="testCheckout" classname="com.juaracoding.testng2.KasirTest" time="0.0"/>
  <testcase name="testCheckout" classname="com.juaracoding.testng2.KasirTest" time="0.0"/>
  <testcase name="testCheckout" classname="com.juaracoding.testng2.KasirTest" time="0.0"/>
  <testcase name="testCheckout" classname="com.juaracoding.testng2.KasirTest" time="0.0"/>
  <testcase name="testCheckout" classname="com.juaracoding.testng2.KasirTest" time="0.0"/>
  <testcase name="testCheckout" classname="com.juaracoding.testng2.KasirTest" time="0.0"/>
  <testcase name="testCheckout" classname="com.juaracoding.testng2.KasirTest" time="0.0"/>
  <testcase name="testCheckout" classname="com.juaracoding.testng2.KasirTest" time="0.0"/>
  <testcase name="testCheckout" classname="com.juaracoding.testng2.KasirTest" time="0.0"/>
  <testcase name="testCheckout" classname="com.juaracoding.testng2.KasirTest" time="0.0"/>
  <testcase name="testCheckout" classname="com.juaracoding.testng2.KasirTest" time="0.0"/>
  <testcase name="testCheckout" classname="com.juaracoding.testng2.KasirTest" time="0.0"/>
  <testcase name="testCheckout" classname="com.juaracoding.testng2.KasirTest" time="0.0"/>
  <testcase name="testCheckout" classname="com.juaracoding.testng2.KasirTest" time="0.0"/>
  <testcase name="testCheckout" classname="com.juaracoding.testng2.KasirTest" time="0.0"/>
  <testcase name="testCheckout" classname="com.juaracoding.testng2.KasirTest" time="0.0"/>
  <testcase name="testCheckout" classname="com.juaracoding.testng2.KasirTest" time="0.0"/>
  <testcase name="testCheckout" classname="com.juaracoding.testng2.KasirTest" time="0.0"/>
  <testcase name="testCheckout" classname="com.juaracoding.testng2.KasirTest" time="0.0"/>
  <testcase name="testCheckout" classname="com.juaracoding.testng2.KasirTest" time="0.0"/>
  <testcase name="testCheckout" classname="com.juaracoding.testng2.KasirTest" time="0.0"/>
  <testcase name="testCheckout" classname="com.juaracoding.testng2.KasirTest" time="0.0"/>
  <testcase name="testCheckout" classname="com.juaracoding.testng2.KasirTest" time="0.0"/>
  <testcase name="testCheckout" classname="com.juaracoding.testng2.KasirTest" time="0.0"/>
  <testcase name="testCheckout" classname="com.juaracoding.testng2.KasirTest" time="0.0"/>
  <testcase name="testCheckout" classname="com.juaracoding.testng2.KasirTest" time="0.0"/>
  <testcase name="testCheckout" classname="com.juaracoding.testng2.KasirTest" time="0.0"/>
  <testcase name="testCheckout" classname="com.juaracoding.testng2.KasirTest" time="0.0"/>
  <testcase name="testCheckout" classname="com.juaracoding.testng2.KasirTest" time="0.0"/>
  <testcase name="testCheckout" classname="com.juaracoding.testng2.KasirTest" time="0.0"/>
  <testcase name="testCheckout" classname="com.juaracoding.testng2.KasirTest" time="0.0"/>
  <testcase name="testCheckout" classname="com.juaracoding.testng2.KasirTest" time="0.0"/>
  <testcase name="testCheckout" classname="com.juaracoding.testng2.KasirTest" time="0.0"/>
  <testcase name="testCheckout" classname="com.juaracoding.testng2.KasirTest" time="0.0"/>
  <testcase name="testCheckout" classname="com.juaracoding.testng2.KasirTest" time="0.004"/>
  <testcase name="testCheckout" classname="com.juaracoding.testng2.KasirTest" time="0.0"/>
  <testcase name="testCheckout" classname="com.juaracoding.testng2.KasirTest" time="0.0"/>
  <testcase name="testCheckout" classname="com.juaracoding.testng2.KasirTest" time="0.0"/>
  <testcase name="testCheckout" classname="com.juaracoding.testng2.KasirTest" time="0.0"/>
  <testcase name="testCheckout" classname="com.juaracoding.testng2.KasirTest" time="0.0"/>
  <testcase name="testCheckout" classname="com.juaracoding.testng2.KasirTest" time="0.0"/>
  <testcase name="testCheckout" classname="com.juaracoding.testng2.KasirTest" time="0.0"/>
  <testcase name="testCheckout" classname="com.juaracoding.testng2.KasirTest" time="0.0"/>
  <testcase name="testCheckout" classname="com.juaracoding.testng2.KasirTest" time="0.0"/>
  <testcase name="testCheckout" classname="com.juaracoding.testng2.KasirTest" time="0.0"/>
  <testcase name="testCheckout" classname="com.juaracoding.testng2.KasirTest" time="0.0"/>
  <testcase name="testCheckout" classname="com.juaracoding.testng2.KasirTest" time="0.0"/>
  <testcase name="testCheckout" classname="com.juaracoding.testng2.KasirTest" time="0.0"/>
  <testcase name="testCheckout" classname="com.juaracoding.testng2.KasirTest" time="0.0"/>
  <testcase name="testCheckout" classname="com.juaracoding.testng2.KasirTest" time="0.0"/>
  <testcase name="testCheckout" classname="com.juaracoding.testng2.KasirTest" time="0.0"/>
  <testcase name="testCheckout" classname="com.juaracoding.testng2.KasirTest" time="0.0"/>
  <testcase name="testCheckout" classname="com.juaracoding.testng2.KasirTest" time="0.0"/>
  <testcase name="testCheckout" classname="com.juaracoding.testng2.KasirTest" time="0.0"/>
  <testcase name="testCheckout" classname="com.juaracoding.testng2.KasirTest" time="0.0"/>
  <testcase name="testCheckout" classname="com.juaracoding.testng2.KasirTest" time="0.0"/>
  <testcase name="testCheckout" classname="com.juaracoding.testng2.KasirTest" time="0.0"/>
  <testcase name="testCheckout" classname="com.juaracoding.testng2.KasirTest" time="0.0"/>
  <testcase name="testCheckout" classname="com.juaracoding.testng2.KasirTest" time="0.0"/>
  <testcase name="testCheckout" classname="com.juaracoding.testng2.KasirTest" time="0.0"/>
  <testcase name="testCheckout" classname="com.juaracoding.testng2.KasirTest" time="0.0"/>
  <testcase name="testCheckout" classname="com.juaracoding.testng2.KasirTest" time="0.0"/>
  <testcase name="testCheckout" classname="com.juaracoding.testng2.KasirTest" time="0.0"/>
  <testcase name="testCheckout" classname="com.juaracoding.testng2.KasirTest" time="0.0"/>
  <testcase name="testCheckout" classname="com.juaracoding.testng2.KasirTest" time="0.0"/>
  <testcase name="testCheckout" classname="com.juaracoding.testng2.KasirTest" time="0.0"/>
  <testcase name="testCheckout" classname="com.juaracoding.testng2.KasirTest" time="0.0"/>
  <testcase name="testCheckout" classname="com.juaracoding.testng2.KasirTest" time="0.0"/>
  <testcase name="testCheckout" classname="com.juaracoding.testng2.KasirTest" time="0.001"/>
  <testcase name="testCheckout" classname="com.juaracoding.testng2.KasirTest" time="0.001"/>
  <testcase name="testCheckout" classname="com.juaracoding.testng2.KasirTest" time="0.0"/>
  <testcase name="testCheckout" classname="com.juaracoding.testng2.KasirTest" time="0.0"/>
  <testcase name="testCheckout" classname="com.juaracoding.testng2.KasirTest" time="0.0"/>
  <testcase name="testCheckout" classname="com.juaracoding.testng2.KasirTest" time="0.0"/>
  <testcase name="testCheckout" classname="com.juaracoding.testng2.KasirTest" time="0.0"/>
  <testcase name="testCheckout" classname="com.juaracoding.testng2.KasirTest" time="0.0"/>
  <testcase name="testCheckout" classname="com.juaracoding.testng2.KasirTest" time="0.0"/>
  <testcase name="testCheckout" classname="com.juaracoding.testng2.KasirTest" time="0.0"/>
  <testcase name="testCheckout" classname="com.juaracoding.testng2.KasirTest" time="0.0"/>
  <testcase name="testCheckout" classname="com.juaracoding.testng2.KasirTest" time="0.0"/>
  <testcase name="testCheckout" classname="com.juaracoding.testng2.KasirTest" time="0.0"/>
  <testcase name="testCheckout" classname="com.juaracoding.testng2.KasirTest" time="0.0"/>
  <testcase name="testCheckout" classname="com.juaracoding.testng2.KasirTest" time="0.0"/>
  <testcase name="testCheckout" classname="com.juaracoding.testng2.KasirTest" time="0.0"/>
  <testcase name="testCheckout" classname="com.juaracoding.testng2.KasirTest" time="0.0"/>
  <testcase name="testCheckout" classname="com.juaracoding.testng2.KasirTest" time="0.0"/>
  <testcase name="testCheckout" classname="com.juaracoding.testng2.KasirTest" time="0.0"/>
  <testcase name="testCheckout" classname="com.juaracoding.testng2.KasirTest" time="0.0"/>
  <testcase name="testCheckout" classname="com.juaracoding.testng2.KasirTest" time="0.0"/>
  <testcase name="testCheckout" classname="com.juaracoding.testng2.KasirTest" time="0.0"/>
  <testcase name="testCheckout" classname="com.juaracoding.testng2.KasirTest" time="0.001"/>
  <testcase name="testCheckout" classname="com.juaracoding.testng2.KasirTest" time="0.0"/>
  <testcase name="testCheckout" classname="com.juaracoding.testng2.KasirTest" time="0.001"/>
  <testcase name="testCheckout" classname="com.juaracoding.testng2.KasirTest" time="0.0"/>
  <testcase name="testCheckout" classname="com.juaracoding.testng2.KasirTest" time="0.0"/>
  <testcase name="testCheckout" classname="com.juaracoding.testng2.KasirTest" time="0.0"/>
  <testcase name="testCheckout" classname="com.juaracoding.testng2.KasirTest" time="0.0"/>
  <testcase name="testCheckout" classname="com.juaracoding.testng2.KasirTest" time="0.0"/>
  <testcase name="testCheckout" classname="com.juaracoding.testng2.KasirTest" time="0.0"/>
  <testcase name="testCheckout" classname="com.juaracoding.testng2.KasirTest" time="0.0"/>
  <testcase name="testCheckout" classname="com.juaracoding.testng2.KasirTest" time="0.0"/>
  <testcase name="testCheckout" classname="com.juaracoding.testng2.KasirTest" time="0.0"/>
  <testcase name="testCheckout" classname="com.juaracoding.testng2.KasirTest" time="0.0"/>
  <testcase name="testCheckout" classname="com.juaracoding.testng2.KasirTest" time="0.0"/>
  <testcase name="testCheckout" classname="com.juaracoding.testng2.KasirTest" time="0.0"/>
  <testcase name="testCheckout" classname="com.juaracoding.testng2.KasirTest" time="0.0"/>
  <testcase name="testCheckout" classname="com.juaracoding.testng2.KasirTest" time="0.0"/>
  <testcase name="testCheckout" classname="com.juaracoding.testng2.KasirTest" time="0.0"/>
  <testcase name="testCheckout" classname="com.juaracoding.testng2.KasirTest" time="0.0"/>
  <testcase name="testCheckout" classname="com.juaracoding.testng2.KasirTest" time="0.0"/>
  <testcase name="testCheckout" classname="com.juaracoding.testng2.KasirTest" time="0.0"/>
  <testcase name="testCheckout" classname="com.juaracoding.testng2.KasirTest" time="0.0"/>
  <testcase name="testCheckout" classname="com.juaracoding.testng2.KasirTest" time="0.0"/>
  <testcase name="testCheckout" classname="com.juaracoding.testng2.KasirTest" time="0.0"/>
  <testcase name="testCheckout" classname="com.juaracoding.testng2.KasirTest" time="0.0"/>
  <testcase name="testCheckout" classname="com.juaracoding.testng2.KasirTest" time="0.0"/>
  <testcase name="testCheckout" classname="com.juaracoding.testng2.KasirTest" time="0.0"/>
  <testcase name="testCheckout" classname="com.juaracoding.testng2.KasirTest" time="0.0"/>
  <testcase name="testCheckout" classname="com.juaracoding.testng2.KasirTest" time="0.0"/>
  <testcase name="testCheckout" classname="com.juaracoding.testng2.KasirTest" time="0.0"/>
  <testcase name="testCheckout" classname="com.juaracoding.testng2.KasirTest" time="0.0"/>
  <testcase name="testCheckout" classname="com.juaracoding.testng2.KasirTest" time="0.0"/>
  <testcase name="testCheckout" classname="com.juaracoding.testng2.KasirTest" time="0.001"/>
  <testcase name="testCheckout" classname="com.juaracoding.testng2.KasirTest" time="0.001"/>
  <testcase name="testCheckout" classname="com.juaracoding.testng2.KasirTest" time="0.0"/>
  <testcase name="testCheckout" classname="com.juaracoding.testng2.KasirTest" time="0.0"/>
  <testcase name="testCheckout" classname="com.juaracoding.testng2.KasirTest" time="0.0"/>
  <testcase name="testCheckout" classname="com.juaracoding.testng2.KasirTest" time="0.0"/>
  <testcase name="testCheckout" classname="com.juaracoding.testng2.KasirTest" time="0.0"/>
  <testcase name="testCheckout" classname="com.juaracoding.testng2.KasirTest" time="0.0"/>
  <testcase name="testCheckout" classname="com.juaracoding.testng2.KasirTest" time="0.0"/>
  <testcase name="testCheckout" classname="com.juaracoding.testng2.KasirTest" time="0.0"/>
  <testcase name="testCheckout" classname="com.juaracoding.testng2.KasirTest" time="0.0"/>
  <testcase name="testCheckout" classname="com.juaracoding.testng2.KasirTest" time="0.0"/>
  <testcase name="testCheckout" classname="com.juaracoding.testng2.KasirTest" time="0.0"/>
  <testcase name="testCheckout" classname="com.juaracoding.testng2.KasirTest" time="0.0"/>
  <testcase name="testCheckout" classname="com.juaracoding.testng2.KasirTest" time="0.0"/>
  <testcase name="testCheckout" classname="com.juaracoding.testng2.KasirTest" time="0.0"/>
  <testcase name="testCheckout" classname="com.juaracoding.testng2.KasirTest" time="0.0"/>
  <testcase name="testCheckout" classname="com.juaracoding.testng2.KasirTest" time="0.0"/>
  <testcase name="testCheckout" classname="com.juaracoding.testng2.KasirTest" time="0.0"/>
  <testcase name="testCheckout" classname="com.juaracoding.testng2.KasirTest" time="0.0"/>
  <testcase name="testCheckout" classname="com.juaracoding.testng2.KasirTest" time="0.0"/>
  <testcase name="testCheckout" classname="com.juaracoding.testng2.KasirTest" time="0.001"/>
  <testcase name="testCheckout" classname="com.juaracoding.testng2.KasirTest" time="0.0"/>
  <testcase name="testCheckout" classname="com.juaracoding.testng2.KasirTest" time="0.0"/>
  <testcase name="testCheckout" classname="com.juaracoding.testng2.KasirTest" time="0.0"/>
  <testcase name="testCheckout" classname="com.juaracoding.testng2.KasirTest" time="0.0"/>
  <testcase name="testCheckout" classname="com.juaracoding.testng2.KasirTest" time="0.0"/>
  <testcase name="testCheckout" classname="com.juaracoding.testng2.KasirTest" time="0.0"/>
  <testcase name="testCheckout" classname="com.juaracoding.testng2.KasirTest" time="0.0"/>
  <testcase name="testCheckout" classname="com.juaracoding.testng2.KasirTest" time="0.0"/>
  <testcase name="testCheckout" classname="com.juaracoding.testng2.KasirTest" time="0.0"/>
  <testcase name="testCheckout" classname="com.juaracoding.testng2.KasirTest" time="0.0"/>
  <testcase name="testCheckout" classname="com.juaracoding.testng2.KasirTest" time="0.0"/>
  <testcase name="testCheckout" classname="com.juaracoding.testng2.KasirTest" time="0.0"/>
  <testcase name="testCheckout" classname="com.juaracoding.testng2.KasirTest" time="0.0"/>
  <testcase name="testCheckout" classname="com.juaracoding.testng2.KasirTest" time="0.0"/>
  <testcase name="testCheckout" classname="com.juaracoding.testng2.KasirTest" time="0.0"/>
  <testcase name="testCheckout" classname="com.juaracoding.testng2.KasirTest" time="0.0"/>
  <testcase name="testCheckout" classname="com.juaracoding.testng2.KasirTest" time="0.0"/>
  <testcase name="testCheckout" classname="com.juaracoding.testng2.KasirTest" time="0.0"/>
  <testcase name="testCheckout" classname="com.juaracoding.testng2.KasirTest" time="0.0"/>
  <testcase name="testCheckout" classname="com.juaracoding.testng2.KasirTest" time="0.0"/>
  <testcase name="testCheckout" classname="com.juaracoding.testng2.KasirTest" time="0.0"/>
  <testcase name="testCheckout" classname="com.juaracoding.testng2.KasirTest" time="0.0"/>
  <testcase name="testCheckout" classname="com.juaracoding.testng2.KasirTest" time="0.0"/>
  <testcase name="testCheckout" classname="com.juaracoding.testng2.KasirTest" time="0.0"/>
  <testcase name="testCheckout" classname="com.juaracoding.testng2.KasirTest" time="0.0"/>
  <testcase name="testCheckout" classname="com.juaracoding.testng2.KasirTest" time="0.0"/>
  <testcase name="testCheckout" classname="com.juaracoding.testng2.KasirTest" time="0.0"/>
  <testcase name="testCheckout" classname="com.juaracoding.testng2.KasirTest" time="0.0"/>
  <testcase name="testCheckout" classname="com.juaracoding.testng2.KasirTest" time="0.0"/>
  <testcase name="testCheckout" classname="com.juaracoding.testng2.KasirTest" time="0.0"/>
  <testcase name="testCheckout" classname="com.juaracoding.testng2.KasirTest" time="0.0"/>
  <testcase name="testCheckout" classname="com.juaracoding.testng2.KasirTest" time="0.0"/>
  <testcase name="testCheckout" classname="com.juaracoding.testng2.KasirTest" time="0.0"/>
  <testcase name="testCheckout" classname="com.juaracoding.testng2.KasirTest" time="0.0"/>
  <testcase name="testCheckout" classname="com.juaracoding.testng2.KasirTest" time="0.0"/>
  <testcase name="testCheckout" classname="com.juaracoding.testng2.KasirTest" time="0.001"/>
  <testcase name="testCheckout" classname="com.juaracoding.testng2.KasirTest" time="0.0"/>
  <testcase name="testCheckout" classname="com.juaracoding.testng2.KasirTest" time="0.0"/>
  <testcase name="testCheckout" classname="com.juaracoding.testng2.KasirTest" time="0.0"/>
  <testcase name="testCheckout" classname="com.juaracoding.testng2.KasirTest" time="0.0"/>
  <testcase name="testCheckout" classname="com.juaracoding.testng2.KasirTest" time="0.0"/>
  <testcase name="testCheckout" classname="com.juaracoding.testng2.KasirTest" time="0.0"/>
  <testcase name="testCheckout" classname="com.juaracoding.testng2.KasirTest" time="0.0"/>
  <testcase name="testCheckout" classname="com.juaracoding.testng2.KasirTest" time="0.0"/>
  <testcase name="testCheckout" classname="com.juaracoding.testng2.KasirTest" time="0.001"/>
  <testcase name="testCheckout" classname="com.juaracoding.testng2.KasirTest" time="0.002"/>
  <testcase name="testCheckout" classname="com.juaracoding.testng2.KasirTest" time="0.0"/>
  <testcase name="testCheckout" classname="com.juaracoding.testng2.KasirTest" time="0.0"/>
  <testcase name="testCheckout" classname="com.juaracoding.testng2.KasirTest" time="0.0"/>
  <testcase name="testCheckout" classname="com.juaracoding.testng2.KasirTest" time="0.0"/>
  <testcase name="testCheckout" classname="com.juaracoding.testng2.KasirTest" time="0.0"/>
  <testcase name="testCheckout" classname="com.juaracoding.testng2.KasirTest" time="0.0"/>
  <testcase name="testCheckout" classname="com.juaracoding.testng2.KasirTest" time="0.0"/>
  <testcase name="testCheckout" classname="com.juaracoding.testng2.KasirTest" time="0.0"/>
  <testcase name="testCheckout" classname="com.juaracoding.testng2.KasirTest" time="0.0"/>
  <testcase name="testCheckout" classname="com.juaracoding.testng2.KasirTest" time="0.0"/>
  <testcase name="testCheckout" classname="com.juaracoding.testng2.KasirTest" time="0.0"/>
  <testcase name="testCheckout" classname="com.juaracoding.testng2.KasirTest" time="0.0"/>
  <testcase name="testCheckout" classname="com.juaracoding.testng2.KasirTest" time="0.0"/>
  <testcase name="testCheckout" classname="com.juaracoding.testng2.KasirTest" time="0.0"/>
  <testcase name="testCheckout" classname="com.juaracoding.testng2.KasirTest" time="0.0"/>
  <testcase name="testCheckout" classname="com.juaracoding.testng2.KasirTest" time="0.0"/>
  <testcase name="testCheckout" classname="com.juaracoding.testng2.KasirTest" time="0.0"/>
  <testcase name="testCheckout" classname="com.juaracoding.testng2.KasirTest" time="0.0"/>
  <testcase name="testCheckout" classname="com.juaracoding.testng2.KasirTest" time="0.0"/>
  <testcase name="testCheckout" classname="com.juaracoding.testng2.KasirTest" time="0.0"/>
  <testcase name="testCheckout" classname="com.juaracoding.testng2.KasirTest" time="0.0"/>
  <testcase name="testCheckout" classname="com.juaracoding.testng2.KasirTest" time="0.0"/>
  <testcase name="testCheckout" classname="com.juaracoding.testng2.KasirTest" time="0.0"/>
  <testcase name="testCheckout" classname="com.juaracoding.testng2.KasirTest" time="0.0"/>
  <testcase name="testCheckout" classname="com.juaracoding.testng2.KasirTest" time="0.0"/>
  <testcase name="testCheckout" classname="com.juaracoding.testng2.KasirTest" time="0.0"/>
  <testcase name="testCheckout" classname="com.juaracoding.testng2.KasirTest" time="0.0"/>
  <testcase name="testCheckout" classname="com.juaracoding.testng2.KasirTest" time="0.0"/>
  <testcase name="testCheckout" classname="com.juaracoding.testng2.KasirTest" time="0.0"/>
  <testcase name="testCheckout" classname="com.juaracoding.testng2.KasirTest" time="0.0"/>
  <testcase name="testCheckout" classname="com.juaracoding.testng2.KasirTest" time="0.0"/>
  <testcase name="testCheckout" classname="com.juaracoding.testng2.KasirTest" time="0.0"/>
  <testcase name="testCheckout" classname="com.juaracoding.testng2.KasirTest" time="0.0"/>
  <testcase name="testCheckout" classname="com.juaracoding.testng2.KasirTest" time="0.0"/>
  <testcase name="testCheckout" classname="com.juaracoding.testng2.KasirTest" time="0.0"/>
  <testcase name="testCheckout" classname="com.juaracoding.testng2.KasirTest" time="0.0"/>
  <testcase name="testCheckout" classname="com.juaracoding.testng2.KasirTest" time="0.0"/>
  <testcase name="testCheckout" classname="com.juaracoding.testng2.KasirTest" time="0.0"/>
  <testcase name="testCheckout" classname="com.juaracoding.testng2.KasirTest" time="0.0"/>
  <testcase name="testCheckout" classname="com.juaracoding.testng2.KasirTest" time="0.0"/>
  <testcase name="testCheckout" classname="com.juaracoding.testng2.KasirTest" time="0.0"/>
  <testcase name="testCheckout" classname="com.juaracoding.testng2.KasirTest" time="0.0"/>
  <testcase name="testCheckout" classname="com.juaracoding.testng2.KasirTest" time="0.0"/>
  <testcase name="testCheckout" classname="com.juaracoding.testng2.KasirTest" time="0.0"/>
  <testcase name="testCheckout" classname="com.juaracoding.testng2.KasirTest" time="0.0"/>
  <testcase name="testCheckout" classname="com.juaracoding.testng2.KasirTest" time="0.0"/>
  <testcase name="testCheckout" classname="com.juaracoding.testng2.KasirTest" time="0.0"/>
  <testcase name="testCheckout" classname="com.juaracoding.testng2.KasirTest" time="0.0"/>
  <testcase name="testCheckout" classname="com.juaracoding.testng2.KasirTest" time="0.0"/>
  <testcase name="testCheckout" classname="com.juaracoding.testng2.KasirTest" time="0.0"/>
  <testcase name="testCheckout" classname="com.juaracoding.testng2.KasirTest" time="0.0"/>
  <testcase name="testCheckout" classname="com.juaracoding.testng2.KasirTest" time="0.0"/>
  <testcase name="testCheckout" classname="com.juaracoding.testng2.KasirTest" time="0.0"/>
  <testcase name="testCheckout" classname="com.juaracoding.testng2.KasirTest" time="0.0"/>
  <testcase name="testCheckout" classname="com.juaracoding.testng2.KasirTest" time="0.0"/>
  <testcase name="testCheckout" classname="com.juaracoding.testng2.KasirTest" time="0.0"/>
  <testcase name="testCheckout" classname="com.juaracoding.testng2.KasirTest" time="0.0"/>
  <testcase name="testCheckout" classname="com.juaracoding.testng2.KasirTest" time="0.0"/>
  <testcase name="testCheckout" classname="com.juaracoding.testng2.KasirTest" time="0.0"/>
  <testcase name="testCheckout" classname="com.juaracoding.testng2.KasirTest" time="0.0"/>
  <testcase name="testCheckout" classname="com.juaracoding.testng2.KasirTest" time="0.0"/>
  <testcase name="testCheckout" classname="com.juaracoding.testng2.KasirTest" time="0.0"/>
  <testcase name="testCheckout" classname="com.juaracoding.testng2.KasirTest" time="0.0"/>
  <testcase name="testCheckout" classname="com.juaracoding.testng2.KasirTest" time="0.0"/>
  <testcase name="testCheckout" classname="com.juaracoding.testng2.KasirTest" time="0.0"/>
  <testcase name="testCheckout" classname="com.juaracoding.testng2.KasirTest" time="0.0"/>
  <testcase name="testCheckout" classname="com.juaracoding.testng2.KasirTest" time="0.0"/>
  <testcase name="testCheckout" classname="com.juaracoding.testng2.KasirTest" time="0.0"/>
  <testcase name="testCheckout" classname="com.juaracoding.testng2.KasirTest" time="0.0"/>
  <testcase name="testCheckout" classname="com.juaracoding.testng2.KasirTest" time="0.0"/>
  <testcase name="testCheckout" classname="com.juaracoding.testng2.KasirTest" time="0.0"/>
  <testcase name="testCheckout" classname="com.juaracoding.testng2.KasirTest" time="0.0"/>
  <testcase name="testCheckout" classname="com.juaracoding.testng2.KasirTest" time="0.0"/>
  <testcase name="testCheckout" classname="com.juaracoding.testng2.KasirTest" time="0.0"/>
  <testcase name="testCheckout" classname="com.juaracoding.testng2.KasirTest" time="0.0"/>
  <testcase name="testCheckout" classname="com.juaracoding.testng2.KasirTest" time="0.0"/>
  <testcase name="testCheckout" classname="com.juaracoding.testng2.KasirTest" time="0.0"/>
  <testcase name="testCheckout" classname="com.juaracoding.testng2.KasirTest" time="0.0"/>
  <testcase name="testCheckout" classname="com.juaracoding.testng2.KasirTest" time="0.0"/>
  <testcase name="testCheckout" classname="com.juaracoding.testng2.KasirTest" time="0.0"/>
  <testcase name="testCheckout" classname="com.juaracoding.testng2.KasirTest" time="0.0"/>
  <testcase name="testCheckout" classname="com.juaracoding.testng2.KasirTest" time="0.0"/>
  <testcase name="testCheckout" classname="com.juaracoding.testng2.KasirTest" time="0.0"/>
  <testcase name="testCheckout" classname="com.juaracoding.testng2.KasirTest" time="0.0"/>
  <testcase name="testCheckout" classname="com.juaracoding.testng2.KasirTest" time="0.0"/>
  <testcase name="testCheckout" classname="com.juaracoding.testng2.KasirTest" time="0.0"/>
  <testcase name="testCheckout" classname="com.juaracoding.testng2.KasirTest" time="0.0"/>
  <testcase name="testCheckout" classname="com.juaracoding.testng2.KasirTest" time="0.0"/>
  <testcase name="testCheckout" classname="com.juaracoding.testng2.KasirTest" time="0.0"/>
  <testcase name="testCheckout" classname="com.juaracoding.testng2.KasirTest" time="0.0"/>
  <testcase name="testCheckout" classname="com.juaracoding.testng2.KasirTest" time="0.0"/>
  <testcase name="testCheckout" classname="com.juaracoding.testng2.KasirTest" time="0.0"/>
  <testcase name="testCheckout" classname="com.juaracoding.testng2.KasirTest" time="0.0"/>
  <testcase name="testCheckout" classname="com.juaracoding.testng2.KasirTest" time="0.0"/>
  <testcase name="testCheckout" classname="com.juaracoding.testng2.KasirTest" time="0.0"/>
  <testcase name="testCheckout" classname="com.juaracoding.testng2.KasirTest" time="0.0"/>
  <testcase name="testCheckout" classname="com.juaracoding.testng2.KasirTest" time="0.001"/>
  <testcase name="testCheckout" classname="com.juaracoding.testng2.KasirTest" time="0.0"/>
  <testcase name="testCheckout" classname="com.juaracoding.testng2.KasirTest" time="0.0"/>
  <testcase name="testCheckout" classname="com.juaracoding.testng2.KasirTest" time="0.0"/>
  <testcase name="testCheckout" classname="com.juaracoding.testng2.KasirTest" time="0.0"/>
  <testcase name="testCheckout" classname="com.juaracoding.testng2.KasirTest" time="0.0"/>
  <testcase name="testCheckout" classname="com.juaracoding.testng2.KasirTest" time="0.0"/>
  <testcase name="testCheckout" classname="com.juaracoding.testng2.KasirTest" time="0.0"/>
  <testcase name="testCheckout" classname="com.juaracoding.testng2.KasirTest" time="0.0"/>
  <testcase name="testCheckout" classname="com.juaracoding.testng2.KasirTest" time="0.0"/>
  <testcase name="testCheckout" classname="com.juaracoding.testng2.KasirTest" time="0.0"/>
  <testcase name="testCheckout" classname="com.juaracoding.testng2.KasirTest" time="0.0"/>
  <testcase name="testCheckout" classname="com.juaracoding.testng2.KasirTest" time="0.0"/>
  <testcase name="testCheckout" classname="com.juaracoding.testng2.KasirTest" time="0.0"/>
  <testcase name="testCheckout" classname="com.juaracoding.testng2.KasirTest" time="0.0"/>
  <testcase name="testCheckout" classname="com.juaracoding.testng2.KasirTest" time="0.0"/>
  <testcase name="testCheckout" classname="com.juaracoding.testng2.KasirTest" time="0.001"/>
  <testcase name="testCheckout" classname="com.juaracoding.testng2.KasirTest" time="0.0"/>
  <testcase name="testCheckout" classname="com.juaracoding.testng2.KasirTest" time="0.0"/>
  <testcase name="testCheckout" classname="com.juaracoding.testng2.KasirTest" time="0.0"/>
  <testcase name="testCheckout" classname="com.juaracoding.testng2.KasirTest" time="0.0"/>
  <testcase name="testCheckout" classname="com.juaracoding.testng2.KasirTest" time="0.0"/>
  <testcase name="testCheckout" classname="com.juaracoding.testng2.KasirTest" time="0.0"/>
  <testcase name="testCheckout" classname="com.juaracoding.testng2.KasirTest" time="0.0"/>
  <testcase name="testCheckout" classname="com.juaracoding.testng2.KasirTest" time="0.0"/>
  <testcase name="testCheckout" classname="com.juaracoding.testng2.KasirTest" time="0.0"/>
  <testcase name="testCheckout" classname="com.juaracoding.testng2.KasirTest" time="0.0"/>
  <testcase name="testCheckout" classname="com.juaracoding.testng2.KasirTest" time="0.0"/>
  <testcase name="testCheckout" classname="com.juaracoding.testng2.KasirTest" time="0.0"/>
  <testcase name="testCheckout" classname="com.juaracoding.testng2.KasirTest" time="0.001"/>
  <testcase name="testCheckout" classname="com.juaracoding.testng2.KasirTest" time="0.001"/>
  <testcase name="testCheckout" classname="com.juaracoding.testng2.KasirTest" time="0.0"/>
  <testcase name="testCheckout" classname="com.juaracoding.testng2.KasirTest" time="0.0"/>
  <testcase name="testCheckout" classname="com.juaracoding.testng2.KasirTest" time="0.0"/>
  <testcase name="testCheckout" classname="com.juaracoding.testng2.KasirTest" time="0.0"/>
  <testcase name="testCheckout" classname="com.juaracoding.testng2.KasirTest" time="0.0"/>
  <testcase name="testCheckout" classname="com.juaracoding.testng2.KasirTest" time="0.0"/>
  <testcase name="testCheckout" classname="com.juaracoding.testng2.KasirTest" time="0.0"/>
  <testcase name="testCheckout" classname="com.juaracoding.testng2.KasirTest" time="0.0"/>
  <testcase name="testCheckout" classname="com.juaracoding.testng2.KasirTest" time="0.0"/>
  <testcase name="testCheckout" classname="com.juaracoding.testng2.KasirTest" time="0.0"/>
  <testcase name="testCheckout" classname="com.juaracoding.testng2.KasirTest" time="0.0"/>
  <testcase name="testCheckout" classname="com.juaracoding.testng2.KasirTest" time="0.0"/>
  <testcase name="testCheckout" classname="com.juaracoding.testng2.KasirTest" time="0.0"/>
  <testcase name="testCheckout" classname="com.juaracoding.testng2.KasirTest" time="0.0"/>
  <testcase name="testCheckout" classname="com.juaracoding.testng2.KasirTest" time="0.0"/>
  <testcase name="testCheckout" classname="com.juaracoding.testng2.KasirTest" time="0.0"/>
  <testcase name="testCheckout" classname="com.juaracoding.testng2.KasirTest" time="0.0"/>
  <testcase name="testCheckout" classname="com.juaracoding.testng2.KasirTest" time="0.0"/>
  <testcase name="testCheckout" classname="com.juaracoding.testng2.KasirTest" time="0.0"/>
  <testcase name="testCheckout" classname="com.juaracoding.testng2.KasirTest" time="0.0"/>
  <testcase name="testCheckout" classname="com.juaracoding.testng2.KasirTest" time="0.0"/>
  <testcase name="testCheckout" classname="com.juaracoding.testng2.KasirTest" time="0.0"/>
  <testcase name="testCheckout" classname="com.juaracoding.testng2.KasirTest" time="0.0"/>
  <testcase name="testCheckout" classname="com.juaracoding.testng2.KasirTest" time="0.0"/>
  <testcase name="testCheckout" classname="com.juaracoding.testng2.KasirTest" time="0.0"/>
  <testcase name="testCheckout" classname="com.juaracoding.testng2.KasirTest" time="0.0"/>
  <testcase name="testCheckout" classname="com.juaracoding.testng2.KasirTest" time="0.0"/>
  <testcase name="testCheckout" classname="com.juaracoding.testng2.KasirTest" time="0.0"/>
  <testcase name="testCheckout" classname="com.juaracoding.testng2.KasirTest" time="0.0"/>
  <testcase name="testCheckout" classname="com.juaracoding.testng2.KasirTest" time="0.001"/>
  <testcase name="testCheckout" classname="com.juaracoding.testng2.KasirTest" time="0.001"/>
  <testcase name="testCheckout" classname="com.juaracoding.testng2.KasirTest" time="0.001"/>
  <testcase name="testCheckout" classname="com.juaracoding.testng2.KasirTest" time="0.0"/>
  <testcase name="testCheckout" classname="com.juaracoding.testng2.KasirTest" time="0.0"/>
  <testcase name="testCheckout" classname="com.juaracoding.testng2.KasirTest" time="0.0"/>
  <testcase name="testCheckout" classname="com.juaracoding.testng2.KasirTest" time="0.0"/>
  <testcase name="testCheckout" classname="com.juaracoding.testng2.KasirTest" time="0.0"/>
  <testcase name="testCheckout" classname="com.juaracoding.testng2.KasirTest" time="0.0"/>
  <testcase name="testCheckout" classname="com.juaracoding.testng2.KasirTest" time="0.0"/>
  <testcase name="testCheckout" classname="com.juaracoding.testng2.KasirTest" time="0.0"/>
  <testcase name="testCheckout" classname="com.juaracoding.testng2.KasirTest" time="0.0"/>
  <testcase name="testCheckout" classname="com.juaracoding.testng2.KasirTest" time="0.001"/>
  <testcase name="testCheckout" classname="com.juaracoding.testng2.KasirTest" time="0.0"/>
  <testcase name="testCheckout" classname="com.juaracoding.testng2.KasirTest" time="0.0"/>
  <testcase name="testCheckout" classname="com.juaracoding.testng2.KasirTest" time="0.0"/>
  <testcase name="testCheckout" classname="com.juaracoding.testng2.KasirTest" time="0.0"/>
  <testcase name="testCheckout" classname="com.juaracoding.testng2.KasirTest" time="0.0"/>
  <testcase name="testCheckout" classname="com.juaracoding.testng2.KasirTest" time="0.0"/>
  <testcase name="testCheckout" classname="com.juaracoding.testng2.KasirTest" time="0.0"/>
  <testcase name="testCheckout" classname="com.juaracoding.testng2.KasirTest" time="0.0"/>
  <testcase name="testCheckout" classname="com.juaracoding.testng2.KasirTest" time="0.0"/>
  <testcase name="testCheckout" classname="com.juaracoding.testng2.KasirTest" time="0.0"/>
  <testcase name="testCheckout" classname="com.juaracoding.testng2.KasirTest" time="0.0"/>
  <testcase name="testCheckout" classname="com.juaracoding.testng2.KasirTest" time="0.0"/>
  <testcase name="testCheckout" classname="com.juaracoding.testng2.KasirTest" time="0.0"/>
  <testcase name="testCheckout" classname="com.juaracoding.testng2.KasirTest" time="0.0"/>
  <testcase name="testCheckout" classname="com.juaracoding.testng2.KasirTest" time="0.0"/>
  <testcase name="testCheckout" classname="com.juaracoding.testng2.KasirTest" time="0.0"/>
  <testcase name="testCheckout" classname="com.juaracoding.testng2.KasirTest" time="0.0"/>
  <testcase name="testCheckout" classname="com.juaracoding.testng2.KasirTest" time="0.0"/>
  <testcase name="testCheckout" classname="com.juaracoding.testng2.KasirTest" time="0.0"/>
  <testcase name="testCheckout" classname="com.juaracoding.testng2.KasirTest" time="0.0"/>
  <testcase name="testCheckout" classname="com.juaracoding.testng2.KasirTest" time="0.0"/>
  <testcase name="testCheckout" classname="com.juaracoding.testng2.KasirTest" time="0.0"/>
  <testcase name="testCheckout" classname="com.juaracoding.testng2.KasirTest" time="0.0"/>
  <testcase name="testCheckout" classname="com.juaracoding.testng2.KasirTest" time="0.0"/>
  <testcase name="testCheckout" classname="com.juaracoding.testng2.KasirTest" time="0.0"/>
  <testcase name="testCheckout" classname="com.juaracoding.testng2.KasirTest" time="0.0"/>
  <testcase name="testCheckout" classname="com.juaracoding.testng2.KasirTest" time="0.0"/>
  <testcase name="testCheckout" classname="com.juaracoding.testng2.KasirTest" time="0.0"/>
  <testcase name="testCheckout" classname="com.juaracoding.testng2.KasirTest" time="0.0"/>
  <testcase name="testCheckout" classname="com.juaracoding.testng2.KasirTest" time="0.0"/>
  <testcase name="testCheckout" classname="com.juaracoding.testng2.KasirTest" time="0.0"/>
  <testcase name="testCheckout" classname="com.juaracoding.testng2.KasirTest" time="0.0"/>
  <testcase name="testCheckout" classname="com.juaracoding.testng2.KasirTest" time="0.0"/>
  <testcase name="testCheckout" classname="com.juaracoding.testng2.KasirTest" time="0.0"/>
  <testcase name="testCheckout" classname="com.juaracoding.testng2.KasirTest" time="0.0"/>
  <testcase name="testCheckout" classname="com.juaracoding.testng2.KasirTest" time="0.001"/>
  <testcase name="testCheckout" classname="com.juaracoding.testng2.KasirTest" time="0.0"/>
  <testcase name="testCheckout" classname="com.juaracoding.testng2.KasirTest" time="0.0"/>
  <testcase name="testCheckout" classname="com.juaracoding.testng2.KasirTest" time="0.0"/>
  <testcase name="testCheckout" classname="com.juaracoding.testng2.KasirTest" time="0.0"/>
  <testcase name="testCheckout" classname="com.juaracoding.testng2.KasirTest" time="0.0"/>
  <testcase name="testCheckout" classname="com.juaracoding.testng2.KasirTest" time="0.0"/>
  <testcase name="testCheckout" classname="com.juaracoding.testng2.KasirTest" time="0.0"/>
  <testcase name="testCheckout" classname="com.juaracoding.testng2.KasirTest" time="0.0"/>
  <testcase name="testCheckout" classname="com.juaracoding.testng2.KasirTest" time="0.0"/>
  <testcase name="testCheckout" classname="com.juaracoding.testng2.KasirTest" time="0.0"/>
  <testcase name="testCheckout" classname="com.juaracoding.testng2.KasirTest" time="0.0"/>
  <testcase name="testCheckout" classname="com.juaracoding.testng2.KasirTest" time="0.001"/>
  <testcase name="testCheckout" classname="com.juaracoding.testng2.KasirTest" time="0.0"/>
  <testcase name="testCheckout" classname="com.juaracoding.testng2.KasirTest" time="0.0"/>
  <testcase name="testCheckout" classname="com.juaracoding.testng2.KasirTest" time="0.0"/>
  <testcase name="testCheckout" classname="com.juaracoding.testng2.KasirTest" time="0.0"/>
  <testcase name="testCheckout" classname="com.juaracoding.testng2.KasirTest" time="0.0"/>
  <testcase name="testCheckout" classname="com.juaracoding.testng2.KasirTest" time="0.0"/>
  <testcase name="testCheckout" classname="com.juaracoding.testng2.KasirTest" time="0.0"/>
  <testcase name="testCheckout" classname="com.juaracoding.testng2.KasirTest" time="0.0"/>
  <testcase name="testCheckout" classname="com.juaracoding.testng2.KasirTest" time="0.0"/>
  <testcase name="testCheckout" classname="com.juaracoding.testng2.KasirTest" time="0.0"/>
  <testcase name="testCheckout" classname="com.juaracoding.testng2.KasirTest" time="0.0"/>
  <testcase name="testCheckout" classname="com.juaracoding.testng2.KasirTest" time="0.0"/>
  <testcase name="testCheckout" classname="com.juaracoding.testng2.KasirTest" time="0.0"/>
  <testcase name="testCheckout" classname="com.juaracoding.testng2.KasirTest" time="0.0"/>
  <testcase name="testCheckout" classname="com.juaracoding.testng2.KasirTest" time="0.0"/>
  <testcase name="testCheckout" classname="com.juaracoding.testng2.KasirTest" time="0.0"/>
  <testcase name="testCheckout" classname="com.juaracoding.testng2.KasirTest" time="0.0"/>
  <testcase name="testCheckout" classname="com.juaracoding.testng2.KasirTest" time="0.0"/>
  <testcase name="testCheckout" classname="com.juaracoding.testng2.KasirTest" time="0.0"/>
  <testcase name="testCheckout" classname="com.juaracoding.testng2.KasirTest" time="0.0"/>
  <testcase name="testCheckout" classname="com.juaracoding.testng2.KasirTest" time="0.0"/>
  <testcase name="testCheckout" classname="com.juaracoding.testng2.KasirTest" time="0.0"/>
  <testcase name="testCheckout" classname="com.juaracoding.testng2.KasirTest" time="0.0"/>
  <testcase name="testCheckout" classname="com.juaracoding.testng2.KasirTest" time="0.0"/>
  <testcase name="testCheckout" classname="com.juaracoding.testng2.KasirTest" time="0.0"/>
  <testcase name="testCheckout" classname="com.juaracoding.testng2.KasirTest" time="0.0"/>
  <testcase name="testCheckout" classname="com.juaracoding.testng2.KasirTest" time="0.0"/>
  <testcase name="testCheckout" classname="com.juaracoding.testng2.KasirTest" time="0.0"/>
  <testcase name="testCheckout" classname="com.juaracoding.testng2.KasirTest" time="0.0"/>
  <testcase name="testCheckout" classname="com.juaracoding.testng2.KasirTest" time="0.0"/>
  <testcase name="testCheckout" classname="com.juaracoding.testng2.KasirTest" time="0.0"/>
  <testcase name="testCheckout" classname="com.juaracoding.testng2.KasirTest" time="0.0"/>
  <testcase name="testCheckout" classname="com.juaracoding.testng2.KasirTest" time="0.0"/>
  <testcase name="testCheckout" classname="com.juaracoding.testng2.KasirTest" time="0.0"/>
  <testcase name="testCheckout" classname="com.juaracoding.testng2.KasirTest" time="0.0"/>
  <testcase name="testCheckout" classname="com.juaracoding.testng2.KasirTest" time="0.0"/>
  <testcase name="testCheckout" classname="com.juaracoding.testng2.KasirTest" time="0.0"/>
  <testcase name="testCheckout" classname="com.juaracoding.testng2.KasirTest" time="0.0"/>
  <testcase name="testCheckout" classname="com.juaracoding.testng2.KasirTest" time="0.0"/>
  <testcase name="testCheckout" classname="com.juaracoding.testng2.KasirTest" time="0.0"/>
  <testcase name="testCheckout" classname="com.juaracoding.testng2.KasirTest" time="0.0"/>
  <testcase name="testCheckout" classname="com.juaracoding.testng2.KasirTest" time="0.0"/>
  <testcase name="testCheckout" classname="com.juaracoding.testng2.KasirTest" time="0.0"/>
  <testcase name="testCheckout" classname="com.juaracoding.testng2.KasirTest" time="0.0"/>
  <testcase name="testCheckout" classname="com.juaracoding.testng2.KasirTest" time="0.0"/>
  <testcase name="testCheckout" classname="com.juaracoding.testng2.KasirTest" time="0.0"/>
  <testcase name="testCheckout" classname="com.juaracoding.testng2.KasirTest" time="0.0"/>
  <testcase name="testCheckout" classname="com.juaracoding.testng2.KasirTest" time="0.0"/>
  <testcase name="testCheckout" classname="com.juaracoding.testng2.KasirTest" time="0.0"/>
  <testcase name="testCheckout" classname="com.juaracoding.testng2.KasirTest" time="0.0"/>
  <testcase name="testCheckout" classname="com.juaracoding.testng2.KasirTest" time="0.0"/>
  <testcase name="testCheckout" classname="com.juaracoding.testng2.KasirTest" time="0.001"/>
  <testcase name="testCheckout" classname="com.juaracoding.testng2.KasirTest" time="0.0"/>
  <testcase name="testCheckout" classname="com.juaracoding.testng2.KasirTest" time="0.0"/>
  <testcase name="testCheckout" classname="com.juaracoding.testng2.KasirTest" time="0.0"/>
  <testcase name="testCheckout" classname="com.juaracoding.testng2.KasirTest" time="0.0"/>
  <testcase name="testCheckout" classname="com.juaracoding.testng2.KasirTest" time="0.0"/>
  <testcase name="testCheckout" classname="com.juaracoding.testng2.KasirTest" time="0.0"/>
  <testcase name="testCheckout" classname="com.juaracoding.testng2.KasirTest" time="0.0"/>
  <testcase name="testCheckout" classname="com.juaracoding.testng2.KasirTest" time="0.0"/>
  <testcase name="testCheckout" classname="com.juaracoding.testng2.KasirTest" time="0.0"/>
  <testcase name="testCheckout" classname="com.juaracoding.testng2.KasirTest" time="0.0"/>
  <testcase name="testCheckout" classname="com.juaracoding.testng2.KasirTest" time="0.0"/>
  <testcase name="testCheckout" classname="com.juaracoding.testng2.KasirTest" time="0.001"/>
  <testcase name="testCheckout" classname="com.juaracoding.testng2.KasirTest" time="0.0"/>
  <testcase name="testCheckout" classname="com.juaracoding.testng2.KasirTest" time="0.0"/>
  <testcase name="testCheckout" classname="com.juaracoding.testng2.KasirTest" time="0.0"/>
  <testcase name="testCheckout" classname="com.juaracoding.testng2.KasirTest" time="0.0"/>
  <testcase name="testCheckout" classname="com.juaracoding.testng2.KasirTest" time="0.0"/>
  <testcase name="testCheckout" classname="com.juaracoding.testng2.KasirTest" time="0.0"/>
  <testcase name="testCheckout" classname="com.juaracoding.testng2.KasirTest" time="0.0"/>
  <testcase name="testCheckout" classname="com.juaracoding.testng2.KasirTest" time="0.005"/>
  <testcase name="testCheckout" classname="com.juaracoding.testng2.KasirTest" time="0.0"/>
  <testcase name="testCheckout" classname="com.juaracoding.testng2.KasirTest" time="0.001"/>
  <testcase name="testCheckout" classname="com.juaracoding.testng2.KasirTest" time="0.0"/>
  <testcase name="testCheckout" classname="com.juaracoding.testng2.KasirTest" time="0.0"/>
  <testcase name="testCheckout" classname="com.juaracoding.testng2.KasirTest" time="0.0"/>
  <testcase name="testCheckout" classname="com.juaracoding.testng2.KasirTest" time="0.0"/>
  <testcase name="testCheckout" classname="com.juaracoding.testng2.KasirTest" time="0.0"/>
  <testcase name="testCheckout" classname="com.juaracoding.testng2.KasirTest" time="0.0"/>
  <testcase name="testCheckout" classname="com.juaracoding.testng2.KasirTest" time="0.0"/>
  <testcase name="testCheckout" classname="com.juaracoding.testng2.KasirTest" time="0.0"/>
  <testcase name="testCheckout" classname="com.juaracoding.testng2.KasirTest" time="0.0"/>
  <testcase name="testCheckout" classname="com.juaracoding.testng2.KasirTest" time="0.0"/>
  <testcase name="testCheckout" classname="com.juaracoding.testng2.KasirTest" time="0.0"/>
  <testcase name="testCheckout" classname="com.juaracoding.testng2.KasirTest" time="0.0"/>
  <testcase name="testCheckout" classname="com.juaracoding.testng2.KasirTest" time="0.0"/>
  <testcase name="testCheckout" classname="com.juaracoding.testng2.KasirTest" time="0.0"/>
  <testcase name="testCheckout" classname="com.juaracoding.testng2.KasirTest" time="0.001"/>
  <testcase name="testCheckout" classname="com.juaracoding.testng2.KasirTest" time="0.001"/>
  <testcase name="testCheckout" classname="com.juaracoding.testng2.KasirTest" time="0.001"/>
  <testcase name="testCheckout" classname="com.juaracoding.testng2.KasirTest" time="0.0"/>
  <testcase name="testCheckout" classname="com.juaracoding.testng2.KasirTest" time="0.0"/>
  <testcase name="testCheckout" classname="com.juaracoding.testng2.KasirTest" time="0.0"/>
  <testcase name="testCheckout" classname="com.juaracoding.testng2.KasirTest" time="0.0"/>
  <testcase name="testCheckout" classname="com.juaracoding.testng2.KasirTest" time="0.0"/>
  <testcase name="testCheckout" classname="com.juaracoding.testng2.KasirTest" time="0.0"/>
  <testcase name="testCheckout" classname="com.juaracoding.testng2.KasirTest" time="0.0"/>
  <testcase name="testCheckout" classname="com.juaracoding.testng2.KasirTest" time="0.0"/>
  <testcase name="testCheckout" classname="com.juaracoding.testng2.KasirTest" time="0.0"/>
  <testcase name="testCheckout" classname="com.juaracoding.testng2.KasirTest" time="0.0"/>
  <testcase name="testCheckout" classname="com.juaracoding.testng2.KasirTest" time="0.0"/>
  <testcase name="testCheckout" classname="com.juaracoding.testng2.KasirTest" time="0.0"/>
  <testcase name="testCheckout" classname="com.juaracoding.testng2.KasirTest" time="0.0"/>
  <testcase name="testCheckout" classname="com.juaracoding.testng2.KasirTest" time="0.0"/>
  <testcase name="testCheckout" classname="com.juaracoding.testng2.KasirTest" time="0.0"/>
  <testcase name="testCheckout" classname="com.juaracoding.testng2.KasirTest" time="0.0"/>
  <testcase name="testCheckout" classname="com.juaracoding.testng2.KasirTest" time="0.0"/>
  <testcase name="testCheckout" classname="com.juaracoding.testng2.KasirTest" time="0.0"/>
  <testcase name="testCheckout" classname="com.juaracoding.testng2.KasirTest" time="0.0"/>
  <testcase name="testCheckout" classname="com.juaracoding.testng2.KasirTest" time="0.0"/>
  <testcase name="testCheckout" classname="com.juaracoding.testng2.KasirTest" time="0.0"/>
  <testcase name="testCheckout" classname="com.juaracoding.testng2.KasirTest" time="0.0"/>
  <testcase name="testCheckout" classname="com.juaracoding.testng2.KasirTest" time="0.0"/>
  <testcase name="testCheckout" classname="com.juaracoding.testng2.KasirTest" time="0.0"/>
  <testcase name="testCheckout" classname="com.juaracoding.testng2.KasirTest" time="0.0"/>
  <testcase name="testCheckout" classname="com.juaracoding.testng2.KasirTest" time="0.0"/>
  <testcase name="testCheckout" classname="com.juaracoding.testng2.KasirTest" time="0.0"/>
  <testcase name="testCheckout" classname="com.juaracoding.testng2.KasirTest" time="0.0"/>
  <testcase name="testCheckout" classname="com.juaracoding.testng2.KasirTest" time="0.0"/>
  <testcase name="testCheckout" classname="com.juaracoding.testng2.KasirTest" time="0.0"/>
  <testcase name="testCheckout" classname="com.juaracoding.testng2.KasirTest" time="0.0"/>
  <testcase name="testCheckout" classname="com.juaracoding.testng2.KasirTest" time="0.0"/>
  <testcase name="testCheckout" classname="com.juaracoding.testng2.KasirTest" time="0.0"/>
  <testcase name="testCheckout" classname="com.juaracoding.testng2.KasirTest" time="0.0"/>
  <testcase name="testCheckout" classname="com.juaracoding.testng2.KasirTest" time="0.0"/>
  <testcase name="testCheckout" classname="com.juaracoding.testng2.KasirTest" time="0.0"/>
  <testcase name="testCheckout" classname="com.juaracoding.testng2.KasirTest" time="0.0"/>
  <testcase name="testCheckout" classname="com.juaracoding.testng2.KasirTest" time="0.0"/>
  <testcase name="testCheckout" classname="com.juaracoding.testng2.KasirTest" time="0.0"/>
  <testcase name="testCheckout" classname="com.juaracoding.testng2.KasirTest" time="0.0"/>
  <testcase name="testCheckout" classname="com.juaracoding.testng2.KasirTest" time="0.0"/>
  <testcase name="testCheckout" classname="com.juaracoding.testng2.KasirTest" time="0.0"/>
  <testcase name="testCheckout" classname="com.juaracoding.testng2.KasirTest" time="0.0"/>
  <testcase name="testCheckout" classname="com.juaracoding.testng2.KasirTest" time="0.0"/>
  <testcase name="testCheckout" classname="com.juaracoding.testng2.KasirTest" time="0.0"/>
  <testcase name="testCheckout" classname="com.juaracoding.testng2.KasirTest" time="0.0"/>
  <testcase name="testCheckout" classname="com.juaracoding.testng2.KasirTest" time="0.0"/>
  <testcase name="testCheckout" classname="com.juaracoding.testng2.KasirTest" time="0.0"/>
  <testcase name="testCheckout" classname="com.juaracoding.testng2.KasirTest" time="0.0"/>
  <testcase name="testCheckout" classname="com.juaracoding.testng2.KasirTest" time="0.0"/>
  <testcase name="testCheckout" classname="com.juaracoding.testng2.KasirTest" time="0.0"/>
  <testcase name="testCheckout" classname="com.juaracoding.testng2.KasirTest" time="0.0"/>
  <testcase name="testCheckout" classname="com.juaracoding.testng2.KasirTest" time="0.0"/>
  <testcase name="testCheckout" classname="com.juaracoding.testng2.KasirTest" time="0.0"/>
  <testcase name="testCheckout" classname="com.juaracoding.testng2.KasirTest" time="0.0"/>
  <testcase name="testCheckout" classname="com.juaracoding.testng2.KasirTest" time="0.0"/>
  <testcase name="testCheckout" classname="com.juaracoding.testng2.KasirTest" time="0.0"/>
  <testcase name="testCheckout" classname="com.juaracoding.testng2.KasirTest" time="0.0"/>
  <testcase name="testCheckout" classname="com.juaracoding.testng2.KasirTest" time="0.0"/>
  <testcase name="testCheckout" classname="com.juaracoding.testng2.KasirTest" time="0.0"/>
  <testcase name="testCheckout" classname="com.juaracoding.testng2.KasirTest" time="0.0"/>
  <testcase name="testCheckout" classname="com.juaracoding.testng2.KasirTest" time="0.0"/>
  <testcase name="testCheckout" classname="com.juaracoding.testng2.KasirTest" time="0.0"/>
  <testcase name="testCheckout" classname="com.juaracoding.testng2.KasirTest" time="0.0"/>
  <testcase name="testCheckout" classname="com.juaracoding.testng2.KasirTest" time="0.0"/>
  <testcase name="testCheckout" classname="com.juaracoding.testng2.KasirTest" time="0.0"/>
  <testcase name="testCheckout" classname="com.juaracoding.testng2.KasirTest" time="0.0"/>
  <testcase name="testCheckout" classname="com.juaracoding.testng2.KasirTest" time="0.0"/>
  <testcase name="testCheckout" classname="com.juaracoding.testng2.KasirTest" time="0.0"/>
  <testcase name="testCheckout" classname="com.juaracoding.testng2.KasirTest" time="0.0"/>
  <testcase name="testCheckout" classname="com.juaracoding.testng2.KasirTest" time="0.0"/>
  <testcase name="testCheckout" classname="com.juaracoding.testng2.KasirTest" time="0.0"/>
  <testcase name="testCheckout" classname="com.juaracoding.testng2.KasirTest" time="0.0"/>
  <testcase name="testCheckout" classname="com.juaracoding.testng2.KasirTest" time="0.0"/>
  <testcase name="testCheckout" classname="com.juaracoding.testng2.KasirTest" time="0.0"/>
  <testcase name="testCheckout" classname="com.juaracoding.testng2.KasirTest" time="0.0"/>
  <testcase name="testCheckout" classname="com.juaracoding.testng2.KasirTest" time="0.0"/>
  <testcase name="testCheckout" classname="com.juaracoding.testng2.KasirTest" time="0.0"/>
  <testcase name="testCheckout" classname="com.juaracoding.testng2.KasirTest" time="0.0"/>
  <testcase name="testCheckout" classname="com.juaracoding.testng2.KasirTest" time="0.0"/>
  <testcase name="testCheckout" classname="com.juaracoding.testng2.KasirTest" time="0.0"/>
  <testcase name="testCheckout" classname="com.juaracoding.testng2.KasirTest" time="0.0"/>
  <testcase name="testCheckout" classname="com.juaracoding.testng2.KasirTest" time="0.0"/>
  <testcase name="testCheckout" classname="com.juaracoding.testng2.KasirTest" time="0.0"/>
  <testcase name="testCheckout" classname="com.juaracoding.testng2.KasirTest" time="0.0"/>
  <testcase name="testCheckout" classname="com.juaracoding.testng2.KasirTest" time="0.0"/>
  <testcase name="testCheckout" classname="com.juaracoding.testng2.KasirTest" time="0.0"/>
  <testcase name="testCheckout" classname="com.juaracoding.testng2.KasirTest" time="0.0"/>
  <testcase name="testCheckout" classname="com.juaracoding.testng2.KasirTest" time="0.0"/>
  <testcase name="testCheckout" classname="com.juaracoding.testng2.KasirTest" time="0.0"/>
  <testcase name="testCheckout" classname="com.juaracoding.testng2.KasirTest" time="0.0"/>
  <testcase name="testCheckout" classname="com.juaracoding.testng2.KasirTest" time="0.0"/>
  <testcase name="testCheckout" classname="com.juaracoding.testng2.KasirTest" time="0.0"/>
  <testcase name="testCheckout" classname="com.juaracoding.testng2.KasirTest" time="0.0"/>
  <testcase name="testCheckout" classname="com.juaracoding.testng2.KasirTest" time="0.0"/>
  <testcase name="testCheckout" classname="com.juaracoding.testng2.KasirTest" time="0.0"/>
  <testcase name="testCheckout" classname="com.juaracoding.testng2.KasirTest" time="0.0"/>
  <testcase name="testCheckout" classname="com.juaracoding.testng2.KasirTest" time="0.001"/>
  <testcase name="testCheckout" classname="com.juaracoding.testng2.KasirTest" time="0.001"/>
  <testcase name="testCheckout" classname="com.juaracoding.testng2.KasirTest" time="0.0"/>
  <testcase name="testCheckout" classname="com.juaracoding.testng2.KasirTest" time="0.0"/>
  <testcase name="testCheckout" classname="com.juaracoding.testng2.KasirTest" time="0.0"/>
  <testcase name="testCheckout" classname="com.juaracoding.testng2.KasirTest" time="0.0"/>
  <testcase name="testCheckout" classname="com.juaracoding.testng2.KasirTest" time="0.0"/>
  <testcase name="testCheckout" classname="com.juaracoding.testng2.KasirTest" time="0.0"/>
  <testcase name="testCheckout" classname="com.juaracoding.testng2.KasirTest" time="0.0"/>
  <testcase name="testCheckout" classname="com.juaracoding.testng2.KasirTest" time="0.0"/>
  <testcase name="testCheckout" classname="com.juaracoding.testng2.KasirTest" time="0.0"/>
  <testcase name="testCheckout" classname="com.juaracoding.testng2.KasirTest" time="0.0"/>
  <testcase name="testCheckout" classname="com.juaracoding.testng2.KasirTest" time="0.0"/>
  <testcase name="testCheckout" classname="com.juaracoding.testng2.KasirTest" time="0.0"/>
  <testcase name="testCheckout" classname="com.juaracoding.testng2.KasirTest" time="0.0"/>
  <testcase name="testCheckout" classname="com.juaracoding.testng2.KasirTest" time="0.0"/>
  <testcase name="testCheckout" classname="com.juaracoding.testng2.KasirTest" time="0.0"/>
  <testcase name="testCheckout" classname="com.juaracoding.testng2.KasirTest" time="0.0"/>
  <testcase name="testCheckout" classname="com.juaracoding.testng2.KasirTest" time="0.0"/>
  <testcase name="testCheckout" classname="com.juaracoding.testng2.KasirTest" time="0.0"/>
  <testcase name="testCheckout" classname="com.juaracoding.testng2.KasirTest" time="0.0"/>
  <testcase name="testCheckout" classname="com.juaracoding.testng2.KasirTest" time="0.0"/>
  <testcase name="testCheckout" classname="com.juaracoding.testng2.KasirTest" time="0.0"/>
  <testcase name="testCheckout" classname="com.juaracoding.testng2.KasirTest" time="0.0"/>
  <testcase name="testCheckout" classname="com.juaracoding.testng2.KasirTest" time="0.0"/>
  <testcase name="testCheckout" classname="com.juaracoding.testng2.KasirTest" time="0.0"/>
  <testcase name="testCheckout" classname="com.juaracoding.testng2.KasirTest" time="0.0"/>
  <testcase name="testCheckout" classname="com.juaracoding.testng2.KasirTest" time="0.0"/>
  <testcase name="testCheckout" classname="com.juaracoding.testng2.KasirTest" time="0.0"/>
  <testcase name="testCheckout" classname="com.juaracoding.testng2.KasirTest" time="0.0"/>
  <testcase name="testCheckout" classname="com.juaracoding.testng2.KasirTest" time="0.0"/>
  <testcase name="testCheckout" classname="com.juaracoding.testng2.KasirTest" time="0.0"/>
  <testcase name="testCheckout" classname="com.juaracoding.testng2.KasirTest" time="0.0"/>
  <testcase name="testCheckout" classname="com.juaracoding.testng2.KasirTest" time="0.0"/>
  <testcase name="testCheckout" classname="com.juaracoding.testng2.KasirTest" time="0.0"/>
  <testcase name="testCheckout" classname="com.juaracoding.testng2.KasirTest" time="0.0"/>
  <testcase name="testCheckout" classname="com.juaracoding.testng2.KasirTest" time="0.0"/>
  <testcase name="testCheckout" classname="com.juaracoding.testng2.KasirTest" time="0.0"/>
  <testcase name="testCheckout" classname="com.juaracoding.testng2.KasirTest" time="0.0"/>
  <testcase name="testCheckout" classname="com.juaracoding.testng2.KasirTest" time="0.0"/>
  <testcase name="testCheckout" classname="com.juaracoding.testng2.KasirTest" time="0.0"/>
  <testcase name="testCheckout" classname="com.juaracoding.testng2.KasirTest" time="0.0"/>
  <testcase name="testCheckout" classname="com.juaracoding.testng2.KasirTest" time="0.0"/>
  <testcase name="testCheckout" classname="com.juaracoding.testng2.KasirTest" time="0.0"/>
  <testcase name="testCheckout" classname="com.juaracoding.testng2.KasirTest" time="0.0"/>
  <testcase name="testCheckout" classname="com.juaracoding.testng2.KasirTest" time="0.0"/>
  <testcase name="testCheckout" classname="com.juaracoding.testng2.KasirTest" time="0.0"/>
  <testcase name="testCheckout" classname="com.juaracoding.testng2.KasirTest" time="0.0"/>
  <testcase name="testCheckout" classname="com.juaracoding.testng2.KasirTest" time="0.0"/>
  <testcase name="testCheckout" classname="com.juaracoding.testng2.KasirTest" time="0.0"/>
  <testcase name="testCheckout" classname="com.juaracoding.testng2.KasirTest" time="0.0"/>
  <testcase name="testCheckout" classname="com.juaracoding.testng2.KasirTest" time="0.0"/>
  <testcase name="testCheckout" classname="com.juaracoding.testng2.KasirTest" time="0.0"/>
  <testcase name="testCheckout" classname="com.juaracoding.testng2.KasirTest" time="0.0"/>
  <testcase name="testCheckout" classname="com.juaracoding.testng2.KasirTest" time="0.0"/>
  <testcase name="testCheckout" classname="com.juaracoding.testng2.KasirTest" time="0.0"/>
  <testcase name="testCheckout" classname="com.juaracoding.testng2.KasirTest" time="0.0"/>
  <testcase name="testCheckout" classname="com.juaracoding.testng2.KasirTest" time="0.0"/>
  <testcase name="testCheckout" classname="com.juaracoding.testng2.KasirTest" time="0.0"/>
  <testcase name="testCheckout" classname="com.juaracoding.testng2.KasirTest" time="0.0"/>
  <testcase name="testCheckout" classname="com.juaracoding.testng2.KasirTest" time="0.0"/>
  <testcase name="testCheckout" classname="com.juaracoding.testng2.KasirTest" time="0.0"/>
  <testcase name="testCheckout" classname="com.juaracoding.testng2.KasirTest" time="0.0"/>
  <testcase name="testCheckout" classname="com.juaracoding.testng2.KasirTest" time="0.0"/>
  <testcase name="testCheckout" classname="com.juaracoding.testng2.KasirTest" time="0.0"/>
  <testcase name="testCheckout" classname="com.juaracoding.testng2.KasirTest" time="0.0"/>
  <testcase name="testCheckout" classname="com.juaracoding.testng2.KasirTest" time="0.0"/>
  <testcase name="testCheckout" classname="com.juaracoding.testng2.KasirTest" time="0.0"/>
  <testcase name="testCheckout" classname="com.juaracoding.testng2.KasirTest" time="0.0"/>
  <testcase name="testCheckout" classname="com.juaracoding.testng2.KasirTest" time="0.0"/>
  <testcase name="testCheckout" classname="com.juaracoding.testng2.KasirTest" time="0.0"/>
  <testcase name="testCheckout" classname="com.juaracoding.testng2.KasirTest" time="0.0"/>
  <testcase name="testCheckout" classname="com.juaracoding.testng2.KasirTest" time="0.0"/>
  <testcase name="testCheckout" classname="com.juaracoding.testng2.KasirTest" time="0.0"/>
  <testcase name="testCheckout" classname="com.juaracoding.testng2.KasirTest" time="0.0"/>
  <testcase name="testCheckout" classname="com.juaracoding.testng2.KasirTest" time="0.0"/>
  <testcase name="testCheckout" classname="com.juaracoding.testng2.KasirTest" time="0.0"/>
  <testcase name="testCheckout" classname="com.juaracoding.testng2.KasirTest" time="0.0"/>
  <testcase name="testCheckout" classname="com.juaracoding.testng2.KasirTest" time="0.0"/>
  <testcase name="testCheckout" classname="com.juaracoding.testng2.KasirTest" time="0.0"/>
  <testcase name="testCheckout" classname="com.juaracoding.testng2.KasirTest" time="0.0"/>
  <testcase name="testCheckout" classname="com.juaracoding.testng2.KasirTest" time="0.0"/>
  <testcase name="testCheckout" classname="com.juaracoding.testng2.KasirTest" time="0.0"/>
  <testcase name="testCheckout" classname="com.juaracoding.testng2.KasirTest" time="0.0"/>
  <testcase name="testCheckout" classname="com.juaracoding.testng2.KasirTest" time="0.0"/>
  <testcase name="testCheckout" classname="com.juaracoding.testng2.KasirTest" time="0.0"/>
  <testcase name="testCheckout" classname="com.juaracoding.testng2.KasirTest" time="0.0"/>
  <testcase name="testCheckout" classname="com.juaracoding.testng2.KasirTest" time="0.0"/>
  <testcase name="testCheckout" classname="com.juaracoding.testng2.KasirTest" time="0.0"/>
  <testcase name="testCheckout" classname="com.juaracoding.testng2.KasirTest" time="0.0"/>
  <testcase name="testCheckout" classname="com.juaracoding.testng2.KasirTest" time="0.0"/>
  <testcase name="testCheckout" classname="com.juaracoding.testng2.KasirTest" time="0.0"/>
  <testcase name="testCheckout" classname="com.juaracoding.testng2.KasirTest" time="0.0"/>
  <testcase name="testCheckout" classname="com.juaracoding.testng2.KasirTest" time="0.0"/>
  <testcase name="testCheckout" classname="com.juaracoding.testng2.KasirTest" time="0.0"/>
  <testcase name="testCheckout" classname="com.juaracoding.testng2.KasirTest" time="0.0"/>
  <testcase name="testCheckout" classname="com.juaracoding.testng2.KasirTest" time="0.0"/>
  <testcase name="testCheckout" classname="com.juaracoding.testng2.KasirTest" time="0.0"/>
  <testcase name="testCheckout" classname="com.juaracoding.testng2.KasirTest" time="0.0"/>
  <testcase name="testCheckout" classname="com.juaracoding.testng2.KasirTest" time="0.0"/>
  <testcase name="testCheckout" classname="com.juaracoding.testng2.KasirTest" time="0.0"/>
  <testcase name="testCheckout" classname="com.juaracoding.testng2.KasirTest" time="0.0"/>
  <testcase name="testCheckout" classname="com.juaracoding.testng2.KasirTest" time="0.0"/>
  <testcase name="testCheckout" classname="com.juaracoding.testng2.KasirTest" time="0.0"/>
  <testcase name="testCheckout" classname="com.juaracoding.testng2.KasirTest" time="0.0"/>
  <testcase name="testCheckout" classname="com.juaracoding.testng2.KasirTest" time="0.0"/>
  <testcase name="testCheckout" classname="com.juaracoding.testng2.KasirTest" time="0.0"/>
  <testcase name="testCheckout" classname="com.juaracoding.testng2.KasirTest" time="0.0"/>
  <testcase name="testCheckout" classname="com.juaracoding.testng2.KasirTest" time="0.0"/>
  <testcase name="testCheckout" classname="com.juaracoding.testng2.KasirTest" time="0.0"/>
  <testcase name="testCheckout" classname="com.juaracoding.testng2.KasirTest" time="0.0"/>
  <testcase name="testCheckout" classname="com.juaracoding.testng2.KasirTest" time="0.0"/>
  <testcase name="testCheckout" classname="com.juaracoding.testng2.KasirTest" time="0.0"/>
  <testcase name="testCheckout" classname="com.juaracoding.testng2.KasirTest" time="0.0"/>
  <testcase name="testCheckout" classname="com.juaracoding.testng2.KasirTest" time="0.0"/>
  <testcase name="testCheckout" classname="com.juaracoding.testng2.KasirTest" time="0.0"/>
  <testcase name="testCheckout" classname="com.juaracoding.testng2.KasirTest" time="0.0"/>
  <testcase name="testCheckout" classname="com.juaracoding.testng2.KasirTest" time="0.0"/>
  <testcase name="testCheckout" classname="com.juaracoding.testng2.KasirTest" time="0.0"/>
  <testcase name="testCheckout" classname="com.juaracoding.testng2.KasirTest" time="0.0"/>
  <testcase name="testCheckout" classname="com.juaracoding.testng2.KasirTest" time="0.0"/>
  <testcase name="testCheckout" classname="com.juaracoding.testng2.KasirTest" time="0.0"/>
  <testcase name="testCheckout" classname="com.juaracoding.testng2.KasirTest" time="0.0"/>
  <testcase name="testCheckout" classname="com.juaracoding.testng2.KasirTest" time="0.0"/>
  <testcase name="testCheckout" classname="com.juaracoding.testng2.KasirTest" time="0.0"/>
  <testcase name="testCheckout" classname="com.juaracoding.testng2.KasirTest" time="0.0"/>
  <testcase name="testCheckout" classname="com.juaracoding.testng2.KasirTest" time="0.0"/>
  <testcase name="testCheckout" classname="com.juaracoding.testng2.KasirTest" time="0.0"/>
  <testcase name="testCheckout" classname="com.juaracoding.testng2.KasirTest" time="0.0"/>
  <testcase name="testCheckout" classname="com.juaracoding.testng2.KasirTest" time="0.0"/>
  <testcase name="testCheckout" classname="com.juaracoding.testng2.KasirTest" time="0.0"/>
  <testcase name="testCheckout" classname="com.juaracoding.testng2.KasirTest" time="0.0"/>
  <testcase name="testCheckout" classname="com.juaracoding.testng2.KasirTest" time="0.0"/>
  <testcase name="testCheckout" classname="com.juaracoding.testng2.KasirTest" time="0.0"/>
  <testcase name="testCheckout" classname="com.juaracoding.testng2.KasirTest" time="0.0"/>
  <testcase name="testCheckout" classname="com.juaracoding.testng2.KasirTest" time="0.0"/>
  <testcase name="testCheckout" classname="com.juaracoding.testng2.KasirTest" time="0.0"/>
  <testcase name="testCheckout" classname="com.juaracoding.testng2.KasirTest" time="0.0"/>
  <testcase name="testCheckout" classname="com.juaracoding.testng2.KasirTest" time="0.0"/>
  <testcase name="testCheckout" classname="com.juaracoding.testng2.KasirTest" time="0.0"/>
  <testcase name="testCheckout" classname="com.juaracoding.testng2.KasirTest" time="0.0"/>
  <testcase name="testCheckout" classname="com.juaracoding.testng2.KasirTest" time="0.0"/>
  <testcase name="testCheckout" classname="com.juaracoding.testng2.KasirTest" time="0.0"/>
  <testcase name="testCheckout" classname="com.juaracoding.testng2.KasirTest" time="0.0"/>
  <testcase name="testCheckout" classname="com.juaracoding.testng2.KasirTest" time="0.0"/>
  <testcase name="testCheckout" classname="com.juaracoding.testng2.KasirTest" time="0.0"/>
  <testcase name="testCheckout" classname="com.juaracoding.testng2.KasirTest" time="0.0"/>
  <testcase name="testCheckout" classname="com.juaracoding.testng2.KasirTest" time="0.0"/>
  <testcase name="testCheckout" classname="com.juaracoding.testng2.KasirTest" time="0.0"/>
  <testcase name="testCheckout" classname="com.juaracoding.testng2.KasirTest" time="0.0"/>
  <testcase name="testCheckout" classname="com.juaracoding.testng2.KasirTest" time="0.0"/>
  <testcase name="testCheckout" classname="com.juaracoding.testng2.KasirTest" time="0.0"/>
  <testcase name="testCheckout" classname="com.juaracoding.testng2.KasirTest" time="0.0"/>
  <testcase name="testCheckout" classname="com.juaracoding.testng2.KasirTest" time="0.0"/>
  <testcase name="testCheckout" classname="com.juaracoding.testng2.KasirTest" time="0.0"/>
  <testcase name="testCheckout" classname="com.juaracoding.testng2.KasirTest" time="0.0"/>
  <testcase name="testCheckout" classname="com.juaracoding.testng2.KasirTest" time="0.0"/>
  <testcase name="testCheckout" classname="com.juaracoding.testng2.KasirTest" time="0.0"/>
  <testcase name="testCheckout" classname="com.juaracoding.testng2.KasirTest" time="0.0"/>
  <testcase name="testCheckout" classname="com.juaracoding.testng2.KasirTest" time="0.0"/>
  <testcase name="testCheckout" classname="com.juaracoding.testng2.KasirTest" time="0.0"/>
  <testcase name="testCheckout" classname="com.juaracoding.testng2.KasirTest" time="0.0"/>
  <testcase name="testCheckout" classname="com.juaracoding.testng2.KasirTest" time="0.0"/>
  <testcase name="testCheckout" classname="com.juaracoding.testng2.KasirTest" time="0.0"/>
  <testcase name="testCheckout" classname="com.juaracoding.testng2.KasirTest" time="0.0"/>
  <testcase name="testCheckout" classname="com.juaracoding.testng2.KasirTest" time="0.0"/>
  <testcase name="testCheckout" classname="com.juaracoding.testng2.KasirTest" time="0.002"/>
  <testcase name="testCheckout" classname="com.juaracoding.testng2.KasirTest" time="0.001"/>
  <testcase name="testCheckout" classname="com.juaracoding.testng2.KasirTest" time="0.001"/>
  <testcase name="testCheckout" classname="com.juaracoding.testng2.KasirTest" time="0.0"/>
  <testcase name="testCheckout" classname="com.juaracoding.testng2.KasirTest" time="0.0"/>
  <testcase name="testCheckout" classname="com.juaracoding.testng2.KasirTest" time="0.0"/>
  <testcase name="testCheckout" classname="com.juaracoding.testng2.KasirTest" time="0.0"/>
  <testcase name="testCheckout" classname="com.juaracoding.testng2.KasirTest" time="0.0"/>
  <testcase name="testCheckout" classname="com.juaracoding.testng2.KasirTest" time="0.0"/>
  <testcase name="testCheckout" classname="com.juaracoding.testng2.KasirTest" time="0.0"/>
  <testcase name="testCheckout" classname="com.juaracoding.testng2.KasirTest" time="0.0"/>
  <testcase name="testCheckout" classname="com.juaracoding.testng2.KasirTest" time="0.0"/>
  <testcase name="testCheckout" classname="com.juaracoding.testng2.KasirTest" time="0.0"/>
  <testcase name="testCheckout" classname="com.juaracoding.testng2.KasirTest" time="0.0"/>
  <testcase name="testCheckout" classname="com.juaracoding.testng2.KasirTest" time="0.0"/>
  <testcase name="testCheckout" classname="com.juaracoding.testng2.KasirTest" time="0.0"/>
  <testcase name="testCheckout" classname="com.juaracoding.testng2.KasirTest" time="0.0"/>
  <testcase name="testCheckout" classname="com.juaracoding.testng2.KasirTest" time="0.0"/>
  <testcase name="testCheckout" classname="com.juaracoding.testng2.KasirTest" time="0.0"/>
  <testcase name="testCheckout" classname="com.juaracoding.testng2.KasirTest" time="0.0"/>
  <testcase name="testCheckout" classname="com.juaracoding.testng2.KasirTest" time="0.0"/>
  <testcase name="testCheckout" classname="com.juaracoding.testng2.KasirTest" time="0.0"/>
  <testcase name="testCheckout" classname="com.juaracoding.testng2.KasirTest" time="0.0"/>
  <testcase name="testCheckout" classname="com.juaracoding.testng2.KasirTest" time="0.001"/>
  <testcase name="testCheckout" classname="com.juaracoding.testng2.KasirTest" time="0.0"/>
  <testcase name="testCheckout" classname="com.juaracoding.testng2.KasirTest" time="0.0"/>
  <testcase name="testCheckout" classname="com.juaracoding.testng2.KasirTest" time="0.0"/>
  <testcase name="testCheckout" classname="com.juaracoding.testng2.KasirTest" time="0.0"/>
  <testcase name="testCheckout" classname="com.juaracoding.testng2.KasirTest" time="0.0"/>
  <testcase name="testCheckout" classname="com.juaracoding.testng2.KasirTest" time="0.0"/>
  <testcase name="testCheckout" classname="com.juaracoding.testng2.KasirTest" time="0.0"/>
  <testcase name="testCheckout" classname="com.juaracoding.testng2.KasirTest" time="0.0"/>
  <testcase name="testCheckout" classname="com.juaracoding.testng2.KasirTest" time="0.0"/>
  <testcase name="testCheckout" classname="com.juaracoding.testng2.KasirTest" time="0.0"/>
  <testcase name="testCheckout" classname="com.juaracoding.testng2.KasirTest" time="0.0"/>
  <testcase name="testCheckout" classname="com.juaracoding.testng2.KasirTest" time="0.0"/>
  <testcase name="testCheckout" classname="com.juaracoding.testng2.KasirTest" time="0.0"/>
  <testcase name="testCheckout" classname="com.juaracoding.testng2.KasirTest" time="0.0"/>
  <testcase name="testCheckout" classname="com.juaracoding.testng2.KasirTest" time="0.0"/>
  <testcase name="testCheckout" classname="com.juaracoding.testng2.KasirTest" time="0.0"/>
  <testcase name="testCheckout" classname="com.juaracoding.testng2.KasirTest" time="0.0"/>
  <testcase name="testCheckout" classname="com.juaracoding.testng2.KasirTest" time="0.0"/>
  <testcase name="testCheckout" classname="com.juaracoding.testng2.KasirTest" time="0.0"/>
  <testcase name="testCheckout" classname="com.juaracoding.testng2.KasirTest" time="0.0"/>
  <testcase name="testCheckout" classname="com.juaracoding.testng2.KasirTest" time="0.0"/>
  <testcase name="testCheckout" classname="com.juaracoding.testng2.KasirTest" time="0.0"/>
  <testcase name="testCheckout" classname="com.juaracoding.testng2.KasirTest" time="0.0"/>
  <testcase name="testCheckout" classname="com.juaracoding.testng2.KasirTest" time="0.0"/>
  <testcase name="testCheckout" classname="com.juaracoding.testng2.KasirTest" time="0.0"/>
  <testcase name="testCheckout" classname="com.juaracoding.testng2.KasirTest" time="0.0"/>
  <testcase name="testCheckout" classname="com.juaracoding.testng2.KasirTest" time="0.0"/>
  <testcase name="testCheckout" classname="com.juaracoding.testng2.KasirTest" time="0.0"/>
  <testcase name="testCheckout" classname="com.juaracoding.testng2.KasirTest" time="0.0"/>
  <testcase name="testCheckout" classname="com.juaracoding.testng2.KasirTest" time="0.0"/>
  <testcase name="testCheckout" classname="com.juaracoding.testng2.KasirTest" time="0.0"/>
  <testcase name="testCheckout" classname="com.juaracoding.testng2.KasirTest" time="0.0"/>
  <testcase name="testCheckout" classname="com.juaracoding.testng2.KasirTest" time="0.0"/>
  <testcase name="testCheckout" classname="com.juaracoding.testng2.KasirTest" time="0.0"/>
  <testcase name="testCheckout" classname="com.juaracoding.testng2.KasirTest" time="0.0"/>
  <testcase name="testCheckout" classname="com.juaracoding.testng2.KasirTest" time="0.0"/>
  <testcase name="testCheckout" classname="com.juaracoding.testng2.KasirTest" time="0.0"/>
  <testcase name="testCheckout" classname="com.juaracoding.testng2.KasirTest" time="0.0"/>
  <testcase name="testCheckout" classname="com.juaracoding.testng2.KasirTest" time="0.0"/>
  <testcase name="testCheckout" classname="com.juaracoding.testng2.KasirTest" time="0.0"/>
  <testcase name="testCheckout" classname="com.juaracoding.testng2.KasirTest" time="0.0"/>
  <testcase name="testCheckout" classname="com.juaracoding.testng2.KasirTest" time="0.0"/>
  <testcase name="testCheckout" classname="com.juaracoding.testng2.KasirTest" time="0.0"/>
  <testcase name="testCheckout" classname="com.juaracoding.testng2.KasirTest" time="0.0"/>
  <testcase name="testCheckout" classname="com.juaracoding.testng2.KasirTest" time="0.0"/>
  <testcase name="testCheckout" classname="com.juaracoding.testng2.KasirTest" time="0.0"/>
  <testcase name="testCheckout" classname="com.juaracoding.testng2.KasirTest" time="0.0"/>
  <testcase name="testCheckout" classname="com.juaracoding.testng2.KasirTest" time="0.0"/>
  <testcase name="testCheckout" classname="com.juaracoding.testng2.KasirTest" time="0.0"/>
  <testcase name="testCheckout" classname="com.juaracoding.testng2.KasirTest" time="0.0"/>
  <testcase name="testCheckout" classname="com.juaracoding.testng2.KasirTest" time="0.0"/>
  <testcase name="testCheckout" classname="com.juaracoding.testng2.KasirTest" time="0.0"/>
  <testcase name="testCheckout" classname="com.juaracoding.testng2.KasirTest" time="0.0"/>
  <testcase name="testCheckout" classname="com.juaracoding.testng2.KasirTest" time="0.0"/>
  <testcase name="testCheckout" classname="com.juaracoding.testng2.KasirTest" time="0.0"/>
  <testcase name="testCheckout" classname="com.juaracoding.testng2.KasirTest" time="0.0"/>
  <testcase name="testCheckout" classname="com.juaracoding.testng2.KasirTest" time="0.0"/>
  <testcase name="testCheckout" classname="com.juaracoding.testng2.KasirTest" time="0.0"/>
  <testcase name="testCheckout" classname="com.juaracoding.testng2.KasirTest" time="0.0"/>
  <testcase name="testCheckout" classname="com.juaracoding.testng2.KasirTest" time="0.0"/>
  <testcase name="testCheckout" classname="com.juaracoding.testng2.KasirTest" time="0.0"/>
  <testcase name="testCheckout" classname="com.juaracoding.testng2.KasirTest" time="0.0"/>
  <testcase name="testCheckout" classname="com.juaracoding.testng2.KasirTest" time="0.0"/>
  <testcase name="testCheckout" classname="com.juaracoding.testng2.KasirTest" time="0.0"/>
  <testcase name="testCheckout" classname="com.juaracoding.testng2.KasirTest" time="0.0"/>
  <testcase name="testCheckout" classname="com.juaracoding.testng2.KasirTest" time="0.0"/>
  <testcase name="testCheckout" classname="com.juaracoding.testng2.KasirTest" time="0.0"/>
  <testcase name="testCheckout" classname="com.juaracoding.testng2.KasirTest" time="0.0"/>
  <testcase name="testCheckout" classname="com.juaracoding.testng2.KasirTest" time="0.0"/>
  <testcase name="testCheckout" classname="com.juaracoding.testng2.KasirTest" time="0.0"/>
  <testcase name="testCheckout" classname="com.juaracoding.testng2.KasirTest" time="0.0"/>
  <testcase name="testCheckout" classname="com.juaracoding.testng2.KasirTest" time="0.0"/>
  <testcase name="testCheckout" classname="com.juaracoding.testng2.KasirTest" time="0.0"/>
  <testcase name="testCheckout" classname="com.juaracoding.testng2.KasirTest" time="0.0"/>
  <testcase name="testCheckout" classname="com.juaracoding.testng2.KasirTest" time="0.0"/>
  <testcase name="testCheckout" classname="com.juaracoding.testng2.KasirTest" time="0.0"/>
  <testcase name="testCheckout" classname="com.juaracoding.testng2.KasirTest" time="0.004"/>
  <testcase name="testCheckout" classname="com.juaracoding.testng2.KasirTest" time="0.004"/>
  <testcase name="testCheckout" classname="com.juaracoding.testng2.KasirTest" time="0.0"/>
  <testcase name="testCheckout" classname="com.juaracoding.testng2.KasirTest" time="0.0"/>
  <testcase name="testCheckout" classname="com.juaracoding.testng2.KasirTest" time="0.0"/>
  <testcase name="testCheckout" classname="com.juaracoding.testng2.KasirTest" time="0.0"/>
  <testcase name="testCheckout" classname="com.juaracoding.testng2.KasirTest" time="0.0"/>
  <testcase name="testCheckout" classname="com.juaracoding.testng2.KasirTest" time="0.0"/>
  <testcase name="testCheckout" classname="com.juaracoding.testng2.KasirTest" time="0.0"/>
  <testcase name="testCheckout" classname="com.juaracoding.testng2.KasirTest" time="0.0"/>
  <testcase name="testCheckout" classname="com.juaracoding.testng2.KasirTest" time="0.0"/>
  <testcase name="testCheckout" classname="com.juaracoding.testng2.KasirTest" time="0.0"/>
  <testcase name="testCheckout" classname="com.juaracoding.testng2.KasirTest" time="0.0"/>
  <testcase name="testCheckout" classname="com.juaracoding.testng2.KasirTest" time="0.0"/>
  <testcase name="testCheckout" classname="com.juaracoding.testng2.KasirTest" time="0.0"/>
  <testcase name="testCheckout" classname="com.juaracoding.testng2.KasirTest" time="0.0"/>
  <testcase name="testCheckout" classname="com.juaracoding.testng2.KasirTest" time="0.0"/>
  <testcase name="testCheckout" classname="com.juaracoding.testng2.KasirTest" time="0.0"/>
  <testcase name="testCheckout" classname="com.juaracoding.testng2.KasirTest" time="0.0"/>
  <testcase name="testCheckout" classname="com.juaracoding.testng2.KasirTest" time="0.0"/>
  <testcase name="testCheckout" classname="com.juaracoding.testng2.KasirTest" time="0.0"/>
  <testcase name="testCheckout" classname="com.juaracoding.testng2.KasirTest" time="0.0"/>
  <testcase name="testCheckout" classname="com.juaracoding.testng2.KasirTest" time="0.0"/>
  <testcase name="testCheckout" classname="com.juaracoding.testng2.KasirTest" time="0.0"/>
  <testcase name="testCheckout" classname="com.juaracoding.testng2.KasirTest" time="0.0"/>
  <testcase name="testCheckout" classname="com.juaracoding.testng2.KasirTest" time="0.0"/>
  <testcase name="testCheckout" classname="com.juaracoding.testng2.KasirTest" time="0.0"/>
  <testcase name="testCheckout" classname="com.juaracoding.testng2.KasirTest" time="0.0"/>
  <testcase name="testCheckout" classname="com.juaracoding.testng2.KasirTest" time="0.0"/>
  <testcase name="testCheckout" classname="com.juaracoding.testng2.KasirTest" time="0.0"/>
  <testcase name="testCheckout" classname="com.juaracoding.testng2.KasirTest" time="0.0"/>
  <testcase name="testCheckout" classname="com.juaracoding.testng2.KasirTest" time="0.0"/>
  <testcase name="testCheckout" classname="com.juaracoding.testng2.KasirTest" time="0.0"/>
  <testcase name="testCheckout" classname="com.juaracoding.testng2.KasirTest" time="0.001"/>
  <testcase name="testCheckout" classname="com.juaracoding.testng2.KasirTest" time="0.0"/>
  <testcase name="testCheckout" classname="com.juaracoding.testng2.KasirTest" time="0.0"/>
  <testcase name="testCheckout" classname="com.juaracoding.testng2.KasirTest" time="0.0"/>
  <testcase name="testCheckout" classname="com.juaracoding.testng2.KasirTest" time="0.0"/>
  <testcase name="testCheckout" classname="com.juaracoding.testng2.KasirTest" time="0.0"/>
  <testcase name="testCheckout" classname="com.juaracoding.testng2.KasirTest" time="0.0"/>
  <testcase name="testCheckout" classname="com.juaracoding.testng2.KasirTest" time="0.0"/>
  <testcase name="testCheckout" classname="com.juaracoding.testng2.KasirTest" time="0.0"/>
  <testcase name="testCheckout" classname="com.juaracoding.testng2.KasirTest" time="0.0"/>
  <testcase name="testCheckout" classname="com.juaracoding.testng2.KasirTest" time="0.0"/>
  <testcase name="testCheckout" classname="com.juaracoding.testng2.KasirTest" time="0.0"/>
  <testcase name="testCheckout" classname="com.juaracoding.testng2.KasirTest" time="0.0"/>
  <testcase name="testCheckout" classname="com.juaracoding.testng2.KasirTest" time="0.0"/>
  <testcase name="testCheckout" classname="com.juaracoding.testng2.KasirTest" time="0.0"/>
  <testcase name="testCheckout" classname="com.juaracoding.testng2.KasirTest" time="0.0"/>
  <testcase name="testCheckout" classname="com.juaracoding.testng2.KasirTest" time="0.0"/>
  <testcase name="testCheckout" classname="com.juaracoding.testng2.KasirTest" time="0.0"/>
  <testcase name="testCheckout" classname="com.juaracoding.testng2.KasirTest" time="0.0"/>
  <testcase name="testCheckout" classname="com.juaracoding.testng2.KasirTest" time="0.0"/>
  <testcase name="testCheckout" classname="com.juaracoding.testng2.KasirTest" time="0.0"/>
  <testcase name="testCheckout" classname="com.juaracoding.testng2.KasirTest" time="0.0"/>
  <testcase name="testCheckout" classname="com.juaracoding.testng2.KasirTest" time="0.0"/>
  <testcase name="testCheckout" classname="com.juaracoding.testng2.KasirTest" time="0.0"/>
  <testcase name="testCheckout" classname="com.juaracoding.testng2.KasirTest" time="0.0"/>
  <testcase name="testCheckout" classname="com.juaracoding.testng2.KasirTest" time="0.0"/>
  <testcase name="testCheckout" classname="com.juaracoding.testng2.KasirTest" time="0.0"/>
  <testcase name="testCheckout" classname="com.juaracoding.testng2.KasirTest" time="0.0"/>
  <testcase name="testCheckout" classname="com.juaracoding.testng2.KasirTest" time="0.0"/>
  <testcase name="testCheckout" classname="com.juaracoding.testng2.KasirTest" time="0.0"/>
  <testcase name="testCheckout" classname="com.juaracoding.testng2.KasirTest" time="0.0"/>
  <testcase name="testCheckout" classname="com.juaracoding.testng2.KasirTest" time="0.0"/>
  <testcase name="testCheckout" classname="com.juaracoding.testng2.KasirTest" time="0.0"/>
  <testcase name="testCheckout" classname="com.juaracoding.testng2.KasirTest" time="0.0"/>
  <testcase name="testCheckout" classname="com.juaracoding.testng2.KasirTest" time="0.0"/>
  <testcase name="testCheckout" classname="com.juaracoding.testng2.KasirTest" time="0.0"/>
  <testcase name="testCheckout" classname="com.juaracoding.testng2.KasirTest" time="0.0"/>
  <testcase name="testCheckout" classname="com.juaracoding.testng2.KasirTest" time="0.0"/>
  <testcase name="testCheckout" classname="com.juaracoding.testng2.KasirTest" time="0.0"/>
  <testcase name="testCheckout" classname="com.juaracoding.testng2.KasirTest" time="0.0"/>
  <testcase name="testCheckout" classname="com.juaracoding.testng2.KasirTest" time="0.0"/>
  <testcase name="testCheckout" classname="com.juaracoding.testng2.KasirTest" time="0.0"/>
  <testcase name="testCheckout" classname="com.juaracoding.testng2.KasirTest" time="0.0"/>
  <testcase name="testCheckout" classname="com.juaracoding.testng2.KasirTest" time="0.0"/>
  <testcase name="testCheckout" classname="com.juaracoding.testng2.KasirTest" time="0.0"/>
  <testcase name="testCheckout" classname="com.juaracoding.testng2.KasirTest" time="0.0"/>
  <testcase name="testCheckout" classname="com.juaracoding.testng2.KasirTest" time="0.0"/>
  <testcase name="testCheckout" classname="com.juaracoding.testng2.KasirTest" time="0.0"/>
  <testcase name="testCheckout" classname="com.juaracoding.testng2.KasirTest" time="0.0"/>
  <testcase name="testCheckout" classname="com.juaracoding.testng2.KasirTest" time="0.0"/>
  <testcase name="testCheckout" classname="com.juaracoding.testng2.KasirTest" time="0.0"/>
  <testcase name="testCheckout" classname="com.juaracoding.testng2.KasirTest" time="0.0"/>
  <testcase name="testCheckout" classname="com.juaracoding.testng2.KasirTest" time="0.0"/>
  <testcase name="testCheckout" classname="com.juaracoding.testng2.KasirTest" time="0.0"/>
  <testcase name="testCheckout" classname="com.juaracoding.testng2.KasirTest" time="0.0"/>
  <testcase name="testCheckout" classname="com.juaracoding.testng2.KasirTest" time="0.0"/>
  <testcase name="testCheckout" classname="com.juaracoding.testng2.KasirTest" time="0.0"/>
  <testcase name="testCheckout" classname="com.juaracoding.testng2.KasirTest" time="0.0"/>
  <testcase name="testCheckout" classname="com.juaracoding.testng2.KasirTest" time="0.0"/>
  <testcase name="testCheckout" classname="com.juaracoding.testng2.KasirTest" time="0.0"/>
  <testcase name="testCheckout" classname="com.juaracoding.testng2.KasirTest" time="0.0"/>
  <testcase name="testCheckout" classname="com.juaracoding.testng2.KasirTest" time="0.0"/>
  <testcase name="testCheckout" classname="com.juaracoding.testng2.KasirTest" time="0.0"/>
  <testcase name="testCheckout" classname="com.juaracoding.testng2.KasirTest" time="0.0"/>
  <testcase name="testCheckout" classname="com.juaracoding.testng2.KasirTest" time="0.0"/>
  <testcase name="testCheckout" classname="com.juaracoding.testng2.KasirTest" time="0.0"/>
  <testcase name="testCheckout" classname="com.juaracoding.testng2.KasirTest" time="0.0"/>
  <testcase name="testCheckout" classname="com.juaracoding.testng2.KasirTest" time="0.0"/>
  <testcase name="testCheckout" classname="com.juaracoding.testng2.KasirTest" time="0.0"/>
  <testcase name="testCheckout" classname="com.juaracoding.testng2.KasirTest" time="0.0"/>
  <testcase name="testCheckout" classname="com.juaracoding.testng2.KasirTest" time="0.0"/>
  <testcase name="testCheckout" classname="com.juaracoding.testng2.KasirTest" time="0.0"/>
  <testcase name="testCheckout" classname="com.juaracoding.testng2.KasirTest" time="0.0"/>
  <testcase name="testCheckout" classname="com.juaracoding.testng2.KasirTest" time="0.0"/>
  <testcase name="testCheckout" classname="com.juaracoding.testng2.KasirTest" time="0.0"/>
  <testcase name="testCheckout" classname="com.juaracoding.testng2.KasirTest" time="0.0"/>
  <testcase name="testCheckout" classname="com.juaracoding.testng2.KasirTest" time="0.0"/>
  <testcase name="testCheckout" classname="com.juaracoding.testng2.KasirTest" time="0.0"/>
  <testcase name="testCheckout" classname="com.juaracoding.testng2.KasirTest" time="0.0"/>
  <testcase name="testCheckout" classname="com.juaracoding.testng2.KasirTest" time="0.0"/>
  <testcase name="testCheckout" classname="com.juaracoding.testng2.KasirTest" time="0.0"/>
  <testcase name="testCheckout" classname="com.juaracoding.testng2.KasirTest" time="0.0"/>
  <testcase name="testCheckout" classname="com.juaracoding.testng2.KasirTest" time="0.0"/>
  <testcase name="testCheckout" classname="com.juaracoding.testng2.KasirTest" time="0.0"/>
  <testcase name="testCheckout" classname="com.juaracoding.testng2.KasirTest" time="0.0"/>
  <testcase name="testCheckout" classname="com.juaracoding.testng2.KasirTest" time="0.0"/>
  <testcase name="testCheckout" classname="com.juaracoding.testng2.KasirTest" time="0.0"/>
  <testcase name="testCheckout" classname="com.juaracoding.testng2.KasirTest" time="0.0"/>
  <testcase name="testCheckout" classname="com.juaracoding.testng2.KasirTest" time="0.0"/>
  <testcase name="testCheckout" classname="com.juaracoding.testng2.KasirTest" time="0.0"/>
  <testcase name="testCheckout" classname="com.juaracoding.testng2.KasirTest" time="0.0"/>
  <testcase name="testCheckout" classname="com.juaracoding.testng2.KasirTest" time="0.0"/>
  <testcase name="testCheckout" classname="com.juaracoding.testng2.KasirTest" time="0.0"/>
  <testcase name="testCheckout" classname="com.juaracoding.testng2.KasirTest" time="0.0"/>
  <testcase name="testCheckout" classname="com.juaracoding.testng2.KasirTest" time="0.0"/>
  <testcase name="testCheckout" classname="com.juaracoding.testng2.KasirTest" time="0.0"/>
  <testcase name="testCheckout" classname="com.juaracoding.testng2.KasirTest" time="0.0"/>
  <testcase name="testCheckout" classname="com.juaracoding.testng2.KasirTest" time="0.0"/>
  <testcase name="testCheckout" classname="com.juaracoding.testng2.KasirTest" time="0.0"/>
  <testcase name="testCheckout" classname="com.juaracoding.testng2.KasirTest" time="0.0"/>
  <testcase name="testCheckout" classname="com.juaracoding.testng2.KasirTest" time="0.001"/>
  <testcase name="testCheckout" classname="com.juaracoding.testng2.KasirTest" time="0.001"/>
  <testcase name="testCheckout" classname="com.juaracoding.testng2.KasirTest" time="0.0"/>
  <testcase name="testCheckout" classname="com.juaracoding.testng2.KasirTest" time="0.0"/>
  <testcase name="testCheckout" classname="com.juaracoding.testng2.KasirTest" time="0.0"/>
  <testcase name="testCheckout" classname="com.juaracoding.testng2.KasirTest" time="0.0"/>
  <testcase name="testCheckout" classname="com.juaracoding.testng2.KasirTest" time="0.0"/>
  <testcase name="testCheckout" classname="com.juaracoding.testng2.KasirTest" time="0.0"/>
  <testcase name="testCheckout" classname="com.juaracoding.testng2.KasirTest" time="0.0"/>
  <testcase name="testCheckout" classname="com.juaracoding.testng2.KasirTest" time="0.0"/>
  <testcase name="testCheckout" classname="com.juaracoding.testng2.KasirTest" time="0.0"/>
  <testcase name="testCheckout" classname="com.juaracoding.testng2.KasirTest" time="0.0"/>
  <testcase name="testCheckout" classname="com.juaracoding.testng2.KasirTest" time="0.0"/>
  <testcase name="testCheckout" classname="com.juaracoding.testng2.KasirTest" time="0.0"/>
  <testcase name="testCheckout" classname="com.juaracoding.testng2.KasirTest" time="0.0"/>
  <testcase name="testCheckout" classname="com.juaracoding.testng2.KasirTest" time="0.0"/>
  <testcase name="testCheckout" classname="com.juaracoding.testng2.KasirTest" time="0.0"/>
  <testcase name="testCheckout" classname="com.juaracoding.testng2.KasirTest" time="0.0"/>
  <testcase name="testCheckout" classname="com.juaracoding.testng2.KasirTest" time="0.001"/>
  <testcase name="testCheckout" classname="com.juaracoding.testng2.KasirTest" time="0.0"/>
  <testcase name="testCheckout" classname="com.juaracoding.testng2.KasirTest" time="0.0"/>
  <testcase name="testCheckout" classname="com.juaracoding.testng2.KasirTest" time="0.0"/>
  <testcase name="testCheckout" classname="com.juaracoding.testng2.KasirTest" time="0.0"/>
  <testcase name="testCheckout" classname="com.juaracoding.testng2.KasirTest" time="0.0"/>
  <testcase name="testCheckout" classname="com.juaracoding.testng2.KasirTest" time="0.0"/>
  <testcase name="testCheckout" classname="com.juaracoding.testng2.KasirTest" time="0.0"/>
  <testcase name="testCheckout" classname="com.juaracoding.testng2.KasirTest" time="0.0"/>
  <testcase name="testCheckout" classname="com.juaracoding.testng2.KasirTest" time="0.0"/>
  <testcase name="testCheckout" classname="com.juaracoding.testng2.KasirTest" time="0.0"/>
  <testcase name="testCheckout" classname="com.juaracoding.testng2.KasirTest" time="0.0"/>
  <testcase name="testCheckout" classname="com.juaracoding.testng2.KasirTest" time="0.0"/>
  <testcase name="testCheckout" classname="com.juaracoding.testng2.KasirTest" time="0.0"/>
  <testcase name="testCheckout" classname="com.juaracoding.testng2.KasirTest" time="0.0"/>
  <testcase name="testCheckout" classname="com.juaracoding.testng2.KasirTest" time="0.0"/>
  <testcase name="testCheckout" classname="com.juaracoding.testng2.KasirTest" time="0.0"/>
  <testcase name="testCheckout" classname="com.juaracoding.testng2.KasirTest" time="0.0"/>
  <testcase name="testCheckout" classname="com.juaracoding.testng2.KasirTest" time="0.0"/>
  <testcase name="testCheckout" classname="com.juaracoding.testng2.KasirTest" time="0.0"/>
  <testcase name="testCheckout" classname="com.juaracoding.testng2.KasirTest" time="0.0"/>
  <testcase name="testCheckout" classname="com.juaracoding.testng2.KasirTest" time="0.0"/>
  <testcase name="testCheckout" classname="com.juaracoding.testng2.KasirTest" time="0.0"/>
  <testcase name="testCheckout" classname="com.juaracoding.testng2.KasirTest" time="0.0"/>
  <testcase name="testCheckout" classname="com.juaracoding.testng2.KasirTest" time="0.0"/>
  <testcase name="testCheckout" classname="com.juaracoding.testng2.KasirTest" time="0.0"/>
  <testcase name="testCheckout" classname="com.juaracoding.testng2.KasirTest" time="0.0"/>
  <testcase name="testCheckout" classname="com.juaracoding.testng2.KasirTest" time="0.0"/>
  <testcase name="testCheckout" classname="com.juaracoding.testng2.KasirTest" time="0.0"/>
  <testcase name="testCheckout" classname="com.juaracoding.testng2.KasirTest" time="0.0"/>
  <testcase name="testCheckout" classname="com.juaracoding.testng2.KasirTest" time="0.0"/>
  <testcase name="testCheckout" classname="com.juaracoding.testng2.KasirTest" time="0.0"/>
  <testcase name="testCheckout" classname="com.juaracoding.testng2.KasirTest" time="0.0"/>
  <testcase name="testCheckout" classname="com.juaracoding.testng2.KasirTest" time="0.0"/>
  <testcase name="testCheckout" classname="com.juaracoding.testng2.KasirTest" time="0.0"/>
  <testcase name="testCheckout" classname="com.juaracoding.testng2.KasirTest" time="0.0"/>
  <testcase name="testCheckout" classname="com.juaracoding.testng2.KasirTest" time="0.0"/>
  <testcase name="testCheckout" classname="com.juaracoding.testng2.KasirTest" time="0.0"/>
  <testcase name="testCheckout" classname="com.juaracoding.testng2.KasirTest" time="0.0"/>
  <testcase name="testCheckout" classname="com.juaracoding.testng2.KasirTest" time="0.0"/>
  <testcase name="testCheckout" classname="com.juaracoding.testng2.KasirTest" time="0.0"/>
  <testcase name="testCheckout" classname="com.juaracoding.testng2.KasirTest" time="0.0"/>
  <testcase name="testCheckout" classname="com.juaracoding.testng2.KasirTest" time="0.0"/>
  <testcase name="testCheckout" classname="com.juaracoding.testng2.KasirTest" time="0.0"/>
  <testcase name="testCheckout" classname="com.juaracoding.testng2.KasirTest" time="0.0"/>
  <testcase name="testCheckout" classname="com.juaracoding.testng2.KasirTest" time="0.0"/>
  <testcase name="testCheckout" classname="com.juaracoding.testng2.KasirTest" time="0.0"/>
  <testcase name="testCheckout" classname="com.juaracoding.testng2.KasirTest" time="0.0"/>
  <testcase name="testCheckout" classname="com.juaracoding.testng2.KasirTest" time="0.0"/>
  <testcase name="testCheckout" classname="com.juaracoding.testng2.KasirTest" time="0.0"/>
  <testcase name="testCheckout" classname="com.juaracoding.testng2.KasirTest" time="0.0"/>
  <testcase name="testCheckout" classname="com.juaracoding.testng2.KasirTest" time="0.0"/>
  <testcase name="testCheckout" classname="com.juaracoding.testng2.KasirTest" time="0.0"/>
  <testcase name="testCheckout" classname="com.juaracoding.testng2.KasirTest" time="0.0"/>
  <testcase name="testCheckout" classname="com.juaracoding.testng2.KasirTest" time="0.0"/>
  <testcase name="testCheckout" classname="com.juaracoding.testng2.KasirTest" time="0.0"/>
  <testcase name="testCheckout" classname="com.juaracoding.testng2.KasirTest" time="0.0"/>
  <testcase name="testCheckout" classname="com.juaracoding.testng2.KasirTest" time="0.0"/>
  <testcase name="testCheckout" classname="com.juaracoding.testng2.KasirTest" time="0.0"/>
  <testcase name="testCheckout" classname="com.juaracoding.testng2.KasirTest" time="0.0"/>
  <testcase name="testCheckout" classname="com.juaracoding.testng2.KasirTest" time="0.0"/>
  <testcase name="testCheckout" classname="com.juaracoding.testng2.KasirTest" time="0.0"/>
  <testcase name="testCheckout" classname="com.juaracoding.testng2.KasirTest" time="0.0"/>
  <testcase name="testCheckout" classname="com.juaracoding.testng2.KasirTest" time="0.0"/>
  <testcase name="testCheckout" classname="com.juaracoding.testng2.KasirTest" time="0.0"/>
  <testcase name="testCheckout" classname="com.juaracoding.testng2.KasirTest" time="0.0"/>
  <testcase name="testCheckout" classname="com.juaracoding.testng2.KasirTest" time="0.0"/>
  <testcase name="testCheckout" classname="com.juaracoding.testng2.KasirTest" time="0.0"/>
  <testcase name="testCheckout" classname="com.juaracoding.testng2.KasirTest" time="0.0"/>
  <testcase name="testCheckout" classname="com.juaracoding.testng2.KasirTest" time="0.0"/>
  <testcase name="testCheckout" classname="com.juaracoding.testng2.KasirTest" time="0.0"/>
  <testcase name="testCheckout" classname="com.juaracoding.testng2.KasirTest" time="0.0"/>
  <testcase name="testCheckout" classname="com.juaracoding.testng2.KasirTest" time="0.0"/>
  <testcase name="testCheckout" classname="com.juaracoding.testng2.KasirTest" time="0.0"/>
  <testcase name="testCheckout" classname="com.juaracoding.testng2.KasirTest" time="0.0"/>
  <testcase name="testCheckout" classname="com.juaracoding.testng2.KasirTest" time="0.0"/>
  <testcase name="testCheckout" classname="com.juaracoding.testng2.KasirTest" time="0.0"/>
  <testcase name="testCheckout" classname="com.juaracoding.testng2.KasirTest" time="0.0"/>
  <testcase name="testCheckout" classname="com.juaracoding.testng2.KasirTest" time="0.0"/>
  <testcase name="testCheckout" classname="com.juaracoding.testng2.KasirTest" time="0.0"/>
  <testcase name="testCheckout" classname="com.juaracoding.testng2.KasirTest" time="0.0"/>
  <testcase name="testCheckout" classname="com.juaracoding.testng2.KasirTest" time="0.0"/>
  <testcase name="testCheckout" classname="com.juaracoding.testng2.KasirTest" time="0.0"/>
  <testcase name="testCheckout" classname="com.juaracoding.testng2.KasirTest" time="0.0"/>
  <testcase name="testCheckout" classname="com.juaracoding.testng2.KasirTest" time="0.0"/>
  <testcase name="testCheckout" classname="com.juaracoding.testng2.KasirTest" time="0.0"/>
  <testcase name="testCheckout" classname="com.juaracoding.testng2.KasirTest" time="0.0"/>
  <testcase name="testCheckout" classname="com.juaracoding.testng2.KasirTest" time="0.0"/>
  <testcase name="testCheckout" classname="com.juaracoding.testng2.KasirTest" time="0.0"/>
  <testcase name="testCheckout" classname="com.juaracoding.testng2.KasirTest" time="0.0"/>
  <testcase name="testCheckout" classname="com.juaracoding.testng2.KasirTest" time="0.0"/>
  <testcase name="testCheckout" classname="com.juaracoding.testng2.KasirTest" time="0.0"/>
  <testcase name="testCheckout" classname="com.juaracoding.testng2.KasirTest" time="0.0"/>
  <testcase name="testCheckout" classname="com.juaracoding.testng2.KasirTest" time="0.0"/>
  <testcase name="testCheckout" classname="com.juaracoding.testng2.KasirTest" time="0.0"/>
  <testcase name="testCheckout" classname="com.juaracoding.testng2.KasirTest" time="0.0"/>
  <testcase name="testCheckout" classname="com.juaracoding.testng2.KasirTest" time="0.0"/>
  <testcase name="testCheckout" classname="com.juaracoding.testng2.KasirTest" time="0.0"/>
  <testcase name="testCheckout" classname="com.juaracoding.testng2.KasirTest" time="0.0"/>
  <testcase name="testCheckout" classname="com.juaracoding.testng2.KasirTest" time="0.0"/>
  <testcase name="testCheckout" classname="com.juaracoding.testng2.KasirTest" time="0.002"/>
  <testcase name="testCheckout" classname="com.juaracoding.testng2.KasirTest" time="0.0"/>
  <testcase name="testCheckout" classname="com.juaracoding.testng2.KasirTest" time="0.0"/>
  <testcase name="testCheckout" classname="com.juaracoding.testng2.KasirTest" time="0.0"/>
  <testcase name="testCheckout" classname="com.juaracoding.testng2.KasirTest" time="0.0"/>
  <testcase name="testCheckout" classname="com.juaracoding.testng2.KasirTest" time="0.0"/>
  <testcase name="testCheckout" classname="com.juaracoding.testng2.KasirTest" time="0.0"/>
  <testcase name="testCheckout" classname="com.juaracoding.testng2.KasirTest" time="0.0"/>
  <testcase name="testCheckout" classname="com.juaracoding.testng2.KasirTest" time="0.0"/>
  <testcase name="testCheckout" classname="com.juaracoding.testng2.KasirTest" time="0.0"/>
  <testcase name="testCheckout" classname="com.juaracoding.testng2.KasirTest" time="0.0"/>
  <testcase name="testCheckout" classname="com.juaracoding.testng2.KasirTest" time="0.0"/>
  <testcase name="testCheckout" classname="com.juaracoding.testng2.KasirTest" time="0.0"/>
  <testcase name="testCheckout" classname="com.juaracoding.testng2.KasirTest" time="0.0"/>
  <testcase name="testCheckout" classname="com.juaracoding.testng2.KasirTest" time="0.0"/>
  <testcase name="testCheckout" classname="com.juaracoding.testng2.KasirTest" time="0.0"/>
  <testcase name="testCheckout" classname="com.juaracoding.testng2.KasirTest" time="0.0"/>
  <testcase name="testCheckout" classname="com.juaracoding.testng2.KasirTest" time="0.0"/>
  <testcase name="testCheckout" classname="com.juaracoding.testng2.KasirTest" time="0.0"/>
  <testcase name="testCheckout" classname="com.juaracoding.testng2.KasirTest" time="0.0"/>
  <testcase name="testCheckout" classname="com.juaracoding.testng2.KasirTest" time="0.0"/>
  <testcase name="testCheckout" classname="com.juaracoding.testng2.KasirTest" time="0.0"/>
  <testcase name="testCheckout" classname="com.juaracoding.testng2.KasirTest" time="0.0"/>
  <testcase name="testCheckout" classname="com.juaracoding.testng2.KasirTest" time="0.0"/>
  <testcase name="testCheckout" classname="com.juaracoding.testng2.KasirTest" time="0.0"/>
  <testcase name="testCheckout" classname="com.juaracoding.testng2.KasirTest" time="0.0"/>
  <testcase name="testCheckout" classname="com.juaracoding.testng2.KasirTest" time="0.0"/>
  <testcase name="testCheckout" classname="com.juaracoding.testng2.KasirTest" time="0.0"/>
  <testcase name="testCheckout" classname="com.juaracoding.testng2.KasirTest" time="0.0"/>
  <testcase name="testCheckout" classname="com.juaracoding.testng2.KasirTest" time="0.0"/>
  <testcase name="testCheckout" classname="com.juaracoding.testng2.KasirTest" time="0.0"/>
  <testcase name="testCheckout" classname="com.juaracoding.testng2.KasirTest" time="0.0"/>
  <testcase name="testCheckout" classname="com.juaracoding.testng2.KasirTest" time="0.001"/>
  <testcase name="testCheckout" classname="com.juaracoding.testng2.KasirTest" time="0.001"/>
  <testcase name="testCheckout" classname="com.juaracoding.testng2.KasirTest" time="0.0"/>
  <testcase name="testCheckout" classname="com.juaracoding.testng2.KasirTest" time="0.0"/>
  <testcase name="testCheckout" classname="com.juaracoding.testng2.KasirTest" time="0.0"/>
  <testcase name="testCheckout" classname="com.juaracoding.testng2.KasirTest" time="0.001"/>
  <testcase name="testCheckout" classname="com.juaracoding.testng2.KasirTest" time="0.0"/>
  <testcase name="testCheckout" classname="com.juaracoding.testng2.KasirTest" time="0.0"/>
  <testcase name="testCheckout" classname="com.juaracoding.testng2.KasirTest" time="0.0"/>
  <testcase name="testCheckout" classname="com.juaracoding.testng2.KasirTest" time="0.0"/>
  <testcase name="testCheckout" classname="com.juaracoding.testng2.KasirTest" time="0.0"/>
  <testcase name="testCheckout" classname="com.juaracoding.testng2.KasirTest" time="0.0"/>
  <testcase name="testCheckout" classname="com.juaracoding.testng2.KasirTest" time="0.0"/>
  <testcase name="testCheckout" classname="com.juaracoding.testng2.KasirTest" time="0.0"/>
  <testcase name="testCheckout" classname="com.juaracoding.testng2.KasirTest" time="0.0"/>
  <testcase name="testCheckout" classname="com.juaracoding.testng2.KasirTest" time="0.0"/>
  <testcase name="testCheckout" classname="com.juaracoding.testng2.KasirTest" time="0.0"/>
  <testcase name="testCheckout" classname="com.juaracoding.testng2.KasirTest" time="0.0"/>
  <testcase name="testCheckout" classname="com.juaracoding.testng2.KasirTest" time="0.0"/>
  <testcase name="testCheckout" classname="com.juaracoding.testng2.KasirTest" time="0.0"/>
  <testcase name="testCheckout" classname="com.juaracoding.testng2.KasirTest" time="0.0"/>
  <testcase name="testCheckout" classname="com.juaracoding.testng2.KasirTest" time="0.0"/>
  <testcase name="testCheckout" classname="com.juaracoding.testng2.KasirTest" time="0.0"/>
  <testcase name="testCheckout" classname="com.juaracoding.testng2.KasirTest" time="0.0"/>
  <testcase name="testCheckout" classname="com.juaracoding.testng2.KasirTest" time="0.001"/>
  <testcase name="testCheckout" classname="com.juaracoding.testng2.KasirTest" time="0.0"/>
  <testcase name="testCheckout" classname="com.juaracoding.testng2.KasirTest" time="0.0"/>
  <testcase name="testCheckout" classname="com.juaracoding.testng2.KasirTest" time="0.0"/>
  <testcase name="testCheckout" classname="com.juaracoding.testng2.KasirTest" time="0.0"/>
  <testcase name="testCheckout" classname="com.juaracoding.testng2.KasirTest" time="0.0"/>
  <testcase name="testCheckout" classname="com.juaracoding.testng2.KasirTest" time="0.0"/>
  <testcase name="testCheckout" classname="com.juaracoding.testng2.KasirTest" time="0.0"/>
  <testcase name="testCheckout" classname="com.juaracoding.testng2.KasirTest" time="0.0"/>
  <testcase name="testCheckout" classname="com.juaracoding.testng2.KasirTest" time="0.0"/>
  <testcase name="testCheckout" classname="com.juaracoding.testng2.KasirTest" time="0.0"/>
  <testcase name="testCheckout" classname="com.juaracoding.testng2.KasirTest" time="0.0"/>
  <testcase name="testCheckout" classname="com.juaracoding.testng2.KasirTest" time="0.0"/>
  <testcase name="testCheckout" classname="com.juaracoding.testng2.KasirTest" time="0.0"/>
  <testcase name="testCheckout" classname="com.juaracoding.testng2.KasirTest" time="0.0"/>
  <testcase name="testCheckout" classname="com.juaracoding.testng2.KasirTest" time="0.0"/>
  <testcase name="testCheckout" classname="com.juaracoding.testng2.KasirTest" time="0.0"/>
  <testcase name="testCheckout" classname="com.juaracoding.testng2.KasirTest" time="0.0"/>
  <testcase name="testCheckout" classname="com.juaracoding.testng2.KasirTest" time="0.0"/>
  <testcase name="testCheckout" classname="com.juaracoding.testng2.KasirTest" time="0.001"/>
  <testcase name="testCheckout" classname="com.juaracoding.testng2.KasirTest" time="0.001"/>
  <testcase name="testCheckout" classname="com.juaracoding.testng2.KasirTest" time="0.0"/>
  <testcase name="testCheckout" classname="com.juaracoding.testng2.KasirTest" time="0.0"/>
  <testcase name="testCheckout" classname="com.juaracoding.testng2.KasirTest" time="0.0"/>
  <testcase name="testCheckout" classname="com.juaracoding.testng2.KasirTest" time="0.0"/>
  <testcase name="testCheckout" classname="com.juaracoding.testng2.KasirTest" time="0.0"/>
  <testcase name="testCheckout" classname="com.juaracoding.testng2.KasirTest" time="0.0"/>
  <testcase name="testCheckout" classname="com.juaracoding.testng2.KasirTest" time="0.0"/>
  <testcase name="testCheckout" classname="com.juaracoding.testng2.KasirTest" time="0.0"/>
  <testcase name="testCheckout" classname="com.juaracoding.testng2.KasirTest" time="0.0"/>
  <testcase name="testCheckout" classname="com.juaracoding.testng2.KasirTest" time="0.0"/>
  <testcase name="testCheckout" classname="com.juaracoding.testng2.KasirTest" time="0.0"/>
  <testcase name="testCheckout" classname="com.juaracoding.testng2.KasirTest" time="0.0"/>
  <testcase name="testCheckout" classname="com.juaracoding.testng2.KasirTest" time="0.0"/>
  <testcase name="testCheckout" classname="com.juaracoding.testng2.KasirTest" time="0.0"/>
  <testcase name="testCheckout" classname="com.juaracoding.testng2.KasirTest" time="0.0"/>
  <testcase name="testCheckout" classname="com.juaracoding.testng2.KasirTest" time="0.0"/>
  <testcase name="testCheckout" classname="com.juaracoding.testng2.KasirTest" time="0.0"/>
  <testcase name="testCheckout" classname="com.juaracoding.testng2.KasirTest" time="0.0"/>
  <testcase name="testCheckout" classname="com.juaracoding.testng2.KasirTest" time="0.0"/>
  <testcase name="testCheckout" classname="com.juaracoding.testng2.KasirTest" time="0.0"/>
  <testcase name="testCheckout" classname="com.juaracoding.testng2.KasirTest" time="0.0"/>
  <testcase name="testCheckout" classname="com.juaracoding.testng2.KasirTest" time="0.0"/>
  <testcase name="testCheckout" classname="com.juaracoding.testng2.KasirTest" time="0.0"/>
  <testcase name="testCheckout" classname="com.juaracoding.testng2.KasirTest" time="0.0"/>
  <testcase name="testCheckout" classname="com.juaracoding.testng2.KasirTest" time="0.0"/>
  <testcase name="testCheckout" classname="com.juaracoding.testng2.KasirTest" time="0.001"/>
  <testcase name="testCheckout" classname="com.juaracoding.testng2.KasirTest" time="0.0"/>
  <testcase name="testCheckout" classname="com.juaracoding.testng2.KasirTest" time="0.0"/>
  <testcase name="testCheckout" classname="com.juaracoding.testng2.KasirTest" time="0.0"/>
  <testcase name="testCheckout" classname="com.juaracoding.testng2.KasirTest" time="0.0"/>
  <testcase name="testCheckout" classname="com.juaracoding.testng2.KasirTest" time="0.0"/>
  <testcase name="testCheckout" classname="com.juaracoding.testng2.KasirTest" time="0.0"/>
  <testcase name="testCheckout" classname="com.juaracoding.testng2.KasirTest" time="0.0"/>
  <testcase name="testCheckout" classname="com.juaracoding.testng2.KasirTest" time="0.0"/>
  <testcase name="testCheckout" classname="com.juaracoding.testng2.KasirTest" time="0.0"/>
  <testcase name="testCheckout" classname="com.juaracoding.testng2.KasirTest" time="0.0"/>
  <testcase name="testCheckout" classname="com.juaracoding.testng2.KasirTest" time="0.0"/>
  <testcase name="testCheckout" classname="com.juaracoding.testng2.KasirTest" time="0.0"/>
  <testcase name="testCheckout" classname="com.juaracoding.testng2.KasirTest" time="0.0"/>
  <testcase name="testCheckout" classname="com.juaracoding.testng2.KasirTest" time="0.0"/>
  <testcase name="testCheckout" classname="com.juaracoding.testng2.KasirTest" time="0.0"/>
  <testcase name="testCheckout" classname="com.juaracoding.testng2.KasirTest" time="0.0"/>
  <testcase name="testCheckout" classname="com.juaracoding.testng2.KasirTest" time="0.0"/>
  <testcase name="testCheckout" classname="com.juaracoding.testng2.KasirTest" time="0.0"/>
  <testcase name="testCheckout" classname="com.juaracoding.testng2.KasirTest" time="0.0"/>
  <testcase name="testCheckout" classname="com.juaracoding.testng2.KasirTest" time="0.0"/>
  <testcase name="testCheckout" classname="com.juaracoding.testng2.KasirTest" time="0.0"/>
  <testcase name="testCheckout" classname="com.juaracoding.testng2.KasirTest" time="0.0"/>
  <testcase name="testCheckout" classname="com.juaracoding.testng2.KasirTest" time="0.0"/>
  <testcase name="testCheckout" classname="com.juaracoding.testng2.KasirTest" time="0.0"/>
  <testcase name="testCheckout" classname="com.juaracoding.testng2.KasirTest" time="0.0"/>
  <testcase name="testCheckout" classname="com.juaracoding.testng2.KasirTest" time="0.0"/>
  <testcase name="testCheckout" classname="com.juaracoding.testng2.KasirTest" time="0.0"/>
  <testcase name="testCheckout" classname="com.juaracoding.testng2.KasirTest" time="0.0"/>
  <testcase name="testCheckout" classname="com.juaracoding.testng2.KasirTest" time="0.0"/>
  <testcase name="testCheckout" classname="com.juaracoding.testng2.KasirTest" time="0.001"/>
  <testcase name="testCheckout" classname="com.juaracoding.testng2.KasirTest" time="0.001"/>
  <testcase name="testCheckout" classname="com.juaracoding.testng2.KasirTest" time="0.0"/>
  <testcase name="testCheckout" classname="com.juaracoding.testng2.KasirTest" time="0.0"/>
  <testcase name="testCheckout" classname="com.juaracoding.testng2.KasirTest" time="0.0"/>
  <testcase name="testCheckout" classname="com.juaracoding.testng2.KasirTest" time="0.0"/>
  <testcase name="testCheckout" classname="com.juaracoding.testng2.KasirTest" time="0.0"/>
  <testcase name="testCheckout" classname="com.juaracoding.testng2.KasirTest" time="0.0"/>
  <testcase name="testCheckout" classname="com.juaracoding.testng2.KasirTest" time="0.0"/>
  <testcase name="testCheckout" classname="com.juaracoding.testng2.KasirTest" time="0.0"/>
  <testcase name="testCheckout" classname="com.juaracoding.testng2.KasirTest" time="0.0"/>
  <testcase name="testCheckout" classname="com.juaracoding.testng2.KasirTest" time="0.0"/>
  <testcase name="testCheckout" classname="com.juaracoding.testng2.KasirTest" time="0.0"/>
  <testcase name="testCheckout" classname="com.juaracoding.testng2.KasirTest" time="0.0"/>
  <testcase name="testCheckout" classname="com.juaracoding.testng2.KasirTest" time="0.0"/>
  <testcase name="testCheckout" classname="com.juaracoding.testng2.KasirTest" time="0.0"/>
  <testcase name="testCheckout" classname="com.juaracoding.testng2.KasirTest" time="0.0"/>
  <testcase name="testCheckout" classname="com.juaracoding.testng2.KasirTest" time="0.0"/>
  <testcase name="testCheckout" classname="com.juaracoding.testng2.KasirTest" time="0.0"/>
  <testcase name="testCheckout" classname="com.juaracoding.testng2.KasirTest" time="0.0"/>
  <testcase name="testCheckout" classname="com.juaracoding.testng2.KasirTest" time="0.0"/>
  <testcase name="testCheckout" classname="com.juaracoding.testng2.KasirTest" time="0.0"/>
  <testcase name="testCheckout" classname="com.juaracoding.testng2.KasirTest" time="0.0"/>
  <testcase name="testCheckout" classname="com.juaracoding.testng2.KasirTest" time="0.0"/>
  <testcase name="testCheckout" classname="com.juaracoding.testng2.KasirTest" time="0.001"/>
  <testcase name="testCheckout" classname="com.juaracoding.testng2.KasirTest" time="0.0"/>
  <testcase name="testCheckout" classname="com.juaracoding.testng2.KasirTest" time="0.0"/>
  <testcase name="testCheckout" classname="com.juaracoding.testng2.KasirTest" time="0.0"/>
  <testcase name="testCheckout" classname="com.juaracoding.testng2.KasirTest" time="0.0"/>
  <testcase name="testCheckout" classname="com.juaracoding.testng2.KasirTest" time="0.0"/>
  <testcase name="testCheckout" classname="com.juaracoding.testng2.KasirTest" time="0.0"/>
  <testcase name="testCheckout" classname="com.juaracoding.testng2.KasirTest" time="0.0"/>
  <testcase name="testCheckout" classname="com.juaracoding.testng2.KasirTest" time="0.0"/>
  <testcase name="testCheckout" classname="com.juaracoding.testng2.KasirTest" time="0.0"/>
  <testcase name="testCheckout" classname="com.juaracoding.testng2.KasirTest" time="0.0"/>
  <testcase name="testCheckout" classname="com.juaracoding.testng2.KasirTest" time="0.0"/>
  <testcase name="testCheckout" classname="com.juaracoding.testng2.KasirTest" time="0.0"/>
  <testcase name="testCheckout" classname="com.juaracoding.testng2.KasirTest" time="0.0"/>
  <testcase name="testCheckout" classname="com.juaracoding.testng2.KasirTest" time="0.0"/>
  <testcase name="testCheckout" classname="com.juaracoding.testng2.KasirTest" time="0.003"/>
  <testcase name="testCheckout" classname="com.juaracoding.testng2.KasirTest" time="0.0"/>
  <testcase name="testCheckout" classname="com.juaracoding.testng2.KasirTest" time="0.0"/>
  <testcase name="testCheckout" classname="com.juaracoding.testng2.KasirTest" time="0.0"/>
  <testcase name="testCheckout" classname="com.juaracoding.testng2.KasirTest" time="0.0"/>
  <testcase name="testCheckout" classname="com.juaracoding.testng2.KasirTest" time="0.0"/>
  <testcase name="testCheckout" classname="com.juaracoding.testng2.KasirTest" time="0.0"/>
  <testcase name="testCheckout" classname="com.juaracoding.testng2.KasirTest" time="0.001"/>
  <testcase name="testCheckout" classname="com.juaracoding.testng2.KasirTest" time="0.0"/>
  <testcase name="testCheckout" classname="com.juaracoding.testng2.KasirTest" time="0.0"/>
  <testcase name="testCheckout" classname="com.juaracoding.testng2.KasirTest" time="0.0"/>
  <testcase name="testCheckout" classname="com.juaracoding.testng2.KasirTest" time="0.0"/>
  <testcase name="testCheckout" classname="com.juaracoding.testng2.KasirTest" time="0.0"/>
  <testcase name="testCheckout" classname="com.juaracoding.testng2.KasirTest" time="0.0"/>
  <testcase name="testCheckout" classname="com.juaracoding.testng2.KasirTest" time="0.002"/>
  <testcase name="testCheckout" classname="com.juaracoding.testng2.KasirTest" time="0.0"/>
  <testcase name="testCheckout" classname="com.juaracoding.testng2.KasirTest" time="0.0"/>
  <testcase name="testCheckout" classname="com.juaracoding.testng2.KasirTest" time="0.0"/>
  <testcase name="testCheckout" classname="com.juaracoding.testng2.KasirTest" time="0.0"/>
  <testcase name="testCheckout" classname="com.juaracoding.testng2.KasirTest" time="0.0"/>
  <testcase name="testCheckout" classname="com.juaracoding.testng2.KasirTest" time="0.0"/>
  <testcase name="testCheckout" classname="com.juaracoding.testng2.KasirTest" time="0.0"/>
  <testcase name="testCheckout" classname="com.juaracoding.testng2.KasirTest" time="0.0"/>
  <testcase name="testCheckout" classname="com.juaracoding.testng2.KasirTest" time="0.001"/>
  <testcase name="testCheckout" classname="com.juaracoding.testng2.KasirTest" time="0.0"/>
  <testcase name="testCheckout" classname="com.juaracoding.testng2.KasirTest" time="0.0"/>
  <testcase name="testCheckout" classname="com.juaracoding.testng2.KasirTest" time="0.0"/>
  <testcase name="testCheckout" classname="com.juaracoding.testng2.KasirTest" time="0.0"/>
  <testcase name="testCheckout" classname="com.juaracoding.testng2.KasirTest" time="0.0"/>
  <testcase name="testCheckout" classname="com.juaracoding.testng2.KasirTest" time="0.0"/>
  <testcase name="testCheckout" classname="com.juaracoding.testng2.KasirTest" time="0.0"/>
  <testcase name="testCheckout" classname="com.juaracoding.testng2.KasirTest" time="0.0"/>
  <testcase name="testCheckout" classname="com.juaracoding.testng2.KasirTest" time="0.0"/>
  <testcase name="testCheckout" classname="com.juaracoding.testng2.KasirTest" time="0.0"/>
  <testcase name="testCheckout" classname="com.juaracoding.testng2.KasirTest" time="0.0"/>
  <testcase name="testCheckout" classname="com.juaracoding.testng2.KasirTest" time="0.0"/>
  <testcase name="testCheckout" classname="com.juaracoding.testng2.KasirTest" time="0.0"/>
  <testcase name="testCheckout" classname="com.juaracoding.testng2.KasirTest" time="0.0"/>
  <testcase name="testCheckout" classname="com.juaracoding.testng2.KasirTest" time="0.0"/>
  <testcase name="testCheckout" classname="com.juaracoding.testng2.KasirTest" time="0.001"/>
  <testcase name="testCheckout" classname="com.juaracoding.testng2.KasirTest" time="0.002"/>
  <testcase name="testCheckout" classname="com.juaracoding.testng2.KasirTest" time="0.0"/>
  <testcase name="testCheckout" classname="com.juaracoding.testng2.KasirTest" time="0.001"/>
  <testcase name="testCheckout" classname="com.juaracoding.testng2.KasirTest" time="0.001"/>
  <testcase name="testCheckout" classname="com.juaracoding.testng2.KasirTest" time="0.0"/>
  <testcase name="testCheckout" classname="com.juaracoding.testng2.KasirTest" time="0.0"/>
  <testcase name="testCheckout" classname="com.juaracoding.testng2.KasirTest" time="0.0"/>
  <testcase name="testCheckout" classname="com.juaracoding.testng2.KasirTest" time="0.0"/>
  <testcase name="testCheckout" classname="com.juaracoding.testng2.KasirTest" time="0.0"/>
  <testcase name="testCheckout" classname="com.juaracoding.testng2.KasirTest" time="0.0"/>
  <testcase name="testCheckout" classname="com.juaracoding.testng2.KasirTest" time="0.0"/>
  <testcase name="testCheckout" classname="com.juaracoding.testng2.KasirTest" time="0.0"/>
  <testcase name="testCheckout" classname="com.juaracoding.testng2.KasirTest" time="0.0"/>
  <testcase name="testCheckout" classname="com.juaracoding.testng2.KasirTest" time="0.0"/>
  <testcase name="testCheckout" classname="com.juaracoding.testng2.KasirTest" time="0.0"/>
  <testcase name="testCheckout" classname="com.juaracoding.testng2.KasirTest" time="0.0"/>
  <testcase name="testCheckout" classname="com.juaracoding.testng2.KasirTest" time="0.0"/>
  <testcase name="testCheckout" classname="com.juaracoding.testng2.KasirTest" time="0.0"/>
  <testcase name="testCheckout" classname="com.juaracoding.testng2.KasirTest" time="0.0"/>
  <testcase name="testCheckout" classname="com.juaracoding.testng2.KasirTest" time="0.0"/>
  <testcase name="testCheckout" classname="com.juaracoding.testng2.KasirTest" time="0.0"/>
  <testcase name="testCheckout" classname="com.juaracoding.testng2.KasirTest" time="0.0"/>
  <testcase name="testCheckout" classname="com.juaracoding.testng2.KasirTest" time="0.0"/>
  <testcase name="testCheckout" classname="com.juaracoding.testng2.KasirTest" time="0.0"/>
  <testcase name="testCheckout" classname="com.juaracoding.testng2.KasirTest" time="0.0"/>
  <testcase name="testCheckout" classname="com.juaracoding.testng2.KasirTest" time="0.0"/>
  <testcase name="testCheckout" classname="com.juaracoding.testng2.KasirTest" time="0.0"/>
  <testcase name="testCheckout" classname="com.juaracoding.testng2.KasirTest" time="0.0"/>
  <testcase name="testCheckout" classname="com.juaracoding.testng2.KasirTest" time="0.0"/>
  <testcase name="testCheckout" classname="com.juaracoding.testng2.KasirTest" time="0.0"/>
  <testcase name="testCheckout" classname="com.juaracoding.testng2.KasirTest" time="0.0"/>
  <testcase name="testCheckout" classname="com.juaracoding.testng2.KasirTest" time="0.0"/>
  <testcase name="testCheckout" classname="com.juaracoding.testng2.KasirTest" time="0.0"/>
  <testcase name="testCheckout" classname="com.juaracoding.testng2.KasirTest" time="0.0"/>
  <testcase name="testCheckout" classname="com.juaracoding.testng2.KasirTest" time="0.0"/>
  <testcase name="testCheckout" classname="com.juaracoding.testng2.KasirTest" time="0.0"/>
  <testcase name="testCheckout" classname="com.juaracoding.testng2.KasirTest" time="0.0"/>
  <testcase name="testCheckout" classname="com.juaracoding.testng2.KasirTest" time="0.0"/>
  <testcase name="testCheckout" classname="com.juaracoding.testng2.KasirTest" time="0.0"/>
  <testcase name="testCheckout" classname="com.juaracoding.testng2.KasirTest" time="0.0"/>
  <testcase name="testCheckout" classname="com.juaracoding.testng2.KasirTest" time="0.0"/>
  <testcase name="testCheckout" classname="com.juaracoding.testng2.KasirTest" time="0.0"/>
  <testcase name="testCheckout" classname="com.juaracoding.testng2.KasirTest" time="0.0"/>
  <testcase name="testCheckout" classname="com.juaracoding.testng2.KasirTest" time="0.0"/>
  <testcase name="testCheckout" classname="com.juaracoding.testng2.KasirTest" time="0.0"/>
  <testcase name="testCheckout" classname="com.juaracoding.testng2.KasirTest" time="0.0"/>
  <testcase name="testCheckout" classname="com.juaracoding.testng2.KasirTest" time="0.0"/>
  <testcase name="testCheckout" classname="com.juaracoding.testng2.KasirTest" time="0.0"/>
  <testcase name="testCheckout" classname="com.juaracoding.testng2.KasirTest" time="0.0"/>
  <testcase name="testCheckout" classname="com.juaracoding.testng2.KasirTest" time="0.0"/>
  <testcase name="testCheckout" classname="com.juaracoding.testng2.KasirTest" time="0.0"/>
  <testcase name="testCheckout" classname="com.juaracoding.testng2.KasirTest" time="0.0"/>
  <testcase name="testCheckout" classname="com.juaracoding.testng2.KasirTest" time="0.0"/>
  <testcase name="testCheckout" classname="com.juaracoding.testng2.KasirTest" time="0.0"/>
  <testcase name="testCheckout" classname="com.juaracoding.testng2.KasirTest" time="0.0"/>
  <testcase name="testCheckout" classname="com.juaracoding.testng2.KasirTest" time="0.0"/>
  <testcase name="testCheckout" classname="com.juaracoding.testng2.KasirTest" time="0.0"/>
  <testcase name="testCheckout" classname="com.juaracoding.testng2.KasirTest" time="0.0"/>
  <testcase name="testCheckout" classname="com.juaracoding.testng2.KasirTest" time="0.0"/>
  <testcase name="testCheckout" classname="com.juaracoding.testng2.KasirTest" time="0.0"/>
  <testcase name="testCheckout" classname="com.juaracoding.testng2.KasirTest" time="0.0"/>
  <testcase name="testCheckout" classname="com.juaracoding.testng2.KasirTest" time="0.0"/>
  <testcase name="testCheckout" classname="com.juaracoding.testng2.KasirTest" time="0.0"/>
  <testcase name="testCheckout" classname="com.juaracoding.testng2.KasirTest" time="0.0"/>
  <testcase name="testCheckout" classname="com.juaracoding.testng2.KasirTest" time="0.0"/>
  <testcase name="testCheckout" classname="com.juaracoding.testng2.KasirTest" time="0.0"/>
  <testcase name="testCheckout" classname="com.juaracoding.testng2.KasirTest" time="0.0"/>
  <testcase name="testCheckout" classname="com.juaracoding.testng2.KasirTest" time="0.0"/>
  <testcase name="testCheckout" classname="com.juaracoding.testng2.KasirTest" time="0.0"/>
  <testcase name="testCheckout" classname="com.juaracoding.testng2.KasirTest" time="0.0"/>
  <testcase name="testCheckout" classname="com.juaracoding.testng2.KasirTest" time="0.0"/>
  <testcase name="testCheckout" classname="com.juaracoding.testng2.KasirTest" time="0.0"/>
  <testcase name="testCheckout" classname="com.juaracoding.testng2.KasirTest" time="0.0"/>
  <testcase name="testCheckout" classname="com.juaracoding.testng2.KasirTest" time="0.0"/>
  <testcase name="testCheckout" classname="com.juaracoding.testng2.KasirTest" time="0.0"/>
  <testcase name="testCheckout" classname="com.juaracoding.testng2.KasirTest" time="0.0"/>
  <testcase name="testCheckout" classname="com.juaracoding.testng2.KasirTest" time="0.0"/>
  <testcase name="testCheckout" classname="com.juaracoding.testng2.KasirTest" time="0.0"/>
  <testcase name="testCheckout" classname="com.juaracoding.testng2.KasirTest" time="0.0"/>
  <testcase name="testCheckout" classname="com.juaracoding.testng2.KasirTest" time="0.0"/>
  <testcase name="testCheckout" classname="com.juaracoding.testng2.KasirTest" time="0.0"/>
  <testcase name="testCheckout" classname="com.juaracoding.testng2.KasirTest" time="0.0"/>
  <testcase name="testCheckout" classname="com.juaracoding.testng2.KasirTest" time="0.0"/>
  <testcase name="testCheckout" classname="com.juaracoding.testng2.KasirTest" time="0.0"/>
  <testcase name="testCheckout" classname="com.juaracoding.testng2.KasirTest" time="0.0"/>
  <testcase name="testCheckout" classname="com.juaracoding.testng2.KasirTest" time="0.001"/>
  <testcase name="testCheckout" classname="com.juaracoding.testng2.KasirTest" time="0.0"/>
  <testcase name="testCheckout" classname="com.juaracoding.testng2.KasirTest" time="0.0"/>
  <testcase name="testCheckout" classname="com.juaracoding.testng2.KasirTest" time="0.0"/>
  <testcase name="testCheckout" classname="com.juaracoding.testng2.KasirTest" time="0.0"/>
  <testcase name="testCheckout" classname="com.juaracoding.testng2.KasirTest" time="0.0"/>
  <testcase name="testCheckout" classname="com.juaracoding.testng2.KasirTest" time="0.0"/>
  <testcase name="testCheckout" classname="com.juaracoding.testng2.KasirTest" time="0.0"/>
  <testcase name="testCheckout" classname="com.juaracoding.testng2.KasirTest" time="0.0"/>
  <testcase name="testCheckout" classname="com.juaracoding.testng2.KasirTest" time="0.0"/>
  <testcase name="testCheckout" classname="com.juaracoding.testng2.KasirTest" time="0.0"/>
  <testcase name="testCheckout" classname="com.juaracoding.testng2.KasirTest" time="0.0"/>
  <testcase name="testCheckout" classname="com.juaracoding.testng2.KasirTest" time="0.0"/>
  <testcase name="testCheckout" classname="com.juaracoding.testng2.KasirTest" time="0.0"/>
  <testcase name="testCheckout" classname="com.juaracoding.testng2.KasirTest" time="0.0"/>
  <testcase name="testCheckout" classname="com.juaracoding.testng2.KasirTest" time="0.0"/>
  <testcase name="testCheckout" classname="com.juaracoding.testng2.KasirTest" time="0.0"/>
  <testcase name="testCheckout" classname="com.juaracoding.testng2.KasirTest" time="0.0"/>
  <testcase name="testCheckout" classname="com.juaracoding.testng2.KasirTest" time="0.0"/>
  <testcase name="testCheckout" classname="com.juaracoding.testng2.KasirTest" time="0.0"/>
  <testcase name="testCheckout" classname="com.juaracoding.testng2.KasirTest" time="0.0"/>
  <testcase name="testCheckout" classname="com.juaracoding.testng2.KasirTest" time="0.0"/>
  <testcase name="testCheckout" classname="com.juaracoding.testng2.KasirTest" time="0.0"/>
  <testcase name="testCheckout" classname="com.juaracoding.testng2.KasirTest" time="0.0"/>
  <testcase name="testCheckout" classname="com.juaracoding.testng2.KasirTest" time="0.0"/>
  <testcase name="testCheckout" classname="com.juaracoding.testng2.KasirTest" time="0.0"/>
  <testcase name="testCheckout" classname="com.juaracoding.testng2.KasirTest" time="0.0"/>
  <testcase name="testCheckout" classname="com.juaracoding.testng2.KasirTest" time="0.0"/>
  <testcase name="testCheckout" classname="com.juaracoding.testng2.KasirTest" time="0.0"/>
  <testcase name="testCheckout" classname="com.juaracoding.testng2.KasirTest" time="0.0"/>
  <testcase name="testCheckout" classname="com.juaracoding.testng2.KasirTest" time="0.0"/>
  <testcase name="testCheckout" classname="com.juaracoding.testng2.KasirTest" time="0.0"/>
  <testcase name="testCheckout" classname="com.juaracoding.testng2.KasirTest" time="0.0"/>
  <testcase name="testCheckout" classname="com.juaracoding.testng2.KasirTest" time="0.0"/>
  <testcase name="testCheckout" classname="com.juaracoding.testng2.KasirTest" time="0.0"/>
  <testcase name="testCheckout" classname="com.juaracoding.testng2.KasirTest" time="0.0"/>
  <testcase name="testCheckout" classname="com.juaracoding.testng2.KasirTest" time="0.0"/>
  <testcase name="testCheckout" classname="com.juaracoding.testng2.KasirTest" time="0.0"/>
  <testcase name="testCheckout" classname="com.juaracoding.testng2.KasirTest" time="0.0"/>
  <testcase name="testCheckout" classname="com.juaracoding.testng2.KasirTest" time="0.0"/>
  <testcase name="testCheckout" classname="com.juaracoding.testng2.KasirTest" time="0.0"/>
  <testcase name="testCheckout" classname="com.juaracoding.testng2.KasirTest" time="0.0"/>
  <testcase name="testCheckout" classname="com.juaracoding.testng2.KasirTest" time="0.0"/>
  <testcase name="testCheckout" classname="com.juaracoding.testng2.KasirTest" time="0.0"/>
  <testcase name="testCheckout" classname="com.juaracoding.testng2.KasirTest" time="0.0"/>
  <testcase name="testCheckout" classname="com.juaracoding.testng2.KasirTest" time="0.0"/>
  <testcase name="testCheckout" classname="com.juaracoding.testng2.KasirTest" time="0.0"/>
  <testcase name="testCheckout" classname="com.juaracoding.testng2.KasirTest" time="0.0"/>
  <testcase name="testCheckout" classname="com.juaracoding.testng2.KasirTest" time="0.0"/>
  <testcase name="testCheckout" classname="com.juaracoding.testng2.KasirTest" time="0.0"/>
  <testcase name="testCheckout" classname="com.juaracoding.testng2.KasirTest" time="0.0"/>
  <testcase name="testCheckout" classname="com.juaracoding.testng2.KasirTest" time="0.0"/>
  <testcase name="testCheckout" classname="com.juaracoding.testng2.KasirTest" time="0.0"/>
  <testcase name="testCheckout" classname="com.juaracoding.testng2.KasirTest" time="0.0"/>
  <testcase name="testCheckout" classname="com.juaracoding.testng2.KasirTest" time="0.0"/>
  <testcase name="testCheckout" classname="com.juaracoding.testng2.KasirTest" time="0.0"/>
  <testcase name="testCheckout" classname="com.juaracoding.testng2.KasirTest" time="0.0"/>
  <testcase name="testCheckout" classname="com.juaracoding.testng2.KasirTest" time="0.0"/>
  <testcase name="testCheckout" classname="com.juaracoding.testng2.KasirTest" time="0.0"/>
  <testcase name="testCheckout" classname="com.juaracoding.testng2.KasirTest" time="0.0"/>
  <testcase name="testCheckout" classname="com.juaracoding.testng2.KasirTest" time="0.001"/>
  <testcase name="testCheckout" classname="com.juaracoding.testng2.KasirTest" time="0.0"/>
  <testcase name="testCheckout" classname="com.juaracoding.testng2.KasirTest" time="0.0"/>
  <testcase name="testCheckout" classname="com.juaracoding.testng2.KasirTest" time="0.0"/>
  <testcase name="testCheckout" classname="com.juaracoding.testng2.KasirTest" time="0.0"/>
  <testcase name="testCheckout" classname="com.juaracoding.testng2.KasirTest" time="0.0"/>
  <testcase name="testCheckout" classname="com.juaracoding.testng2.KasirTest" time="0.0"/>
  <testcase name="testCheckout" classname="com.juaracoding.testng2.KasirTest" time="0.0"/>
  <testcase name="testCheckout" classname="com.juaracoding.testng2.KasirTest" time="0.0"/>
  <testcase name="testCheckout" classname="com.juaracoding.testng2.KasirTest" time="0.0"/>
  <testcase name="testCheckout" classname="com.juaracoding.testng2.KasirTest" time="0.0"/>
  <testcase name="testCheckout" classname="com.juaracoding.testng2.KasirTest" time="0.0"/>
  <testcase name="testCheckout" classname="com.juaracoding.testng2.KasirTest" time="0.0"/>
  <testcase name="testCheckout" classname="com.juaracoding.testng2.KasirTest" time="0.0"/>
  <testcase name="testCheckout" classname="com.juaracoding.testng2.KasirTest" time="0.0"/>
  <testcase name="testCheckout" classname="com.juaracoding.testng2.KasirTest" time="0.0"/>
  <testcase name="testCheckout" classname="com.juaracoding.testng2.KasirTest" time="0.0"/>
  <testcase name="testCheckout" classname="com.juaracoding.testng2.KasirTest" time="0.0"/>
  <testcase name="testCheckout" classname="com.juaracoding.testng2.KasirTest" time="0.0"/>
  <testcase name="testCheckout" classname="com.juaracoding.testng2.KasirTest" time="0.0"/>
  <testcase name="testCheckout" classname="com.juaracoding.testng2.KasirTest" time="0.0"/>
  <testcase name="testCheckout" classname="com.juaracoding.testng2.KasirTest" time="0.0"/>
  <testcase name="testCheckout" classname="com.juaracoding.testng2.KasirTest" time="0.0"/>
  <testcase name="testCheckout" classname="com.juaracoding.testng2.KasirTest" time="0.0"/>
  <testcase name="testCheckout" classname="com.juaracoding.testng2.KasirTest" time="0.0"/>
  <testcase name="testCheckout" classname="com.juaracoding.testng2.KasirTest" time="0.0"/>
  <testcase name="testCheckout" classname="com.juaracoding.testng2.KasirTest" time="0.0"/>
  <testcase name="testCheckout" classname="com.juaracoding.testng2.KasirTest" time="0.0"/>
  <testcase name="testCheckout" classname="com.juaracoding.testng2.KasirTest" time="0.0"/>
  <testcase name="testCheckout" classname="com.juaracoding.testng2.KasirTest" time="0.0"/>
  <testcase name="testCheckout" classname="com.juaracoding.testng2.KasirTest" time="0.0"/>
  <testcase name="testCheckout" classname="com.juaracoding.testng2.KasirTest" time="0.0"/>
  <testcase name="testCheckout" classname="com.juaracoding.testng2.KasirTest" time="0.0"/>
  <testcase name="testCheckout" classname="com.juaracoding.testng2.KasirTest" time="0.0"/>
  <testcase name="testCheckout" classname="com.juaracoding.testng2.KasirTest" time="0.0"/>
  <testcase name="testCheckout" classname="com.juaracoding.testng2.KasirTest" time="0.0"/>
  <testcase name="testCheckout" classname="com.juaracoding.testng2.KasirTest" time="0.0"/>
  <testcase name="testCheckout" classname="com.juaracoding.testng2.KasirTest" time="0.0"/>
  <testcase name="testCheckout" classname="com.juaracoding.testng2.KasirTest" time="0.0"/>
  <testcase name="testCheckout" classname="com.juaracoding.testng2.KasirTest" time="0.0"/>
  <testcase name="testCheckout" classname="com.juaracoding.testng2.KasirTest" time="0.0"/>
  <testcase name="testCheckout" classname="com.juaracoding.testng2.KasirTest" time="0.0"/>
  <testcase name="testCheckout" classname="com.juaracoding.testng2.KasirTest" time="0.0"/>
  <testcase name="testCheckout" classname="com.juaracoding.testng2.KasirTest" time="0.0"/>
  <testcase name="testCheckout" classname="com.juaracoding.testng2.KasirTest" time="0.0"/>
  <testcase name="testCheckout" classname="com.juaracoding.testng2.KasirTest" time="0.0"/>
  <testcase name="testCheckout" classname="com.juaracoding.testng2.KasirTest" time="0.0"/>
  <testcase name="testCheckout" classname="com.juaracoding.testng2.KasirTest" time="0.0"/>
  <testcase name="testCheckout" classname="com.juaracoding.testng2.KasirTest" time="0.0"/>
  <testcase name="testCheckout" classname="com.juaracoding.testng2.KasirTest" time="0.0"/>
  <testcase name="testCheckout" classname="com.juaracoding.testng2.KasirTest" time="0.0"/>
  <testcase name="testCheckout" classname="com.juaracoding.testng2.KasirTest" time="0.0"/>
  <testcase name="testCheckout" classname="com.juaracoding.testng2.KasirTest" time="0.0"/>
  <testcase name="testCheckout" classname="com.juaracoding.testng2.KasirTest" time="0.0"/>
  <testcase name="testCheckout" classname="com.juaracoding.testng2.KasirTest" time="0.0"/>
  <testcase name="testCheckout" classname="com.juaracoding.testng2.KasirTest" time="0.0"/>
  <testcase name="testCheckout" classname="com.juaracoding.testng2.KasirTest" time="0.0"/>
  <testcase name="testCheckout" classname="com.juaracoding.testng2.KasirTest" time="0.0"/>
  <testcase name="testCheckout" classname="com.juaracoding.testng2.KasirTest" time="0.0"/>
  <testcase name="testCheckout" classname="com.juaracoding.testng2.KasirTest" time="0.0"/>
  <testcase name="testCheckout" classname="com.juaracoding.testng2.KasirTest" time="0.0"/>
  <testcase name="testCheckout" classname="com.juaracoding.testng2.KasirTest" time="0.0"/>
  <testcase name="testCheckout" classname="com.juaracoding.testng2.KasirTest" time="0.0"/>
  <testcase name="testCheckout" classname="com.juaracoding.testng2.KasirTest" time="0.0"/>
  <testcase name="testCheckout" classname="com.juaracoding.testng2.KasirTest" time="0.0"/>
  <testcase name="testCheckout" classname="com.juaracoding.testng2.KasirTest" time="0.0"/>
  <testcase name="testCheckout" classname="com.juaracoding.testng2.KasirTest" time="0.0"/>
  <testcase name="testCheckout" classname="com.juaracoding.testng2.KasirTest" time="0.0"/>
  <testcase name="testCheckout" classname="com.juaracoding.testng2.KasirTest" time="0.0"/>
  <testcase name="testCheckout" classname="com.juaracoding.testng2.KasirTest" time="0.0"/>
  <testcase name="testCheckout" classname="com.juaracoding.testng2.KasirTest" time="0.0"/>
  <testcase name="testCheckout" classname="com.juaracoding.testng2.KasirTest" time="0.0"/>
  <testcase name="testCheckout" classname="com.juaracoding.testng2.KasirTest" time="0.0"/>
  <testcase name="testCheckout" classname="com.juaracoding.testng2.KasirTest" time="0.0"/>
  <testcase name="testCheckout" classname="com.juaracoding.testng2.KasirTest" time="0.0"/>
  <testcase name="testCheckout" classname="com.juaracoding.testng2.KasirTest" time="0.0"/>
  <testcase name="testCheckout" classname="com.juaracoding.testng2.KasirTest" time="0.0"/>
  <testcase name="testCheckout" classname="com.juaracoding.testng2.KasirTest" time="0.0"/>
  <testcase name="testCheckout" classname="com.juaracoding.testng2.KasirTest" time="0.0"/>
  <testcase name="testCheckout" classname="com.juaracoding.testng2.KasirTest" time="0.0"/>
  <testcase name="testCheckout" classname="com.juaracoding.testng2.KasirTest" time="0.0"/>
  <testcase name="testCheckout" classname="com.juaracoding.testng2.KasirTest" time="0.0"/>
  <testcase name="testCheckout" classname="com.juaracoding.testng2.KasirTest" time="0.0"/>
  <testcase name="testCheckout" classname="com.juaracoding.testng2.KasirTest" time="0.0"/>
  <testcase name="testCheckout" classname="com.juaracoding.testng2.KasirTest" time="0.0"/>
  <testcase name="testCheckout" classname="com.juaracoding.testng2.KasirTest" time="0.0"/>
  <testcase name="testCheckout" classname="com.juaracoding.testng2.KasirTest" time="0.0"/>
  <testcase name="testCheckout" classname="com.juaracoding.testng2.KasirTest" time="0.0"/>
  <testcase name="testCheckout" classname="com.juaracoding.testng2.KasirTest" time="0.0"/>
  <testcase name="testCheckout" classname="com.juaracoding.testng2.KasirTest" time="0.0"/>
  <testcase name="testCheckout" classname="com.juaracoding.testng2.KasirTest" time="0.0"/>
  <testcase name="testCheckout" classname="com.juaracoding.testng2.KasirTest" time="0.0"/>
  <testcase name="testCheckout" classname="com.juaracoding.testng2.KasirTest" time="0.0"/>
  <testcase name="testCheckout" classname="com.juaracoding.testng2.KasirTest" time="0.0"/>
  <testcase name="testCheckout" classname="com.juaracoding.testng2.KasirTest" time="0.0"/>
  <testcase name="testCheckout" classname="com.juaracoding.testng2.KasirTest" time="0.0"/>
  <testcase name="testCheckout" classname="com.juaracoding.testng2.KasirTest" time="0.0"/>
  <testcase name="testCheckout" classname="com.juaracoding.testng2.KasirTest" time="0.0"/>
  <testcase name="testCheckout" classname="com.juaracoding.testng2.KasirTest" time="0.0"/>
  <testcase name="testCheckout" classname="com.juaracoding.testng2.KasirTest" time="0.0"/>
  <testcase name="testCheckout" classname="com.juaracoding.testng2.KasirTest" time="0.0"/>
  <testcase name="testCheckout" classname="com.juaracoding.testng2.KasirTest" time="0.0"/>
  <testcase name="testCheckout" classname="com.juaracoding.testng2.KasirTest" time="0.0"/>
  <testcase name="testCheckout" classname="com.juaracoding.testng2.KasirTest" time="0.0"/>
  <testcase name="testCheckout" classname="com.juaracoding.testng2.KasirTest" time="0.0"/>
  <testcase name="testCheckout" classname="com.juaracoding.testng2.KasirTest" time="0.0"/>
  <testcase name="testCheckout" classname="com.juaracoding.testng2.KasirTest" time="0.0"/>
  <testcase name="testCheckout" classname="com.juaracoding.testng2.KasirTest" time="0.0"/>
  <testcase name="testCheckout" classname="com.juaracoding.testng2.KasirTest" time="0.0"/>
  <testcase name="testCheckout" classname="com.juaracoding.testng2.KasirTest" time="0.0"/>
  <testcase name="testCheckout" classname="com.juaracoding.testng2.KasirTest" time="0.0"/>
  <testcase name="testCheckout" classname="com.juaracoding.testng2.KasirTest" time="0.0"/>
  <testcase name="testCheckout" classname="com.juaracoding.testng2.KasirTest" time="0.0"/>
  <testcase name="testCheckout" classname="com.juaracoding.testng2.KasirTest" time="0.0"/>
  <testcase name="testCheckout" classname="com.juaracoding.testng2.KasirTest" time="0.0"/>
  <testcase name="testCheckout" classname="com.juaracoding.testng2.KasirTest" time="0.0"/>
  <testcase name="testCheckout" classname="com.juaracoding.testng2.KasirTest" time="0.0"/>
  <testcase name="testCheckout" classname="com.juaracoding.testng2.KasirTest" time="0.0"/>
  <testcase name="testCheckout" classname="com.juaracoding.testng2.KasirTest" time="0.0"/>
  <testcase name="testCheckout" classname="com.juaracoding.testng2.KasirTest" time="0.0"/>
  <testcase name="testCheckout" classname="com.juaracoding.testng2.KasirTest" time="0.0"/>
  <testcase name="testCheckout" classname="com.juaracoding.testng2.KasirTest" time="0.0"/>
  <testcase name="testCheckout" classname="com.juaracoding.testng2.KasirTest" time="0.0"/>
  <testcase name="testCheckout" classname="com.juaracoding.testng2.KasirTest" time="0.0"/>
  <testcase name="testCheckout" classname="com.juaracoding.testng2.KasirTest" time="0.0"/>
  <testcase name="testCheckout" classname="com.juaracoding.testng2.KasirTest" time="0.0"/>
  <testcase name="testCheckout" classname="com.juaracoding.testng2.KasirTest" time="0.0"/>
  <testcase name="testCheckout" classname="com.juaracoding.testng2.KasirTest" time="0.0"/>
  <testcase name="testCheckout" classname="com.juaracoding.testng2.KasirTest" time="0.0"/>
  <testcase name="testCheckout" classname="com.juaracoding.testng2.KasirTest" time="0.0"/>
  <testcase name="testCheckout" classname="com.juaracoding.testng2.KasirTest" time="0.0"/>
  <testcase name="testCheckout" classname="com.juaracoding.testng2.KasirTest" time="0.0"/>
  <testcase name="testCheckout" classname="com.juaracoding.testng2.KasirTest" time="0.0"/>
  <testcase name="testCheckout" classname="com.juaracoding.testng2.KasirTest" time="0.0"/>
  <testcase name="testCheckout" classname="com.juaracoding.testng2.KasirTest" time="0.0"/>
  <testcase name="testCheckout" classname="com.juaracoding.testng2.KasirTest" time="0.0"/>
  <testcase name="testCheckout" classname="com.juaracoding.testng2.KasirTest" time="0.0"/>
  <testcase name="testCheckout" classname="com.juaracoding.testng2.KasirTest" time="0.0"/>
  <testcase name="testCheckout" classname="com.juaracoding.testng2.KasirTest" time="0.0"/>
  <testcase name="testCheckout" classname="com.juaracoding.testng2.KasirTest" time="0.0"/>
  <testcase name="testCheckout" classname="com.juaracoding.testng2.KasirTest" time="0.0"/>
  <testcase name="testCheckout" classname="com.juaracoding.testng2.KasirTest" time="0.0"/>
  <testcase name="testCheckout" classname="com.juaracoding.testng2.KasirTest" time="0.0"/>
  <testcase name="testCheckout" classname="com.juaracoding.testng2.KasirTest" time="0.0"/>
  <testcase name="testCheckout" classname="com.juaracoding.testng2.KasirTest" time="0.001"/>
  <testcase name="testCheckout" classname="com.juaracoding.testng2.KasirTest" time="0.001"/>
  <testcase name="testCheckout" classname="com.juaracoding.testng2.KasirTest" time="0.0"/>
  <testcase name="testCheckout" classname="com.juaracoding.testng2.KasirTest" time="0.0"/>
  <testcase name="testCheckout" classname="com.juaracoding.testng2.KasirTest" time="0.0"/>
  <testcase name="testCheckout" classname="com.juaracoding.testng2.KasirTest" time="0.0"/>
  <testcase name="testCheckout" classname="com.juaracoding.testng2.KasirTest" time="0.0"/>
  <testcase name="testCheckout" classname="com.juaracoding.testng2.KasirTest" time="0.0"/>
  <testcase name="testCheckout" classname="com.juaracoding.testng2.KasirTest" time="0.0"/>
  <testcase name="testCheckout" classname="com.juaracoding.testng2.KasirTest" time="0.0"/>
  <testcase name="testCheckout" classname="com.juaracoding.testng2.KasirTest" time="0.001"/>
  <testcase name="testCheckout" classname="com.juaracoding.testng2.KasirTest" time="0.001"/>
  <testcase name="testCheckout" classname="com.juaracoding.testng2.KasirTest" time="0.001"/>
  <testcase name="testCheckout" classname="com.juaracoding.testng2.KasirTest" time="0.0"/>
  <testcase name="testCheckout" classname="com.juaracoding.testng2.KasirTest" time="0.0"/>
  <testcase name="testCheckout" classname="com.juaracoding.testng2.KasirTest" time="0.0"/>
  <testcase name="testCheckout" classname="com.juaracoding.testng2.KasirTest" time="0.0"/>
  <testcase name="testCheckout" classname="com.juaracoding.testng2.KasirTest" time="0.0"/>
  <testcase name="testCheckout" classname="com.juaracoding.testng2.KasirTest" time="0.0"/>
  <testcase name="testCheckout" classname="com.juaracoding.testng2.KasirTest" time="0.0"/>
  <testcase name="testCheckout" classname="com.juaracoding.testng2.KasirTest" time="0.0"/>
  <testcase name="testCheckout" classname="com.juaracoding.testng2.KasirTest" time="0.0"/>
  <testcase name="testCheckout" classname="com.juaracoding.testng2.KasirTest" time="0.0"/>
  <testcase name="testCheckout" classname="com.juaracoding.testng2.KasirTest" time="0.0"/>
  <testcase name="testCheckout" classname="com.juaracoding.testng2.KasirTest" time="0.0"/>
  <testcase name="testCheckout" classname="com.juaracoding.testng2.KasirTest" time="0.001"/>
  <testcase name="testCheckout" classname="com.juaracoding.testng2.KasirTest" time="0.0"/>
  <testcase name="testCheckout" classname="com.juaracoding.testng2.KasirTest" time="0.0"/>
  <testcase name="testCheckout" classname="com.juaracoding.testng2.KasirTest" time="0.0"/>
  <testcase name="testCheckout" classname="com.juaracoding.testng2.KasirTest" time="0.0"/>
  <testcase name="testCheckout" classname="com.juaracoding.testng2.KasirTest" time="0.0"/>
  <testcase name="testCheckout" classname="com.juaracoding.testng2.KasirTest" time="0.0"/>
  <testcase name="testCheckout" classname="com.juaracoding.testng2.KasirTest" time="0.0"/>
  <testcase name="testCheckout" classname="com.juaracoding.testng2.KasirTest" time="0.0"/>
  <testcase name="testCheckout" classname="com.juaracoding.testng2.KasirTest" time="0.0"/>
  <testcase name="testCheckout" classname="com.juaracoding.testng2.KasirTest" time="0.0"/>
  <testcase name="testCheckout" classname="com.juaracoding.testng2.KasirTest" time="0.0"/>
  <testcase name="testCheckout" classname="com.juaracoding.testng2.KasirTest" time="0.0"/>
  <testcase name="testCheckout" classname="com.juaracoding.testng2.KasirTest" time="0.0"/>
  <testcase name="testCheckout" classname="com.juaracoding.testng2.KasirTest" time="0.0"/>
  <testcase name="testCheckout" classname="com.juaracoding.testng2.KasirTest" time="0.0"/>
  <testcase name="testCheckout" classname="com.juaracoding.testng2.KasirTest" time="0.0"/>
  <testcase name="testCheckout" classname="com.juaracoding.testng2.KasirTest" time="0.0"/>
  <testcase name="testCheckout" classname="com.juaracoding.testng2.KasirTest" time="0.0"/>
  <testcase name="testCheckout" classname="com.juaracoding.testng2.KasirTest" time="0.0"/>
  <testcase name="testCheckout" classname="com.juaracoding.testng2.KasirTest" time="0.0"/>
  <testcase name="testCheckout" classname="com.juaracoding.testng2.KasirTest" time="0.0"/>
  <testcase name="testCheckout" classname="com.juaracoding.testng2.KasirTest" time="0.0"/>
  <testcase name="testCheckout" classname="com.juaracoding.testng2.KasirTest" time="0.0"/>
  <testcase name="testCheckout" classname="com.juaracoding.testng2.KasirTest" time="0.0"/>
  <testcase name="testCheckout" classname="com.juaracoding.testng2.KasirTest" time="0.0"/>
  <testcase name="testCheckout" classname="com.juaracoding.testng2.KasirTest" time="0.0"/>
  <testcase name="testCheckout" classname="com.juaracoding.testng2.KasirTest" time="0.0"/>
  <testcase name="testCheckout" classname="com.juaracoding.testng2.KasirTest" time="0.0"/>
  <testcase name="testCheckout" classname="com.juaracoding.testng2.KasirTest" time="0.0"/>
  <testcase name="testCheckout" classname="com.juaracoding.testng2.KasirTest" time="0.0"/>
  <testcase name="testCheckout" classname="com.juaracoding.testng2.KasirTest" time="0.0"/>
  <testcase name="testCheckout" classname="com.juaracoding.testng2.KasirTest" time="0.0"/>
  <testcase name="testCheckout" classname="com.juaracoding.testng2.KasirTest" time="0.0"/>
  <testcase name="testCheckout" classname="com.juaracoding.testng2.KasirTest" time="0.0"/>
  <testcase name="testCheckout" classname="com.juaracoding.testng2.KasirTest" time="0.0"/>
  <testcase name="testCheckout" classname="com.juaracoding.testng2.KasirTest" time="0.0"/>
  <testcase name="testCheckout" classname="com.juaracoding.testng2.KasirTest" time="0.0"/>
  <testcase name="testCheckout" classname="com.juaracoding.testng2.KasirTest" time="0.0"/>
  <testcase name="testCheckout" classname="com.juaracoding.testng2.KasirTest" time="0.0"/>
  <testcase name="testCheckout" classname="com.juaracoding.testng2.KasirTest" time="0.0"/>
  <testcase name="testCheckout" classname="com.juaracoding.testng2.KasirTest" time="0.0"/>
  <testcase name="testCheckout" classname="com.juaracoding.testng2.KasirTest" time="0.0"/>
  <testcase name="testCheckout" classname="com.juaracoding.testng2.KasirTest" time="0.0"/>
  <testcase name="testCheckout" classname="com.juaracoding.testng2.KasirTest" time="0.0"/>
  <testcase name="testCheckout" classname="com.juaracoding.testng2.KasirTest" time="0.0"/>
  <testcase name="testCheckout" classname="com.juaracoding.testng2.KasirTest" time="0.0"/>
  <testcase name="testCheckout" classname="com.juaracoding.testng2.KasirTest" time="0.0"/>
  <testcase name="testCheckout" classname="com.juaracoding.testng2.KasirTest" time="0.0"/>
  <testcase name="testCheckout" classname="com.juaracoding.testng2.KasirTest" time="0.0"/>
  <testcase name="testCheckout" classname="com.juaracoding.testng2.KasirTest" time="0.0"/>
  <testcase name="testCheckout" classname="com.juaracoding.testng2.KasirTest" time="0.0"/>
  <testcase name="testCheckout" classname="com.juaracoding.testng2.KasirTest" time="0.0"/>
  <testcase name="testCheckout" classname="com.juaracoding.testng2.KasirTest" time="0.0"/>
  <testcase name="testCheckout" classname="com.juaracoding.testng2.KasirTest" time="0.0"/>
  <testcase name="testCheckout" classname="com.juaracoding.testng2.KasirTest" time="0.0"/>
  <testcase name="testCheckout" classname="com.juaracoding.testng2.KasirTest" time="0.0"/>
  <testcase name="testCheckout" classname="com.juaracoding.testng2.KasirTest" time="0.0"/>
  <testcase name="testCheckout" classname="com.juaracoding.testng2.KasirTest" time="0.0"/>
  <testcase name="testCheckout" classname="com.juaracoding.testng2.KasirTest" time="0.0"/>
  <testcase name="testCheckout" classname="com.juaracoding.testng2.KasirTest" time="0.0"/>
  <testcase name="testCheckout" classname="com.juaracoding.testng2.KasirTest" time="0.001"/>
  <testcase name="testCheckout" classname="com.juaracoding.testng2.KasirTest" time="0.0"/>
  <testcase name="testCheckout" classname="com.juaracoding.testng2.KasirTest" time="0.0"/>
  <testcase name="testCheckout" classname="com.juaracoding.testng2.KasirTest" time="0.0"/>
  <testcase name="testCheckout" classname="com.juaracoding.testng2.KasirTest" time="0.0"/>
  <testcase name="testCheckout" classname="com.juaracoding.testng2.KasirTest" time="0.0"/>
  <testcase name="testCheckout" classname="com.juaracoding.testng2.KasirTest" time="0.0"/>
  <testcase name="testCheckout" classname="com.juaracoding.testng2.KasirTest" time="0.0"/>
  <testcase name="testCheckout" classname="com.juaracoding.testng2.KasirTest" time="0.0"/>
  <testcase name="testCheckout" classname="com.juaracoding.testng2.KasirTest" time="0.0"/>
  <testcase name="testCheckout" classname="com.juaracoding.testng2.KasirTest" time="0.0"/>
  <testcase name="testCheckout" classname="com.juaracoding.testng2.KasirTest" time="0.0"/>
  <testcase name="testCheckout" classname="com.juaracoding.testng2.KasirTest" time="0.0"/>
  <testcase name="testCheckout" classname="com.juaracoding.testng2.KasirTest" time="0.0"/>
  <testcase name="testCheckout" classname="com.juaracoding.testng2.KasirTest" time="0.0"/>
  <testcase name="testCheckout" classname="com.juaracoding.testng2.KasirTest" time="0.0"/>
  <testcase name="testCheckout" classname="com.juaracoding.testng2.KasirTest" time="0.0"/>
  <testcase name="testCheckout" classname="com.juaracoding.testng2.KasirTest" time="0.0"/>
  <testcase name="testCheckout" classname="com.juaracoding.testng2.KasirTest" time="0.0"/>
  <testcase name="testCheckout" classname="com.juaracoding.testng2.KasirTest" time="0.0"/>
  <testcase name="testCheckout" classname="com.juaracoding.testng2.KasirTest" time="0.0"/>
  <testcase name="testCheckout" classname="com.juaracoding.testng2.KasirTest" time="0.0"/>
  <testcase name="testCheckout" classname="com.juaracoding.testng2.KasirTest" time="0.001"/>
  <testcase name="testCheckout" classname="com.juaracoding.testng2.KasirTest" time="0.0"/>
  <testcase name="testCheckout" classname="com.juaracoding.testng2.KasirTest" time="0.0"/>
  <testcase name="testCheckout" classname="com.juaracoding.testng2.KasirTest" time="0.0"/>
  <testcase name="testCheckout" classname="com.juaracoding.testng2.KasirTest" time="0.0"/>
  <testcase name="testCheckout" classname="com.juaracoding.testng2.KasirTest" time="0.0"/>
  <testcase name="testCheckout" classname="com.juaracoding.testng2.KasirTest" time="0.0"/>
  <testcase name="testCheckout" classname="com.juaracoding.testng2.KasirTest" time="0.0"/>
  <testcase name="testCheckout" classname="com.juaracoding.testng2.KasirTest" time="0.0"/>
  <testcase name="testCheckout" classname="com.juaracoding.testng2.KasirTest" time="0.0"/>
  <testcase name="testCheckout" classname="com.juaracoding.testng2.KasirTest" time="0.0"/>
  <testcase name="testCheckout" classname="com.juaracoding.testng2.KasirTest" time="0.0"/>
  <testcase name="testCheckout" classname="com.juaracoding.testng2.KasirTest" time="0.0"/>
  <testcase name="testCheckout" classname="com.juaracoding.testng2.KasirTest" time="0.0"/>
  <testcase name="testCheckout" classname="com.juaracoding.testng2.KasirTest" time="0.0"/>
  <testcase name="testCheckout" classname="com.juaracoding.testng2.KasirTest" time="0.0"/>
  <testcase name="testCheckout" classname="com.juaracoding.testng2.KasirTest" time="0.0"/>
  <testcase name="testCheckout" classname="com.juaracoding.testng2.KasirTest" time="0.0"/>
  <testcase name="testCheckout" classname="com.juaracoding.testng2.KasirTest" time="0.0"/>
  <testcase name="testCheckout" classname="com.juaracoding.testng2.KasirTest" time="0.0"/>
  <testcase name="testCheckout" classname="com.juaracoding.testng2.KasirTest" time="0.0"/>
  <testcase name="testCheckout" classname="com.juaracoding.testng2.KasirTest" time="0.0"/>
  <testcase name="testCheckout" classname="com.juaracoding.testng2.KasirTest" time="0.0"/>
  <testcase name="testCheckout" classname="com.juaracoding.testng2.KasirTest" time="0.0"/>
  <testcase name="testCheckout" classname="com.juaracoding.testng2.KasirTest" time="0.0"/>
  <testcase name="testCheckout" classname="com.juaracoding.testng2.KasirTest" time="0.0"/>
  <testcase name="testCheckout" classname="com.juaracoding.testng2.KasirTest" time="0.0"/>
  <testcase name="testCheckout" classname="com.juaracoding.testng2.KasirTest" time="0.0"/>
  <testcase name="testCheckout" classname="com.juaracoding.testng2.KasirTest" time="0.0"/>
  <testcase name="testCheckout" classname="com.juaracoding.testng2.KasirTest" time="0.0"/>
  <testcase name="testCheckout" classname="com.juaracoding.testng2.KasirTest" time="0.0"/>
  <testcase name="testCheckout" classname="com.juaracoding.testng2.KasirTest" time="0.0"/>
  <testcase name="testCheckout" classname="com.juaracoding.testng2.KasirTest" time="0.0"/>
  <testcase name="testCheckout" classname="com.juaracoding.testng2.KasirTest" time="0.0"/>
  <testcase name="testCheckout" classname="com.juaracoding.testng2.KasirTest" time="0.0"/>
  <testcase name="testCheckout" classname="com.juaracoding.testng2.KasirTest" time="0.0"/>
  <testcase name="testCheckout" classname="com.juaracoding.testng2.KasirTest" time="0.0"/>
  <testcase name="testCheckout" classname="com.juaracoding.testng2.KasirTest" time="0.0"/>
  <testcase name="testCheckout" classname="com.juaracoding.testng2.KasirTest" time="0.0"/>
  <testcase name="testCheckout" classname="com.juaracoding.testng2.KasirTest" time="0.0"/>
  <testcase name="testCheckout" classname="com.juaracoding.testng2.KasirTest" time="0.0"/>
  <testcase name="testCheckout" classname="com.juaracoding.testng2.KasirTest" time="0.0"/>
  <testcase name="testCheckout" classname="com.juaracoding.testng2.KasirTest" time="0.0"/>
  <testcase name="testCheckout" classname="com.juaracoding.testng2.KasirTest" time="0.0"/>
  <testcase name="testCheckout" classname="com.juaracoding.testng2.KasirTest" time="0.0"/>
  <testcase name="testCheckout" classname="com.juaracoding.testng2.KasirTest" time="0.0"/>
  <testcase name="testCheckout" classname="com.juaracoding.testng2.KasirTest" time="0.0"/>
  <testcase name="testCheckout" classname="com.juaracoding.testng2.KasirTest" time="0.0"/>
  <testcase name="testCheckout" classname="com.juaracoding.testng2.KasirTest" time="0.0"/>
  <testcase name="testCheckout" classname="com.juaracoding.testng2.KasirTest" time="0.0"/>
  <testcase name="testCheckout" classname="com.juaracoding.testng2.KasirTest" time="0.0"/>
  <testcase name="testCheckout" classname="com.juaracoding.testng2.KasirTest" time="0.0"/>
  <testcase name="testCheckout" classname="com.juaracoding.testng2.KasirTest" time="0.0"/>
  <testcase name="testCheckout" classname="com.juaracoding.testng2.KasirTest" time="0.0"/>
  <testcase name="testCheckout" classname="com.juaracoding.testng2.KasirTest" time="0.0"/>
  <testcase name="testCheckout" classname="com.juaracoding.testng2.KasirTest" time="0.0"/>
  <testcase name="testCheckout" classname="com.juaracoding.testng2.KasirTest" time="0.0"/>
  <testcase name="testCheckout" classname="com.juaracoding.testng2.KasirTest" time="0.0"/>
  <testcase name="testCheckout" classname="com.juaracoding.testng2.KasirTest" time="0.0"/>
  <testcase name="testCheckout" classname="com.juaracoding.testng2.KasirTest" time="0.0"/>
  <testcase name="testCheckout" classname="com.juaracoding.testng2.KasirTest" time="0.0"/>
  <testcase name="testCheckout" classname="com.juaracoding.testng2.KasirTest" time="0.001"/>
  <testcase name="testCheckout" classname="com.juaracoding.testng2.KasirTest" time="0.001"/>
  <testcase name="testCheckout" classname="com.juaracoding.testng2.KasirTest" time="0.0"/>
  <testcase name="testCheckout" classname="com.juaracoding.testng2.KasirTest" time="0.0"/>
  <testcase name="testCheckout" classname="com.juaracoding.testng2.KasirTest" time="0.0"/>
  <testcase name="testCheckout" classname="com.juaracoding.testng2.KasirTest" time="0.0"/>
  <testcase name="testCheckout" classname="com.juaracoding.testng2.KasirTest" time="0.0"/>
  <testcase name="testCheckout" classname="com.juaracoding.testng2.KasirTest" time="0.0"/>
  <testcase name="testCheckout" classname="com.juaracoding.testng2.KasirTest" time="0.0"/>
  <testcase name="testCheckout" classname="com.juaracoding.testng2.KasirTest" time="0.0"/>
  <testcase name="testCheckout" classname="com.juaracoding.testng2.KasirTest" time="0.0"/>
  <testcase name="testCheckout" classname="com.juaracoding.testng2.KasirTest" time="0.0"/>
  <testcase name="testCheckout" classname="com.juaracoding.testng2.KasirTest" time="0.0"/>
  <testcase name="testCheckout" classname="com.juaracoding.testng2.KasirTest" time="0.0"/>
  <testcase name="testCheckout" classname="com.juaracoding.testng2.KasirTest" time="0.0"/>
  <testcase name="testCheckout" classname="com.juaracoding.testng2.KasirTest" time="0.0"/>
  <testcase name="testCheckout" classname="com.juaracoding.testng2.KasirTest" time="0.0"/>
  <testcase name="testCheckout" classname="com.juaracoding.testng2.KasirTest" time="0.0"/>
  <testcase name="testCheckout" classname="com.juaracoding.testng2.KasirTest" time="0.0"/>
  <testcase name="testCheckout" classname="com.juaracoding.testng2.KasirTest" time="0.0"/>
  <testcase name="testCheckout" classname="com.juaracoding.testng2.KasirTest" time="0.0"/>
  <testcase name="testCheckout" classname="com.juaracoding.testng2.KasirTest" time="0.0"/>
  <testcase name="testCheckout" classname="com.juaracoding.testng2.KasirTest" time="0.0"/>
  <testcase name="testCheckout" classname="com.juaracoding.testng2.KasirTest" time="0.0"/>
  <testcase name="testCheckout" classname="com.juaracoding.testng2.KasirTest" time="0.0"/>
  <testcase name="testCheckout" classname="com.juaracoding.testng2.KasirTest" time="0.0"/>
  <testcase name="testCheckout" classname="com.juaracoding.testng2.KasirTest" time="0.0"/>
  <testcase name="testCheckout" classname="com.juaracoding.testng2.KasirTest" time="0.0"/>
  <testcase name="testCheckout" classname="com.juaracoding.testng2.KasirTest" time="0.0"/>
  <testcase name="testCheckout" classname="com.juaracoding.testng2.KasirTest" time="0.0"/>
  <testcase name="testCheckout" classname="com.juaracoding.testng2.KasirTest" time="0.0"/>
  <testcase name="testCheckout" classname="com.juaracoding.testng2.KasirTest" time="0.0"/>
  <testcase name="testCheckout" classname="com.juaracoding.testng2.KasirTest" time="0.0"/>
  <testcase name="testCheckout" classname="com.juaracoding.testng2.KasirTest" time="0.0"/>
  <testcase name="testCheckout" classname="com.juaracoding.testng2.KasirTest" time="0.0"/>
  <testcase name="testCheckout" classname="com.juaracoding.testng2.KasirTest" time="0.0"/>
  <testcase name="testCheckout" classname="com.juaracoding.testng2.KasirTest" time="0.0"/>
  <testcase name="testCheckout" classname="com.juaracoding.testng2.KasirTest" time="0.0"/>
  <testcase name="testCheckout" classname="com.juaracoding.testng2.KasirTest" time="0.0"/>
  <testcase name="testCheckout" classname="com.juaracoding.testng2.KasirTest" time="0.0"/>
  <testcase name="testCheckout" classname="com.juaracoding.testng2.KasirTest" time="0.0"/>
  <testcase name="testCheckout" classname="com.juaracoding.testng2.KasirTest" time="0.0"/>
  <testcase name="testCheckout" classname="com.juaracoding.testng2.KasirTest" time="0.0"/>
  <testcase name="testCheckout" classname="com.juaracoding.testng2.KasirTest" time="0.0"/>
  <testcase name="testCheckout" classname="com.juaracoding.testng2.KasirTest" time="0.0"/>
  <testcase name="testCheckout" classname="com.juaracoding.testng2.KasirTest" time="0.001"/>
  <testcase name="testCheckout" classname="com.juaracoding.testng2.KasirTest" time="0.0"/>
  <testcase name="testCheckout" classname="com.juaracoding.testng2.KasirTest" time="0.0"/>
  <testcase name="testCheckout" classname="com.juaracoding.testng2.KasirTest" time="0.0"/>
  <testcase name="testCheckout" classname="com.juaracoding.testng2.KasirTest" time="0.0"/>
  <testcase name="testCheckout" classname="com.juaracoding.testng2.KasirTest" time="0.0"/>
  <testcase name="testCheckout" classname="com.juaracoding.testng2.KasirTest" time="0.0"/>
  <testcase name="testCheckout" classname="com.juaracoding.testng2.KasirTest" time="0.0"/>
  <testcase name="testCheckout" classname="com.juaracoding.testng2.KasirTest" time="0.0"/>
  <testcase name="testCheckout" classname="com.juaracoding.testng2.KasirTest" time="0.0"/>
  <testcase name="testCheckout" classname="com.juaracoding.testng2.KasirTest" time="0.0"/>
  <testcase name="testCheckout" classname="com.juaracoding.testng2.KasirTest" time="0.0"/>
  <testcase name="testCheckout" classname="com.juaracoding.testng2.KasirTest" time="0.0"/>
  <testcase name="testCheckout" classname="com.juaracoding.testng2.KasirTest" time="0.0"/>
  <testcase name="testCheckout" classname="com.juaracoding.testng2.KasirTest" time="0.0"/>
  <testcase name="testCheckout" classname="com.juaracoding.testng2.KasirTest" time="0.0"/>
  <testcase name="testCheckout" classname="com.juaracoding.testng2.KasirTest" time="0.0"/>
  <testcase name="testCheckout" classname="com.juaracoding.testng2.KasirTest" time="0.0"/>
  <testcase name="testCheckout" classname="com.juaracoding.testng2.KasirTest" time="0.0"/>
  <testcase name="testCheckout" classname="com.juaracoding.testng2.KasirTest" time="0.0"/>
  <testcase name="testCheckout" classname="com.juaracoding.testng2.KasirTest" time="0.0"/>
  <testcase name="testCheckout" classname="com.juaracoding.testng2.KasirTest" time="0.0"/>
  <testcase name="testCheckout" classname="com.juaracoding.testng2.KasirTest" time="0.0"/>
  <testcase name="testCheckout" classname="com.juaracoding.testng2.KasirTest" time="0.0"/>
  <testcase name="testCheckout" classname="com.juaracoding.testng2.KasirTest" time="0.0"/>
  <testcase name="testCheckout" classname="com.juaracoding.testng2.KasirTest" time="0.0"/>
  <testcase name="testCheckout" classname="com.juaracoding.testng2.KasirTest" time="0.0"/>
  <testcase name="testCheckout" classname="com.juaracoding.testng2.KasirTest" time="0.0"/>
  <testcase name="testCheckout" classname="com.juaracoding.testng2.KasirTest" time="0.0"/>
  <testcase name="testCheckout" classname="com.juaracoding.testng2.KasirTest" time="0.0"/>
  <testcase name="testCheckout" classname="com.juaracoding.testng2.KasirTest" time="0.0"/>
  <testcase name="testCheckout" classname="com.juaracoding.testng2.KasirTest" time="0.0"/>
  <testcase name="testCheckout" classname="com.juaracoding.testng2.KasirTest" time="0.0"/>
  <testcase name="testCheckout" classname="com.juaracoding.testng2.KasirTest" time="0.0"/>
  <testcase name="testCheckout" classname="com.juaracoding.testng2.KasirTest" time="0.0"/>
  <testcase name="testCheckout" classname="com.juaracoding.testng2.KasirTest" time="0.0"/>
  <testcase name="testCheckout" classname="com.juaracoding.testng2.KasirTest" time="0.0"/>
  <testcase name="testCheckout" classname="com.juaracoding.testng2.KasirTest" time="0.0"/>
  <testcase name="testCheckout" classname="com.juaracoding.testng2.KasirTest" time="0.0"/>
  <testcase name="testCheckout" classname="com.juaracoding.testng2.KasirTest" time="0.0"/>
  <testcase name="testCheckout" classname="com.juaracoding.testng2.KasirTest" time="0.0"/>
  <testcase name="testCheckout" classname="com.juaracoding.testng2.KasirTest" time="0.0"/>
  <testcase name="testCheckout" classname="com.juaracoding.testng2.KasirTest" time="0.0"/>
  <testcase name="testCheckout" classname="com.juaracoding.testng2.KasirTest" time="0.0"/>
  <testcase name="testCheckout" classname="com.juaracoding.testng2.KasirTest" time="0.0"/>
  <testcase name="testCheckout" classname="com.juaracoding.testng2.KasirTest" time="0.0"/>
  <testcase name="testCheckout" classname="com.juaracoding.testng2.KasirTest" time="0.0"/>
  <testcase name="testCheckout" classname="com.juaracoding.testng2.KasirTest" time="0.0"/>
  <testcase name="testCheckout" classname="com.juaracoding.testng2.KasirTest" time="0.0"/>
  <testcase name="testCheckout" classname="com.juaracoding.testng2.KasirTest" time="0.0"/>
  <testcase name="testCheckout" classname="com.juaracoding.testng2.KasirTest" time="0.0"/>
  <testcase name="testCheckout" classname="com.juaracoding.testng2.KasirTest" time="0.0"/>
  <testcase name="testCheckout" classname="com.juaracoding.testng2.KasirTest" time="0.0"/>
  <testcase name="testCheckout" classname="com.juaracoding.testng2.KasirTest" time="0.0"/>
  <testcase name="testCheckout" classname="com.juaracoding.testng2.KasirTest" time="0.0"/>
  <testcase name="testCheckout" classname="com.juaracoding.testng2.KasirTest" time="0.0"/>
  <testcase name="testCheckout" classname="com.juaracoding.testng2.KasirTest" time="0.0"/>
  <testcase name="testCheckout" classname="com.juaracoding.testng2.KasirTest" time="0.0"/>
  <testcase name="testCheckout" classname="com.juaracoding.testng2.KasirTest" time="0.0"/>
  <testcase name="testCheckout" classname="com.juaracoding.testng2.KasirTest" time="0.0"/>
  <testcase name="testCheckout" classname="com.juaracoding.testng2.KasirTest" time="0.0"/>
  <testcase name="testCheckout" classname="com.juaracoding.testng2.KasirTest" time="0.0"/>
  <testcase name="testCheckout" classname="com.juaracoding.testng2.KasirTest" time="0.0"/>
  <testcase name="testCheckout" classname="com.juaracoding.testng2.KasirTest" time="0.0"/>
  <testcase name="testCheckout" classname="com.juaracoding.testng2.KasirTest" time="0.0"/>
  <testcase name="testCheckout" classname="com.juaracoding.testng2.KasirTest" time="0.0"/>
  <testcase name="testCheckout" classname="com.juaracoding.testng2.KasirTest" time="0.0"/>
  <testcase name="testCheckout" classname="com.juaracoding.testng2.KasirTest" time="0.0"/>
  <testcase name="testCheckout" classname="com.juaracoding.testng2.KasirTest" time="0.0"/>
  <testcase name="testCheckout" classname="com.juaracoding.testng2.KasirTest" time="0.0"/>
  <testcase name="testCheckout" classname="com.juaracoding.testng2.KasirTest" time="0.0"/>
  <testcase name="testCheckout" classname="com.juaracoding.testng2.KasirTest" time="0.0"/>
  <testcase name="testCheckout" classname="com.juaracoding.testng2.KasirTest" time="0.0"/>
  <testcase name="testCheckout" classname="com.juaracoding.testng2.KasirTest" time="0.0"/>
  <testcase name="testCheckout" classname="com.juaracoding.testng2.KasirTest" time="0.0"/>
  <testcase name="testCheckout" classname="com.juaracoding.testng2.KasirTest" time="0.0"/>
  <testcase name="testCheckout" classname="com.juaracoding.testng2.KasirTest" time="0.0"/>
  <testcase name="testCheckout" classname="com.juaracoding.testng2.KasirTest" time="0.0"/>
  <testcase name="testCheckout" classname="com.juaracoding.testng2.KasirTest" time="0.0"/>
  <testcase name="testCheckout" classname="com.juaracoding.testng2.KasirTest" time="0.0"/>
  <testcase name="testCheckout" classname="com.juaracoding.testng2.KasirTest" time="0.0"/>
  <testcase name="testCheckout" classname="com.juaracoding.testng2.KasirTest" time="0.0"/>
  <testcase name="testCheckout" classname="com.juaracoding.testng2.KasirTest" time="0.0"/>
  <testcase name="testCheckout" classname="com.juaracoding.testng2.KasirTest" time="0.0"/>
  <testcase name="testCheckout" classname="com.juaracoding.testng2.KasirTest" time="0.0"/>
  <testcase name="testCheckout" classname="com.juaracoding.testng2.KasirTest" time="0.0"/>
  <testcase name="testCheckout" classname="com.juaracoding.testng2.KasirTest" time="0.0"/>
  <testcase name="testCheckout" classname="com.juaracoding.testng2.KasirTest" time="0.0"/>
  <testcase name="testCheckout" classname="com.juaracoding.testng2.KasirTest" time="0.0"/>
  <testcase name="testCheckout" classname="com.juaracoding.testng2.KasirTest" time="0.0"/>
  <testcase name="testCheckout" classname="com.juaracoding.testng2.KasirTest" time="0.0"/>
  <testcase name="testCheckout" classname="com.juaracoding.testng2.KasirTest" time="0.0"/>
  <testcase name="testCheckout" classname="com.juaracoding.testng2.KasirTest" time="0.0"/>
  <testcase name="testCheckout" classname="com.juaracoding.testng2.KasirTest" time="0.0"/>
  <testcase name="testCheckout" classname="com.juaracoding.testng2.KasirTest" time="0.0"/>
  <testcase name="testCheckout" classname="com.juaracoding.testng2.KasirTest" time="0.0"/>
  <testcase name="testCheckout" classname="com.juaracoding.testng2.KasirTest" time="0.0"/>
  <testcase name="testCheckout" classname="com.juaracoding.testng2.KasirTest" time="0.0"/>
  <testcase name="testCheckout" classname="com.juaracoding.testng2.KasirTest" time="0.0"/>
  <testcase name="testCheckout" classname="com.juaracoding.testng2.KasirTest" time="0.0"/>
  <testcase name="testCheckout" classname="com.juaracoding.testng2.KasirTest" time="0.0"/>
  <testcase name="testCheckout" classname="com.juaracoding.testng2.KasirTest" time="0.0"/>
  <testcase name="testCheckout" classname="com.juaracoding.testng2.KasirTest" time="0.0"/>
  <testcase name="testCheckout" classname="com.juaracoding.testng2.KasirTest" time="0.0"/>
  <testcase name="testCheckout" classname="com.juaracoding.testng2.KasirTest" time="0.0"/>
  <testcase name="testCheckout" classname="com.juaracoding.testng2.KasirTest" time="0.0"/>
  <testcase name="testCheckout" classname="com.juaracoding.testng2.KasirTest" time="0.0"/>
  <testcase name="testCheckout" classname="com.juaracoding.testng2.KasirTest" time="0.0"/>
  <testcase name="testCheckout" classname="com.juaracoding.testng2.KasirTest" time="0.0"/>
  <testcase name="testCheckout" classname="com.juaracoding.testng2.KasirTest" time="0.0"/>
  <testcase name="testCheckout" classname="com.juaracoding.testng2.KasirTest" time="0.0"/>
  <testcase name="testCheckout" classname="com.juaracoding.testng2.KasirTest" time="0.0"/>
  <testcase name="testCheckout" classname="com.juaracoding.testng2.KasirTest" time="0.0"/>
  <testcase name="testCheckout" classname="com.juaracoding.testng2.KasirTest" time="0.0"/>
  <testcase name="testCheckout" classname="com.juaracoding.testng2.KasirTest" time="0.0"/>
  <testcase name="testCheckout" classname="com.juaracoding.testng2.KasirTest" time="0.0"/>
  <testcase name="testCheckout" classname="com.juaracoding.testng2.KasirTest" time="0.0"/>
  <testcase name="testCheckout" classname="com.juaracoding.testng2.KasirTest" time="0.0"/>
  <testcase name="testCheckout" classname="com.juaracoding.testng2.KasirTest" time="0.0"/>
  <testcase name="testCheckout" classname="com.juaracoding.testng2.KasirTest" time="0.0"/>
  <testcase name="testCheckout" classname="com.juaracoding.testng2.KasirTest" time="0.0"/>
  <testcase name="testCheckout" classname="com.juaracoding.testng2.KasirTest" time="0.0"/>
  <testcase name="testCheckout" classname="com.juaracoding.testng2.KasirTest" time="0.0"/>
  <testcase name="testCheckout" classname="com.juaracoding.testng2.KasirTest" time="0.0"/>
  <testcase name="testCheckout" classname="com.juaracoding.testng2.KasirTest" time="0.0"/>
  <testcase name="testCheckout" classname="com.juaracoding.testng2.KasirTest" time="0.0"/>
  <testcase name="testCheckout" classname="com.juaracoding.testng2.KasirTest" time="0.0"/>
  <testcase name="testCheckout" classname="com.juaracoding.testng2.KasirTest" time="0.0"/>
  <testcase name="testCheckout" classname="com.juaracoding.testng2.KasirTest" time="0.0"/>
  <testcase name="testCheckout" classname="com.juaracoding.testng2.KasirTest" time="0.0"/>
  <testcase name="testCheckout" classname="com.juaracoding.testng2.KasirTest" time="0.0"/>
  <testcase name="testCheckout" classname="com.juaracoding.testng2.KasirTest" time="0.0"/>
  <testcase name="testCheckout" classname="com.juaracoding.testng2.KasirTest" time="0.0"/>
  <testcase name="testCheckout" classname="com.juaracoding.testng2.KasirTest" time="0.0"/>
  <testcase name="testCheckout" classname="com.juaracoding.testng2.KasirTest" time="0.0"/>
  <testcase name="testCheckout" classname="com.juaracoding.testng2.KasirTest" time="0.0"/>
  <testcase name="testCheckout" classname="com.juaracoding.testng2.KasirTest" time="0.0"/>
  <testcase name="testCheckout" classname="com.juaracoding.testng2.KasirTest" time="0.0"/>
  <testcase name="testCheckout" classname="com.juaracoding.testng2.KasirTest" time="0.0"/>
  <testcase name="testCheckout" classname="com.juaracoding.testng2.KasirTest" time="0.0"/>
  <testcase name="testCheckout" classname="com.juaracoding.testng2.KasirTest" time="0.0"/>
  <testcase name="testCheckout" classname="com.juaracoding.testng2.KasirTest" time="0.0"/>
  <testcase name="testCheckout" classname="com.juaracoding.testng2.KasirTest" time="0.0"/>
  <testcase name="testCheckout" classname="com.juaracoding.testng2.KasirTest" time="0.0"/>
  <testcase name="testCheckout" classname="com.juaracoding.testng2.KasirTest" time="0.0"/>
  <testcase name="testCheckout" classname="com.juaracoding.testng2.KasirTest" time="0.0"/>
  <testcase name="testCheckout" classname="com.juaracoding.testng2.KasirTest" time="0.0"/>
  <testcase name="testCheckout" classname="com.juaracoding.testng2.KasirTest" time="0.0"/>
  <testcase name="testCheckout" classname="com.juaracoding.testng2.KasirTest" time="0.0"/>
  <testcase name="testCheckout" classname="com.juaracoding.testng2.KasirTest" time="0.0"/>
  <testcase name="testCheckout" classname="com.juaracoding.testng2.KasirTest" time="0.0"/>
  <testcase name="testCheckout" classname="com.juaracoding.testng2.KasirTest" time="0.0"/>
  <testcase name="testCheckout" classname="com.juaracoding.testng2.KasirTest" time="0.0"/>
  <testcase name="testCheckout" classname="com.juaracoding.testng2.KasirTest" time="0.0"/>
  <testcase name="testCheckout" classname="com.juaracoding.testng2.KasirTest" time="0.0"/>
  <testcase name="testCheckout" classname="com.juaracoding.testng2.KasirTest" time="0.0"/>
  <testcase name="testCheckout" classname="com.juaracoding.testng2.KasirTest" time="0.0"/>
  <testcase name="testCheckout" classname="com.juaracoding.testng2.KasirTest" time="0.0"/>
  <testcase name="testCheckout" classname="com.juaracoding.testng2.KasirTest" time="0.0"/>
  <testcase name="testCheckout" classname="com.juaracoding.testng2.KasirTest" time="0.0"/>
  <testcase name="testCheckout" classname="com.juaracoding.testng2.KasirTest" time="0.0"/>
  <testcase name="testCheckout" classname="com.juaracoding.testng2.KasirTest" time="0.0"/>
  <testcase name="testCheckout" classname="com.juaracoding.testng2.KasirTest" time="0.0"/>
  <testcase name="testCheckout" classname="com.juaracoding.testng2.KasirTest" time="0.0"/>
  <testcase name="testCheckout" classname="com.juaracoding.testng2.KasirTest" time="0.0"/>
  <testcase name="testCheckout" classname="com.juaracoding.testng2.KasirTest" time="0.0"/>
  <testcase name="testCheckout" classname="com.juaracoding.testng2.KasirTest" time="0.0"/>
  <testcase name="testCheckout" classname="com.juaracoding.testng2.KasirTest" time="0.0"/>
  <testcase name="testCheckout" classname="com.juaracoding.testng2.KasirTest" time="0.0"/>
  <testcase name="testCheckout" classname="com.juaracoding.testng2.KasirTest" time="0.0"/>
  <testcase name="testCheckout" classname="com.juaracoding.testng2.KasirTest" time="0.0"/>
  <testcase name="testCheckout" classname="com.juaracoding.testng2.KasirTest" time="0.0"/>
  <testcase name="testCheckout" classname="com.juaracoding.testng2.KasirTest" time="0.0"/>
  <testcase name="testCheckout" classname="com.juaracoding.testng2.KasirTest" time="0.0"/>
  <testcase name="testCheckout" classname="com.juaracoding.testng2.KasirTest" time="0.0"/>
  <testcase name="testCheckout" classname="com.juaracoding.testng2.KasirTest" time="0.0"/>
  <testcase name="testCheckout" classname="com.juaracoding.testng2.KasirTest" time="0.0"/>
  <testcase name="testCheckout" classname="com.juaracoding.testng2.KasirTest" time="0.0"/>
  <testcase name="testCheckout" classname="com.juaracoding.testng2.KasirTest" time="0.0"/>
  <testcase name="testCheckout" classname="com.juaracoding.testng2.KasirTest" time="0.0"/>
  <testcase name="testCheckout" classname="com.juaracoding.testng2.KasirTest" time="0.0"/>
  <testcase name="testCheckout" classname="com.juaracoding.testng2.KasirTest" time="0.0"/>
  <testcase name="testCheckout" classname="com.juaracoding.testng2.KasirTest" time="0.0"/>
  <testcase name="testCheckout" classname="com.juaracoding.testng2.KasirTest" time="0.0"/>
  <testcase name="testCheckout" classname="com.juaracoding.testng2.KasirTest" time="0.0"/>
  <testcase name="testCheckout" classname="com.juaracoding.testng2.KasirTest" time="0.0"/>
  <testcase name="testCheckout" classname="com.juaracoding.testng2.KasirTest" time="0.0"/>
  <testcase name="testCheckout" classname="com.juaracoding.testng2.KasirTest" time="0.0"/>
  <testcase name="testCheckout" classname="com.juaracoding.testng2.KasirTest" time="0.0"/>
  <testcase name="testCheckout" classname="com.juaracoding.testng2.KasirTest" time="0.0"/>
  <testcase name="testCheckout" classname="com.juaracoding.testng2.KasirTest" time="0.0"/>
  <testcase name="testCheckout" classname="com.juaracoding.testng2.KasirTest" time="0.0"/>
  <testcase name="testCheckout" classname="com.juaracoding.testng2.KasirTest" time="0.0"/>
  <testcase name="testCheckout" classname="com.juaracoding.testng2.KasirTest" time="0.0"/>
  <testcase name="testCheckout" classname="com.juaracoding.testng2.KasirTest" time="0.0"/>
  <testcase name="testCheckout" classname="com.juaracoding.testng2.KasirTest" time="0.0"/>
  <testcase name="testCheckout" classname="com.juaracoding.testng2.KasirTest" time="0.0"/>
  <testcase name="testCheckout" classname="com.juaracoding.testng2.KasirTest" time="0.0"/>
  <testcase name="testCheckout" classname="com.juaracoding.testng2.KasirTest" time="0.0"/>
  <testcase name="testCheckout" classname="com.juaracoding.testng2.KasirTest" time="0.0"/>
  <testcase name="testCheckout" classname="com.juaracoding.testng2.KasirTest" time="0.0"/>
  <testcase name="testCheckout" classname="com.juaracoding.testng2.KasirTest" time="0.0"/>
  <testcase name="testCheckout" classname="com.juaracoding.testng2.KasirTest" time="0.0"/>
  <testcase name="testCheckout" classname="com.juaracoding.testng2.KasirTest" time="0.0"/>
  <testcase name="testCheckout" classname="com.juaracoding.testng2.KasirTest" time="0.0"/>
  <testcase name="testCheckout" classname="com.juaracoding.testng2.KasirTest" time="0.0"/>
  <testcase name="testCheckout" classname="com.juaracoding.testng2.KasirTest" time="0.0"/>
  <testcase name="testCheckout" classname="com.juaracoding.testng2.KasirTest" time="0.0"/>
  <testcase name="testCheckout" classname="com.juaracoding.testng2.KasirTest" time="0.0"/>
  <testcase name="testCheckout" classname="com.juaracoding.testng2.KasirTest" time="0.0"/>
  <testcase name="testCheckout" classname="com.juaracoding.testng2.KasirTest" time="0.0"/>
  <testcase name="testCheckout" classname="com.juaracoding.testng2.KasirTest" time="0.0"/>
  <testcase name="testCheckout" classname="com.juaracoding.testng2.KasirTest" time="0.0"/>
  <testcase name="testCheckout" classname="com.juaracoding.testng2.KasirTest" time="0.0"/>
  <testcase name="testCheckout" classname="com.juaracoding.testng2.KasirTest" time="0.0"/>
  <testcase name="testCheckout" classname="com.juaracoding.testng2.KasirTest" time="0.0"/>
  <testcase name="testCheckout" classname="com.juaracoding.testng2.KasirTest" time="0.0"/>
  <testcase name="testCheckout" classname="com.juaracoding.testng2.KasirTest" time="0.0"/>
  <testcase name="testCheckout" classname="com.juaracoding.testng2.KasirTest" time="0.0"/>
  <testcase name="testCheckout" classname="com.juaracoding.testng2.KasirTest" time="0.0"/>
  <testcase name="testCheckout" classname="com.juaracoding.testng2.KasirTest" time="0.0"/>
  <testcase name="testCheckout" classname="com.juaracoding.testng2.KasirTest" time="0.0"/>
  <testcase name="testCheckout" classname="com.juaracoding.testng2.KasirTest" time="0.0"/>
  <testcase name="testCheckout" classname="com.juaracoding.testng2.KasirTest" time="0.0"/>
  <testcase name="testCheckout" classname="com.juaracoding.testng2.KasirTest" time="0.0"/>
  <testcase name="testCheckout" classname="com.juaracoding.testng2.KasirTest" time="0.0"/>
  <testcase name="testCheckout" classname="com.juaracoding.testng2.KasirTest" time="0.0"/>
  <testcase name="testCheckout" classname="com.juaracoding.testng2.KasirTest" time="0.0"/>
  <testcase name="testCheckout" classname="com.juaracoding.testng2.KasirTest" time="0.0"/>
  <testcase name="testCheckout" classname="com.juaracoding.testng2.KasirTest" time="0.0"/>
  <testcase name="testCheckout" classname="com.juaracoding.testng2.KasirTest" time="0.0"/>
  <testcase name="testCheckout" classname="com.juaracoding.testng2.KasirTest" time="0.0"/>
  <testcase name="testCheckout" classname="com.juaracoding.testng2.KasirTest" time="0.0"/>
  <testcase name="testCheckout" classname="com.juaracoding.testng2.KasirTest" time="0.0"/>
  <testcase name="testCheckout" classname="com.juaracoding.testng2.KasirTest" time="0.0"/>
  <testcase name="testCheckout" classname="com.juaracoding.testng2.KasirTest" time="0.0"/>
  <testcase name="testCheckout" classname="com.juaracoding.testng2.KasirTest" time="0.0"/>
  <testcase name="testCheckout" classname="com.juaracoding.testng2.KasirTest" time="0.0"/>
  <testcase name="testCheckout" classname="com.juaracoding.testng2.KasirTest" time="0.0"/>
  <testcase name="testCheckout" classname="com.juaracoding.testng2.KasirTest" time="0.0"/>
  <testcase name="testCheckout" classname="com.juaracoding.testng2.KasirTest" time="0.0"/>
  <testcase name="testCheckout" classname="com.juaracoding.testng2.KasirTest" time="0.0"/>
  <testcase name="testCheckout" classname="com.juaracoding.testng2.KasirTest" time="0.0"/>
  <testcase name="testCheckout" classname="com.juaracoding.testng2.KasirTest" time="0.0"/>
  <testcase name="testCheckout" classname="com.juaracoding.testng2.KasirTest" time="0.0"/>
  <testcase name="testCheckout" classname="com.juaracoding.testng2.KasirTest" time="0.0"/>
  <testcase name="testCheckout" classname="com.juaracoding.testng2.KasirTest" time="0.0"/>
  <testcase name="testCheckout" classname="com.juaracoding.testng2.KasirTest" time="0.0"/>
  <testcase name="testCheckout" classname="com.juaracoding.testng2.KasirTest" time="0.0"/>
  <testcase name="testCheckout" classname="com.juaracoding.testng2.KasirTest" time="0.0"/>
  <testcase name="testCheckout" classname="com.juaracoding.testng2.KasirTest" time="0.0"/>
  <testcase name="testCheckout" classname="com.juaracoding.testng2.KasirTest" time="0.0"/>
  <testcase name="testCheckout" classname="com.juaracoding.testng2.KasirTest" time="0.0"/>
  <testcase name="testCheckout" classname="com.juaracoding.testng2.KasirTest" time="0.0"/>
  <testcase name="testCheckout" classname="com.juaracoding.testng2.KasirTest" time="0.0"/>
  <testcase name="testCheckout" classname="com.juaracoding.testng2.KasirTest" time="0.0"/>
  <testcase name="testCheckout" classname="com.juaracoding.testng2.KasirTest" time="0.0"/>
  <testcase name="testCheckout" classname="com.juaracoding.testng2.KasirTest" time="0.0"/>
  <testcase name="testCheckout" classname="com.juaracoding.testng2.KasirTest" time="0.0"/>
  <testcase name="testCheckout" classname="com.juaracoding.testng2.KasirTest" time="0.0"/>
  <testcase name="testCheckout" classname="com.juaracoding.testng2.KasirTest" time="0.0"/>
  <testcase name="testCheckout" classname="com.juaracoding.testng2.KasirTest" time="0.0"/>
  <testcase name="testCheckout" classname="com.juaracoding.testng2.KasirTest" time="0.0"/>
  <testcase name="testCheckout" classname="com.juaracoding.testng2.KasirTest" time="0.0"/>
  <testcase name="testCheckout" classname="com.juaracoding.testng2.KasirTest" time="0.0"/>
  <testcase name="testCheckout" classname="com.juaracoding.testng2.KasirTest" time="0.0"/>
  <testcase name="testCheckout" classname="com.juaracoding.testng2.KasirTest" time="0.0"/>
  <testcase name="testCheckout" classname="com.juaracoding.testng2.KasirTest" time="0.0"/>
  <testcase name="testCheckout" classname="com.juaracoding.testng2.KasirTest" time="0.0"/>
  <testcase name="testCheckout" classname="com.juaracoding.testng2.KasirTest" time="0.0"/>
  <testcase name="testCheckout" classname="com.juaracoding.testng2.KasirTest" time="0.0"/>
  <testcase name="testCheckout" classname="com.juaracoding.testng2.KasirTest" time="0.0"/>
  <testcase name="testCheckout" classname="com.juaracoding.testng2.KasirTest" time="0.0"/>
  <testcase name="testCheckout" classname="com.juaracoding.testng2.KasirTest" time="0.0"/>
  <testcase name="testCheckout" classname="com.juaracoding.testng2.KasirTest" time="0.0"/>
  <testcase name="testCheckout" classname="com.juaracoding.testng2.KasirTest" time="0.0"/>
  <testcase name="testCheckout" classname="com.juaracoding.testng2.KasirTest" time="0.0"/>
  <testcase name="testCheckout" classname="com.juaracoding.testng2.KasirTest" time="0.0"/>
  <testcase name="testCheckout" classname="com.juaracoding.testng2.KasirTest" time="0.0"/>
  <testcase name="testCheckout" classname="com.juaracoding.testng2.KasirTest" time="0.0"/>
  <testcase name="testCheckout" classname="com.juaracoding.testng2.KasirTest" time="0.0"/>
  <testcase name="testCheckout" classname="com.juaracoding.testng2.KasirTest" time="0.0"/>
  <testcase name="testCheckout" classname="com.juaracoding.testng2.KasirTest" time="0.0"/>
  <testcase name="testCheckout" classname="com.juaracoding.testng2.KasirTest" time="0.0"/>
  <testcase name="testCheckout" classname="com.juaracoding.testng2.KasirTest" time="0.0"/>
  <testcase name="testCheckout" classname="com.juaracoding.testng2.KasirTest" time="0.0"/>
  <testcase name="testCheckout" classname="com.juaracoding.testng2.KasirTest" time="0.0"/>
  <testcase name="testCheckout" classname="com.juaracoding.testng2.KasirTest" time="0.0"/>
  <testcase name="testCheckout" classname="com.juaracoding.testng2.KasirTest" time="0.0"/>
  <testcase name="testCheckout" classname="com.juaracoding.testng2.KasirTest" time="0.0"/>
  <testcase name="testCheckout" classname="com.juaracoding.testng2.KasirTest" time="0.0"/>
  <testcase name="testCheckout" classname="com.juaracoding.testng2.KasirTest" time="0.0"/>
  <testcase name="testCheckout" classname="com.juaracoding.testng2.KasirTest" time="0.0"/>
  <testcase name="testCheckout" classname="com.juaracoding.testng2.KasirTest" time="0.0"/>
  <testcase name="testCheckout" classname="com.juaracoding.testng2.KasirTest" time="0.0"/>
  <testcase name="testCheckout" classname="com.juaracoding.testng2.KasirTest" time="0.0"/>
  <testcase name="testCheckout" classname="com.juaracoding.testng2.KasirTest" time="0.0"/>
  <testcase name="testCheckout" classname="com.juaracoding.testng2.KasirTest" time="0.0"/>
  <testcase name="testCheckout" classname="com.juaracoding.testng2.KasirTest" time="0.0"/>
  <testcase name="testCheckout" classname="com.juaracoding.testng2.KasirTest" time="0.0"/>
  <testcase name="testCheckout" classname="com.juaracoding.testng2.KasirTest" time="0.0"/>
  <testcase name="testCheckout" classname="com.juaracoding.testng2.KasirTest" time="0.0"/>
  <testcase name="testCheckout" classname="com.juaracoding.testng2.KasirTest" time="0.0"/>
  <testcase name="testCheckout" classname="com.juaracoding.testng2.KasirTest" time="0.0"/>
  <testcase name="testCheckout" classname="com.juaracoding.testng2.KasirTest" time="0.0"/>
  <testcase name="testCheckout" classname="com.juaracoding.testng2.KasirTest" time="0.0"/>
  <testcase name="testCheckout" classname="com.juaracoding.testng2.KasirTest" time="0.0"/>
  <testcase name="testCheckout" classname="com.juaracoding.testng2.KasirTest" time="0.0"/>
  <testcase name="testCheckout" classname="com.juaracoding.testng2.KasirTest" time="0.0"/>
  <testcase name="testCheckout" classname="com.juaracoding.testng2.KasirTest" time="0.0"/>
  <testcase name="testCheckout" classname="com.juaracoding.testng2.KasirTest" time="0.0"/>
  <testcase name="testCheckout" classname="com.juaracoding.testng2.KasirTest" time="0.0"/>
  <testcase name="testCheckout" classname="com.juaracoding.testng2.KasirTest" time="0.0"/>
  <testcase name="testCheckout" classname="com.juaracoding.testng2.KasirTest" time="0.0"/>
  <testcase name="testCheckout" classname="com.juaracoding.testng2.KasirTest" time="0.0"/>
  <testcase name="testCheckout" classname="com.juaracoding.testng2.KasirTest" time="0.0"/>
  <testcase name="testCheckout" classname="com.juaracoding.testng2.KasirTest" time="0.0"/>
  <testcase name="testCheckout" classname="com.juaracoding.testng2.KasirTest" time="0.0"/>
  <testcase name="testCheckout" classname="com.juaracoding.testng2.KasirTest" time="0.0"/>
  <testcase name="testCheckout" classname="com.juaracoding.testng2.KasirTest" time="0.0"/>
  <testcase name="testCheckout" classname="com.juaracoding.testng2.KasirTest" time="0.0"/>
  <testcase name="testCheckout" classname="com.juaracoding.testng2.KasirTest" time="0.0"/>
  <testcase name="testCheckout" classname="com.juaracoding.testng2.KasirTest" time="0.0"/>
  <testcase name="testCheckout" classname="com.juaracoding.testng2.KasirTest" time="0.0"/>
  <testcase name="testCheckout" classname="com.juaracoding.testng2.KasirTest" time="0.0"/>
  <testcase name="testCheckout" classname="com.juaracoding.testng2.KasirTest" time="0.0"/>
  <testcase name="testCheckout" classname="com.juaracoding.testng2.KasirTest" time="0.0"/>
  <testcase name="testCheckout" classname="com.juaracoding.testng2.KasirTest" time="0.0"/>
  <testcase name="testCheckout" classname="com.juaracoding.testng2.KasirTest" time="0.0"/>
  <testcase name="testCheckout" classname="com.juaracoding.testng2.KasirTest" time="0.0"/>
  <testcase name="testCheckout" classname="com.juaracoding.testng2.KasirTest" time="0.0"/>
  <testcase name="testCheckout" classname="com.juaracoding.testng2.KasirTest" time="0.0"/>
  <testcase name="testCheckout" classname="com.juaracoding.testng2.KasirTest" time="0.0"/>
  <testcase name="testCheckout" classname="com.juaracoding.testng2.KasirTest" time="0.0"/>
  <testcase name="testCheckout" classname="com.juaracoding.testng2.KasirTest" time="0.0"/>
  <testcase name="testCheckout" classname="com.juaracoding.testng2.KasirTest" time="0.0"/>
  <testcase name="testCheckout" classname="com.juaracoding.testng2.KasirTest" time="0.0"/>
  <testcase name="testCheckout" classname="com.juaracoding.testng2.KasirTest" time="0.0"/>
  <testcase name="testCheckout" classname="com.juaracoding.testng2.KasirTest" time="0.0"/>
  <testcase name="testCheckout" classname="com.juaracoding.testng2.KasirTest" time="0.0"/>
  <testcase name="testCheckout" classname="com.juaracoding.testng2.KasirTest" time="0.0"/>
  <testcase name="testCheckout" classname="com.juaracoding.testng2.KasirTest" time="0.0"/>
  <testcase name="testCheckout" classname="com.juaracoding.testng2.KasirTest" time="0.0"/>
  <testcase name="testCheckout" classname="com.juaracoding.testng2.KasirTest" time="0.0"/>
  <testcase name="testCheckout" classname="com.juaracoding.testng2.KasirTest" time="0.0"/>
  <testcase name="testCheckout" classname="com.juaracoding.testng2.KasirTest" time="0.0"/>
  <testcase name="testCheckout" classname="com.juaracoding.testng2.KasirTest" time="0.0"/>
  <testcase name="testCheckout" classname="com.juaracoding.testng2.KasirTest" time="0.0"/>
  <testcase name="testCheckout" classname="com.juaracoding.testng2.KasirTest" time="0.0"/>
  <testcase name="testCheckout" classname="com.juaracoding.testng2.KasirTest" time="0.0"/>
  <testcase name="testCheckout" classname="com.juaracoding.testng2.KasirTest" time="0.0"/>
  <testcase name="testCheckout" classname="com.juaracoding.testng2.KasirTest" time="0.0"/>
  <testcase name="testCheckout" classname="com.juaracoding.testng2.KasirTest" time="0.0"/>
  <testcase name="testCheckout" classname="com.juaracoding.testng2.KasirTest" time="0.0"/>
  <testcase name="testCheckout" classname="com.juaracoding.testng2.KasirTest" time="0.0"/>
  <testcase name="testCheckout" classname="com.juaracoding.testng2.KasirTest" time="0.0"/>
  <testcase name="testCheckout" classname="com.juaracoding.testng2.KasirTest" time="0.0"/>
  <testcase name="testCheckout" classname="com.juaracoding.testng2.KasirTest" time="0.0"/>
  <testcase name="testCheckout" classname="com.juaracoding.testng2.KasirTest" time="0.0"/>
  <testcase name="testCheckout" classname="com.juaracoding.testng2.KasirTest" time="0.0"/>
  <testcase name="testCheckout" classname="com.juaracoding.testng2.KasirTest" time="0.0"/>
  <testcase name="testCheckout" classname="com.juaracoding.testng2.KasirTest" time="0.0"/>
  <testcase name="testCheckout" classname="com.juaracoding.testng2.KasirTest" time="0.0"/>
  <testcase name="testCheckout" classname="com.juaracoding.testng2.KasirTest" time="0.0"/>
  <testcase name="testCheckout" classname="com.juaracoding.testng2.KasirTest" time="0.0"/>
  <testcase name="testCheckout" classname="com.juaracoding.testng2.KasirTest" time="0.0"/>
  <testcase name="testCheckout" classname="com.juaracoding.testng2.KasirTest" time="0.0"/>
  <testcase name="testCheckout" classname="com.juaracoding.testng2.KasirTest" time="0.0"/>
  <testcase name="testCheckout" classname="com.juaracoding.testng2.KasirTest" time="0.0"/>
  <testcase name="testCheckout" classname="com.juaracoding.testng2.KasirTest" time="0.0"/>
  <testcase name="testCheckout" classname="com.juaracoding.testng2.KasirTest" time="0.0"/>
  <testcase name="testCheckout" classname="com.juaracoding.testng2.KasirTest" time="0.0"/>
  <testcase name="testCheckout" classname="com.juaracoding.testng2.KasirTest" time="0.0"/>
  <testcase name="testCheckout" classname="com.juaracoding.testng2.KasirTest" time="0.0"/>
  <testcase name="testCheckout" classname="com.juaracoding.testng2.KasirTest" time="0.0"/>
  <testcase name="testCheckout" classname="com.juaracoding.testng2.KasirTest" time="0.0"/>
  <testcase name="testCheckout" classname="com.juaracoding.testng2.KasirTest" time="0.0"/>
  <testcase name="testCheckout" classname="com.juaracoding.testng2.KasirTest" time="0.0"/>
  <testcase name="testCheckout" classname="com.juaracoding.testng2.KasirTest" time="0.0"/>
  <testcase name="testCheckout" classname="com.juaracoding.testng2.KasirTest" time="0.0"/>
  <testcase name="testCheckout" classname="com.juaracoding.testng2.KasirTest" time="0.0"/>
  <testcase name="testCheckout" classname="com.juaracoding.testng2.KasirTest" time="0.0"/>
  <testcase name="testCheckout" classname="com.juaracoding.testng2.KasirTest" time="0.0"/>
  <testcase name="testCheckout" classname="com.juaracoding.testng2.KasirTest" time="0.0"/>
  <testcase name="testCheckout" classname="com.juaracoding.testng2.KasirTest" time="0.0"/>
  <testcase name="testCheckout" classname="com.juaracoding.testng2.KasirTest" time="0.0"/>
  <testcase name="testCheckout" classname="com.juaracoding.testng2.KasirTest" time="0.0"/>
  <testcase name="testCheckout" classname="com.juaracoding.testng2.KasirTest" time="0.0"/>
  <testcase name="testCheckout" classname="com.juaracoding.testng2.KasirTest" time="0.0"/>
  <testcase name="testCheckout" classname="com.juaracoding.testng2.KasirTest" time="0.0"/>
  <testcase name="testCheckout" classname="com.juaracoding.testng2.KasirTest" time="0.001"/>
  <testcase name="testCheckout" classname="com.juaracoding.testng2.KasirTest" time="0.001"/>
  <testcase name="testCheckout" classname="com.juaracoding.testng2.KasirTest" time="0.0"/>
  <testcase name="testCheckout" classname="com.juaracoding.testng2.KasirTest" time="0.0"/>
  <testcase name="testCheckout" classname="com.juaracoding.testng2.KasirTest" time="0.0"/>
  <testcase name="testCheckout" classname="com.juaracoding.testng2.KasirTest" time="0.0"/>
  <testcase name="testCheckout" classname="com.juaracoding.testng2.KasirTest" time="0.0"/>
  <testcase name="testCheckout" classname="com.juaracoding.testng2.KasirTest" time="0.0"/>
  <testcase name="testCheckout" classname="com.juaracoding.testng2.KasirTest" time="0.0"/>
  <testcase name="testCheckout" classname="com.juaracoding.testng2.KasirTest" time="0.0"/>
  <testcase name="testCheckout" classname="com.juaracoding.testng2.KasirTest" time="0.0"/>
  <testcase name="testCheckout" classname="com.juaracoding.testng2.KasirTest" time="0.0"/>
  <testcase name="testCheckout" classname="com.juaracoding.testng2.KasirTest" time="0.0"/>
  <testcase name="testCheckout" classname="com.juaracoding.testng2.KasirTest" time="0.0"/>
  <testcase name="testCheckout" classname="com.juaracoding.testng2.KasirTest" time="0.0"/>
  <testcase name="testCheckout" classname="com.juaracoding.testng2.KasirTest" time="0.0"/>
  <testcase name="testCheckout" classname="com.juaracoding.testng2.KasirTest" time="0.0"/>
  <testcase name="testCheckout" classname="com.juaracoding.testng2.KasirTest" time="0.0"/>
  <testcase name="testCheckout" classname="com.juaracoding.testng2.KasirTest" time="0.0"/>
  <testcase name="testCheckout" classname="com.juaracoding.testng2.KasirTest" time="0.0"/>
  <testcase name="testCheckout" classname="com.juaracoding.testng2.KasirTest" time="0.0"/>
  <testcase name="testCheckout" classname="com.juaracoding.testng2.KasirTest" time="0.0"/>
  <testcase name="testCheckout" classname="com.juaracoding.testng2.KasirTest" time="0.0"/>
  <testcase name="testCheckout" classname="com.juaracoding.testng2.KasirTest" time="0.0"/>
  <testcase name="testCheckout" classname="com.juaracoding.testng2.KasirTest" time="0.0"/>
  <testcase name="testCheckout" classname="com.juaracoding.testng2.KasirTest" time="0.0"/>
  <testcase name="testCheckout" classname="com.juaracoding.testng2.KasirTest" time="0.0"/>
  <testcase name="testCheckout" classname="com.juaracoding.testng2.KasirTest" time="0.0"/>
  <testcase name="testCheckout" classname="com.juaracoding.testng2.KasirTest" time="0.0"/>
  <testcase name="testCheckout" classname="com.juaracoding.testng2.KasirTest" time="0.0"/>
  <testcase name="testCheckout" classname="com.juaracoding.testng2.KasirTest" time="0.0"/>
  <testcase name="testCheckout" classname="com.juaracoding.testng2.KasirTest" time="0.0"/>
  <testcase name="testCheckout" classname="com.juaracoding.testng2.KasirTest" time="0.0"/>
  <testcase name="testCheckout" classname="com.juaracoding.testng2.KasirTest" time="0.0"/>
  <testcase name="testCheckout" classname="com.juaracoding.testng2.KasirTest" time="0.0"/>
  <testcase name="testCheckout" classname="com.juaracoding.testng2.KasirTest" time="0.0"/>
  <testcase name="testCheckout" classname="com.juaracoding.testng2.KasirTest" time="0.0"/>
  <testcase name="testCheckout" classname="com.juaracoding.testng2.KasirTest" time="0.0"/>
  <testcase name="testCheckout" classname="com.juaracoding.testng2.KasirTest" time="0.0"/>
  <testcase name="testCheckout" classname="com.juaracoding.testng2.KasirTest" time="0.0"/>
  <testcase name="testCheckout" classname="com.juaracoding.testng2.KasirTest" time="0.0"/>
  <testcase name="testCheckout" classname="com.juaracoding.testng2.KasirTest" time="0.0"/>
  <testcase name="testCheckout" classname="com.juaracoding.testng2.KasirTest" time="0.0"/>
  <testcase name="testCheckout" classname="com.juaracoding.testng2.KasirTest" time="0.0"/>
  <testcase name="testCheckout" classname="com.juaracoding.testng2.KasirTest" time="0.0"/>
  <testcase name="testCheckout" classname="com.juaracoding.testng2.KasirTest" time="0.0"/>
  <testcase name="testCheckout" classname="com.juaracoding.testng2.KasirTest" time="0.0"/>
  <testcase name="testCheckout" classname="com.juaracoding.testng2.KasirTest" time="0.0"/>
  <testcase name="testCheckout" classname="com.juaracoding.testng2.KasirTest" time="0.0"/>
  <testcase name="testCheckout" classname="com.juaracoding.testng2.KasirTest" time="0.0"/>
  <testcase name="testCheckout" classname="com.juaracoding.testng2.KasirTest" time="0.0"/>
  <testcase name="testCheckout" classname="com.juaracoding.testng2.KasirTest" time="0.0"/>
  <testcase name="testCheckout" classname="com.juaracoding.testng2.KasirTest" time="0.0"/>
  <testcase name="testCheckout" classname="com.juaracoding.testng2.KasirTest" time="0.0"/>
  <testcase name="testCheckout" classname="com.juaracoding.testng2.KasirTest" time="0.0"/>
  <testcase name="testCheckout" classname="com.juaracoding.testng2.KasirTest" time="0.0"/>
  <testcase name="testCheckout" classname="com.juaracoding.testng2.KasirTest" time="0.0"/>
  <testcase name="testCheckout" classname="com.juaracoding.testng2.KasirTest" time="0.0"/>
  <testcase name="testCheckout" classname="com.juaracoding.testng2.KasirTest" time="0.0"/>
  <testcase name="testCheckout" classname="com.juaracoding.testng2.KasirTest" time="0.0"/>
  <testcase name="testCheckout" classname="com.juaracoding.testng2.KasirTest" time="0.0"/>
  <testcase name="testCheckout" classname="com.juaracoding.testng2.KasirTest" time="0.0"/>
  <testcase name="testCheckout" classname="com.juaracoding.testng2.KasirTest" time="0.0"/>
  <testcase name="testCheckout" classname="com.juaracoding.testng2.KasirTest" time="0.0"/>
  <testcase name="testCheckout" classname="com.juaracoding.testng2.KasirTest" time="0.0"/>
  <testcase name="testCheckout" classname="com.juaracoding.testng2.KasirTest" time="0.0"/>
  <testcase name="testCheckout" classname="com.juaracoding.testng2.KasirTest" time="0.0"/>
  <testcase name="testCheckout" classname="com.juaracoding.testng2.KasirTest" time="0.0"/>
  <testcase name="testCheckout" classname="com.juaracoding.testng2.KasirTest" time="0.0"/>
  <testcase name="testCheckout" classname="com.juaracoding.testng2.KasirTest" time="0.0"/>
  <testcase name="testCheckout" classname="com.juaracoding.testng2.KasirTest" time="0.0"/>
  <testcase name="testCheckout" classname="com.juaracoding.testng2.KasirTest" time="0.0"/>
  <testcase name="testCheckout" classname="com.juaracoding.testng2.KasirTest" time="0.0"/>
  <testcase name="testCheckout" classname="com.juaracoding.testng2.KasirTest" time="0.0"/>
  <testcase name="testCheckout" classname="com.juaracoding.testng2.KasirTest" time="0.0"/>
  <testcase name="testCheckout" classname="com.juaracoding.testng2.KasirTest" time="0.0"/>
  <testcase name="testCheckout" classname="com.juaracoding.testng2.KasirTest" time="0.0"/>
  <testcase name="testCheckout" classname="com.juaracoding.testng2.KasirTest" time="0.0"/>
  <testcase name="testCheckout" classname="com.juaracoding.testng2.KasirTest" time="0.0"/>
  <testcase name="testCheckout" classname="com.juaracoding.testng2.KasirTest" time="0.0"/>
  <testcase name="testCheckout" classname="com.juaracoding.testng2.KasirTest" time="0.0"/>
  <testcase name="testCheckout" classname="com.juaracoding.testng2.KasirTest" time="0.0"/>
  <testcase name="testCheckout" classname="com.juaracoding.testng2.KasirTest" time="0.0"/>
  <testcase name="testCheckout" classname="com.juaracoding.testng2.KasirTest" time="0.0"/>
  <testcase name="testCheckout" classname="com.juaracoding.testng2.KasirTest" time="0.0"/>
  <testcase name="testCheckout" classname="com.juaracoding.testng2.KasirTest" time="0.0"/>
  <testcase name="testCheckout" classname="com.juaracoding.testng2.KasirTest" time="0.0"/>
  <testcase name="testCheckout" classname="com.juaracoding.testng2.KasirTest" time="0.0"/>
  <testcase name="testCheckout" classname="com.juaracoding.testng2.KasirTest" time="0.0"/>
  <testcase name="testCheckout" classname="com.juaracoding.testng2.KasirTest" time="0.0"/>
  <testcase name="testCheckout" classname="com.juaracoding.testng2.KasirTest" time="0.0"/>
  <testcase name="testCheckout" classname="com.juaracoding.testng2.KasirTest" time="0.0"/>
  <testcase name="testCheckout" classname="com.juaracoding.testng2.KasirTest" time="0.0"/>
  <testcase name="testCheckout" classname="com.juaracoding.testng2.KasirTest" time="0.0"/>
  <testcase name="testCheckout" classname="com.juaracoding.testng2.KasirTest" time="0.0"/>
  <testcase name="testCheckout" classname="com.juaracoding.testng2.KasirTest" time="0.0"/>
  <testcase name="testCheckout" classname="com.juaracoding.testng2.KasirTest" time="0.0"/>
  <testcase name="testCheckout" classname="com.juaracoding.testng2.KasirTest" time="0.0"/>
  <testcase name="testCheckout" classname="com.juaracoding.testng2.KasirTest" time="0.0"/>
  <testcase name="testCheckout" classname="com.juaracoding.testng2.KasirTest" time="0.0"/>
  <testcase name="testCheckout" classname="com.juaracoding.testng2.KasirTest" time="0.0"/>
  <testcase name="testCheckout" classname="com.juaracoding.testng2.KasirTest" time="0.0"/>
  <testcase name="testCheckout" classname="com.juaracoding.testng2.KasirTest" time="0.0"/>
  <testcase name="testCheckout" classname="com.juaracoding.testng2.KasirTest" time="0.0"/>
  <testcase name="testCheckout" classname="com.juaracoding.testng2.KasirTest" time="0.0"/>
  <testcase name="testCheckout" classname="com.juaracoding.testng2.KasirTest" time="0.0"/>
  <testcase name="testCheckout" classname="com.juaracoding.testng2.KasirTest" time="0.0"/>
  <testcase name="testCheckout" classname="com.juaracoding.testng2.KasirTest" time="0.0"/>
  <testcase name="testCheckout" classname="com.juaracoding.testng2.KasirTest" time="0.0"/>
  <testcase name="testCheckout" classname="com.juaracoding.testng2.KasirTest" time="0.0"/>
  <testcase name="testCheckout" classname="com.juaracoding.testng2.KasirTest" time="0.0"/>
  <testcase name="testCheckout" classname="com.juaracoding.testng2.KasirTest" time="0.0"/>
  <testcase name="testCheckout" classname="com.juaracoding.testng2.KasirTest" time="0.0"/>
  <testcase name="testCheckout" classname="com.juaracoding.testng2.KasirTest" time="0.0"/>
  <testcase name="testCheckout" classname="com.juaracoding.testng2.KasirTest" time="0.0"/>
  <testcase name="testCheckout" classname="com.juaracoding.testng2.KasirTest" time="0.0"/>
  <testcase name="testCheckout" classname="com.juaracoding.testng2.KasirTest" time="0.0"/>
  <testcase name="testCheckout" classname="com.juaracoding.testng2.KasirTest" time="0.0"/>
  <testcase name="testCheckout" classname="com.juaracoding.testng2.KasirTest" time="0.0"/>
  <testcase name="testCheckout" classname="com.juaracoding.testng2.KasirTest" time="0.0"/>
  <testcase name="testCheckout" classname="com.juaracoding.testng2.KasirTest" time="0.0"/>
  <testcase name="testCheckout" classname="com.juaracoding.testng2.KasirTest" time="0.0"/>
  <testcase name="testCheckout" classname="com.juaracoding.testng2.KasirTest" time="0.0"/>
  <testcase name="testCheckout" classname="com.juaracoding.testng2.KasirTest" time="0.0"/>
  <testcase name="testCheckout" classname="com.juaracoding.testng2.KasirTest" time="0.0"/>
  <testcase name="testCheckout" classname="com.juaracoding.testng2.KasirTest" time="0.0"/>
  <testcase name="testCheckout" classname="com.juaracoding.testng2.KasirTest" time="0.0"/>
  <testcase name="testCheckout" classname="com.juaracoding.testng2.KasirTest" time="0.0"/>
  <testcase name="testCheckout" classname="com.juaracoding.testng2.KasirTest" time="0.0"/>
  <testcase name="testCheckout" classname="com.juaracoding.testng2.KasirTest" time="0.0"/>
  <testcase name="testCheckout" classname="com.juaracoding.testng2.KasirTest" time="0.0"/>
  <testcase name="testCheckout" classname="com.juaracoding.testng2.KasirTest" time="0.0"/>
  <testcase name="testCheckout" classname="com.juaracoding.testng2.KasirTest" time="0.0"/>
  <testcase name="testCheckout" classname="com.juaracoding.testng2.KasirTest" time="0.0"/>
  <testcase name="testCheckout" classname="com.juaracoding.testng2.KasirTest" time="0.0"/>
  <testcase name="testCheckout" classname="com.juaracoding.testng2.KasirTest" time="0.0"/>
  <testcase name="testCheckout" classname="com.juaracoding.testng2.KasirTest" time="0.0"/>
  <testcase name="testCheckout" classname="com.juaracoding.testng2.KasirTest" time="0.0"/>
  <testcase name="testCheckout" classname="com.juaracoding.testng2.KasirTest" time="0.0"/>
  <testcase name="testCheckout" classname="com.juaracoding.testng2.KasirTest" time="0.0"/>
  <testcase name="testCheckout" classname="com.juaracoding.testng2.KasirTest" time="0.0"/>
  <testcase name="testCheckout" classname="com.juaracoding.testng2.KasirTest" time="0.0"/>
  <testcase name="testCheckout" classname="com.juaracoding.testng2.KasirTest" time="0.0"/>
  <testcase name="testCheckout" classname="com.juaracoding.testng2.KasirTest" time="0.0"/>
  <testcase name="testCheckout" classname="com.juaracoding.testng2.KasirTest" time="0.0"/>
  <testcase name="testCheckout" classname="com.juaracoding.testng2.KasirTest" time="0.0"/>
  <testcase name="testCheckout" classname="com.juaracoding.testng2.KasirTest" time="0.0"/>
  <testcase name="testCheckout" classname="com.juaracoding.testng2.KasirTest" time="0.0"/>
  <testcase name="testCheckout" classname="com.juaracoding.testng2.KasirTest" time="0.0"/>
  <testcase name="testCheckout" classname="com.juaracoding.testng2.KasirTest" time="0.0"/>
  <testcase name="testCheckout" classname="com.juaracoding.testng2.KasirTest" time="0.0"/>
  <testcase name="testCheckout" classname="com.juaracoding.testng2.KasirTest" time="0.0"/>
  <testcase name="testCheckout" classname="com.juaracoding.testng2.KasirTest" time="0.0"/>
  <testcase name="testCheckout" classname="com.juaracoding.testng2.KasirTest" time="0.0"/>
  <testcase name="testCheckout" classname="com.juaracoding.testng2.KasirTest" time="0.0"/>
  <testcase name="testCheckout" classname="com.juaracoding.testng2.KasirTest" time="0.0"/>
  <testcase name="testCheckout" classname="com.juaracoding.testng2.KasirTest" time="0.0"/>
  <testcase name="testCheckout" classname="com.juaracoding.testng2.KasirTest" time="0.0"/>
  <testcase name="testCheckout" classname="com.juaracoding.testng2.KasirTest" time="0.0"/>
  <testcase name="testCheckout" classname="com.juaracoding.testng2.KasirTest" time="0.0"/>
  <testcase name="testCheckout" classname="com.juaracoding.testng2.KasirTest" time="0.0"/>
  <testcase name="testCheckout" classname="com.juaracoding.testng2.KasirTest" time="0.0"/>
  <testcase name="testCheckout" classname="com.juaracoding.testng2.KasirTest" time="0.0"/>
  <testcase name="testCheckout" classname="com.juaracoding.testng2.KasirTest" time="0.0"/>
  <testcase name="testCheckout" classname="com.juaracoding.testng2.KasirTest" time="0.0"/>
  <testcase name="testCheckout" classname="com.juaracoding.testng2.KasirTest" time="0.0"/>
  <testcase name="testCheckout" classname="com.juaracoding.testng2.KasirTest" time="0.0"/>
  <testcase name="testCheckout" classname="com.juaracoding.testng2.KasirTest" time="0.0"/>
  <testcase name="testCheckout" classname="com.juaracoding.testng2.KasirTest" time="0.0"/>
  <testcase name="testCheckout" classname="com.juaracoding.testng2.KasirTest" time="0.0"/>
  <testcase name="testCheckout" classname="com.juaracoding.testng2.KasirTest" time="0.0"/>
  <testcase name="testCheckout" classname="com.juaracoding.testng2.KasirTest" time="0.0"/>
  <testcase name="testCheckout" classname="com.juaracoding.testng2.KasirTest" time="0.0"/>
  <testcase name="testCheckout" classname="com.juaracoding.testng2.KasirTest" time="0.0"/>
  <testcase name="testCheckout" classname="com.juaracoding.testng2.KasirTest" time="0.0"/>
  <testcase name="testCheckout" classname="com.juaracoding.testng2.KasirTest" time="0.0"/>
  <testcase name="testCheckout" classname="com.juaracoding.testng2.KasirTest" time="0.0"/>
  <testcase name="testCheckout" classname="com.juaracoding.testng2.KasirTest" time="0.0"/>
  <testcase name="testCheckout" classname="com.juaracoding.testng2.KasirTest" time="0.0"/>
  <testcase name="testCheckout" classname="com.juaracoding.testng2.KasirTest" time="0.0"/>
  <testcase name="testCheckout" classname="com.juaracoding.testng2.KasirTest" time="0.0"/>
  <testcase name="testCheckout" classname="com.juaracoding.testng2.KasirTest" time="0.0"/>
  <testcase name="testCheckout" classname="com.juaracoding.testng2.KasirTest" time="0.0"/>
  <testcase name="testCheckout" classname="com.juaracoding.testng2.KasirTest" time="0.0"/>
  <testcase name="testCheckout" classname="com.juaracoding.testng2.KasirTest" time="0.0"/>
  <testcase name="testCheckout" classname="com.juaracoding.testng2.KasirTest" time="0.0"/>
  <testcase name="testCheckout" classname="com.juaracoding.testng2.KasirTest" time="0.0"/>
  <testcase name="testCheckout" classname="com.juaracoding.testng2.KasirTest" time="0.0"/>
  <testcase name="testCheckout" classname="com.juaracoding.testng2.KasirTest" time="0.0"/>
  <testcase name="testCheckout" classname="com.juaracoding.testng2.KasirTest" time="0.0"/>
  <testcase name="testCheckout" classname="com.juaracoding.testng2.KasirTest" time="0.0"/>
  <testcase name="testCheckout" classname="com.juaracoding.testng2.KasirTest" time="0.0"/>
  <testcase name="testCheckout" classname="com.juaracoding.testng2.KasirTest" time="0.0"/>
  <testcase name="testCheckout" classname="com.juaracoding.testng2.KasirTest" time="0.0"/>
  <testcase name="testCheckout" classname="com.juaracoding.testng2.KasirTest" time="0.0"/>
  <testcase name="testCheckout" classname="com.juaracoding.testng2.KasirTest" time="0.0"/>
  <testcase name="testCheckout" classname="com.juaracoding.testng2.KasirTest" time="0.0"/>
  <testcase name="testCheckout" classname="com.juaracoding.testng2.KasirTest" time="0.0"/>
  <testcase name="testCheckout" classname="com.juaracoding.testng2.KasirTest" time="0.0"/>
  <testcase name="testCheckout" classname="com.juaracoding.testng2.KasirTest" time="0.0"/>
  <testcase name="testCheckout" classname="com.juaracoding.testng2.KasirTest" time="0.0"/>
  <testcase name="testCheckout" classname="com.juaracoding.testng2.KasirTest" time="0.0"/>
  <testcase name="testCheckout" classname="com.juaracoding.testng2.KasirTest" time="0.0"/>
  <testcase name="testCheckout" classname="com.juaracoding.testng2.KasirTest" time="0.0"/>
  <testcase name="testCheckout" classname="com.juaracoding.testng2.KasirTest" time="0.0"/>
  <testcase name="testCheckout" classname="com.juaracoding.testng2.KasirTest" time="0.0"/>
  <testcase name="testCheckout" classname="com.juaracoding.testng2.KasirTest" time="0.0"/>
  <testcase name="testCheckout" classname="com.juaracoding.testng2.KasirTest" time="0.0"/>
  <testcase name="testCheckout" classname="com.juaracoding.testng2.KasirTest" time="0.0"/>
  <testcase name="testCheckout" classname="com.juaracoding.testng2.KasirTest" time="0.001"/>
  <testcase name="testCheckout" classname="com.juaracoding.testng2.KasirTest" time="0.0"/>
  <testcase name="testCheckout" classname="com.juaracoding.testng2.KasirTest" time="0.0"/>
  <testcase name="testCheckout" classname="com.juaracoding.testng2.KasirTest" time="0.0"/>
  <testcase name="testCheckout" classname="com.juaracoding.testng2.KasirTest" time="0.0"/>
  <testcase name="testCheckout" classname="com.juaracoding.testng2.KasirTest" time="0.0"/>
  <testcase name="testCheckout" classname="com.juaracoding.testng2.KasirTest" time="0.0"/>
  <testcase name="testCheckout" classname="com.juaracoding.testng2.KasirTest" time="0.0"/>
  <testcase name="testCheckout" classname="com.juaracoding.testng2.KasirTest" time="0.0"/>
  <testcase name="testCheckout" classname="com.juaracoding.testng2.KasirTest" time="0.0"/>
  <testcase name="testCheckout" classname="com.juaracoding.testng2.KasirTest" time="0.0"/>
  <testcase name="testCheckout" classname="com.juaracoding.testng2.KasirTest" time="0.0"/>
  <testcase name="testCheckout" classname="com.juaracoding.testng2.KasirTest" time="0.0"/>
  <testcase name="testCheckout" classname="com.juaracoding.testng2.KasirTest" time="0.0"/>
  <testcase name="testCheckout" classname="com.juaracoding.testng2.KasirTest" time="0.0"/>
  <testcase name="testCheckout" classname="com.juaracoding.testng2.KasirTest" time="0.0"/>
  <testcase name="testCheckout" classname="com.juaracoding.testng2.KasirTest" time="0.0"/>
  <testcase name="testCheckout" classname="com.juaracoding.testng2.KasirTest" time="0.0"/>
  <testcase name="testCheckout" classname="com.juaracoding.testng2.KasirTest" time="0.0"/>
  <testcase name="testCheckout" classname="com.juaracoding.testng2.KasirTest" time="0.0"/>
  <testcase name="testCheckout" classname="com.juaracoding.testng2.KasirTest" time="0.0"/>
  <testcase name="testCheckout" classname="com.juaracoding.testng2.KasirTest" time="0.0"/>
  <testcase name="testCheckout" classname="com.juaracoding.testng2.KasirTest" time="0.0"/>
  <testcase name="testCheckout" classname="com.juaracoding.testng2.KasirTest" time="0.0"/>
  <testcase name="testCheckout" classname="com.juaracoding.testng2.KasirTest" time="0.0"/>
  <testcase name="testCheckout" classname="com.juaracoding.testng2.KasirTest" time="0.0"/>
  <testcase name="testCheckout" classname="com.juaracoding.testng2.KasirTest" time="0.0"/>
  <testcase name="testCheckout" classname="com.juaracoding.testng2.KasirTest" time="0.0"/>
  <testcase name="testCheckout" classname="com.juaracoding.testng2.KasirTest" time="0.0"/>
  <testcase name="testCheckout" classname="com.juaracoding.testng2.KasirTest" time="0.0"/>
  <testcase name="testCheckout" classname="com.juaracoding.testng2.KasirTest" time="0.0"/>
  <testcase name="testCheckout" classname="com.juaracoding.testng2.KasirTest" time="0.0"/>
  <testcase name="testCheckout" classname="com.juaracoding.testng2.KasirTest" time="0.0"/>
  <testcase name="testCheckout" classname="com.juaracoding.testng2.KasirTest" time="0.0"/>
  <testcase name="testCheckout" classname="com.juaracoding.testng2.KasirTest" time="0.0"/>
  <testcase name="testCheckout" classname="com.juaracoding.testng2.KasirTest" time="0.0"/>
  <testcase name="testCheckout" classname="com.juaracoding.testng2.KasirTest" time="0.0"/>
  <testcase name="testCheckout" classname="com.juaracoding.testng2.KasirTest" time="0.0"/>
  <testcase name="testCheckout" classname="com.juaracoding.testng2.KasirTest" time="0.0"/>
  <testcase name="testCheckout" classname="com.juaracoding.testng2.KasirTest" time="0.0"/>
  <testcase name="testCheckout" classname="com.juaracoding.testng2.KasirTest" time="0.0"/>
  <testcase name="testCheckout" classname="com.juaracoding.testng2.KasirTest" time="0.0"/>
  <testcase name="testCheckout" classname="com.juaracoding.testng2.KasirTest" time="0.0"/>
  <testcase name="testCheckout" classname="com.juaracoding.testng2.KasirTest" time="0.0"/>
  <testcase name="testCheckout" classname="com.juaracoding.testng2.KasirTest" time="0.001"/>
  <testcase name="testCheckout" classname="com.juaracoding.testng2.KasirTest" time="0.0"/>
  <testcase name="testCheckout" classname="com.juaracoding.testng2.KasirTest" time="0.0"/>
  <testcase name="testCheckout" classname="com.juaracoding.testng2.KasirTest" time="0.0"/>
  <testcase name="testCheckout" classname="com.juaracoding.testng2.KasirTest" time="0.0"/>
  <testcase name="testCheckout" classname="com.juaracoding.testng2.KasirTest" time="0.0"/>
  <testcase name="testCheckout" classname="com.juaracoding.testng2.KasirTest" time="0.0"/>
  <testcase name="testCheckout" classname="com.juaracoding.testng2.KasirTest" time="0.0"/>
  <testcase name="testCheckout" classname="com.juaracoding.testng2.KasirTest" time="0.0"/>
  <testcase name="testCheckout" classname="com.juaracoding.testng2.KasirTest" time="0.0"/>
  <testcase name="testCheckout" classname="com.juaracoding.testng2.KasirTest" time="0.0"/>
  <testcase name="testCheckout" classname="com.juaracoding.testng2.KasirTest" time="0.0"/>
  <testcase name="testCheckout" classname="com.juaracoding.testng2.KasirTest" time="0.0"/>
  <testcase name="testCheckout" classname="com.juaracoding.testng2.KasirTest" time="0.0"/>
  <testcase name="testCheckout" classname="com.juaracoding.testng2.KasirTest" time="0.0"/>
  <testcase name="testCheckout" classname="com.juaracoding.testng2.KasirTest" time="0.0"/>
  <testcase name="testCheckout" classname="com.juaracoding.testng2.KasirTest" time="0.0"/>
  <testcase name="testCheckout" classname="com.juaracoding.testng2.KasirTest" time="0.0"/>
  <testcase name="testCheckout" classname="com.juaracoding.testng2.KasirTest" time="0.0"/>
  <testcase name="testCheckout" classname="com.juaracoding.testng2.KasirTest" time="0.0"/>
  <testcase name="testCheckout" classname="com.juaracoding.testng2.KasirTest" time="0.0"/>
  <testcase name="testCheckout" classname="com.juaracoding.testng2.KasirTest" time="0.0"/>
  <testcase name="testCheckout" classname="com.juaracoding.testng2.KasirTest" time="0.0"/>
  <testcase name="testCheckout" classname="com.juaracoding.testng2.KasirTest" time="0.0"/>
  <testcase name="testCheckout" classname="com.juaracoding.testng2.KasirTest" time="0.0"/>
  <testcase name="testCheckout" classname="com.juaracoding.testng2.KasirTest" time="0.0"/>
  <testcase name="testCheckout" classname="com.juaracoding.testng2.KasirTest" time="0.0"/>
  <testcase name="testCheckout" classname="com.juaracoding.testng2.KasirTest" time="0.0"/>
  <testcase name="testCheckout" classname="com.juaracoding.testng2.KasirTest" time="0.0"/>
  <testcase name="testCheckout" classname="com.juaracoding.testng2.KasirTest" time="0.0"/>
  <testcase name="testCheckout" classname="com.juaracoding.testng2.KasirTest" time="0.0"/>
  <testcase name="testCheckout" classname="com.juaracoding.testng2.KasirTest" time="0.0"/>
  <testcase name="testCheckout" classname="com.juaracoding.testng2.KasirTest" time="0.0"/>
  <testcase name="testCheckout" classname="com.juaracoding.testng2.KasirTest" time="0.0"/>
  <testcase name="testCheckout" classname="com.juaracoding.testng2.KasirTest" time="0.0"/>
  <testcase name="testCheckout" classname="com.juaracoding.testng2.KasirTest" time="0.0"/>
  <testcase name="testCheckout" classname="com.juaracoding.testng2.KasirTest" time="0.0"/>
  <testcase name="testCheckout" classname="com.juaracoding.testng2.KasirTest" time="0.0"/>
  <testcase name="testCheckout" classname="com.juaracoding.testng2.KasirTest" time="0.0"/>
  <testcase name="testCheckout" classname="com.juaracoding.testng2.KasirTest" time="0.0"/>
  <testcase name="testCheckout" classname="com.juaracoding.testng2.KasirTest" time="0.001"/>
  <testcase name="testCheckout" classname="com.juaracoding.testng2.KasirTest" time="0.0"/>
  <testcase name="testCheckout" classname="com.juaracoding.testng2.KasirTest" time="0.0"/>
  <testcase name="testCheckout" classname="com.juaracoding.testng2.KasirTest" time="0.0"/>
  <testcase name="testCheckout" classname="com.juaracoding.testng2.KasirTest" time="0.0"/>
  <testcase name="testCheckout" classname="com.juaracoding.testng2.KasirTest" time="0.0"/>
  <testcase name="testCheckout" classname="com.juaracoding.testng2.KasirTest" time="0.0"/>
  <testcase name="testCheckout" classname="com.juaracoding.testng2.KasirTest" time="0.0"/>
  <testcase name="testCheckout" classname="com.juaracoding.testng2.KasirTest" time="0.0"/>
  <testcase name="testCheckout" classname="com.juaracoding.testng2.KasirTest" time="0.0"/>
  <testcase name="testCheckout" classname="com.juaracoding.testng2.KasirTest" time="0.0"/>
  <testcase name="testCheckout" classname="com.juaracoding.testng2.KasirTest" time="0.0"/>
  <testcase name="testCheckout" classname="com.juaracoding.testng2.KasirTest" time="0.0"/>
  <testcase name="testCheckout" classname="com.juaracoding.testng2.KasirTest" time="0.0"/>
  <testcase name="testCheckout" classname="com.juaracoding.testng2.KasirTest" time="0.0"/>
  <testcase name="testCheckout" classname="com.juaracoding.testng2.KasirTest" time="0.0"/>
  <testcase name="testCheckout" classname="com.juaracoding.testng2.KasirTest" time="0.0"/>
  <testcase name="testCheckout" classname="com.juaracoding.testng2.KasirTest" time="0.0"/>
  <testcase name="testCheckout" classname="com.juaracoding.testng2.KasirTest" time="0.0"/>
  <testcase name="testCheckout" classname="com.juaracoding.testng2.KasirTest" time="0.001"/>
  <testcase name="testCheckout" classname="com.juaracoding.testng2.KasirTest" time="0.0"/>
  <testcase name="testCheckout" classname="com.juaracoding.testng2.KasirTest" time="0.0"/>
  <testcase name="testCheckout" classname="com.juaracoding.testng2.KasirTest" time="0.0"/>
  <testcase name="testCheckout" classname="com.juaracoding.testng2.KasirTest" time="0.0"/>
  <testcase name="testCheckout" classname="com.juaracoding.testng2.KasirTest" time="0.0"/>
  <testcase name="testCheckout" classname="com.juaracoding.testng2.KasirTest" time="0.0"/>
  <testcase name="testCheckout" classname="com.juaracoding.testng2.KasirTest" time="0.0"/>
  <testcase name="testCheckout" classname="com.juaracoding.testng2.KasirTest" time="0.0"/>
  <testcase name="testCheckout" classname="com.juaracoding.testng2.KasirTest" time="0.0"/>
  <testcase name="testCheckout" classname="com.juaracoding.testng2.KasirTest" time="0.0"/>
  <testcase name="testCheckout" classname="com.juaracoding.testng2.KasirTest" time="0.0"/>
  <testcase name="testCheckout" classname="com.juaracoding.testng2.KasirTest" time="0.0"/>
  <testcase name="testCheckout" classname="com.juaracoding.testng2.KasirTest" time="0.0"/>
  <testcase name="testCheckout" classname="com.juaracoding.testng2.KasirTest" time="0.0"/>
  <testcase name="testCheckout" classname="com.juaracoding.testng2.KasirTest" time="0.0"/>
  <testcase name="testCheckout" classname="com.juaracoding.testng2.KasirTest" time="0.0"/>
  <testcase name="testCheckout" classname="com.juaracoding.testng2.KasirTest" time="0.0"/>
  <testcase name="testCheckout" classname="com.juaracoding.testng2.KasirTest" time="0.0"/>
  <testcase name="testCheckout" classname="com.juaracoding.testng2.KasirTest" time="0.0"/>
  <testcase name="testCheckout" classname="com.juaracoding.testng2.KasirTest" time="0.0"/>
  <testcase name="testCheckout" classname="com.juaracoding.testng2.KasirTest" time="0.0"/>
  <testcase name="testCheckout" classname="com.juaracoding.testng2.KasirTest" time="0.0"/>
  <testcase name="testCheckout" classname="com.juaracoding.testng2.KasirTest" time="0.0"/>
  <testcase name="testCheckout" classname="com.juaracoding.testng2.KasirTest" time="0.0"/>
  <testcase name="testCheckout" classname="com.juaracoding.testng2.KasirTest" time="0.0"/>
  <testcase name="testCheckout" classname="com.juaracoding.testng2.KasirTest" time="0.0"/>
  <testcase name="testCheckout" classname="com.juaracoding.testng2.KasirTest" time="0.0"/>
  <testcase name="testCheckout" classname="com.juaracoding.testng2.KasirTest" time="0.0"/>
  <testcase name="testCheckout" classname="com.juaracoding.testng2.KasirTest" time="0.0"/>
  <testcase name="testCheckout" classname="com.juaracoding.testng2.KasirTest" time="0.0"/>
  <testcase name="testCheckout" classname="com.juaracoding.testng2.KasirTest" time="0.0"/>
  <testcase name="testCheckout" classname="com.juaracoding.testng2.KasirTest" time="0.0"/>
  <testcase name="testCheckout" classname="com.juaracoding.testng2.KasirTest" time="0.0"/>
  <testcase name="testCheckout" classname="com.juaracoding.testng2.KasirTest" time="0.0"/>
  <testcase name="testCheckout" classname="com.juaracoding.testng2.KasirTest" time="0.0"/>
  <testcase name="testCheckout" classname="com.juaracoding.testng2.KasirTest" time="0.0"/>
  <testcase name="testCheckout" classname="com.juaracoding.testng2.KasirTest" time="0.0"/>
  <testcase name="testCheckout" classname="com.juaracoding.testng2.KasirTest" time="0.0"/>
  <testcase name="testCheckout" classname="com.juaracoding.testng2.KasirTest" time="0.0"/>
  <testcase name="testCheckout" classname="com.juaracoding.testng2.KasirTest" time="0.0"/>
  <testcase name="testCheckout" classname="com.juaracoding.testng2.KasirTest" time="0.0"/>
  <testcase name="testCheckout" classname="com.juaracoding.testng2.KasirTest" time="0.0"/>
  <testcase name="testCheckout" classname="com.juaracoding.testng2.KasirTest" time="0.0"/>
  <testcase name="testCheckout" classname="com.juaracoding.testng2.KasirTest" time="0.0"/>
  <testcase name="testCheckout" classname="com.juaracoding.testng2.KasirTest" time="0.0"/>
  <testcase name="testCheckout" classname="com.juaracoding.testng2.KasirTest" time="0.0"/>
  <testcase name="testCheckout" classname="com.juaracoding.testng2.KasirTest" time="0.0"/>
  <testcase name="testCheckout" classname="com.juaracoding.testng2.KasirTest" time="0.0"/>
  <testcase name="testCheckout" classname="com.juaracoding.testng2.KasirTest" time="0.0"/>
  <testcase name="testCheckout" classname="com.juaracoding.testng2.KasirTest" time="0.0"/>
  <testcase name="testCheckout" classname="com.juaracoding.testng2.KasirTest" time="0.0"/>
  <testcase name="testCheckout" classname="com.juaracoding.testng2.KasirTest" time="0.0"/>
  <testcase name="testCheckout" classname="com.juaracoding.testng2.KasirTest" time="0.0"/>
  <testcase name="testCheckout" classname="com.juaracoding.testng2.KasirTest" time="0.0"/>
  <testcase name="testCheckout" classname="com.juaracoding.testng2.KasirTest" time="0.0"/>
  <testcase name="testCheckout" classname="com.juaracoding.testng2.KasirTest" time="0.0"/>
  <testcase name="testCheckout" classname="com.juaracoding.testng2.KasirTest" time="0.0"/>
  <testcase name="testCheckout" classname="com.juaracoding.testng2.KasirTest" time="0.0"/>
  <testcase name="testCheckout" classname="com.juaracoding.testng2.KasirTest" time="0.0"/>
  <testcase name="testCheckout" classname="com.juaracoding.testng2.KasirTest" time="0.0"/>
  <testcase name="testCheckout" classname="com.juaracoding.testng2.KasirTest" time="0.0"/>
  <testcase name="testCheckout" classname="com.juaracoding.testng2.KasirTest" time="0.0"/>
  <testcase name="testCheckout" classname="com.juaracoding.testng2.KasirTest" time="0.0"/>
  <testcase name="testCheckout" classname="com.juaracoding.testng2.KasirTest" time="0.0"/>
  <testcase name="testCheckout" classname="com.juaracoding.testng2.KasirTest" time="0.0"/>
  <testcase name="testCheckout" classname="com.juaracoding.testng2.KasirTest" time="0.0"/>
  <testcase name="testCheckout" classname="com.juaracoding.testng2.KasirTest" time="0.0"/>
  <testcase name="testCheckout" classname="com.juaracoding.testng2.KasirTest" time="0.0"/>
  <testcase name="testCheckout" classname="com.juaracoding.testng2.KasirTest" time="0.0"/>
  <testcase name="testCheckout" classname="com.juaracoding.testng2.KasirTest" time="0.0"/>
  <testcase name="testCheckout" classname="com.juaracoding.testng2.KasirTest" time="0.0"/>
  <testcase name="testCheckout" classname="com.juaracoding.testng2.KasirTest" time="0.0"/>
  <testcase name="testCheckout" classname="com.juaracoding.testng2.KasirTest" time="0.0"/>
  <testcase name="testCheckout" classname="com.juaracoding.testng2.KasirTest" time="0.0"/>
  <testcase name="testCheckout" classname="com.juaracoding.testng2.KasirTest" time="0.001"/>
  <testcase name="testCheckout" classname="com.juaracoding.testng2.KasirTest" time="0.0"/>
  <testcase name="testCheckout" classname="com.juaracoding.testng2.KasirTest" time="0.0"/>
  <testcase name="testCheckout" classname="com.juaracoding.testng2.KasirTest" time="0.0"/>
  <testcase name="testCheckout" classname="com.juaracoding.testng2.KasirTest" time="0.0"/>
  <testcase name="testCheckout" classname="com.juaracoding.testng2.KasirTest" time="0.0"/>
  <testcase name="testCheckout" classname="com.juaracoding.testng2.KasirTest" time="0.0"/>
  <testcase name="testCheckout" classname="com.juaracoding.testng2.KasirTest" time="0.0"/>
  <testcase name="testCheckout" classname="com.juaracoding.testng2.KasirTest" time="0.0"/>
  <testcase name="testCheckout" classname="com.juaracoding.testng2.KasirTest" time="0.0"/>
  <testcase name="testCheckout" classname="com.juaracoding.testng2.KasirTest" time="0.0"/>
  <testcase name="testCheckout" classname="com.juaracoding.testng2.KasirTest" time="0.001"/>
  <testcase name="testCheckout" classname="com.juaracoding.testng2.KasirTest" time="0.0"/>
  <testcase name="testCheckout" classname="com.juaracoding.testng2.KasirTest" time="0.0"/>
  <testcase name="testCheckout" classname="com.juaracoding.testng2.KasirTest" time="0.0"/>
  <testcase name="testCheckout" classname="com.juaracoding.testng2.KasirTest" time="0.0"/>
  <testcase name="testCheckout" classname="com.juaracoding.testng2.KasirTest" time="0.0"/>
  <testcase name="testCheckout" classname="com.juaracoding.testng2.KasirTest" time="0.0"/>
  <testcase name="testCheckout" classname="com.juaracoding.testng2.KasirTest" time="0.0"/>
  <testcase name="testCheckout" classname="com.juaracoding.testng2.KasirTest" time="0.0"/>
  <testcase name="testCheckout" classname="com.juaracoding.testng2.KasirTest" time="0.0"/>
  <testcase name="testCheckout" classname="com.juaracoding.testng2.KasirTest" time="0.0"/>
  <testcase name="testCheckout" classname="com.juaracoding.testng2.KasirTest" time="0.0"/>
  <testcase name="testCheckout" classname="com.juaracoding.testng2.KasirTest" time="0.0"/>
  <testcase name="testCheckout" classname="com.juaracoding.testng2.KasirTest" time="0.0"/>
  <testcase name="testCheckout" classname="com.juaracoding.testng2.KasirTest" time="0.0"/>
  <testcase name="testCheckout" classname="com.juaracoding.testng2.KasirTest" time="0.0"/>
  <testcase name="testCheckout" classname="com.juaracoding.testng2.KasirTest" time="0.0"/>
  <testcase name="testCheckout" classname="com.juaracoding.testng2.KasirTest" time="0.0"/>
  <testcase name="testCheckout" classname="com.juaracoding.testng2.KasirTest" time="0.0"/>
  <testcase name="testCheckout" classname="com.juaracoding.testng2.KasirTest" time="0.0"/>
  <testcase name="testCheckout" classname="com.juaracoding.testng2.KasirTest" time="0.0"/>
  <testcase name="testCheckout" classname="com.juaracoding.testng2.KasirTest" time="0.0"/>
  <testcase name="testCheckout" classname="com.juaracoding.testng2.KasirTest" time="0.0"/>
  <testcase name="testCheckout" classname="com.juaracoding.testng2.KasirTest" time="0.0"/>
  <testcase name="testCheckout" classname="com.juaracoding.testng2.KasirTest" time="0.0"/>
  <testcase name="testCheckout" classname="com.juaracoding.testng2.KasirTest" time="0.0"/>
  <testcase name="testCheckout" classname="com.juaracoding.testng2.KasirTest" time="0.0"/>
  <testcase name="testCheckout" classname="com.juaracoding.testng2.KasirTest" time="0.0"/>
  <testcase name="testCheckout" classname="com.juaracoding.testng2.KasirTest" time="0.0"/>
  <testcase name="testCheckout" classname="com.juaracoding.testng2.KasirTest" time="0.0"/>
  <testcase name="testCheckout" classname="com.juaracoding.testng2.KasirTest" time="0.0"/>
  <testcase name="testCheckout" classname="com.juaracoding.testng2.KasirTest" time="0.0"/>
  <testcase name="testCheckout" classname="com.juaracoding.testng2.KasirTest" time="0.0"/>
  <testcase name="testCheckout" classname="com.juaracoding.testng2.KasirTest" time="0.0"/>
  <testcase name="testCheckout" classname="com.juaracoding.testng2.KasirTest" time="0.0"/>
  <testcase name="testCheckout" classname="com.juaracoding.testng2.KasirTest" time="0.0"/>
  <testcase name="testCheckout" classname="com.juaracoding.testng2.KasirTest" time="0.0"/>
  <testcase name="testCheckout" classname="com.juaracoding.testng2.KasirTest" time="0.0"/>
  <testcase name="testCheckout" classname="com.juaracoding.testng2.KasirTest" time="0.0"/>
  <testcase name="testCheckout" classname="com.juaracoding.testng2.KasirTest" time="0.0"/>
  <testcase name="testCheckout" classname="com.juaracoding.testng2.KasirTest" time="0.0"/>
  <testcase name="testCheckout" classname="com.juaracoding.testng2.KasirTest" time="0.0"/>
  <testcase name="testCheckout" classname="com.juaracoding.testng2.KasirTest" time="0.0"/>
  <testcase name="testCheckout" classname="com.juaracoding.testng2.KasirTest" time="0.0"/>
  <testcase name="testCheckout" classname="com.juaracoding.testng2.KasirTest" time="0.0"/>
  <testcase name="testCheckout" classname="com.juaracoding.testng2.KasirTest" time="0.0"/>
  <testcase name="testCheckout" classname="com.juaracoding.testng2.KasirTest" time="0.0"/>
  <testcase name="testCheckout" classname="com.juaracoding.testng2.KasirTest" time="0.0"/>
  <testcase name="testCheckout" classname="com.juaracoding.testng2.KasirTest" time="0.0"/>
  <testcase name="testCheckout" classname="com.juaracoding.testng2.KasirTest" time="0.0"/>
  <testcase name="testCheckout" classname="com.juaracoding.testng2.KasirTest" time="0.0"/>
  <testcase name="testCheckout" classname="com.juaracoding.testng2.KasirTest" time="0.0"/>
  <testcase name="testCheckout" classname="com.juaracoding.testng2.KasirTest" time="0.0"/>
  <testcase name="testCheckout" classname="com.juaracoding.testng2.KasirTest" time="0.0"/>
  <testcase name="testCheckout" classname="com.juaracoding.testng2.KasirTest" time="0.0"/>
  <testcase name="testCheckout" classname="com.juaracoding.testng2.KasirTest" time="0.0"/>
  <testcase name="testCheckout" classname="com.juaracoding.testng2.KasirTest" time="0.0"/>
  <testcase name="testCheckout" classname="com.juaracoding.testng2.KasirTest" time="0.0"/>
  <testcase name="testCheckout" classname="com.juaracoding.testng2.KasirTest" time="0.0"/>
  <testcase name="testCheckout" classname="com.juaracoding.testng2.KasirTest" time="0.0"/>
  <testcase name="testCheckout" classname="com.juaracoding.testng2.KasirTest" time="0.0"/>
  <testcase name="testCheckout" classname="com.juaracoding.testng2.KasirTest" time="0.0"/>
  <testcase name="testCheckout" classname="com.juaracoding.testng2.KasirTest" time="0.0"/>
  <testcase name="testCheckout" classname="com.juaracoding.testng2.KasirTest" time="0.0"/>
  <testcase name="testCheckout" classname="com.juaracoding.testng2.KasirTest" time="0.0"/>
  <testcase name="testCheckout" classname="com.juaracoding.testng2.KasirTest" time="0.0"/>
  <testcase name="testCheckout" classname="com.juaracoding.testng2.KasirTest" time="0.0"/>
  <testcase name="testCheckout" classname="com.juaracoding.testng2.KasirTest" time="0.0"/>
  <testcase name="testCheckout" classname="com.juaracoding.testng2.KasirTest" time="0.0"/>
  <testcase name="testCheckout" classname="com.juaracoding.testng2.KasirTest" time="0.0"/>
  <testcase name="testCheckout" classname="com.juaracoding.testng2.KasirTest" time="0.0"/>
  <testcase name="testCheckout" classname="com.juaracoding.testng2.KasirTest" time="0.0"/>
  <testcase name="testCheckout" classname="com.juaracoding.testng2.KasirTest" time="0.0"/>
  <testcase name="testCheckout" classname="com.juaracoding.testng2.KasirTest" time="0.0"/>
  <testcase name="testCheckout" classname="com.juaracoding.testng2.KasirTest" time="0.0"/>
  <testcase name="testCheckout" classname="com.juaracoding.testng2.KasirTest" time="0.001"/>
  <testcase name="testCheckout" classname="com.juaracoding.testng2.KasirTest" time="0.0"/>
  <testcase name="testCheckout" classname="com.juaracoding.testng2.KasirTest" time="0.0"/>
  <testcase name="testCheckout" classname="com.juaracoding.testng2.KasirTest" time="0.0"/>
  <testcase name="testCheckout" classname="com.juaracoding.testng2.KasirTest" time="0.0"/>
  <testcase name="testCheckout" classname="com.juaracoding.testng2.KasirTest" time="0.0"/>
  <testcase name="testCheckout" classname="com.juaracoding.testng2.KasirTest" time="0.0"/>
  <testcase name="testCheckout" classname="com.juaracoding.testng2.KasirTest" time="0.0"/>
  <testcase name="testCheckout" classname="com.juaracoding.testng2.KasirTest" time="0.0"/>
  <testcase name="testCheckout" classname="com.juaracoding.testng2.KasirTest" time="0.0"/>
  <testcase name="testCheckout" classname="com.juaracoding.testng2.KasirTest" time="0.0"/>
  <testcase name="testCheckout" classname="com.juaracoding.testng2.KasirTest" time="0.0"/>
  <testcase name="testCheckout" classname="com.juaracoding.testng2.KasirTest" time="0.0"/>
  <testcase name="testCheckout" classname="com.juaracoding.testng2.KasirTest" time="0.0"/>
  <testcase name="testCheckout" classname="com.juaracoding.testng2.KasirTest" time="0.0"/>
  <testcase name="testCheckout" classname="com.juaracoding.testng2.KasirTest" time="0.0"/>
  <testcase name="testCheckout" classname="com.juaracoding.testng2.KasirTest" time="0.0"/>
  <testcase name="testCheckout" classname="com.juaracoding.testng2.KasirTest" time="0.0"/>
  <testcase name="testCheckout" classname="com.juaracoding.testng2.KasirTest" time="0.0"/>
  <testcase name="testCheckout" classname="com.juaracoding.testng2.KasirTest" time="0.0"/>
  <testcase name="testCheckout" classname="com.juaracoding.testng2.KasirTest" time="0.0"/>
  <testcase name="testCheckout" classname="com.juaracoding.testng2.KasirTest" time="0.0"/>
  <testcase name="testCheckout" classname="com.juaracoding.testng2.KasirTest" time="0.0"/>
  <testcase name="testCheckout" classname="com.juaracoding.testng2.KasirTest" time="0.0"/>
  <testcase name="testCheckout" classname="com.juaracoding.testng2.KasirTest" time="0.0"/>
  <testcase name="testCheckout" classname="com.juaracoding.testng2.KasirTest" time="0.0"/>
  <testcase name="testCheckout" classname="com.juaracoding.testng2.KasirTest" time="0.0"/>
  <testcase name="testCheckout" classname="com.juaracoding.testng2.KasirTest" time="0.0"/>
  <testcase name="testCheckout" classname="com.juaracoding.testng2.KasirTest" time="0.0"/>
  <testcase name="testCheckout" classname="com.juaracoding.testng2.KasirTest" time="0.0"/>
  <testcase name="testCheckout" classname="com.juaracoding.testng2.KasirTest" time="0.0"/>
  <testcase name="testCheckout" classname="com.juaracoding.testng2.KasirTest" time="0.0"/>
  <testcase name="testCheckout" classname="com.juaracoding.testng2.KasirTest" time="0.0"/>
  <testcase name="testCheckout" classname="com.juaracoding.testng2.KasirTest" time="0.0"/>
  <testcase name="testCheckout" classname="com.juaracoding.testng2.KasirTest" time="0.0"/>
  <testcase name="testCheckout" classname="com.juaracoding.testng2.KasirTest" time="0.0"/>
  <testcase name="testCheckout" classname="com.juaracoding.testng2.KasirTest" time="0.0"/>
  <testcase name="testCheckout" classname="com.juaracoding.testng2.KasirTest" time="0.0"/>
  <testcase name="testCheckout" classname="com.juaracoding.testng2.KasirTest" time="0.0"/>
  <testcase name="testCheckout" classname="com.juaracoding.testng2.KasirTest" time="0.0"/>
  <testcase name="testCheckout" classname="com.juaracoding.testng2.KasirTest" time="0.0"/>
  <testcase name="testCheckout" classname="com.juaracoding.testng2.KasirTest" time="0.0"/>
  <testcase name="testCheckout" classname="com.juaracoding.testng2.KasirTest" time="0.0"/>
  <testcase name="testCheckout" classname="com.juaracoding.testng2.KasirTest" time="0.0"/>
  <testcase name="testCheckout" classname="com.juaracoding.testng2.KasirTest" time="0.0"/>
  <testcase name="testCheckout" classname="com.juaracoding.testng2.KasirTest" time="0.0"/>
  <testcase name="testCheckout" classname="com.juaracoding.testng2.KasirTest" time="0.0"/>
  <testcase name="testCheckout" classname="com.juaracoding.testng2.KasirTest" time="0.0"/>
  <testcase name="testCheckout" classname="com.juaracoding.testng2.KasirTest" time="0.0"/>
  <testcase name="testCheckout" classname="com.juaracoding.testng2.KasirTest" time="0.0"/>
  <testcase name="testCheckout" classname="com.juaracoding.testng2.KasirTest" time="0.0"/>
  <testcase name="testCheckout" classname="com.juaracoding.testng2.KasirTest" time="0.0"/>
  <testcase name="testCheckout" classname="com.juaracoding.testng2.KasirTest" time="0.0"/>
  <testcase name="testCheckout" classname="com.juaracoding.testng2.KasirTest" time="0.0"/>
  <testcase name="testCheckout" classname="com.juaracoding.testng2.KasirTest" time="0.0"/>
  <testcase name="testCheckout" classname="com.juaracoding.testng2.KasirTest" time="0.0"/>
  <testcase name="testCheckout" classname="com.juaracoding.testng2.KasirTest" time="0.0"/>
  <testcase name="testCheckout" classname="com.juaracoding.testng2.KasirTest" time="0.0"/>
  <testcase name="testCheckout" classname="com.juaracoding.testng2.KasirTest" time="0.0"/>
  <testcase name="testCheckout" classname="com.juaracoding.testng2.KasirTest" time="0.0"/>
  <testcase name="testCheckout" classname="com.juaracoding.testng2.KasirTest" time="0.0"/>
  <testcase name="testCheckout" classname="com.juaracoding.testng2.KasirTest" time="0.0"/>
  <testcase name="testCheckout" classname="com.juaracoding.testng2.KasirTest" time="0.0"/>
  <testcase name="testCheckout" classname="com.juaracoding.testng2.KasirTest" time="0.0"/>
  <testcase name="testCheckout" classname="com.juaracoding.testng2.KasirTest" time="0.0"/>
  <testcase name="testCheckout" classname="com.juaracoding.testng2.KasirTest" time="0.0"/>
  <testcase name="testCheckout" classname="com.juaracoding.testng2.KasirTest" time="0.0"/>
  <testcase name="testCheckout" classname="com.juaracoding.testng2.KasirTest" time="0.0"/>
  <testcase name="testCheckout" classname="com.juaracoding.testng2.KasirTest" time="0.0"/>
  <testcase name="testCheckout" classname="com.juaracoding.testng2.KasirTest" time="0.0"/>
  <testcase name="testCheckout" classname="com.juaracoding.testng2.KasirTest" time="0.0"/>
  <testcase name="testCheckout" classname="com.juaracoding.testng2.KasirTest" time="0.0"/>
  <testcase name="testCheckout" classname="com.juaracoding.testng2.KasirTest" time="0.0"/>
  <testcase name="testCheckout" classname="com.juaracoding.testng2.KasirTest" time="0.0"/>
  <testcase name="testCheckout" classname="com.juaracoding.testng2.KasirTest" time="0.0"/>
  <testcase name="testCheckout" classname="com.juaracoding.testng2.KasirTest" time="0.0"/>
  <testcase name="testCheckout" classname="com.juaracoding.testng2.KasirTest" time="0.0"/>
  <testcase name="testCheckout" classname="com.juaracoding.testng2.KasirTest" time="0.001"/>
  <testcase name="testCheckout" classname="com.juaracoding.testng2.KasirTest" time="0.0"/>
  <testcase name="testCheckout" classname="com.juaracoding.testng2.KasirTest" time="0.0"/>
  <testcase name="testCheckout" classname="com.juaracoding.testng2.KasirTest" time="0.0"/>
  <testcase name="testCheckout" classname="com.juaracoding.testng2.KasirTest" time="0.0"/>
  <testcase name="testCheckout" classname="com.juaracoding.testng2.KasirTest" time="0.0"/>
  <testcase name="testCheckout" classname="com.juaracoding.testng2.KasirTest" time="0.0"/>
  <testcase name="testCheckout" classname="com.juaracoding.testng2.KasirTest" time="0.0"/>
  <testcase name="testCheckout" classname="com.juaracoding.testng2.KasirTest" time="0.0"/>
  <testcase name="testCheckout" classname="com.juaracoding.testng2.KasirTest" time="0.0"/>
  <testcase name="testCheckout" classname="com.juaracoding.testng2.KasirTest" time="0.0"/>
  <testcase name="testCheckout" classname="com.juaracoding.testng2.KasirTest" time="0.0"/>
  <testcase name="testCheckout" classname="com.juaracoding.testng2.KasirTest" time="0.0"/>
  <testcase name="testCheckout" classname="com.juaracoding.testng2.KasirTest" time="0.0"/>
  <testcase name="testCheckout" classname="com.juaracoding.testng2.KasirTest" time="0.0"/>
  <testcase name="testCheckout" classname="com.juaracoding.testng2.KasirTest" time="0.0"/>
  <testcase name="testCheckout" classname="com.juaracoding.testng2.KasirTest" time="0.0"/>
  <testcase name="testCheckout" classname="com.juaracoding.testng2.KasirTest" time="0.0"/>
  <testcase name="testCheckout" classname="com.juaracoding.testng2.KasirTest" time="0.0"/>
  <testcase name="testCheckout" classname="com.juaracoding.testng2.KasirTest" time="0.0"/>
  <testcase name="testCheckout" classname="com.juaracoding.testng2.KasirTest" time="0.0"/>
  <testcase name="testCheckout" classname="com.juaracoding.testng2.KasirTest" time="0.0"/>
  <testcase name="testCheckout" classname="com.juaracoding.testng2.KasirTest" time="0.001"/>
  <testcase name="testCheckout" classname="com.juaracoding.testng2.KasirTest" time="0.0"/>
  <testcase name="testCheckout" classname="com.juaracoding.testng2.KasirTest" time="0.0"/>
  <testcase name="testCheckout" classname="com.juaracoding.testng2.KasirTest" time="0.0"/>
  <testcase name="testCheckout" classname="com.juaracoding.testng2.KasirTest" time="0.0"/>
  <testcase name="testCheckout" classname="com.juaracoding.testng2.KasirTest" time="0.0"/>
  <testcase name="testCheckout" classname="com.juaracoding.testng2.KasirTest" time="0.0"/>
  <testcase name="testCheckout" classname="com.juaracoding.testng2.KasirTest" time="0.0"/>
  <testcase name="testCheckout" classname="com.juaracoding.testng2.KasirTest" time="0.0"/>
  <testcase name="testCheckout" classname="com.juaracoding.testng2.KasirTest" time="0.0"/>
  <testcase name="testCheckout" classname="com.juaracoding.testng2.KasirTest" time="0.0"/>
  <testcase name="testCheckout" classname="com.juaracoding.testng2.KasirTest" time="0.0"/>
  <testcase name="testCheckout" classname="com.juaracoding.testng2.KasirTest" time="0.0"/>
  <testcase name="testCheckout" classname="com.juaracoding.testng2.KasirTest" time="0.0"/>
  <testcase name="testCheckout" classname="com.juaracoding.testng2.KasirTest" time="0.0"/>
  <testcase name="testCheckout" classname="com.juaracoding.testng2.KasirTest" time="0.0"/>
  <testcase name="testCheckout" classname="com.juaracoding.testng2.KasirTest" time="0.0"/>
  <testcase name="testCheckout" classname="com.juaracoding.testng2.KasirTest" time="0.0"/>
  <testcase name="testCheckout" classname="com.juaracoding.testng2.KasirTest" time="0.0"/>
  <testcase name="testCheckout" classname="com.juaracoding.testng2.KasirTest" time="0.0"/>
  <testcase name="testCheckout" classname="com.juaracoding.testng2.KasirTest" time="0.0"/>
  <testcase name="testCheckout" classname="com.juaracoding.testng2.KasirTest" time="0.0"/>
  <testcase name="testCheckout" classname="com.juaracoding.testng2.KasirTest" time="0.0"/>
  <testcase name="testCheckout" classname="com.juaracoding.testng2.KasirTest" time="0.0"/>
  <testcase name="testCheckout" classname="com.juaracoding.testng2.KasirTest" time="0.0"/>
  <testcase name="testCheckout" classname="com.juaracoding.testng2.KasirTest" time="0.0"/>
  <testcase name="testCheckout" classname="com.juaracoding.testng2.KasirTest" time="0.0"/>
  <testcase name="testCheckout" classname="com.juaracoding.testng2.KasirTest" time="0.0"/>
  <testcase name="testCheckout" classname="com.juaracoding.testng2.KasirTest" time="0.0"/>
  <testcase name="testCheckout" classname="com.juaracoding.testng2.KasirTest" time="0.001"/>
  <testcase name="testCheckout" classname="com.juaracoding.testng2.KasirTest" time="0.0"/>
  <testcase name="testCheckout" classname="com.juaracoding.testng2.KasirTest" time="0.0"/>
  <testcase name="testCheckout" classname="com.juaracoding.testng2.KasirTest" time="0.0"/>
  <testcase name="testCheckout" classname="com.juaracoding.testng2.KasirTest" time="0.0"/>
  <testcase name="testCheckout" classname="com.juaracoding.testng2.KasirTest" time="0.0"/>
  <testcase name="testCheckout" classname="com.juaracoding.testng2.KasirTest" time="0.0"/>
  <testcase name="testCheckout" classname="com.juaracoding.testng2.KasirTest" time="0.0"/>
  <testcase name="testCheckout" classname="com.juaracoding.testng2.KasirTest" time="0.0"/>
  <testcase name="testCheckout" classname="com.juaracoding.testng2.KasirTest" time="0.0"/>
  <testcase name="testCheckout" classname="com.juaracoding.testng2.KasirTest" time="0.0"/>
  <testcase name="testCheckout" classname="com.juaracoding.testng2.KasirTest" time="0.0"/>
  <testcase name="testCheckout" classname="com.juaracoding.testng2.KasirTest" time="0.0"/>
  <testcase name="testCheckout" classname="com.juaracoding.testng2.KasirTest" time="0.0"/>
  <testcase name="testCheckout" classname="com.juaracoding.testng2.KasirTest" time="0.0"/>
  <testcase name="testCheckout" classname="com.juaracoding.testng2.KasirTest" time="0.0"/>
  <testcase name="testCheckout" classname="com.juaracoding.testng2.KasirTest" time="0.0"/>
  <testcase name="testCheckout" classname="com.juaracoding.testng2.KasirTest" time="0.0"/>
  <testcase name="testCheckout" classname="com.juaracoding.testng2.KasirTest" time="0.0"/>
  <testcase name="testCheckout" classname="com.juaracoding.testng2.KasirTest" time="0.0"/>
  <testcase name="testCheckout" classname="com.juaracoding.testng2.KasirTest" time="0.0"/>
  <testcase name="testCheckout" classname="com.juaracoding.testng2.KasirTest" time="0.0"/>
  <testcase name="testCheckout" classname="com.juaracoding.testng2.KasirTest" time="0.0"/>
  <testcase name="testCheckout" classname="com.juaracoding.testng2.KasirTest" time="0.0"/>
  <testcase name="testCheckout" classname="com.juaracoding.testng2.KasirTest" time="0.0"/>
  <testcase name="testCheckout" classname="com.juaracoding.testng2.KasirTest" time="0.0"/>
  <testcase name="testCheckout" classname="com.juaracoding.testng2.KasirTest" time="0.0"/>
  <testcase name="testCheckout" classname="com.juaracoding.testng2.KasirTest" time="0.0"/>
  <testcase name="testCheckout" classname="com.juaracoding.testng2.KasirTest" time="0.0"/>
  <testcase name="testCheckout" classname="com.juaracoding.testng2.KasirTest" time="0.0"/>
  <testcase name="testCheckout" classname="com.juaracoding.testng2.KasirTest" time="0.0"/>
  <testcase name="testCheckout" classname="com.juaracoding.testng2.KasirTest" time="0.0"/>
  <testcase name="testCheckout" classname="com.juaracoding.testng2.KasirTest" time="0.0"/>
  <testcase name="testCheckout" classname="com.juaracoding.testng2.KasirTest" time="0.0"/>
  <testcase name="testCheckout" classname="com.juaracoding.testng2.KasirTest" time="0.0"/>
  <testcase name="testCheckout" classname="com.juaracoding.testng2.KasirTest" time="0.0"/>
  <testcase name="testCheckout" classname="com.juaracoding.testng2.KasirTest" time="0.0"/>
  <testcase name="testCheckout" classname="com.juaracoding.testng2.KasirTest" time="0.0"/>
  <testcase name="testCheckout" classname="com.juaracoding.testng2.KasirTest" time="0.0"/>
  <testcase name="testCheckout" classname="com.juaracoding.testng2.KasirTest" time="0.0"/>
  <testcase name="testCheckout" classname="com.juaracoding.testng2.KasirTest" time="0.0"/>
  <testcase name="testCheckout" classname="com.juaracoding.testng2.KasirTest" time="0.0"/>
  <testcase name="testCheckout" classname="com.juaracoding.testng2.KasirTest" time="0.0"/>
  <testcase name="testCheckout" classname="com.juaracoding.testng2.KasirTest" time="0.0"/>
  <testcase name="testCheckout" classname="com.juaracoding.testng2.KasirTest" time="0.0"/>
  <testcase name="testCheckout" classname="com.juaracoding.testng2.KasirTest" time="0.0"/>
  <testcase name="testCheckout" classname="com.juaracoding.testng2.KasirTest" time="0.0"/>
  <testcase name="testCheckout" classname="com.juaracoding.testng2.KasirTest" time="0.0"/>
  <testcase name="testCheckout" classname="com.juaracoding.testng2.KasirTest" time="0.0"/>
  <testcase name="testCheckout" classname="com.juaracoding.testng2.KasirTest" time="0.0"/>
  <testcase name="testCheckout" classname="com.juaracoding.testng2.KasirTest" time="0.0"/>
  <testcase name="testCheckout" classname="com.juaracoding.testng2.KasirTest" time="0.0"/>
  <testcase name="testCheckout" classname="com.juaracoding.testng2.KasirTest" time="0.0"/>
  <testcase name="testCheckout" classname="com.juaracoding.testng2.KasirTest" time="0.0"/>
  <testcase name="testCheckout" classname="com.juaracoding.testng2.KasirTest" time="0.0"/>
  <testcase name="testCheckout" classname="com.juaracoding.testng2.KasirTest" time="0.0"/>
  <testcase name="testCheckout" classname="com.juaracoding.testng2.KasirTest" time="0.0"/>
  <testcase name="testCheckout" classname="com.juaracoding.testng2.KasirTest" time="0.001"/>
  <testcase name="testCheckout" classname="com.juaracoding.testng2.KasirTest" time="0.0"/>
  <testcase name="testCheckout" classname="com.juaracoding.testng2.KasirTest" time="0.0"/>
  <testcase name="testCheckout" classname="com.juaracoding.testng2.KasirTest" time="0.0"/>
  <testcase name="testCheckout" classname="com.juaracoding.testng2.KasirTest" time="0.001"/>
  <testcase name="testCheckout" classname="com.juaracoding.testng2.KasirTest" time="0.0"/>
  <testcase name="testCheckout" classname="com.juaracoding.testng2.KasirTest" time="0.001"/>
  <testcase name="testCheckout" classname="com.juaracoding.testng2.KasirTest" time="0.0"/>
  <testcase name="testCheckout" classname="com.juaracoding.testng2.KasirTest" time="0.0"/>
  <testcase name="testCheckout" classname="com.juaracoding.testng2.KasirTest" time="0.0"/>
  <testcase name="testCheckout" classname="com.juaracoding.testng2.KasirTest" time="0.0"/>
  <testcase name="testCheckout" classname="com.juaracoding.testng2.KasirTest" time="0.0"/>
  <testcase name="testCheckout" classname="com.juaracoding.testng2.KasirTest" time="0.0"/>
  <testcase name="testCheckout" classname="com.juaracoding.testng2.KasirTest" time="0.0"/>
  <testcase name="testCheckout" classname="com.juaracoding.testng2.KasirTest" time="0.0"/>
  <testcase name="testCheckout" classname="com.juaracoding.testng2.KasirTest" time="0.0"/>
  <testcase name="testCheckout" classname="com.juaracoding.testng2.KasirTest" time="0.0"/>
  <testcase name="testCheckout" classname="com.juaracoding.testng2.KasirTest" time="0.0"/>
  <testcase name="testCheckout" classname="com.juaracoding.testng2.KasirTest" time="0.0"/>
  <testcase name="testCheckout" classname="com.juaracoding.testng2.KasirTest" time="0.0"/>
  <testcase name="testCheckout" classname="com.juaracoding.testng2.KasirTest" time="0.0"/>
  <testcase name="testCheckout" classname="com.juaracoding.testng2.KasirTest" time="0.0"/>
  <testcase name="testCheckout" classname="com.juaracoding.testng2.KasirTest" time="0.0"/>
  <testcase name="testCheckout" classname="com.juaracoding.testng2.KasirTest" time="0.0"/>
  <testcase name="testCheckout" classname="com.juaracoding.testng2.KasirTest" time="0.0"/>
  <testcase name="testCheckout" classname="com.juaracoding.testng2.KasirTest" time="0.0"/>
  <testcase name="testCheckout" classname="com.juaracoding.testng2.KasirTest" time="0.0"/>
  <testcase name="testCheckout" classname="com.juaracoding.testng2.KasirTest" time="0.0"/>
  <testcase name="testCheckout" classname="com.juaracoding.testng2.KasirTest" time="0.0"/>
  <testcase name="testCheckout" classname="com.juaracoding.testng2.KasirTest" time="0.0"/>
  <testcase name="testCheckout" classname="com.juaracoding.testng2.KasirTest" time="0.0"/>
  <testcase name="testCheckout" classname="com.juaracoding.testng2.KasirTest" time="0.0"/>
  <testcase name="testCheckout" classname="com.juaracoding.testng2.KasirTest" time="0.0"/>
  <testcase name="testCheckout" classname="com.juaracoding.testng2.KasirTest" time="0.0"/>
  <testcase name="testCheckout" classname="com.juaracoding.testng2.KasirTest" time="0.0"/>
  <testcase name="testCheckout" classname="com.juaracoding.testng2.KasirTest" time="0.0"/>
  <testcase name="testCheckout" classname="com.juaracoding.testng2.KasirTest" time="0.0"/>
  <testcase name="testCheckout" classname="com.juaracoding.testng2.KasirTest" time="0.0"/>
  <testcase name="testCheckout" classname="com.juaracoding.testng2.KasirTest" time="0.0"/>
  <testcase name="testCheckout" classname="com.juaracoding.testng2.KasirTest" time="0.0"/>
  <testcase name="testCheckout" classname="com.juaracoding.testng2.KasirTest" time="0.0"/>
  <testcase name="testCheckout" classname="com.juaracoding.testng2.KasirTest" time="0.0"/>
  <testcase name="testCheckout" classname="com.juaracoding.testng2.KasirTest" time="0.0"/>
  <testcase name="testCheckout" classname="com.juaracoding.testng2.KasirTest" time="0.0"/>
  <testcase name="testCheckout" classname="com.juaracoding.testng2.KasirTest" time="0.0"/>
  <testcase name="testCheckout" classname="com.juaracoding.testng2.KasirTest" time="0.0"/>
  <testcase name="testCheckout" classname="com.juaracoding.testng2.KasirTest" time="0.0"/>
  <testcase name="testCheckout" classname="com.juaracoding.testng2.KasirTest" time="0.0"/>
  <testcase name="testCheckout" classname="com.juaracoding.testng2.KasirTest" time="0.0"/>
  <testcase name="testCheckout" classname="com.juaracoding.testng2.KasirTest" time="0.0"/>
  <testcase name="testCheckout" classname="com.juaracoding.testng2.KasirTest" time="0.0"/>
  <testcase name="testCheckout" classname="com.juaracoding.testng2.KasirTest" time="0.0"/>
  <testcase name="testCheckout" classname="com.juaracoding.testng2.KasirTest" time="0.0"/>
  <testcase name="testCheckout" classname="com.juaracoding.testng2.KasirTest" time="0.0"/>
  <testcase name="testCheckout" classname="com.juaracoding.testng2.KasirTest" time="0.0"/>
  <testcase name="testCheckout" classname="com.juaracoding.testng2.KasirTest" time="0.0"/>
  <testcase name="testCheckout" classname="com.juaracoding.testng2.KasirTest" time="0.0"/>
  <testcase name="testCheckout" classname="com.juaracoding.testng2.KasirTest" time="0.0"/>
  <testcase name="testCheckout" classname="com.juaracoding.testng2.KasirTest" time="0.0"/>
  <testcase name="testCheckout" classname="com.juaracoding.testng2.KasirTest" time="0.0"/>
  <testcase name="testCheckout" classname="com.juaracoding.testng2.KasirTest" time="0.0"/>
  <testcase name="testCheckout" classname="com.juaracoding.testng2.KasirTest" time="0.0"/>
  <testcase name="testCheckout" classname="com.juaracoding.testng2.KasirTest" time="0.0"/>
  <testcase name="testCheckout" classname="com.juaracoding.testng2.KasirTest" time="0.0"/>
  <testcase name="testCheckout" classname="com.juaracoding.testng2.KasirTest" time="0.0"/>
  <testcase name="testCheckout" classname="com.juaracoding.testng2.KasirTest" time="0.0"/>
  <testcase name="testCheckout" classname="com.juaracoding.testng2.KasirTest" time="0.0"/>
  <testcase name="testCheckout" classname="com.juaracoding.testng2.KasirTest" time="0.0"/>
  <testcase name="testCheckout" classname="com.juaracoding.testng2.KasirTest" time="0.0"/>
  <testcase name="testCheckout" classname="com.juaracoding.testng2.KasirTest" time="0.0"/>
  <testcase name="testCheckout" classname="com.juaracoding.testng2.KasirTest" time="0.0"/>
  <testcase name="testCheckout" classname="com.juaracoding.testng2.KasirTest" time="0.0"/>
  <testcase name="testCheckout" classname="com.juaracoding.testng2.KasirTest" time="0.0"/>
  <testcase name="testCheckout" classname="com.juaracoding.testng2.KasirTest" time="0.0"/>
  <testcase name="testCheckout" classname="com.juaracoding.testng2.KasirTest" time="0.0"/>
  <testcase name="testCheckout" classname="com.juaracoding.testng2.KasirTest" time="0.0"/>
  <testcase name="testCheckout" classname="com.juaracoding.testng2.KasirTest" time="0.0"/>
  <testcase name="testCheckout" classname="com.juaracoding.testng2.KasirTest" time="0.0"/>
  <testcase name="testCheckout" classname="com.juaracoding.testng2.KasirTest" time="0.0"/>
  <testcase name="testCheckout" classname="com.juaracoding.testng2.KasirTest" time="0.0"/>
  <testcase name="testCheckout" classname="com.juaracoding.testng2.KasirTest" time="0.0"/>
  <testcase name="testCheckout" classname="com.juaracoding.testng2.KasirTest" time="0.0"/>
  <testcase name="testCheckout" classname="com.juaracoding.testng2.KasirTest" time="0.0"/>
  <testcase name="testCheckout" classname="com.juaracoding.testng2.KasirTest" time="0.0"/>
  <testcase name="testCheckout" classname="com.juaracoding.testng2.KasirTest" time="0.0"/>
  <testcase name="testCheckout" classname="com.juaracoding.testng2.KasirTest" time="0.0"/>
  <testcase name="testCheckout" classname="com.juaracoding.testng2.KasirTest" time="0.0"/>
  <testcase name="testCheckout" classname="com.juaracoding.testng2.KasirTest" time="0.0"/>
  <testcase name="testCheckout" classname="com.juaracoding.testng2.KasirTest" time="0.0"/>
  <testcase name="testCheckout" classname="com.juaracoding.testng2.KasirTest" time="0.0"/>
  <testcase name="testCheckout" classname="com.juaracoding.testng2.KasirTest" time="0.0"/>
  <testcase name="testCheckout" classname="com.juaracoding.testng2.KasirTest" time="0.0"/>
  <testcase name="testCheckout" classname="com.juaracoding.testng2.KasirTest" time="0.0"/>
  <testcase name="testCheckout" classname="com.juaracoding.testng2.KasirTest" time="0.0"/>
  <testcase name="testCheckout" classname="com.juaracoding.testng2.KasirTest" time="0.0"/>
  <testcase name="testCheckout" classname="com.juaracoding.testng2.KasirTest" time="0.0"/>
  <testcase name="testCheckout" classname="com.juaracoding.testng2.KasirTest" time="0.0"/>
  <testcase name="testCheckout" classname="com.juaracoding.testng2.KasirTest" time="0.0"/>
  <testcase name="testCheckout" classname="com.juaracoding.testng2.KasirTest" time="0.0"/>
  <testcase name="testCheckout" classname="com.juaracoding.testng2.KasirTest" time="0.0"/>
  <testcase name="testCheckout" classname="com.juaracoding.testng2.KasirTest" time="0.0"/>
  <testcase name="testCheckout" classname="com.juaracoding.testng2.KasirTest" time="0.0"/>
  <testcase name="testCheckout" classname="com.juaracoding.testng2.KasirTest" time="0.0"/>
  <testcase name="testCheckout" classname="com.juaracoding.testng2.KasirTest" time="0.0"/>
  <testcase name="testCheckout" classname="com.juaracoding.testng2.KasirTest" time="0.0"/>
  <testcase name="testCheckout" classname="com.juaracoding.testng2.KasirTest" time="0.0"/>
  <testcase name="testCheckout" classname="com.juaracoding.testng2.KasirTest" time="0.0"/>
  <testcase name="testCheckout" classname="com.juaracoding.testng2.KasirTest" time="0.0"/>
  <testcase name="testCheckout" classname="com.juaracoding.testng2.KasirTest" time="0.0"/>
  <testcase name="testCheckout" classname="com.juaracoding.testng2.KasirTest" time="0.0"/>
  <testcase name="testCheckout" classname="com.juaracoding.testng2.KasirTest" time="0.0"/>
  <testcase name="testCheckout" classname="com.juaracoding.testng2.KasirTest" time="0.0"/>
  <testcase name="testCheckout" classname="com.juaracoding.testng2.KasirTest" time="0.0"/>
  <testcase name="testCheckout" classname="com.juaracoding.testng2.KasirTest" time="0.0"/>
  <testcase name="testCheckout" classname="com.juaracoding.testng2.KasirTest" time="0.0"/>
  <testcase name="testCheckout" classname="com.juaracoding.testng2.KasirTest" time="0.0"/>
  <testcase name="testCheckout" classname="com.juaracoding.testng2.KasirTest" time="0.0"/>
  <testcase name="testCheckout" classname="com.juaracoding.testng2.KasirTest" time="0.0"/>
  <testcase name="testCheckout" classname="com.juaracoding.testng2.KasirTest" time="0.0"/>
  <testcase name="testCheckout" classname="com.juaracoding.testng2.KasirTest" time="0.0"/>
  <testcase name="testCheckout" classname="com.juaracoding.testng2.KasirTest" time="0.0"/>
  <testcase name="testCheckout" classname="com.juaracoding.testng2.KasirTest" time="0.0"/>
  <testcase name="testCheckout" classname="com.juaracoding.testng2.KasirTest" time="0.0"/>
  <testcase name="testCheckout" classname="com.juaracoding.testng2.KasirTest" time="0.0"/>
  <testcase name="testCheckout" classname="com.juaracoding.testng2.KasirTest" time="0.0"/>
  <testcase name="testCheckout" classname="com.juaracoding.testng2.KasirTest" time="0.0"/>
  <testcase name="testCheckout" classname="com.juaracoding.testng2.KasirTest" time="0.0"/>
  <testcase name="testCheckout" classname="com.juaracoding.testng2.KasirTest" time="0.0"/>
  <testcase name="testCheckout" classname="com.juaracoding.testng2.KasirTest" time="0.0"/>
  <testcase name="testCheckout" classname="com.juaracoding.testng2.KasirTest" time="0.0"/>
  <testcase name="testCheckout" classname="com.juaracoding.testng2.KasirTest" time="0.0"/>
  <testcase name="testCheckout" classname="com.juaracoding.testng2.KasirTest" time="0.0"/>
  <testcase name="testCheckout" classname="com.juaracoding.testng2.KasirTest" time="0.0"/>
  <testcase name="testCheckout" classname="com.juaracoding.testng2.KasirTest" time="0.0"/>
  <testcase name="testCheckout" classname="com.juaracoding.testng2.KasirTest" time="0.0"/>
  <testcase name="testCheckout" classname="com.juaracoding.testng2.KasirTest" time="0.0"/>
  <testcase name="testCheckout" classname="com.juaracoding.testng2.KasirTest" time="0.0"/>
  <testcase name="testCheckout" classname="com.juaracoding.testng2.KasirTest" time="0.0"/>
  <testcase name="testCheckout" classname="com.juaracoding.testng2.KasirTest" time="0.0"/>
  <testcase name="testCheckout" classname="com.juaracoding.testng2.KasirTest" time="0.0"/>
  <testcase name="testCheckout" classname="com.juaracoding.testng2.KasirTest" time="0.0"/>
  <testcase name="testCheckout" classname="com.juaracoding.testng2.KasirTest" time="0.0"/>
  <testcase name="testCheckout" classname="com.juaracoding.testng2.KasirTest" time="0.0"/>
  <testcase name="testCheckout" classname="com.juaracoding.testng2.KasirTest" time="0.001"/>
  <testcase name="testCheckout" classname="com.juaracoding.testng2.KasirTest" time="0.0"/>
  <testcase name="testCheckout" classname="com.juaracoding.testng2.KasirTest" time="0.0"/>
  <testcase name="testCheckout" classname="com.juaracoding.testng2.KasirTest" time="0.0"/>
  <testcase name="testCheckout" classname="com.juaracoding.testng2.KasirTest" time="0.0"/>
  <testcase name="testCheckout" classname="com.juaracoding.testng2.KasirTest" time="0.0"/>
  <testcase name="testCheckout" classname="com.juaracoding.testng2.KasirTest" time="0.0"/>
  <testcase name="testCheckout" classname="com.juaracoding.testng2.KasirTest" time="0.0"/>
  <testcase name="testCheckout" classname="com.juaracoding.testng2.KasirTest" time="0.0"/>
  <testcase name="testCheckout" classname="com.juaracoding.testng2.KasirTest" time="0.0"/>
  <testcase name="testCheckout" classname="com.juaracoding.testng2.KasirTest" time="0.0"/>
  <testcase name="testCheckout" classname="com.juaracoding.testng2.KasirTest" time="0.0"/>
  <testcase name="testCheckout" classname="com.juaracoding.testng2.KasirTest" time="0.0"/>
  <testcase name="testCheckout" classname="com.juaracoding.testng2.KasirTest" time="0.0"/>
  <testcase name="testCheckout" classname="com.juaracoding.testng2.KasirTest" time="0.0"/>
  <testcase name="testCheckout" classname="com.juaracoding.testng2.KasirTest" time="0.0"/>
  <testcase name="testCheckout" classname="com.juaracoding.testng2.KasirTest" time="0.0"/>
  <testcase name="testCheckout" classname="com.juaracoding.testng2.KasirTest" time="0.0"/>
  <testcase name="testCheckout" classname="com.juaracoding.testng2.KasirTest" time="0.0"/>
  <testcase name="testCheckout" classname="com.juaracoding.testng2.KasirTest" time="0.0"/>
  <testcase name="testCheckout" classname="com.juaracoding.testng2.KasirTest" time="0.0"/>
  <testcase name="testCheckout" classname="com.juaracoding.testng2.KasirTest" time="0.0"/>
  <testcase name="testCheckout" classname="com.juaracoding.testng2.KasirTest" time="0.0"/>
  <testcase name="testCheckout" classname="com.juaracoding.testng2.KasirTest" time="0.0"/>
  <testcase name="testCheckout" classname="com.juaracoding.testng2.KasirTest" time="0.0"/>
  <testcase name="testCheckout" classname="com.juaracoding.testng2.KasirTest" time="0.0"/>
  <testcase name="testCheckout" classname="com.juaracoding.testng2.KasirTest" time="0.0"/>
  <testcase name="testCheckout" classname="com.juaracoding.testng2.KasirTest" time="0.0"/>
  <testcase name="testCheckout" classname="com.juaracoding.testng2.KasirTest" time="0.0"/>
  <testcase name="testCheckout" classname="com.juaracoding.testng2.KasirTest" time="0.0"/>
  <testcase name="testCheckout" classname="com.juaracoding.testng2.KasirTest" time="0.0"/>
  <testcase name="testCheckout" classname="com.juaracoding.testng2.KasirTest" time="0.0"/>
  <testcase name="testCheckout" classname="com.juaracoding.testng2.KasirTest" time="0.0"/>
  <testcase name="testCheckout" classname="com.juaracoding.testng2.KasirTest" time="0.0"/>
  <testcase name="testCheckout" classname="com.juaracoding.testng2.KasirTest" time="0.0"/>
  <testcase name="testCheckout" classname="com.juaracoding.testng2.KasirTest" time="0.0"/>
  <testcase name="testCheckout" classname="com.juaracoding.testng2.KasirTest" time="0.0"/>
  <testcase name="testCheckout" classname="com.juaracoding.testng2.KasirTest" time="0.0"/>
  <testcase name="testCheckout" classname="com.juaracoding.testng2.KasirTest" time="0.0"/>
  <testcase name="testCheckout" classname="com.juaracoding.testng2.KasirTest" time="0.0"/>
  <testcase name="testCheckout" classname="com.juaracoding.testng2.KasirTest" time="0.0"/>
  <testcase name="testCheckout" classname="com.juaracoding.testng2.KasirTest" time="0.0"/>
  <testcase name="testCheckout" classname="com.juaracoding.testng2.KasirTest" time="0.0"/>
  <testcase name="testCheckout" classname="com.juaracoding.testng2.KasirTest" time="0.0"/>
  <testcase name="testCheckout" classname="com.juaracoding.testng2.KasirTest" time="0.0"/>
  <testcase name="testCheckout" classname="com.juaracoding.testng2.KasirTest" time="0.0"/>
  <testcase name="testCheckout" classname="com.juaracoding.testng2.KasirTest" time="0.0"/>
  <testcase name="testCheckout" classname="com.juaracoding.testng2.KasirTest" time="0.0"/>
  <testcase name="testCheckout" classname="com.juaracoding.testng2.KasirTest" time="0.0"/>
  <testcase name="testCheckout" classname="com.juaracoding.testng2.KasirTest" time="0.0"/>
  <testcase name="testCheckout" classname="com.juaracoding.testng2.KasirTest" time="0.0"/>
  <testcase name="testCheckout" classname="com.juaracoding.testng2.KasirTest" time="0.0"/>
  <testcase name="testCheckout" classname="com.juaracoding.testng2.KasirTest" time="0.0"/>
  <testcase name="testCheckout" classname="com.juaracoding.testng2.KasirTest" time="0.0"/>
  <testcase name="testCheckout" classname="com.juaracoding.testng2.KasirTest" time="0.0"/>
  <testcase name="testCheckout" classname="com.juaracoding.testng2.KasirTest" time="0.0"/>
  <testcase name="testCheckout" classname="com.juaracoding.testng2.KasirTest" time="0.0"/>
  <testcase name="testCheckout" classname="com.juaracoding.testng2.KasirTest" time="0.0"/>
  <testcase name="testCheckout" classname="com.juaracoding.testng2.KasirTest" time="0.0"/>
  <testcase name="testCheckout" classname="com.juaracoding.testng2.KasirTest" time="0.0"/>
  <testcase name="testCheckout" classname="com.juaracoding.testng2.KasirTest" time="0.0"/>
  <testcase name="testCheckout" classname="com.juaracoding.testng2.KasirTest" time="0.0"/>
  <testcase name="testCheckout" classname="com.juaracoding.testng2.KasirTest" time="0.0"/>
  <testcase name="testCheckout" classname="com.juaracoding.testng2.KasirTest" time="0.0"/>
  <testcase name="testCheckout" classname="com.juaracoding.testng2.KasirTest" time="0.0"/>
  <testcase name="testCheckout" classname="com.juaracoding.testng2.KasirTest" time="0.0"/>
  <testcase name="testCheckout" classname="com.juaracoding.testng2.KasirTest" time="0.0"/>
  <testcase name="testCheckout" classname="com.juaracoding.testng2.KasirTest" time="0.0"/>
  <testcase name="testCheckout" classname="com.juaracoding.testng2.KasirTest" time="0.0"/>
  <testcase name="testCheckout" classname="com.juaracoding.testng2.KasirTest" time="0.0"/>
  <testcase name="testCheckout" classname="com.juaracoding.testng2.KasirTest" time="0.0"/>
  <testcase name="testCheckout" classname="com.juaracoding.testng2.KasirTest" time="0.0"/>
  <testcase name="testCheckout" classname="com.juaracoding.testng2.KasirTest" time="0.0"/>
  <testcase name="testCheckout" classname="com.juaracoding.testng2.KasirTest" time="0.0"/>
  <testcase name="testCheckout" classname="com.juaracoding.testng2.KasirTest" time="0.0"/>
  <testcase name="testCheckout" classname="com.juaracoding.testng2.KasirTest" time="0.0"/>
  <testcase name="testCheckout" classname="com.juaracoding.testng2.KasirTest" time="0.0"/>
  <testcase name="testCheckout" classname="com.juaracoding.testng2.KasirTest" time="0.0"/>
  <testcase name="testCheckout" classname="com.juaracoding.testng2.KasirTest" time="0.0"/>
  <testcase name="testCheckout" classname="com.juaracoding.testng2.KasirTest" time="0.0"/>
  <testcase name="testCheckout" classname="com.juaracoding.testng2.KasirTest" time="0.0"/>
  <testcase name="testCheckout" classname="com.juaracoding.testng2.KasirTest" time="0.0"/>
  <testcase name="testCheckout" classname="com.juaracoding.testng2.KasirTest" time="0.0"/>
  <testcase name="testCheckout" classname="com.juaracoding.testng2.KasirTest" time="0.0"/>
  <testcase name="testCheckout" classname="com.juaracoding.testng2.KasirTest" time="0.0"/>
  <testcase name="testCheckout" classname="com.juaracoding.testng2.KasirTest" time="0.0"/>
  <testcase name="testCheckout" classname="com.juaracoding.testng2.KasirTest" time="0.0"/>
  <testcase name="testCheckout" classname="com.juaracoding.testng2.KasirTest" time="0.0"/>
  <testcase name="testCheckout" classname="com.juaracoding.testng2.KasirTest" time="0.0"/>
  <testcase name="testCheckout" classname="com.juaracoding.testng2.KasirTest" time="0.0"/>
  <testcase name="testCheckout" classname="com.juaracoding.testng2.KasirTest" time="0.0"/>
  <testcase name="testCheckout" classname="com.juaracoding.testng2.KasirTest" time="0.0"/>
  <testcase name="testCheckout" classname="com.juaracoding.testng2.KasirTest" time="0.0"/>
  <testcase name="testCheckout" classname="com.juaracoding.testng2.KasirTest" time="0.0"/>
  <testcase name="testCheckout" classname="com.juaracoding.testng2.KasirTest" time="0.0"/>
  <testcase name="testCheckout" classname="com.juaracoding.testng2.KasirTest" time="0.0"/>
  <testcase name="testCheckout" classname="com.juaracoding.testng2.KasirTest" time="0.0"/>
  <testcase name="testCheckout" classname="com.juaracoding.testng2.KasirTest" time="0.0"/>
  <testcase name="testCheckout" classname="com.juaracoding.testng2.KasirTest" time="0.0"/>
  <testcase name="testCheckout" classname="com.juaracoding.testng2.KasirTest" time="0.0"/>
  <testcase name="testCheckout" classname="com.juaracoding.testng2.KasirTest" time="0.0"/>
  <testcase name="testCheckout" classname="com.juaracoding.testng2.KasirTest" time="0.0"/>
  <testcase name="testCheckout" classname="com.juaracoding.testng2.KasirTest" time="0.0"/>
  <testcase name="testCheckout" classname="com.juaracoding.testng2.KasirTest" time="0.0"/>
  <testcase name="testCheckout" classname="com.juaracoding.testng2.KasirTest" time="0.0"/>
  <testcase name="testCheckout" classname="com.juaracoding.testng2.KasirTest" time="0.0"/>
  <testcase name="testCheckout" classname="com.juaracoding.testng2.KasirTest" time="0.0"/>
  <testcase name="testCheckout" classname="com.juaracoding.testng2.KasirTest" time="0.0"/>
  <testcase name="testCheckout" classname="com.juaracoding.testng2.KasirTest" time="0.0"/>
  <testcase name="testCheckout" classname="com.juaracoding.testng2.KasirTest" time="0.0"/>
  <testcase name="testCheckout" classname="com.juaracoding.testng2.KasirTest" time="0.0"/>
  <testcase name="testCheckout" classname="com.juaracoding.testng2.KasirTest" time="0.0"/>
  <testcase name="testCheckout" classname="com.juaracoding.testng2.KasirTest" time="0.0"/>
  <testcase name="testCheckout" classname="com.juaracoding.testng2.KasirTest" time="0.0"/>
  <testcase name="testCheckout" classname="com.juaracoding.testng2.KasirTest" time="0.0"/>
  <testcase name="testCheckout" classname="com.juaracoding.testng2.KasirTest" time="0.0"/>
  <testcase name="testCheckout" classname="com.juaracoding.testng2.KasirTest" time="0.002"/>
  <testcase name="testCheckout" classname="com.juaracoding.testng2.KasirTest" time="0.0"/>
  <testcase name="testCheckout" classname="com.juaracoding.testng2.KasirTest" time="0.0"/>
  <testcase name="testCheckout" classname="com.juaracoding.testng2.KasirTest" time="0.0"/>
  <testcase name="testCheckout" classname="com.juaracoding.testng2.KasirTest" time="0.0"/>
  <testcase name="testCheckout" classname="com.juaracoding.testng2.KasirTest" time="0.0"/>
  <testcase name="testCheckout" classname="com.juaracoding.testng2.KasirTest" time="0.0"/>
  <testcase name="testCheckout" classname="com.juaracoding.testng2.KasirTest" time="0.0"/>
  <testcase name="testCheckout" classname="com.juaracoding.testng2.KasirTest" time="0.0"/>
  <testcase name="testCheckout" classname="com.juaracoding.testng2.KasirTest" time="0.0"/>
  <testcase name="testCheckout" classname="com.juaracoding.testng2.KasirTest" time="0.0"/>
  <testcase name="testCheckout" classname="com.juaracoding.testng2.KasirTest" time="0.0"/>
  <testcase name="testCheckout" classname="com.juaracoding.testng2.KasirTest" time="0.0"/>
  <testcase name="testCheckout" classname="com.juaracoding.testng2.KasirTest" time="0.0"/>
  <testcase name="testCheckout" classname="com.juaracoding.testng2.KasirTest" time="0.0"/>
  <testcase name="testCheckout" classname="com.juaracoding.testng2.KasirTest" time="0.022"/>
  <testcase name="testCheckout" classname="com.juaracoding.testng2.KasirTest" time="0.0"/>
  <testcase name="testCheckout" classname="com.juaracoding.testng2.KasirTest" time="0.0"/>
  <testcase name="testCheckout" classname="com.juaracoding.testng2.KasirTest" time="0.0"/>
  <testcase name="testCheckout" classname="com.juaracoding.testng2.KasirTest" time="0.0"/>
  <testcase name="testCheckout" classname="com.juaracoding.testng2.KasirTest" time="0.0"/>
  <testcase name="testCheckout" classname="com.juaracoding.testng2.KasirTest" time="0.0"/>
  <testcase name="testCheckout" classname="com.juaracoding.testng2.KasirTest" time="0.0"/>
  <testcase name="testCheckout" classname="com.juaracoding.testng2.KasirTest" time="0.0"/>
  <testcase name="testCheckout" classname="com.juaracoding.testng2.KasirTest" time="0.0"/>
  <testcase name="testCheckout" classname="com.juaracoding.testng2.KasirTest" time="0.0"/>
  <testcase name="testCheckout" classname="com.juaracoding.testng2.KasirTest" time="0.0"/>
  <testcase name="testCheckout" classname="com.juaracoding.testng2.KasirTest" time="0.0"/>
  <testcase name="testCheckout" classname="com.juaracoding.testng2.KasirTest" time="0.0"/>
  <testcase name="testCheckout" classname="com.juaracoding.testng2.KasirTest" time="0.0"/>
  <testcase name="testCheckout" classname="com.juaracoding.testng2.KasirTest" time="0.0"/>
  <testcase name="testCheckout" classname="com.juaracoding.testng2.KasirTest" time="0.0"/>
  <testcase name="testCheckout" classname="com.juaracoding.testng2.KasirTest" time="0.0"/>
  <testcase name="testCheckout" classname="com.juaracoding.testng2.KasirTest" time="0.0"/>
  <testcase name="testCheckout" classname="com.juaracoding.testng2.KasirTest" time="0.0"/>
  <testcase name="testCheckout" classname="com.juaracoding.testng2.KasirTest" time="0.0"/>
  <testcase name="testCheckout" classname="com.juaracoding.testng2.KasirTest" time="0.0"/>
  <testcase name="testCheckout" classname="com.juaracoding.testng2.KasirTest" time="0.0"/>
  <testcase name="testCheckout" classname="com.juaracoding.testng2.KasirTest" time="0.0"/>
  <testcase name="testCheckout" classname="com.juaracoding.testng2.KasirTest" time="0.0"/>
  <testcase name="testCheckout" classname="com.juaracoding.testng2.KasirTest" time="0.0"/>
  <testcase name="testCheckout" classname="com.juaracoding.testng2.KasirTest" time="0.0"/>
  <testcase name="testCheckout" classname="com.juaracoding.testng2.KasirTest" time="0.0"/>
  <testcase name="testCheckout" classname="com.juaracoding.testng2.KasirTest" time="0.0"/>
  <testcase name="testCheckout" classname="com.juaracoding.testng2.KasirTest" time="0.0"/>
  <testcase name="testCheckout" classname="com.juaracoding.testng2.KasirTest" time="0.0"/>
  <testcase name="testCheckout" classname="com.juaracoding.testng2.KasirTest" time="0.0"/>
  <testcase name="testCheckout" classname="com.juaracoding.testng2.KasirTest" time="0.0"/>
  <testcase name="testCheckout" classname="com.juaracoding.testng2.KasirTest" time="0.0"/>
  <testcase name="testCheckout" classname="com.juaracoding.testng2.KasirTest" time="0.0"/>
  <testcase name="testCheckout" classname="com.juaracoding.testng2.KasirTest" time="0.0"/>
  <testcase name="testCheckout" classname="com.juaracoding.testng2.KasirTest" time="0.0"/>
  <testcase name="testCheckout" classname="com.juaracoding.testng2.KasirTest" time="0.0"/>
  <testcase name="testCheckout" classname="com.juaracoding.testng2.KasirTest" time="0.0"/>
  <testcase name="testCheckout" classname="com.juaracoding.testng2.KasirTest" time="0.0"/>
  <testcase name="testCheckout" classname="com.juaracoding.testng2.KasirTest" time="0.0"/>
  <testcase name="testCheckout" classname="com.juaracoding.testng2.KasirTest" time="0.0"/>
  <testcase name="testCheckout" classname="com.juaracoding.testng2.KasirTest" time="0.0"/>
  <testcase name="testCheckout" classname="com.juaracoding.testng2.KasirTest" time="0.0"/>
  <testcase name="testCheckout" classname="com.juaracoding.testng2.KasirTest" time="0.0"/>
  <testcase name="testCheckout" classname="com.juaracoding.testng2.KasirTest" time="0.0"/>
  <testcase name="testCheckout" classname="com.juaracoding.testng2.KasirTest" time="0.0"/>
  <testcase name="testCheckout" classname="com.juaracoding.testng2.KasirTest" time="0.0"/>
  <testcase name="testCheckout" classname="com.juaracoding.testng2.KasirTest" time="0.0"/>
  <testcase name="testCheckout" classname="com.juaracoding.testng2.KasirTest" time="0.0"/>
  <testcase name="testCheckout" classname="com.juaracoding.testng2.KasirTest" time="0.0"/>
  <testcase name="testCheckout" classname="com.juaracoding.testng2.KasirTest" time="0.0"/>
  <testcase name="testCheckout" classname="com.juaracoding.testng2.KasirTest" time="0.0"/>
  <testcase name="testCheckout" classname="com.juaracoding.testng2.KasirTest" time="0.0"/>
  <testcase name="testCheckout" classname="com.juaracoding.testng2.KasirTest" time="0.0"/>
  <testcase name="testCheckout" classname="com.juaracoding.testng2.KasirTest" time="0.0"/>
  <testcase name="testCheckout" classname="com.juaracoding.testng2.KasirTest" time="0.0"/>
  <testcase name="testCheckout" classname="com.juaracoding.testng2.KasirTest" time="0.0"/>
  <testcase name="testCheckout" classname="com.juaracoding.testng2.KasirTest" time="0.0"/>
  <testcase name="testCheckout" classname="com.juaracoding.testng2.KasirTest" time="0.0"/>
  <testcase name="testCheckout" classname="com.juaracoding.testng2.KasirTest" time="0.0"/>
  <testcase name="testCheckout" classname="com.juaracoding.testng2.KasirTest" time="0.0"/>
  <testcase name="testCheckout" classname="com.juaracoding.testng2.KasirTest" time="0.0"/>
  <testcase name="testCheckout" classname="com.juaracoding.testng2.KasirTest" time="0.0"/>
  <testcase name="testCheckout" classname="com.juaracoding.testng2.KasirTest" time="0.0"/>
  <testcase name="testCheckout" classname="com.juaracoding.testng2.KasirTest" time="0.0"/>
  <testcase name="testCheckout" classname="com.juaracoding.testng2.KasirTest" time="0.0"/>
  <testcase name="testCheckout" classname="com.juaracoding.testng2.KasirTest" time="0.0"/>
  <testcase name="testCheckout" classname="com.juaracoding.testng2.KasirTest" time="0.0"/>
  <testcase name="testCheckout" classname="com.juaracoding.testng2.KasirTest" time="0.0"/>
  <testcase name="testCheckout" classname="com.juaracoding.testng2.KasirTest" time="0.0"/>
  <testcase name="testCheckout" classname="com.juaracoding.testng2.KasirTest" time="0.0"/>
  <testcase name="testCheckout" classname="com.juaracoding.testng2.KasirTest" time="0.0"/>
  <testcase name="testCheckout" classname="com.juaracoding.testng2.KasirTest" time="0.0"/>
  <testcase name="testCheckout" classname="com.juaracoding.testng2.KasirTest" time="0.0"/>
  <testcase name="testCheckout" classname="com.juaracoding.testng2.KasirTest" time="0.0"/>
  <testcase name="testCheckout" classname="com.juaracoding.testng2.KasirTest" time="0.0"/>
  <testcase name="testCheckout" classname="com.juaracoding.testng2.KasirTest" time="0.0"/>
  <testcase name="testCheckout" classname="com.juaracoding.testng2.KasirTest" time="0.0"/>
  <testcase name="testCheckout" classname="com.juaracoding.testng2.KasirTest" time="0.0"/>
  <testcase name="testCheckout" classname="com.juaracoding.testng2.KasirTest" time="0.0"/>
  <testcase name="testCheckout" classname="com.juaracoding.testng2.KasirTest" time="0.0"/>
  <testcase name="testCheckout" classname="com.juaracoding.testng2.KasirTest" time="0.0"/>
  <testcase name="testCheckout" classname="com.juaracoding.testng2.KasirTest" time="0.0"/>
  <testcase name="testCheckout" classname="com.juaracoding.testng2.KasirTest" time="0.0"/>
  <testcase name="testCheckout" classname="com.juaracoding.testng2.KasirTest" time="0.0"/>
  <testcase name="testCheckout" classname="com.juaracoding.testng2.KasirTest" time="0.0"/>
  <testcase name="testCheckout" classname="com.juaracoding.testng2.KasirTest" time="0.0"/>
  <testcase name="testCheckout" classname="com.juaracoding.testng2.KasirTest" time="0.0"/>
  <testcase name="testCheckout" classname="com.juaracoding.testng2.KasirTest" time="0.0"/>
  <testcase name="testCheckout" classname="com.juaracoding.testng2.KasirTest" time="0.0"/>
  <testcase name="testCheckout" classname="com.juaracoding.testng2.KasirTest" time="0.0"/>
  <testcase name="testCheckout" classname="com.juaracoding.testng2.KasirTest" time="0.0"/>
  <testcase name="testCheckout" classname="com.juaracoding.testng2.KasirTest" time="0.0"/>
  <testcase name="testCheckout" classname="com.juaracoding.testng2.KasirTest" time="0.0"/>
  <testcase name="testCheckout" classname="com.juaracoding.testng2.KasirTest" time="0.0"/>
  <testcase name="testCheckout" classname="com.juaracoding.testng2.KasirTest" time="0.0"/>
  <testcase name="testCheckout" classname="com.juaracoding.testng2.KasirTest" time="0.0"/>
  <testcase name="testCheckout" classname="com.juaracoding.testng2.KasirTest" time="0.0"/>
  <testcase name="testCheckout" classname="com.juaracoding.testng2.KasirTest" time="0.0"/>
  <testcase name="testCheckout" classname="com.juaracoding.testng2.KasirTest" time="0.0"/>
  <testcase name="testCheckout" classname="com.juaracoding.testng2.KasirTest" time="0.0"/>
  <testcase name="testCheckout" classname="com.juaracoding.testng2.KasirTest" time="0.0"/>
  <testcase name="testCheckout" classname="com.juaracoding.testng2.KasirTest" time="0.0"/>
  <testcase name="testCheckout" classname="com.juaracoding.testng2.KasirTest" time="0.0"/>
  <testcase name="testCheckout" classname="com.juaracoding.testng2.KasirTest" time="0.0"/>
  <testcase name="testCheckout" classname="com.juaracoding.testng2.KasirTest" time="0.0"/>
  <testcase name="testCheckout" classname="com.juaracoding.testng2.KasirTest" time="0.0"/>
  <testcase name="testCheckout" classname="com.juaracoding.testng2.KasirTest" time="0.0"/>
  <testcase name="testCheckout" classname="com.juaracoding.testng2.KasirTest" time="0.0"/>
  <testcase name="testCheckout" classname="com.juaracoding.testng2.KasirTest" time="0.0"/>
  <testcase name="testCheckout" classname="com.juaracoding.testng2.KasirTest" time="0.0"/>
  <testcase name="testCheckout" classname="com.juaracoding.testng2.KasirTest" time="0.0"/>
  <testcase name="testCheckout" classname="com.juaracoding.testng2.KasirTest" time="0.0"/>
  <testcase name="testCheckout" classname="com.juaracoding.testng2.KasirTest" time="0.0"/>
  <testcase name="testCheckout" classname="com.juaracoding.testng2.KasirTest" time="0.0"/>
  <testcase name="testCheckout" classname="com.juaracoding.testng2.KasirTest" time="0.0"/>
  <testcase name="testCheckout" classname="com.juaracoding.testng2.KasirTest" time="0.0"/>
  <testcase name="testCheckout" classname="com.juaracoding.testng2.KasirTest" time="0.0"/>
  <testcase name="testCheckout" classname="com.juaracoding.testng2.KasirTest" time="0.0"/>
  <testcase name="testCheckout" classname="com.juaracoding.testng2.KasirTest" time="0.0"/>
  <testcase name="testCheckout" classname="com.juaracoding.testng2.KasirTest" time="0.0"/>
  <testcase name="testCheckout" classname="com.juaracoding.testng2.KasirTest" time="0.0"/>
  <testcase name="testCheckout" classname="com.juaracoding.testng2.KasirTest" time="0.0"/>
  <testcase name="testCheckout" classname="com.juaracoding.testng2.KasirTest" time="0.0"/>
  <testcase name="testCheckout" classname="com.juaracoding.testng2.KasirTest" time="0.0"/>
  <testcase name="testCheckout" classname="com.juaracoding.testng2.KasirTest" time="0.0"/>
  <testcase name="testCheckout" classname="com.juaracoding.testng2.KasirTest" time="0.0"/>
  <testcase name="testCheckout" classname="com.juaracoding.testng2.KasirTest" time="0.0"/>
  <testcase name="testCheckout" classname="com.juaracoding.testng2.KasirTest" time="0.0"/>
  <testcase name="testCheckout" classname="com.juaracoding.testng2.KasirTest" time="0.0"/>
  <testcase name="testCheckout" classname="com.juaracoding.testng2.KasirTest" time="0.0"/>
  <testcase name="testCheckout" classname="com.juaracoding.testng2.KasirTest" time="0.0"/>
  <testcase name="testCheckout" classname="com.juaracoding.testng2.KasirTest" time="0.0"/>
  <testcase name="testCheckout" classname="com.juaracoding.testng2.KasirTest" time="0.0"/>
  <testcase name="testCheckout" classname="com.juaracoding.testng2.KasirTest" time="0.0"/>
  <testcase name="testCheckout" classname="com.juaracoding.testng2.KasirTest" time="0.0"/>
  <testcase name="testCheckout" classname="com.juaracoding.testng2.KasirTest" time="0.0"/>
  <testcase name="testCheckout" classname="com.juaracoding.testng2.KasirTest" time="0.0"/>
  <testcase name="testCheckout" classname="com.juaracoding.testng2.KasirTest" time="0.0"/>
  <testcase name="testCheckout" classname="com.juaracoding.testng2.KasirTest" time="0.0"/>
  <testcase name="testCheckout" classname="com.juaracoding.testng2.KasirTest" time="0.0"/>
  <testcase name="testCheckout" classname="com.juaracoding.testng2.KasirTest" time="0.001"/>
  <testcase name="testCheckout" classname="com.juaracoding.testng2.KasirTest" time="0.0"/>
  <testcase name="testCheckout" classname="com.juaracoding.testng2.KasirTest" time="0.0"/>
  <testcase name="testCheckout" classname="com.juaracoding.testng2.KasirTest" time="0.0"/>
  <testcase name="testCheckout" classname="com.juaracoding.testng2.KasirTest" time="0.0"/>
  <testcase name="testCheckout" classname="com.juaracoding.testng2.KasirTest" time="0.0"/>
  <testcase name="testCheckout" classname="com.juaracoding.testng2.KasirTest" time="0.0"/>
  <testcase name="testCheckout" classname="com.juaracoding.testng2.KasirTest" time="0.0"/>
  <testcase name="testCheckout" classname="com.juaracoding.testng2.KasirTest" time="0.0"/>
  <testcase name="testCheckout" classname="com.juaracoding.testng2.KasirTest" time="0.0"/>
  <testcase name="testCheckout" classname="com.juaracoding.testng2.KasirTest" time="0.0"/>
  <testcase name="testCheckout" classname="com.juaracoding.testng2.KasirTest" time="0.0"/>
  <testcase name="testCheckout" classname="com.juaracoding.testng2.KasirTest" time="0.0"/>
  <testcase name="testCheckout" classname="com.juaracoding.testng2.KasirTest" time="0.0"/>
  <testcase name="testCheckout" classname="com.juaracoding.testng2.KasirTest" time="0.0"/>
  <testcase name="testCheckout" classname="com.juaracoding.testng2.KasirTest" time="0.0"/>
  <testcase name="testCheckout" classname="com.juaracoding.testng2.KasirTest" time="0.0"/>
  <testcase name="testCheckout" classname="com.juaracoding.testng2.KasirTest" time="0.0"/>
  <testcase name="testCheckout" classname="com.juaracoding.testng2.KasirTest" time="0.0"/>
  <testcase name="testCheckout" classname="com.juaracoding.testng2.KasirTest" time="0.0"/>
  <testcase name="testCheckout" classname="com.juaracoding.testng2.KasirTest" time="0.0"/>
  <testcase name="testCheckout" classname="com.juaracoding.testng2.KasirTest" time="0.0"/>
  <testcase name="testCheckout" classname="com.juaracoding.testng2.KasirTest" time="0.0"/>
  <testcase name="testCheckout" classname="com.juaracoding.testng2.KasirTest" time="0.0"/>
  <testcase name="testCheckout" classname="com.juaracoding.testng2.KasirTest" time="0.0"/>
  <testcase name="testCheckout" classname="com.juaracoding.testng2.KasirTest" time="0.0"/>
  <testcase name="testCheckout" classname="com.juaracoding.testng2.KasirTest" time="0.0"/>
  <testcase name="testCheckout" classname="com.juaracoding.testng2.KasirTest" time="0.0"/>
  <testcase name="testCheckout" classname="com.juaracoding.testng2.KasirTest" time="0.0"/>
  <testcase name="testCheckout" classname="com.juaracoding.testng2.KasirTest" time="0.0"/>
  <testcase name="testCheckout" classname="com.juaracoding.testng2.KasirTest" time="0.0"/>
  <testcase name="testCheckout" classname="com.juaracoding.testng2.KasirTest" time="0.0"/>
  <testcase name="testCheckout" classname="com.juaracoding.testng2.KasirTest" time="0.0"/>
  <testcase name="testCheckout" classname="com.juaracoding.testng2.KasirTest" time="0.0"/>
  <testcase name="testCheckout" classname="com.juaracoding.testng2.KasirTest" time="0.0"/>
  <testcase name="testCheckout" classname="com.juaracoding.testng2.KasirTest" time="0.0"/>
  <testcase name="testCheckout" classname="com.juaracoding.testng2.KasirTest" time="0.0"/>
  <testcase name="testCheckout" classname="com.juaracoding.testng2.KasirTest" time="0.0"/>
  <testcase name="testCheckout" classname="com.juaracoding.testng2.KasirTest" time="0.001"/>
  <testcase name="testCheckout" classname="com.juaracoding.testng2.KasirTest" time="0.0"/>
  <testcase name="testCheckout" classname="com.juaracoding.testng2.KasirTest" time="0.0"/>
  <testcase name="testCheckout" classname="com.juaracoding.testng2.KasirTest" time="0.0"/>
  <testcase name="testCheckout" classname="com.juaracoding.testng2.KasirTest" time="0.0"/>
  <testcase name="testCheckout" classname="com.juaracoding.testng2.KasirTest" time="0.0"/>
  <testcase name="testCheckout" classname="com.juaracoding.testng2.KasirTest" time="0.0"/>
  <testcase name="testCheckout" classname="com.juaracoding.testng2.KasirTest" time="0.0"/>
  <testcase name="testCheckout" classname="com.juaracoding.testng2.KasirTest" time="0.0"/>
  <testcase name="testCheckout" classname="com.juaracoding.testng2.KasirTest" time="0.0"/>
  <testcase name="testCheckout" classname="com.juaracoding.testng2.KasirTest" time="0.0"/>
  <testcase name="testCheckout" classname="com.juaracoding.testng2.KasirTest" time="0.0"/>
  <testcase name="testCheckout" classname="com.juaracoding.testng2.KasirTest" time="0.0"/>
  <testcase name="testCheckout" classname="com.juaracoding.testng2.KasirTest" time="0.0"/>
  <testcase name="testCheckout" classname="com.juaracoding.testng2.KasirTest" time="0.0"/>
  <testcase name="testCheckout" classname="com.juaracoding.testng2.KasirTest" time="0.0"/>
  <testcase name="testCheckout" classname="com.juaracoding.testng2.KasirTest" time="0.0"/>
  <testcase name="testCheckout" classname="com.juaracoding.testng2.KasirTest" time="0.0"/>
  <testcase name="testCheckout" classname="com.juaracoding.testng2.KasirTest" time="0.0"/>
  <testcase name="testCheckout" classname="com.juaracoding.testng2.KasirTest" time="0.0"/>
  <testcase name="testCheckout" classname="com.juaracoding.testng2.KasirTest" time="0.0"/>
  <testcase name="testCheckout" classname="com.juaracoding.testng2.KasirTest" time="0.0"/>
  <testcase name="testCheckout" classname="com.juaracoding.testng2.KasirTest" time="0.0"/>
  <testcase name="testCheckout" classname="com.juaracoding.testng2.KasirTest" time="0.0"/>
  <testcase name="testCheckout" classname="com.juaracoding.testng2.KasirTest" time="0.0"/>
  <testcase name="testCheckout" classname="com.juaracoding.testng2.KasirTest" time="0.0"/>
  <testcase name="testCheckout" classname="com.juaracoding.testng2.KasirTest" time="0.0"/>
  <testcase name="testCheckout" classname="com.juaracoding.testng2.KasirTest" time="0.0"/>
  <testcase name="testCheckout" classname="com.juaracoding.testng2.KasirTest" time="0.0"/>
  <testcase name="testCheckout" classname="com.juaracoding.testng2.KasirTest" time="0.0"/>
  <testcase name="testCheckout" classname="com.juaracoding.testng2.KasirTest" time="0.0"/>
  <testcase name="testCheckout" classname="com.juaracoding.testng2.KasirTest" time="0.0"/>
  <testcase name="testCheckout" classname="com.juaracoding.testng2.KasirTest" time="0.0"/>
  <testcase name="testCheckout" classname="com.juaracoding.testng2.KasirTest" time="0.0"/>
  <testcase name="testCheckout" classname="com.juaracoding.testng2.KasirTest" time="0.0"/>
  <testcase name="testCheckout" classname="com.juaracoding.testng2.KasirTest" time="0.0"/>
  <testcase name="testCheckout" classname="com.juaracoding.testng2.KasirTest" time="0.0"/>
  <testcase name="testCheckout" classname="com.juaracoding.testng2.KasirTest" time="0.0"/>
  <testcase name="testCheckout" classname="com.juaracoding.testng2.KasirTest" time="0.0"/>
  <testcase name="testCheckout" classname="com.juaracoding.testng2.KasirTest" time="0.0"/>
  <testcase name="testCheckout" classname="com.juaracoding.testng2.KasirTest" time="0.0"/>
  <testcase name="testCheckout" classname="com.juaracoding.testng2.KasirTest" time="0.0"/>
  <testcase name="testCheckout" classname="com.juaracoding.testng2.KasirTest" time="0.0"/>
  <testcase name="testCheckout" classname="com.juaracoding.testng2.KasirTest" time="0.0"/>
  <testcase name="testCheckout" classname="com.juaracoding.testng2.KasirTest" time="0.0"/>
  <testcase name="testCheckout" classname="com.juaracoding.testng2.KasirTest" time="0.0"/>
  <testcase name="testCheckout" classname="com.juaracoding.testng2.KasirTest" time="0.0"/>
  <testcase name="testCheckout" classname="com.juaracoding.testng2.KasirTest" time="0.0"/>
  <testcase name="testCheckout" classname="com.juaracoding.testng2.KasirTest" time="0.0"/>
  <testcase name="testCheckout" classname="com.juaracoding.testng2.KasirTest" time="0.0"/>
  <testcase name="testCheckout" classname="com.juaracoding.testng2.KasirTest" time="0.0"/>
  <testcase name="testCheckout" classname="com.juaracoding.testng2.KasirTest" time="0.0"/>
  <testcase name="testCheckout" classname="com.juaracoding.testng2.KasirTest" time="0.0"/>
  <testcase name="testCheckout" classname="com.juaracoding.testng2.KasirTest" time="0.0"/>
  <testcase name="testCheckout" classname="com.juaracoding.testng2.KasirTest" time="0.0"/>
  <testcase name="testCheckout" classname="com.juaracoding.testng2.KasirTest" time="0.0"/>
  <testcase name="testCheckout" classname="com.juaracoding.testng2.KasirTest" time="0.0"/>
  <testcase name="testCheckout" classname="com.juaracoding.testng2.KasirTest" time="0.0"/>
  <testcase name="testCheckout" classname="com.juaracoding.testng2.KasirTest" time="0.0"/>
  <testcase name="testCheckout" classname="com.juaracoding.testng2.KasirTest" time="0.0"/>
  <testcase name="testCheckout" classname="com.juaracoding.testng2.KasirTest" time="0.0"/>
  <testcase name="testCheckout" classname="com.juaracoding.testng2.KasirTest" time="0.0"/>
  <testcase name="testCheckout" classname="com.juaracoding.testng2.KasirTest" time="0.0"/>
  <testcase name="testCheckout" classname="com.juaracoding.testng2.KasirTest" time="0.0"/>
  <testcase name="testCheckout" classname="com.juaracoding.testng2.KasirTest" time="0.0"/>
  <testcase name="testCheckout" classname="com.juaracoding.testng2.KasirTest" time="0.0"/>
  <testcase name="testCheckout" classname="com.juaracoding.testng2.KasirTest" time="0.0"/>
  <testcase name="testCheckout" classname="com.juaracoding.testng2.KasirTest" time="0.0"/>
  <testcase name="testCheckout" classname="com.juaracoding.testng2.KasirTest" time="0.0"/>
  <testcase name="testCheckout" classname="com.juaracoding.testng2.KasirTest" time="0.0"/>
  <testcase name="testCheckout" classname="com.juaracoding.testng2.KasirTest" time="0.0"/>
  <testcase name="testCheckout" classname="com.juaracoding.testng2.KasirTest" time="0.0"/>
  <testcase name="testCheckout" classname="com.juaracoding.testng2.KasirTest" time="0.0"/>
  <testcase name="testCheckout" classname="com.juaracoding.testng2.KasirTest" time="0.0"/>
  <testcase name="testCheckout" classname="com.juaracoding.testng2.KasirTest" time="0.0"/>
  <testcase name="testCheckout" classname="com.juaracoding.testng2.KasirTest" time="0.0"/>
  <testcase name="testCheckout" classname="com.juaracoding.testng2.KasirTest" time="0.0"/>
  <testcase name="testCheckout" classname="com.juaracoding.testng2.KasirTest" time="0.0"/>
  <testcase name="testCheckout" classname="com.juaracoding.testng2.KasirTest" time="0.0"/>
  <testcase name="testCheckout" classname="com.juaracoding.testng2.KasirTest" time="0.019"/>
  <testcase name="testCheckout" classname="com.juaracoding.testng2.KasirTest" time="0.0"/>
  <testcase name="testCheckout" classname="com.juaracoding.testng2.KasirTest" time="0.0"/>
  <testcase name="testCheckout" classname="com.juaracoding.testng2.KasirTest" time="0.0"/>
  <testcase name="testCheckout" classname="com.juaracoding.testng2.KasirTest" time="0.0"/>
  <testcase name="testCheckout" classname="com.juaracoding.testng2.KasirTest" time="0.0"/>
  <testcase name="testCheckout" classname="com.juaracoding.testng2.KasirTest" time="0.0"/>
  <testcase name="testCheckout" classname="com.juaracoding.testng2.KasirTest" time="0.0"/>
  <testcase name="testCheckout" classname="com.juaracoding.testng2.KasirTest" time="0.0"/>
  <testcase name="testCheckout" classname="com.juaracoding.testng2.KasirTest" time="0.0"/>
  <testcase name="testCheckout" classname="com.juaracoding.testng2.KasirTest" time="0.0"/>
  <testcase name="testCheckout" classname="com.juaracoding.testng2.KasirTest" time="0.0"/>
  <testcase name="testCheckout" classname="com.juaracoding.testng2.KasirTest" time="0.0"/>
  <testcase name="testCheckout" classname="com.juaracoding.testng2.KasirTest" time="0.0"/>
  <testcase name="testCheckout" classname="com.juaracoding.testng2.KasirTest" time="0.0"/>
  <testcase name="testCheckout" classname="com.juaracoding.testng2.KasirTest" time="0.0"/>
  <testcase name="testCheckout" classname="com.juaracoding.testng2.KasirTest" time="0.0"/>
  <testcase name="testCheckout" classname="com.juaracoding.testng2.KasirTest" time="0.0"/>
  <testcase name="testCheckout" classname="com.juaracoding.testng2.KasirTest" time="0.0"/>
  <testcase name="testCheckout" classname="com.juaracoding.testng2.KasirTest" time="0.0"/>
  <testcase name="testCheckout" classname="com.juaracoding.testng2.KasirTest" time="0.0"/>
  <testcase name="testCheckout" classname="com.juaracoding.testng2.KasirTest" time="0.0"/>
  <testcase name="testCheckout" classname="com.juaracoding.testng2.KasirTest" time="0.0"/>
  <testcase name="testCheckout" classname="com.juaracoding.testng2.KasirTest" time="0.0"/>
  <testcase name="testCheckout" classname="com.juaracoding.testng2.KasirTest" time="0.0"/>
  <testcase name="testCheckout" classname="com.juaracoding.testng2.KasirTest" time="0.0"/>
  <testcase name="testCheckout" classname="com.juaracoding.testng2.KasirTest" time="0.0"/>
  <testcase name="testCheckout" classname="com.juaracoding.testng2.KasirTest" time="0.0"/>
  <testcase name="testCheckout" classname="com.juaracoding.testng2.KasirTest" time="0.0"/>
  <testcase name="testCheckout" classname="com.juaracoding.testng2.KasirTest" time="0.0"/>
  <testcase name="testCheckout" classname="com.juaracoding.testng2.KasirTest" time="0.0"/>
  <testcase name="testCheckout" classname="com.juaracoding.testng2.KasirTest" time="0.0"/>
  <testcase name="testCheckout" classname="com.juaracoding.testng2.KasirTest" time="0.0"/>
  <testcase name="testCheckout" classname="com.juaracoding.testng2.KasirTest" time="0.0"/>
  <testcase name="testCheckout" classname="com.juaracoding.testng2.KasirTest" time="0.0"/>
  <testcase name="testCheckout" classname="com.juaracoding.testng2.KasirTest" time="0.0"/>
  <testcase name="testCheckout" classname="com.juaracoding.testng2.KasirTest" time="0.0"/>
  <testcase name="testCheckout" classname="com.juaracoding.testng2.KasirTest" time="0.0"/>
  <testcase name="testCheckout" classname="com.juaracoding.testng2.KasirTest" time="0.0"/>
  <testcase name="testCheckout" classname="com.juaracoding.testng2.KasirTest" time="0.0"/>
  <testcase name="testCheckout" classname="com.juaracoding.testng2.KasirTest" time="0.0"/>
  <testcase name="testCheckout" classname="com.juaracoding.testng2.KasirTest" time="0.0"/>
  <testcase name="testCheckout" classname="com.juaracoding.testng2.KasirTest" time="0.0"/>
  <testcase name="testCheckout" classname="com.juaracoding.testng2.KasirTest" time="0.0"/>
  <testcase name="testCheckout" classname="com.juaracoding.testng2.KasirTest" time="0.0"/>
  <testcase name="testCheckout" classname="com.juaracoding.testng2.KasirTest" time="0.0"/>
  <testcase name="testCheckout" classname="com.juaracoding.testng2.KasirTest" time="0.0"/>
  <testcase name="testCheckout" classname="com.juaracoding.testng2.KasirTest" time="0.0"/>
  <testcase name="testCheckout" classname="com.juaracoding.testng2.KasirTest" time="0.0"/>
  <testcase name="testCheckout" classname="com.juaracoding.testng2.KasirTest" time="0.0"/>
  <testcase name="testCheckout" classname="com.juaracoding.testng2.KasirTest" time="0.0"/>
  <testcase name="testCheckout" classname="com.juaracoding.testng2.KasirTest" time="0.0"/>
  <testcase name="testCheckout" classname="com.juaracoding.testng2.KasirTest" time="0.0"/>
  <testcase name="testCheckout" classname="com.juaracoding.testng2.KasirTest" time="0.0"/>
  <testcase name="testCheckout" classname="com.juaracoding.testng2.KasirTest" time="0.0"/>
  <testcase name="testCheckout" classname="com.juaracoding.testng2.KasirTest" time="0.0"/>
  <testcase name="testCheckout" classname="com.juaracoding.testng2.KasirTest" time="0.0"/>
  <testcase name="testCheckout" classname="com.juaracoding.testng2.KasirTest" time="0.0"/>
  <testcase name="testCheckout" classname="com.juaracoding.testng2.KasirTest" time="0.0"/>
  <testcase name="testCheckout" classname="com.juaracoding.testng2.KasirTest" time="0.0"/>
  <testcase name="testCheckout" classname="com.juaracoding.testng2.KasirTest" time="0.0"/>
  <testcase name="testCheckout" classname="com.juaracoding.testng2.KasirTest" time="0.0"/>
  <testcase name="testCheckout" classname="com.juaracoding.testng2.KasirTest" time="0.0"/>
  <testcase name="testCheckout" classname="com.juaracoding.testng2.KasirTest" time="0.0"/>
  <testcase name="testCheckout" classname="com.juaracoding.testng2.KasirTest" time="0.0"/>
  <testcase name="testCheckout" classname="com.juaracoding.testng2.KasirTest" time="0.0"/>
  <testcase name="testCheckout" classname="com.juaracoding.testng2.KasirTest" time="0.0"/>
  <testcase name="testCheckout" classname="com.juaracoding.testng2.KasirTest" time="0.0"/>
  <testcase name="testCheckout" classname="com.juaracoding.testng2.KasirTest" time="0.0"/>
  <testcase name="testCheckout" classname="com.juaracoding.testng2.KasirTest" time="0.0"/>
  <testcase name="testCheckout" classname="com.juaracoding.testng2.KasirTest" time="0.0"/>
  <testcase name="testCheckout" classname="com.juaracoding.testng2.KasirTest" time="0.0"/>
  <testcase name="testCheckout" classname="com.juaracoding.testng2.KasirTest" time="0.0"/>
  <testcase name="testCheckout" classname="com.juaracoding.testng2.KasirTest" time="0.0"/>
  <testcase name="testCheckout" classname="com.juaracoding.testng2.KasirTest" time="0.0"/>
  <testcase name="testCheckout" classname="com.juaracoding.testng2.KasirTest" time="0.0"/>
  <testcase name="testCheckout" classname="com.juaracoding.testng2.KasirTest" time="0.0"/>
  <testcase name="testCheckout" classname="com.juaracoding.testng2.KasirTest" time="0.0"/>
  <testcase name="testCheckout" classname="com.juaracoding.testng2.KasirTest" time="0.0"/>
  <testcase name="testCheckout" classname="com.juaracoding.testng2.KasirTest" time="0.0"/>
  <testcase name="testCheckout" classname="com.juaracoding.testng2.KasirTest" time="0.0"/>
  <testcase name="testCheckout" classname="com.juaracoding.testng2.KasirTest" time="0.0"/>
  <testcase name="testCheckout" classname="com.juaracoding.testng2.KasirTest" time="0.0"/>
  <testcase name="testCheckout" classname="com.juaracoding.testng2.KasirTest" time="0.0"/>
  <testcase name="testCheckout" classname="com.juaracoding.testng2.KasirTest" time="0.0"/>
  <testcase name="testCheckout" classname="com.juaracoding.testng2.KasirTest" time="0.0"/>
  <testcase name="testCheckout" classname="com.juaracoding.testng2.KasirTest" time="0.0"/>
  <testcase name="testCheckout" classname="com.juaracoding.testng2.KasirTest" time="0.0"/>
  <testcase name="testCheckout" classname="com.juaracoding.testng2.KasirTest" time="0.0"/>
  <testcase name="testCheckout" classname="com.juaracoding.testng2.KasirTest" time="0.0"/>
  <testcase name="testCheckout" classname="com.juaracoding.testng2.KasirTest" time="0.0"/>
  <testcase name="testCheckout" classname="com.juaracoding.testng2.KasirTest" time="0.0"/>
  <testcase name="testCheckout" classname="com.juaracoding.testng2.KasirTest" time="0.0"/>
  <testcase name="testCheckout" classname="com.juaracoding.testng2.KasirTest" time="0.0"/>
  <testcase name="testCheckout" classname="com.juaracoding.testng2.KasirTest" time="0.0"/>
  <testcase name="testCheckout" classname="com.juaracoding.testng2.KasirTest" time="0.0"/>
  <testcase name="testCheckout" classname="com.juaracoding.testng2.KasirTest" time="0.0"/>
  <testcase name="testCheckout" classname="com.juaracoding.testng2.KasirTest" time="0.0"/>
  <testcase name="testCheckout" classname="com.juaracoding.testng2.KasirTest" time="0.0"/>
  <testcase name="testCheckout" classname="com.juaracoding.testng2.KasirTest" time="0.0"/>
  <testcase name="testCheckout" classname="com.juaracoding.testng2.KasirTest" time="0.0"/>
  <testcase name="testCheckout" classname="com.juaracoding.testng2.KasirTest" time="0.0"/>
  <testcase name="testCheckout" classname="com.juaracoding.testng2.KasirTest" time="0.0"/>
  <testcase name="testCheckout" classname="com.juaracoding.testng2.KasirTest" time="0.0"/>
  <testcase name="testCheckout" classname="com.juaracoding.testng2.KasirTest" time="0.0"/>
  <testcase name="testCheckout" classname="com.juaracoding.testng2.KasirTest" time="0.0"/>
  <testcase name="testCheckout" classname="com.juaracoding.testng2.KasirTest" time="0.0"/>
  <testcase name="testCheckout" classname="com.juaracoding.testng2.KasirTest" time="0.0"/>
  <testcase name="testCheckout" classname="com.juaracoding.testng2.KasirTest" time="0.0"/>
  <testcase name="testCheckout" classname="com.juaracoding.testng2.KasirTest" time="0.0"/>
  <testcase name="testCheckout" classname="com.juaracoding.testng2.KasirTest" time="0.0"/>
  <testcase name="testCheckout" classname="com.juaracoding.testng2.KasirTest" time="0.0"/>
  <testcase name="testCheckout" classname="com.juaracoding.testng2.KasirTest" time="0.0"/>
  <testcase name="testCheckout" classname="com.juaracoding.testng2.KasirTest" time="0.0"/>
  <testcase name="testCheckout" classname="com.juaracoding.testng2.KasirTest" time="0.0"/>
  <testcase name="testCheckout" classname="com.juaracoding.testng2.KasirTest" time="0.0"/>
  <testcase name="testCheckout" classname="com.juaracoding.testng2.KasirTest" time="0.0"/>
  <testcase name="testCheckout" classname="com.juaracoding.testng2.KasirTest" time="0.0"/>
  <testcase name="testCheckout" classname="com.juaracoding.testng2.KasirTest" time="0.0"/>
  <testcase name="testCheckout" classname="com.juaracoding.testng2.KasirTest" time="0.0"/>
  <testcase name="testCheckout" classname="com.juaracoding.testng2.KasirTest" time="0.0"/>
  <testcase name="testCheckout" classname="com.juaracoding.testng2.KasirTest" time="0.0"/>
  <testcase name="testCheckout" classname="com.juaracoding.testng2.KasirTest" time="0.0"/>
  <testcase name="testCheckout" classname="com.juaracoding.testng2.KasirTest" time="0.0"/>
  <testcase name="testCheckout" classname="com.juaracoding.testng2.KasirTest" time="0.0"/>
  <testcase name="testCheckout" classname="com.juaracoding.testng2.KasirTest" time="0.0"/>
  <testcase name="testCheckout" classname="com.juaracoding.testng2.KasirTest" time="0.0"/>
  <testcase name="testCheckout" classname="com.juaracoding.testng2.KasirTest" time="0.0"/>
  <testcase name="testCheckout" classname="com.juaracoding.testng2.KasirTest" time="0.0"/>
  <testcase name="testCheckout" classname="com.juaracoding.testng2.KasirTest" time="0.0"/>
  <testcase name="testCheckout" classname="com.juaracoding.testng2.KasirTest" time="0.0"/>
  <testcase name="testCheckout" classname="com.juaracoding.testng2.KasirTest" time="0.0"/>
  <testcase name="testCheckout" classname="com.juaracoding.testng2.KasirTest" time="0.0"/>
  <testcase name="testCheckout" classname="com.juaracoding.testng2.KasirTest" time="0.0"/>
  <testcase name="testCheckout" classname="com.juaracoding.testng2.KasirTest" time="0.0"/>
  <testcase name="testCheckout" classname="com.juaracoding.testng2.KasirTest" time="0.0"/>
  <testcase name="testCheckout" classname="com.juaracoding.testng2.KasirTest" time="0.0"/>
  <testcase name="testCheckout" classname="com.juaracoding.testng2.KasirTest" time="0.0"/>
  <testcase name="testCheckout" classname="com.juaracoding.testng2.KasirTest" time="0.0"/>
  <testcase name="testCheckout" classname="com.juaracoding.testng2.KasirTest" time="0.0"/>
  <testcase name="testCheckout" classname="com.juaracoding.testng2.KasirTest" time="0.0"/>
  <testcase name="testCheckout" classname="com.juaracoding.testng2.KasirTest" time="0.0"/>
  <testcase name="testCheckout" classname="com.juaracoding.testng2.KasirTest" time="0.0"/>
  <testcase name="testCheckout" classname="com.juaracoding.testng2.KasirTest" time="0.0"/>
  <testcase name="testCheckout" classname="com.juaracoding.testng2.KasirTest" time="0.0"/>
  <testcase name="testCheckout" classname="com.juaracoding.testng2.KasirTest" time="0.0"/>
  <testcase name="testCheckout" classname="com.juaracoding.testng2.KasirTest" time="0.0"/>
  <testcase name="testCheckout" classname="com.juaracoding.testng2.KasirTest" time="0.0"/>
  <testcase name="testCheckout" classname="com.juaracoding.testng2.KasirTest" time="0.0"/>
  <testcase name="testCheckout" classname="com.juaracoding.testng2.KasirTest" time="0.0"/>
  <testcase name="testCheckout" classname="com.juaracoding.testng2.KasirTest" time="0.0"/>
  <testcase name="testCheckout" classname="com.juaracoding.testng2.KasirTest" time="0.0"/>
  <testcase name="testCheckout" classname="com.juaracoding.testng2.KasirTest" time="0.0"/>
  <testcase name="testCheckout" classname="com.juaracoding.testng2.KasirTest" time="0.0"/>
  <testcase name="testCheckout" classname="com.juaracoding.testng2.KasirTest" time="0.0"/>
  <testcase name="testCheckout" classname="com.juaracoding.testng2.KasirTest" time="0.0"/>
  <testcase name="testCheckout" classname="com.juaracoding.testng2.KasirTest" time="0.0"/>
  <testcase name="testCheckout" classname="com.juaracoding.testng2.KasirTest" time="0.0"/>
  <testcase name="testCheckout" classname="com.juaracoding.testng2.KasirTest" time="0.0"/>
  <testcase name="testCheckout" classname="com.juaracoding.testng2.KasirTest" time="0.0"/>
  <testcase name="testCheckout" classname="com.juaracoding.testng2.KasirTest" time="0.0"/>
  <testcase name="testCheckout" classname="com.juaracoding.testng2.KasirTest" time="0.0"/>
  <testcase name="testCheckout" classname="com.juaracoding.testng2.KasirTest" time="0.0"/>
  <testcase name="testCheckout" classname="com.juaracoding.testng2.KasirTest" time="0.0"/>
  <testcase name="testCheckout" classname="com.juaracoding.testng2.KasirTest" time="0.0"/>
  <testcase name="testCheckout" classname="com.juaracoding.testng2.KasirTest" time="0.0"/>
  <testcase name="testCheckout" classname="com.juaracoding.testng2.KasirTest" time="0.0"/>
  <testcase name="testCheckout" classname="com.juaracoding.testng2.KasirTest" time="0.0"/>
  <testcase name="testCheckout" classname="com.juaracoding.testng2.KasirTest" time="0.0"/>
  <testcase name="testCheckout" classname="com.juaracoding.testng2.KasirTest" time="0.0"/>
  <testcase name="testCheckout" classname="com.juaracoding.testng2.KasirTest" time="0.0"/>
  <testcase name="testCheckout" classname="com.juaracoding.testng2.KasirTest" time="0.0"/>
  <testcase name="testCheckout" classname="com.juaracoding.testng2.KasirTest" time="0.0"/>
  <testcase name="testCheckout" classname="com.juaracoding.testng2.KasirTest" time="0.0"/>
  <testcase name="testCheckout" classname="com.juaracoding.testng2.KasirTest" time="0.0"/>
  <testcase name="testCheckout" classname="com.juaracoding.testng2.KasirTest" time="0.0"/>
  <testcase name="testCheckout" classname="com.juaracoding.testng2.KasirTest" time="0.0"/>
  <testcase name="testCheckout" classname="com.juaracoding.testng2.KasirTest" time="0.0"/>
  <testcase name="testCheckout" classname="com.juaracoding.testng2.KasirTest" time="0.0"/>
  <testcase name="testCheckout" classname="com.juaracoding.testng2.KasirTest" time="0.0"/>
  <testcase name="testCheckout" classname="com.juaracoding.testng2.KasirTest" time="0.0"/>
  <testcase name="testCheckout" classname="com.juaracoding.testng2.KasirTest" time="0.0"/>
  <testcase name="testCheckout" classname="com.juaracoding.testng2.KasirTest" time="0.0"/>
  <testcase name="testCheckout" classname="com.juaracoding.testng2.KasirTest" time="0.0"/>
  <testcase name="testCheckout" classname="com.juaracoding.testng2.KasirTest" time="0.0"/>
  <testcase name="testCheckout" classname="com.juaracoding.testng2.KasirTest" time="0.0"/>
  <testcase name="testCheckout" classname="com.juaracoding.testng2.KasirTest" time="0.0"/>
  <testcase name="testCheckout" classname="com.juaracoding.testng2.KasirTest" time="0.0"/>
  <testcase name="testCheckout" classname="com.juaracoding.testng2.KasirTest" time="0.0"/>
  <testcase name="testCheckout" classname="com.juaracoding.testng2.KasirTest" time="0.0"/>
  <testcase name="testCheckout" classname="com.juaracoding.testng2.KasirTest" time="0.0"/>
  <testcase name="testCheckout" classname="com.juaracoding.testng2.KasirTest" time="0.0"/>
  <testcase name="testCheckout" classname="com.juaracoding.testng2.KasirTest" time="0.0"/>
  <testcase name="testCheckout" classname="com.juaracoding.testng2.KasirTest" time="0.0"/>
  <testcase name="testCheckout" classname="com.juaracoding.testng2.KasirTest" time="0.001"/>
  <testcase name="testCheckout" classname="com.juaracoding.testng2.KasirTest" time="0.0"/>
  <testcase name="testCheckout" classname="com.juaracoding.testng2.KasirTest" time="0.0"/>
  <testcase name="testCheckout" classname="com.juaracoding.testng2.KasirTest" time="0.0"/>
  <testcase name="testCheckout" classname="com.juaracoding.testng2.KasirTest" time="0.0"/>
  <testcase name="testCheckout" classname="com.juaracoding.testng2.KasirTest" time="0.0"/>
  <testcase name="testCheckout" classname="com.juaracoding.testng2.KasirTest" time="0.0"/>
  <testcase name="testCheckout" classname="com.juaracoding.testng2.KasirTest" time="0.0"/>
  <testcase name="testCheckout" classname="com.juaracoding.testng2.KasirTest" time="0.0"/>
  <testcase name="testCheckout" classname="com.juaracoding.testng2.KasirTest" time="0.0"/>
  <testcase name="testCheckout" classname="com.juaracoding.testng2.KasirTest" time="0.0"/>
  <testcase name="testCheckout" classname="com.juaracoding.testng2.KasirTest" time="0.0"/>
  <testcase name="testCheckout" classname="com.juaracoding.testng2.KasirTest" time="0.0"/>
  <testcase name="testCheckout" classname="com.juaracoding.testng2.KasirTest" time="0.0"/>
  <testcase name="testCheckout" classname="com.juaracoding.testng2.KasirTest" time="0.0"/>
  <testcase name="testCheckout" classname="com.juaracoding.testng2.KasirTest" time="0.0"/>
  <testcase name="testCheckout" classname="com.juaracoding.testng2.KasirTest" time="0.0"/>
  <testcase name="testCheckout" classname="com.juaracoding.testng2.KasirTest" time="0.0"/>
  <testcase name="testCheckout" classname="com.juaracoding.testng2.KasirTest" time="0.0"/>
  <testcase name="testCheckout" classname="com.juaracoding.testng2.KasirTest" time="0.0"/>
  <testcase name="testCheckout" classname="com.juaracoding.testng2.KasirTest" time="0.0"/>
  <testcase name="testCheckout" classname="com.juaracoding.testng2.KasirTest" time="0.0"/>
  <testcase name="testCheckout" classname="com.juaracoding.testng2.KasirTest" time="0.0"/>
  <testcase name="testCheckout" classname="com.juaracoding.testng2.KasirTest" time="0.0"/>
  <testcase name="testCheckout" classname="com.juaracoding.testng2.KasirTest" time="0.0"/>
  <testcase name="testCheckout" classname="com.juaracoding.testng2.KasirTest" time="0.0"/>
  <testcase name="testCheckout" classname="com.juaracoding.testng2.KasirTest" time="0.0"/>
  <testcase name="testCheckout" classname="com.juaracoding.testng2.KasirTest" time="0.0"/>
  <testcase name="testCheckout" classname="com.juaracoding.testng2.KasirTest" time="0.0"/>
  <testcase name="testCheckout" classname="com.juaracoding.testng2.KasirTest" time="0.0"/>
  <testcase name="testCheckout" classname="com.juaracoding.testng2.KasirTest" time="0.0"/>
  <testcase name="testCheckout" classname="com.juaracoding.testng2.KasirTest" time="0.0"/>
  <testcase name="testCheckout" classname="com.juaracoding.testng2.KasirTest" time="0.0"/>
  <testcase name="testCheckout" classname="com.juaracoding.testng2.KasirTest" time="0.0"/>
  <testcase name="testCheckout" classname="com.juaracoding.testng2.KasirTest" time="0.0"/>
  <testcase name="testCheckout" classname="com.juaracoding.testng2.KasirTest" time="0.0"/>
  <testcase name="testCheckout" classname="com.juaracoding.testng2.KasirTest" time="0.0"/>
  <testcase name="testCheckout" classname="com.juaracoding.testng2.KasirTest" time="0.0"/>
  <testcase name="testCheckout" classname="com.juaracoding.testng2.KasirTest" time="0.0"/>
  <testcase name="testCheckout" classname="com.juaracoding.testng2.KasirTest" time="0.0"/>
  <testcase name="testCheckout" classname="com.juaracoding.testng2.KasirTest" time="0.0"/>
  <testcase name="testCheckout" classname="com.juaracoding.testng2.KasirTest" time="0.0"/>
  <testcase name="testCheckout" classname="com.juaracoding.testng2.KasirTest" time="0.0"/>
  <testcase name="testCheckout" classname="com.juaracoding.testng2.KasirTest" time="0.0"/>
  <testcase name="testCheckout" classname="com.juaracoding.testng2.KasirTest" time="0.0"/>
  <testcase name="testCheckout" classname="com.juaracoding.testng2.KasirTest" time="0.0"/>
  <testcase name="testCheckout" classname="com.juaracoding.testng2.KasirTest" time="0.0"/>
  <testcase name="testCheckout" classname="com.juaracoding.testng2.KasirTest" time="0.0"/>
  <testcase name="testCheckout" classname="com.juaracoding.testng2.KasirTest" time="0.0"/>
  <testcase name="testCheckout" classname="com.juaracoding.testng2.KasirTest" time="0.0"/>
  <testcase name="testCheckout" classname="com.juaracoding.testng2.KasirTest" time="0.0"/>
  <testcase name="testCheckout" classname="com.juaracoding.testng2.KasirTest" time="0.0"/>
  <testcase name="testCheckout" classname="com.juaracoding.testng2.KasirTest" time="0.0"/>
  <testcase name="testCheckout" classname="com.juaracoding.testng2.KasirTest" time="0.0"/>
  <testcase name="testCheckout" classname="com.juaracoding.testng2.KasirTest" time="0.0"/>
  <testcase name="testCheckout" classname="com.juaracoding.testng2.KasirTest" time="0.0"/>
  <testcase name="testCheckout" classname="com.juaracoding.testng2.KasirTest" time="0.0"/>
  <testcase name="testCheckout" classname="com.juaracoding.testng2.KasirTest" time="0.0"/>
  <testcase name="testCheckout" classname="com.juaracoding.testng2.KasirTest" time="0.0"/>
  <testcase name="testCheckout" classname="com.juaracoding.testng2.KasirTest" time="0.0"/>
  <testcase name="testCheckout" classname="com.juaracoding.testng2.KasirTest" time="0.0"/>
  <testcase name="testCheckout" classname="com.juaracoding.testng2.KasirTest" time="0.0"/>
  <testcase name="testCheckout" classname="com.juaracoding.testng2.KasirTest" time="0.0"/>
  <testcase name="testCheckout" classname="com.juaracoding.testng2.KasirTest" time="0.0"/>
  <testcase name="testCheckout" classname="com.juaracoding.testng2.KasirTest" time="0.0"/>
  <testcase name="testCheckout" classname="com.juaracoding.testng2.KasirTest" time="0.0"/>
  <testcase name="testCheckout" classname="com.juaracoding.testng2.KasirTest" time="0.0"/>
  <testcase name="testCheckout" classname="com.juaracoding.testng2.KasirTest" time="0.0"/>
  <testcase name="testCheckout" classname="com.juaracoding.testng2.KasirTest" time="0.0"/>
  <testcase name="testCheckout" classname="com.juaracoding.testng2.KasirTest" time="0.0"/>
  <testcase name="testCheckout" classname="com.juaracoding.testng2.KasirTest" time="0.0"/>
  <testcase name="testCheckout" classname="com.juaracoding.testng2.KasirTest" time="0.0"/>
  <testcase name="testCheckout" classname="com.juaracoding.testng2.KasirTest" time="0.0"/>
  <testcase name="testCheckout" classname="com.juaracoding.testng2.KasirTest" time="0.0"/>
  <testcase name="testCheckout" classname="com.juaracoding.testng2.KasirTest" time="0.0"/>
  <testcase name="testCheckout" classname="com.juaracoding.testng2.KasirTest" time="0.0"/>
  <testcase name="testCheckout" classname="com.juaracoding.testng2.KasirTest" time="0.0"/>
  <testcase name="testCheckout" classname="com.juaracoding.testng2.KasirTest" time="0.0"/>
  <testcase name="testCheckout" classname="com.juaracoding.testng2.KasirTest" time="0.0"/>
  <testcase name="testCheckout" classname="com.juaracoding.testng2.KasirTest" time="0.0"/>
  <testcase name="testCheckout" classname="com.juaracoding.testng2.KasirTest" time="0.0"/>
  <testcase name="testCheckout" classname="com.juaracoding.testng2.KasirTest" time="0.0"/>
  <testcase name="testCheckout" classname="com.juaracoding.testng2.KasirTest" time="0.0"/>
  <testcase name="testCheckout" classname="com.juaracoding.testng2.KasirTest" time="0.0"/>
  <testcase name="testCheckout" classname="com.juaracoding.testng2.KasirTest" time="0.0"/>
  <testcase name="testCheckout" classname="com.juaracoding.testng2.KasirTest" time="0.0"/>
  <testcase name="testCheckout" classname="com.juaracoding.testng2.KasirTest" time="0.0"/>
  <testcase name="testCheckout" classname="com.juaracoding.testng2.KasirTest" time="0.0"/>
  <testcase name="testCheckout" classname="com.juaracoding.testng2.KasirTest" time="0.0"/>
  <testcase name="testCheckout" classname="com.juaracoding.testng2.KasirTest" time="0.0"/>
  <testcase name="testCheckout" classname="com.juaracoding.testng2.KasirTest" time="0.0"/>
  <testcase name="testCheckout" classname="com.juaracoding.testng2.KasirTest" time="0.0"/>
  <testcase name="testCheckout" classname="com.juaracoding.testng2.KasirTest" time="0.0"/>
  <testcase name="testCheckout" classname="com.juaracoding.testng2.KasirTest" time="0.0"/>
  <testcase name="testCheckout" classname="com.juaracoding.testng2.KasirTest" time="0.0"/>
  <testcase name="testCheckout" classname="com.juaracoding.testng2.KasirTest" time="0.0"/>
  <testcase name="testCheckout" classname="com.juaracoding.testng2.KasirTest" time="0.0"/>
  <testcase name="testCheckout" classname="com.juaracoding.testng2.KasirTest" time="0.0"/>
  <testcase name="testCheckout" classname="com.juaracoding.testng2.KasirTest" time="0.0"/>
  <testcase name="testCheckout" classname="com.juaracoding.testng2.KasirTest" time="0.0"/>
  <testcase name="testCheckout" classname="com.juaracoding.testng2.KasirTest" time="0.0"/>
  <testcase name="testCheckout" classname="com.juaracoding.testng2.KasirTest" time="0.0"/>
  <testcase name="testCheckout" classname="com.juaracoding.testng2.KasirTest" time="0.0"/>
  <testcase name="testCheckout" classname="com.juaracoding.testng2.KasirTest" time="0.0"/>
  <testcase name="testCheckout" classname="com.juaracoding.testng2.KasirTest" time="0.0"/>
  <testcase name="testCheckout" classname="com.juaracoding.testng2.KasirTest" time="0.0"/>
  <testcase name="testCheckout" classname="com.juaracoding.testng2.KasirTest" time="0.0"/>
  <testcase name="testCheckout" classname="com.juaracoding.testng2.KasirTest" time="0.0"/>
  <testcase name="testCheckout" classname="com.juaracoding.testng2.KasirTest" time="0.0"/>
  <testcase name="testCheckout" classname="com.juaracoding.testng2.KasirTest" time="0.0"/>
  <testcase name="testCheckout" classname="com.juaracoding.testng2.KasirTest" time="0.0"/>
  <testcase name="testCheckout" classname="com.juaracoding.testng2.KasirTest" time="0.0"/>
  <testcase name="testCheckout" classname="com.juaracoding.testng2.KasirTest" time="0.0"/>
  <testcase name="testCheckout" classname="com.juaracoding.testng2.KasirTest" time="0.0"/>
  <testcase name="testCheckout" classname="com.juaracoding.testng2.KasirTest" time="0.0"/>
  <testcase name="testCheckout" classname="com.juaracoding.testng2.KasirTest" time="0.0"/>
  <testcase name="testCheckout" classname="com.juaracoding.testng2.KasirTest" time="0.0"/>
  <testcase name="testCheckout" classname="com.juaracoding.testng2.KasirTest" time="0.0"/>
  <testcase name="testCheckout" classname="com.juaracoding.testng2.KasirTest" time="0.0"/>
  <testcase name="testCheckout" classname="com.juaracoding.testng2.KasirTest" time="0.0"/>
  <testcase name="testCheckout" classname="com.juaracoding.testng2.KasirTest" time="0.0"/>
  <testcase name="testCheckout" classname="com.juaracoding.testng2.KasirTest" time="0.0"/>
  <testcase name="testCheckout" classname="com.juaracoding.testng2.KasirTest" time="0.0"/>
  <testcase name="testCheckout" classname="com.juaracoding.testng2.KasirTest" time="0.0"/>
  <testcase name="testCheckout" classname="com.juaracoding.testng2.KasirTest" time="0.0"/>
  <testcase name="testCheckout" classname="com.juaracoding.testng2.KasirTest" time="0.0"/>
  <testcase name="testCheckout" classname="com.juaracoding.testng2.KasirTest" time="0.0"/>
  <testcase name="testCheckout" classname="com.juaracoding.testng2.KasirTest" time="0.0"/>
  <testcase name="testCheckout" classname="com.juaracoding.testng2.KasirTest" time="0.0"/>
  <testcase name="testCheckout" classname="com.juaracoding.testng2.KasirTest" time="0.0"/>
  <testcase name="testCheckout" classname="com.juaracoding.testng2.KasirTest" time="0.0"/>
  <testcase name="testCheckout" classname="com.juaracoding.testng2.KasirTest" time="0.0"/>
  <testcase name="testCheckout" classname="com.juaracoding.testng2.KasirTest" time="0.0"/>
  <testcase name="testCheckout" classname="com.juaracoding.testng2.KasirTest" time="0.0"/>
  <testcase name="testCheckout" classname="com.juaracoding.testng2.KasirTest" time="0.0"/>
  <testcase name="testCheckout" classname="com.juaracoding.testng2.KasirTest" time="0.0"/>
  <testcase name="testCheckout" classname="com.juaracoding.testng2.KasirTest" time="0.0"/>
  <testcase name="testCheckout" classname="com.juaracoding.testng2.KasirTest" time="0.0"/>
  <testcase name="testCheckout" classname="com.juaracoding.testng2.KasirTest" time="0.0"/>
  <testcase name="testCheckout" classname="com.juaracoding.testng2.KasirTest" time="0.0"/>
  <testcase name="testCheckout" classname="com.juaracoding.testng2.KasirTest" time="0.0"/>
  <testcase name="testCheckout" classname="com.juaracoding.testng2.KasirTest" time="0.0"/>
  <testcase name="testCheckout" classname="com.juaracoding.testng2.KasirTest" time="0.0"/>
  <testcase name="testCheckout" classname="com.juaracoding.testng2.KasirTest" time="0.0"/>
  <testcase name="testCheckout" classname="com.juaracoding.testng2.KasirTest" time="0.0"/>
  <testcase name="testCheckout" classname="com.juaracoding.testng2.KasirTest" time="0.0"/>
  <testcase name="testCheckout" classname="com.juaracoding.testng2.KasirTest" time="0.0"/>
  <testcase name="testCheckout" classname="com.juaracoding.testng2.KasirTest" time="0.0"/>
  <testcase name="testCheckout" classname="com.juaracoding.testng2.KasirTest" time="0.0"/>
  <testcase name="testCheckout" classname="com.juaracoding.testng2.KasirTest" time="0.0"/>
  <testcase name="testCheckout" classname="com.juaracoding.testng2.KasirTest" time="0.0"/>
  <testcase name="testCheckout" classname="com.juaracoding.testng2.KasirTest" time="0.0"/>
  <testcase name="testCheckout" classname="com.juaracoding.testng2.KasirTest" time="0.0"/>
  <testcase name="testCheckout" classname="com.juaracoding.testng2.KasirTest" time="0.0"/>
  <testcase name="testCheckout" classname="com.juaracoding.testng2.KasirTest" time="0.0"/>
  <testcase name="testCheckout" classname="com.juaracoding.testng2.KasirTest" time="0.0"/>
  <testcase name="testCheckout" classname="com.juaracoding.testng2.KasirTest" time="0.0"/>
  <testcase name="testCheckout" classname="com.juaracoding.testng2.KasirTest" time="0.0"/>
  <testcase name="testCheckout" classname="com.juaracoding.testng2.KasirTest" time="0.0"/>
  <testcase name="testCheckout" classname="com.juaracoding.testng2.KasirTest" time="0.0"/>
  <testcase name="testCheckout" classname="com.juaracoding.testng2.KasirTest" time="0.0"/>
  <testcase name="testCheckout" classname="com.juaracoding.testng2.KasirTest" time="0.0"/>
  <testcase name="testCheckout" classname="com.juaracoding.testng2.KasirTest" time="0.0"/>
  <testcase name="testCheckout" classname="com.juaracoding.testng2.KasirTest" time="0.0"/>
  <testcase name="testCheckout" classname="com.juaracoding.testng2.KasirTest" time="0.0"/>
  <testcase name="testCheckout" classname="com.juaracoding.testng2.KasirTest" time="0.0"/>
  <testcase name="testCheckout" classname="com.juaracoding.testng2.KasirTest" time="0.0"/>
  <testcase name="testCheckout" classname="com.juaracoding.testng2.KasirTest" time="0.0"/>
  <testcase name="testCheckout" classname="com.juaracoding.testng2.KasirTest" time="0.0"/>
  <testcase name="testCheckout" classname="com.juaracoding.testng2.KasirTest" time="0.0"/>
  <testcase name="testCheckout" classname="com.juaracoding.testng2.KasirTest" time="0.007"/>
  <testcase name="testCheckout" classname="com.juaracoding.testng2.KasirTest" time="0.0"/>
  <testcase name="testCheckout" classname="com.juaracoding.testng2.KasirTest" time="0.0"/>
  <testcase name="testCheckout" classname="com.juaracoding.testng2.KasirTest" time="0.0"/>
  <testcase name="testCheckout" classname="com.juaracoding.testng2.KasirTest" time="0.0"/>
  <testcase name="testCheckout" classname="com.juaracoding.testng2.KasirTest" time="0.0"/>
  <testcase name="testCheckout" classname="com.juaracoding.testng2.KasirTest" time="0.0"/>
  <testcase name="testCheckout" classname="com.juaracoding.testng2.KasirTest" time="0.0"/>
  <testcase name="testCheckout" classname="com.juaracoding.testng2.KasirTest" time="0.0"/>
  <testcase name="testCheckout" classname="com.juaracoding.testng2.KasirTest" time="0.0"/>
  <testcase name="testCheckout" classname="com.juaracoding.testng2.KasirTest" time="0.0"/>
  <testcase name="testCheckout" classname="com.juaracoding.testng2.KasirTest" time="0.0"/>
  <testcase name="testCheckout" classname="com.juaracoding.testng2.KasirTest" time="0.0"/>
  <testcase name="testCheckout" classname="com.juaracoding.testng2.KasirTest" time="0.0"/>
  <testcase name="testCheckout" classname="com.juaracoding.testng2.KasirTest" time="0.0"/>
  <testcase name="testCheckout" classname="com.juaracoding.testng2.KasirTest" time="0.0"/>
  <testcase name="testCheckout" classname="com.juaracoding.testng2.KasirTest" time="0.0"/>
  <testcase name="testCheckout" classname="com.juaracoding.testng2.KasirTest" time="0.0"/>
  <testcase name="testCheckout" classname="com.juaracoding.testng2.KasirTest" time="0.0"/>
  <testcase name="testCheckout" classname="com.juaracoding.testng2.KasirTest" time="0.0"/>
  <testcase name="testCheckout" classname="com.juaracoding.testng2.KasirTest" time="0.0"/>
  <testcase name="testCheckout" classname="com.juaracoding.testng2.KasirTest" time="0.0"/>
  <testcase name="testCheckout" classname="com.juaracoding.testng2.KasirTest" time="0.0"/>
  <testcase name="testCheckout" classname="com.juaracoding.testng2.KasirTest" time="0.0"/>
  <testcase name="testCheckout" classname="com.juaracoding.testng2.KasirTest" time="0.0"/>
  <testcase name="testCheckout" classname="com.juaracoding.testng2.KasirTest" time="0.0"/>
  <testcase name="testCheckout" classname="com.juaracoding.testng2.KasirTest" time="0.0"/>
  <testcase name="testCheckout" classname="com.juaracoding.testng2.KasirTest" time="0.0"/>
  <testcase name="testCheckout" classname="com.juaracoding.testng2.KasirTest" time="0.0"/>
  <testcase name="testCheckout" classname="com.juaracoding.testng2.KasirTest" time="0.0"/>
  <testcase name="testCheckout" classname="com.juaracoding.testng2.KasirTest" time="0.0"/>
  <testcase name="testCheckout" classname="com.juaracoding.testng2.KasirTest" time="0.0"/>
  <testcase name="testCheckout" classname="com.juaracoding.testng2.KasirTest" time="0.0"/>
  <testcase name="testCheckout" classname="com.juaracoding.testng2.KasirTest" time="0.0"/>
  <testcase name="testCheckout" classname="com.juaracoding.testng2.KasirTest" time="0.0"/>
  <testcase name="testCheckout" classname="com.juaracoding.testng2.KasirTest" time="0.0"/>
  <testcase name="testCheckout" classname="com.juaracoding.testng2.KasirTest" time="0.0"/>
  <testcase name="testCheckout" classname="com.juaracoding.testng2.KasirTest" time="0.0"/>
  <testcase name="testCheckout" classname="com.juaracoding.testng2.KasirTest" time="0.0"/>
  <testcase name="testCheckout" classname="com.juaracoding.testng2.KasirTest" time="0.0"/>
  <testcase name="testCheckout" classname="com.juaracoding.testng2.KasirTest" time="0.0"/>
  <testcase name="testCheckout" classname="com.juaracoding.testng2.KasirTest" time="0.0"/>
  <testcase name="testCheckout" classname="com.juaracoding.testng2.KasirTest" time="0.0"/>
  <testcase name="testCheckout" classname="com.juaracoding.testng2.KasirTest" time="0.0"/>
  <testcase name="testCheckout" classname="com.juaracoding.testng2.KasirTest" time="0.0"/>
  <testcase name="testCheckout" classname="com.juaracoding.testng2.KasirTest" time="0.0"/>
  <testcase name="testCheckout" classname="com.juaracoding.testng2.KasirTest" time="0.0"/>
  <testcase name="testCheckout" classname="com.juaracoding.testng2.KasirTest" time="0.0"/>
  <testcase name="testCheckout" classname="com.juaracoding.testng2.KasirTest" time="0.0"/>
  <testcase name="testCheckout" classname="com.juaracoding.testng2.KasirTest" time="0.0"/>
  <testcase name="testCheckout" classname="com.juaracoding.testng2.KasirTest" time="0.0"/>
</testsuite>